0 182 27 28 27 29 27 32 27 34 36 34 133 134 38 132 40 41 40 131 44 135 138 1 3 1 4 1 139 141 5 6 5 24 144 20 146 145 14 15 14 17 14 147 149 11 150 152 151 60 61 60 153 57 54 57 59 57 54 154 155 52 156 47 50 47 157 159 160 120 125 120 130 120 162 163 67 69 67 70 67 164 72 73 72 165 76 78 76 166 167 80 92 86 168 89 169 94 102 171 170 172 175 106 109 106 176 111 114 118 177 178 179 181 182 0
47
27 30 31 33
28 28
29 29
32 32
34 35 37
36 36
38 39
40 42 43
41 41
44 45 46
1 2 13
3 3
4 4
5 7 8 9 10
6 6
24 25 26
20 21 22 23
14 16 18 19
15 15
17 17
11 12
60 62 63 64 65 66
61 61
54 55 56 58
59 59
52 53
47 48 49 51
50 50
120 121 122 123 124 126 127 128 129
125 125
130 130
67 68 71
69 69
70 70
72 74 75
73 73
76 77 79
78 78
80 81 82 83 84 85
92 93
86 87 88
89 90 91
94 95 96 97 98 99 100 101
102 103 104 105
106 107 108 110
109 109
114 112 113 115 116 117 119
