108 99 7 67 54 188 48 37 114 39 57 19 129 176 121 100 153 26 95 142 46 184 64 137 186 14 63 126 117 24 118 151 181 11 148 78 81 69 34 157 61 66 44 110 144 136 35 187 68 107 128 13 23 134 138 79 1 182 17 49 45 83 190 56 197 75 150 140 65 36 82 133 77 15 31 38 109 5 120 43 96 179 84 167 177 28 71 130 85 73 53 146 92 174 5 143 101 170 13 32 108
97
99 99
7 7
67 67
54 54
188 188
48 48
37 37
114 114
39 39
57 57
19 19
129 129
176 176
121 121
100 100
153 153
26 26
95 95
142 142
46 46
184 184
64 64
137 137
186 186
14 14
63 63
126 126
117 117
24 24
118 118
151 151
181 181
11 11
148 148
78 78
81 81
69 69
34 34
157 157
61 61
66 66
44 44
110 110
144 144
136 136
35 35
187 187
68 68
107 107
128 128
13 13
23 23
134 134
138 138
79 79
1 1
182 182
17 17
49 49
45 45
83 83
190 190
56 56
197 197
75 75
150 150
140 140
65 65
36 36
82 82
133 133
77 77
15 15
31 31
38 38
109 109
5 5
120 120
43 43
96 96
179 179
84 84
167 167
177 177
28 28
71 71
130 130
85 85
73 73
53 53
146 146
92 92
174 174
143 143
101 101
170 170
32 32
