Zjo93yXsdcDV6Oit HAZt9xslXTTIQrh6 bpy0VAq3GZuO2R8U ziJdi0Y4mj4TIJZ9 OMjRZA0G6vbBxKd5 WVwd9ExLXa3zphJn RnvIh4TOetAfG82E 9pH9xdreYrmVM1JI 9L0zlmq9jRh6nd1I J5iqQt6wukvg6KLY rvadWwbDVrEOdUmt qeVT6FbNKHRizFU8 tZ46uZudk7AfSXt1 qQzEeIfIOpoI9qKk ZsdU4FLz0FoJAHOC e9DWnoEu0mxMb9VK KHBd51v9Lk79JoNu xlWntBwCLfHgHam8 K5TJWlCDC2GiIJEC z6aHWvfWV1YcOU3s QSabhET5tNnXgX60 asqla05DvWvndrgH 1bDI0W7o3Pb2zYhB uuhviI1p7F0sChqp eRAtRmExinGYKjYs 9dVIdmIqrww8IL0A LI7uFZ34s97AeNpk Gypke7sesv6WDuj9 fBCH5yXHMW5jQJjk 5TjXpBJuIWCWGZis jVrty3u6KGOjBg80 8pFqGmxaOhvFeBf4 W4POX5YqpnnI3x1U LdwRPFzBNqStC5X8 Byr8ftz6Pn4uac3K kWAnmn2xV4T8moWO 0Pfip4BXzoRzyFv2 1yeDQmwUGYi8LEVC 3SYpu8y7n2lFaEgA 2hsCdf5s2NPqItPy HqZKcXPbTIsIN6eT drsNw5E8nXGgcxxE 3PEg9lFbqEimkqjc CvZWFxoaMZYhwHYj EotYPttMvJbBfyaO 2yhNJ9fcTz8hRVDj PmJZCdR41rbLgXgi Dg4uIWuVD7Xd3FfI PDtM7hU3L1QjW9eR uRc2j178KRm3sVAY fg0WyZdFGAAZWRqK pKGVzMiXVo3v1oQu EuY7nNg1nWHDnCBx 0BNdm9hpaqd4q3Tx SLuZYQ4lYwLMQuMp 0rKC7Chib5iDGjTC TbM88DujEo9BSxqT 1ByTcIJH8XabOIWu 6La4alyyQSzgrmmj U5CEflgpFptgqHUL quCqGzaCZ5rVk9Gn ngcwhTcmwXuonGlk AvHIDL41dbfeNksW 27KMNaF72cTW0PDA 2v7uFoKD90sPVOTA nkKMB647tDItOdTX LZyPcj0slZv1Vk6U YHVvi99ucaU9tYgf xLhGn69fZWxkF2ME LsIlvCjQu9Xqre9U u7i0C02E9nMoZ6Ab YpZJ50mXHPeALpEr 1Eq6CyZRaHXkARva nPVdEshNZOOx6qGx StSocpbFeWB0czP8 MxcmtGZ6qJUnGaxB gqX9V4QU6KrO7JGI LUoJ0iRCc71uZfNX 6GsK7I0daq8OZxaS Uw31N0oW965MP4qr 3th5kfdmmYoxH6sF yILnNjtdKS6kD3NP 8ae7BICLTSRkgPWv FzSHaHADmN7Zbhbr uN0YmlR4YKMmyTVh 6Gt5ffOE5tOJA8A7 8vLm5GS8pptr9y8t kmMzOIvorXbmvHXw R43sDxzHzrO5kncN m8Rn3gh3HBuT9R8d qKKAwpkuJY9E8dpl pi9Gjwqb8nw39ALT 1r13Qnmq9ixI97Qj Of6XUqufA1wxpnuj TEBcdk0AQd6dKevH ZASkL5Mxwr8cbBFG dBEYMpdveobbOa64 Plb766RuoiNfkOGW Zo0umr3KFWOZJQPm LjKfvPnu1IVb9d8E M9il2j2XBWeGdURv HAZt9xslXTTIQrh6 Zjo93yXsdcDV6Oit
100
HAZt9xslXTTIQrh6 HAZt9xslXTTIQrh6
bpy0VAq3GZuO2R8U bpy0VAq3GZuO2R8U
ziJdi0Y4mj4TIJZ9 ziJdi0Y4mj4TIJZ9
OMjRZA0G6vbBxKd5 OMjRZA0G6vbBxKd5
WVwd9ExLXa3zphJn WVwd9ExLXa3zphJn
RnvIh4TOetAfG82E RnvIh4TOetAfG82E
9pH9xdreYrmVM1JI 9pH9xdreYrmVM1JI
9L0zlmq9jRh6nd1I 9L0zlmq9jRh6nd1I
J5iqQt6wukvg6KLY J5iqQt6wukvg6KLY
rvadWwbDVrEOdUmt rvadWwbDVrEOdUmt
qeVT6FbNKHRizFU8 qeVT6FbNKHRizFU8
tZ46uZudk7AfSXt1 tZ46uZudk7AfSXt1
qQzEeIfIOpoI9qKk qQzEeIfIOpoI9qKk
ZsdU4FLz0FoJAHOC ZsdU4FLz0FoJAHOC
e9DWnoEu0mxMb9VK e9DWnoEu0mxMb9VK
KHBd51v9Lk79JoNu KHBd51v9Lk79JoNu
xlWntBwCLfHgHam8 xlWntBwCLfHgHam8
K5TJWlCDC2GiIJEC K5TJWlCDC2GiIJEC
z6aHWvfWV1YcOU3s z6aHWvfWV1YcOU3s
QSabhET5tNnXgX60 QSabhET5tNnXgX60
asqla05DvWvndrgH asqla05DvWvndrgH
1bDI0W7o3Pb2zYhB 1bDI0W7o3Pb2zYhB
uuhviI1p7F0sChqp uuhviI1p7F0sChqp
eRAtRmExinGYKjYs eRAtRmExinGYKjYs
9dVIdmIqrww8IL0A 9dVIdmIqrww8IL0A
LI7uFZ34s97AeNpk LI7uFZ34s97AeNpk
Gypke7sesv6WDuj9 Gypke7sesv6WDuj9
fBCH5yXHMW5jQJjk fBCH5yXHMW5jQJjk
5TjXpBJuIWCWGZis 5TjXpBJuIWCWGZis
jVrty3u6KGOjBg80 jVrty3u6KGOjBg80
8pFqGmxaOhvFeBf4 8pFqGmxaOhvFeBf4
W4POX5YqpnnI3x1U W4POX5YqpnnI3x1U
LdwRPFzBNqStC5X8 LdwRPFzBNqStC5X8
Byr8ftz6Pn4uac3K Byr8ftz6Pn4uac3K
kWAnmn2xV4T8moWO kWAnmn2xV4T8moWO
0Pfip4BXzoRzyFv2 0Pfip4BXzoRzyFv2
1yeDQmwUGYi8LEVC 1yeDQmwUGYi8LEVC
3SYpu8y7n2lFaEgA 3SYpu8y7n2lFaEgA
2hsCdf5s2NPqItPy 2hsCdf5s2NPqItPy
HqZKcXPbTIsIN6eT HqZKcXPbTIsIN6eT
drsNw5E8nXGgcxxE drsNw5E8nXGgcxxE
3PEg9lFbqEimkqjc 3PEg9lFbqEimkqjc
CvZWFxoaMZYhwHYj CvZWFxoaMZYhwHYj
EotYPttMvJbBfyaO EotYPttMvJbBfyaO
2yhNJ9fcTz8hRVDj 2yhNJ9fcTz8hRVDj
PmJZCdR41rbLgXgi PmJZCdR41rbLgXgi
Dg4uIWuVD7Xd3FfI Dg4uIWuVD7Xd3FfI
PDtM7hU3L1QjW9eR PDtM7hU3L1QjW9eR
uRc2j178KRm3sVAY uRc2j178KRm3sVAY
fg0WyZdFGAAZWRqK fg0WyZdFGAAZWRqK
pKGVzMiXVo3v1oQu pKGVzMiXVo3v1oQu
EuY7nNg1nWHDnCBx EuY7nNg1nWHDnCBx
0BNdm9hpaqd4q3Tx 0BNdm9hpaqd4q3Tx
SLuZYQ4lYwLMQuMp SLuZYQ4lYwLMQuMp
0rKC7Chib5iDGjTC 0rKC7Chib5iDGjTC
TbM88DujEo9BSxqT TbM88DujEo9BSxqT
1ByTcIJH8XabOIWu 1ByTcIJH8XabOIWu
6La4alyyQSzgrmmj 6La4alyyQSzgrmmj
U5CEflgpFptgqHUL U5CEflgpFptgqHUL
quCqGzaCZ5rVk9Gn quCqGzaCZ5rVk9Gn
ngcwhTcmwXuonGlk ngcwhTcmwXuonGlk
AvHIDL41dbfeNksW AvHIDL41dbfeNksW
27KMNaF72cTW0PDA 27KMNaF72cTW0PDA
2v7uFoKD90sPVOTA 2v7uFoKD90sPVOTA
nkKMB647tDItOdTX nkKMB647tDItOdTX
LZyPcj0slZv1Vk6U LZyPcj0slZv1Vk6U
YHVvi99ucaU9tYgf YHVvi99ucaU9tYgf
xLhGn69fZWxkF2ME xLhGn69fZWxkF2ME
LsIlvCjQu9Xqre9U LsIlvCjQu9Xqre9U
u7i0C02E9nMoZ6Ab u7i0C02E9nMoZ6Ab
YpZJ50mXHPeALpEr YpZJ50mXHPeALpEr
1Eq6CyZRaHXkARva 1Eq6CyZRaHXkARva
nPVdEshNZOOx6qGx nPVdEshNZOOx6qGx
StSocpbFeWB0czP8 StSocpbFeWB0czP8
MxcmtGZ6qJUnGaxB MxcmtGZ6qJUnGaxB
gqX9V4QU6KrO7JGI gqX9V4QU6KrO7JGI
LUoJ0iRCc71uZfNX LUoJ0iRCc71uZfNX
6GsK7I0daq8OZxaS 6GsK7I0daq8OZxaS
Uw31N0oW965MP4qr Uw31N0oW965MP4qr
3th5kfdmmYoxH6sF 3th5kfdmmYoxH6sF
yILnNjtdKS6kD3NP yILnNjtdKS6kD3NP
8ae7BICLTSRkgPWv 8ae7BICLTSRkgPWv
FzSHaHADmN7Zbhbr FzSHaHADmN7Zbhbr
uN0YmlR4YKMmyTVh uN0YmlR4YKMmyTVh
6Gt5ffOE5tOJA8A7 6Gt5ffOE5tOJA8A7
8vLm5GS8pptr9y8t 8vLm5GS8pptr9y8t
kmMzOIvorXbmvHXw kmMzOIvorXbmvHXw
R43sDxzHzrO5kncN R43sDxzHzrO5kncN
m8Rn3gh3HBuT9R8d m8Rn3gh3HBuT9R8d
qKKAwpkuJY9E8dpl qKKAwpkuJY9E8dpl
pi9Gjwqb8nw39ALT pi9Gjwqb8nw39ALT
1r13Qnmq9ixI97Qj 1r13Qnmq9ixI97Qj
Of6XUqufA1wxpnuj Of6XUqufA1wxpnuj
TEBcdk0AQd6dKevH TEBcdk0AQd6dKevH
ZASkL5Mxwr8cbBFG ZASkL5Mxwr8cbBFG
dBEYMpdveobbOa64 dBEYMpdveobbOa64
Plb766RuoiNfkOGW Plb766RuoiNfkOGW
Zo0umr3KFWOZJQPm Zo0umr3KFWOZJQPm
LjKfvPnu1IVb9d8E LjKfvPnu1IVb9d8E
M9il2j2XBWeGdURv M9il2j2XBWeGdURv
