1 15 2 93 69 68 21 76 79 55 27 19 67 3 78 57 50 97 92 18 86 29 37 61 48 89 14 22 51 54 10 77 25 53 95 42 64 12 52 72 56 75 91 46 94 11 58 17 88 44 59 33 9 99 45 43 30 87 90 63 38 4 81 5 96 39 35 150 31 66 70 40 13 8 84 28 32 115 101 179 62 60 85 53 6 100 92 74 41 16 45 20 80 26 82 28 83 167 67 49 52 98 24 37 155 23 104 73 185 162 12 34 88 47 186 76 7 1
97
15 15
2 2
93 93
69 69
68 68
21 21
76 76
79 79
55 55
27 27 36
19 19
67 67
3 3
78 78
57 57
50 50
97 97
92 92
18 18
86 86
29 29
37 37
61 61
48 48
89 89
14 14
22 22
51 51
54 54 65 71
10 10
77 77
25 25
53 53
95 95
42 42
64 64
12 12
52 52
72 72
56 56
75 75
91 91
46 46
94 94
11 11
58 58
17 17
88 88
44 44
59 59
33 33
9 9
99 99
45 45
43 43
30 30
87 87
90 90
63 63
38 38
4 4
81 81
5 5
96 96
39 39
35 35
31 31
66 66
70 70
40 40
13 13
8 8
84 84
28 28
32 32
101 101
62 62
60 60
85 85
6 6
100 100
74 74
41 41
16 16
20 20
80 80
26 26
82 82
83 83
49 49
98 98
24 24
23 23
73 73
34 34
47 47
7 7
