129 56 2 9 63 107 50 11 174 59 48 108 156 0 177 190 39 152 128 13 15 21 33 183 125 196 85 109 160 92 194 64 151 100 6 150 57 189 51 157 130 122 89 98 25 53 142 158 76 23 145 191 96 61 26 82 62 55 29 97 188 5 103 99 44 161 195 184 155 192 101 84 40 16 58 105 87 4 163 180 178 8 65 114 17 91 88 123 137 49 81 126 36 175 14 197 95 121 171 0 110 0 66 129
100
56 56
2 2
9 9
63 63
107 107
50 50
11 11
174 174
59 59
48 48
108 108
156 156
0 0
177 177
190 190
39 39
152 152
128 128
13 13
15 15
21 21
33 33
183 183
125 125
196 196
85 85
109 109
160 160
92 92
194 194
64 64
151 151
100 100
6 6
150 150
57 57
189 189
51 51
157 157
130 130
122 122
89 89
98 98
25 25
53 53
142 142
158 158
76 76
23 23
145 145
191 191
96 96
61 61
26 26
82 82
62 62
55 55
29 29
97 97
188 188
5 5
103 103
99 99
44 44
161 161
195 195
184 184
155 155
192 192
101 101
84 84
40 40
16 16
58 58
105 105
87 87
4 4
163 163
180 180
178 178
8 8
65 65
114 114
17 17
91 91
88 88
123 123
137 137
49 49
81 81
126 126
36 36
175 175
14 14
197 197
95 95
121 121
171 171
110 110
66 66
