index155 index62 index167 index130 index22 index44 index144 index134 index49 index92 index169 index128 index156 index129 index26 index150 index88 index112 index87 index198 index125 index170 index25 index159 index27 index3 index118 index115 index190 index131 index55 index5 index142 index20 index124 index15 index60 index23 index31 index47 index4 index14 index66 index83 index40 index158 index107 index174 index90 index37 index69 index126 index114 index18 index100 index152 index57 index56 index39 index63 index30 index52 index86 index172 index133 index157 index32 index58 index141 index89 index116 index186 index67 index50 index11 index81 index165 index96 index106 index6 index108 index21 index42 index97 index95 index9 index164 index196 index109 index19 index113 index121 index137 index10 index24 index110 index17 index0 index155
97
index155 index155
index62 index62 index143 index199
index167 index167
index130 index99 index130
index22 index22
index44 index44
index144 index144
index134 index134
index49 index49
index92 index92
index169 index169
index128 index128
index156 index156
index129 index129
index26 index26
index150 index150
index88 index88
index112 index112
index87 index87
index198 index198
index125 index125
index170 index170
index25 index25
index159 index159
index27 index27
index3 index3
index118 index118
index115 index115
index190 index190
index131 index131
index55 index55
index5 index5
index142 index142
index20 index20
index124 index124
index15 index15
index60 index60
index23 index23
index31 index31
index47 index47
index4 index4
index14 index14
index66 index66
index83 index83
index40 index40
index158 index158
index107 index107
index174 index174
index90 index90
index37 index37
index69 index69
index126 index126
index114 index114
index18 index18
index100 index100
index152 index152
index57 index57
index56 index56
index39 index39
index63 index63
index30 index30
index52 index52
index86 index86
index172 index172
index133 index133
index157 index157
index32 index32
index58 index58
index141 index141
index89 index89
index116 index116
index186 index186
index67 index67
index50 index50
index11 index11
index81 index81
index165 index165
index96 index96
index106 index106
index6 index6
index108 index108
index21 index21
index42 index42
index97 index97
index95 index95
index9 index9
index164 index164
index196 index196
index109 index109
index19 index19
index113 index113
index121 index121
index137 index137
index10 index10
index24 index24
index110 index110
index17 index17
