1 178 44 186 67 81 190 7 129 78 25 14 163 172 112 188 92 65 142 139 74 180 60 182 53 11 159 117 155 119 35 52 176 108 121 192 94 59 170 89 167 183 21 57 17 149 143 40 161 36 13 191 42 45 132 76 118 122 148 79 140 97 151 100 184 32 114 16 3 131 116 64 91 123 28 68 77 99 197 153 93 9 160 27 120 34 165 147 2 70 95 6 29 164 12 8 126 1
95
178 20 178
44 44 127 137 181
186 186
67 67
81 81
190 190
7 7 87
129 129
78 78
25 25
14 14
163 163
172 172
112 112
188 188
92 92
65 65
142 142
139 139
74 74
180 180
60 60
182 182
53 53
11 11
159 159
117 117
155 155
119 119
35 35
52 52
176 176
108 108
121 121
192 192
94 94
59 59
170 170
89 89
167 167
183 183
21 21
57 57
17 17
149 149
143 143
40 40
161 161
36 36
13 13
191 191
42 42
45 45
132 132
76 76
118 118
122 122
148 148
79 79
140 140
97 97
151 151
100 100
184 184
32 32
114 114
16 16
3 3
131 131
116 116
64 64
91 91
123 123
28 28
68 68
77 77
99 99
197 197
153 153
93 93
9 9
160 160
27 27
120 120
34 34
165 165
147 147
2 2
70 70
95 95
6 6
29 29
164 164
12 12
126 126
