gc ds ao gh fq ai ab p gn by gq az do aw co bq fe ae dh bu fr go ge fy dq gi en bp fk ep q et fo db am dp er es ey cl y bl ad cg cr at fa cq bc gm dg u el bb cn j ck fi bt dy cv em eq dx e ga bj cz bn ah b ac gj gg cs as an fw fh br ff bv v ap bx dw ee cm a d di g gk dj gc
93
ds bi cp dn ds fn ft
ao ao cj fd
gh gh
fq fq
ai ai
ab ab
p p
gn gn
by by
gq gq
az az
do do
aw aw
co co
bq bq
fe fe
ae ae
dh dh
bu bu
fr fr
go go
ge ge
fy fy
dq dq
gi gi
en en
bp bp
fk fk
ep ep
q q
et et
fo fo
db db
am am
dp dp
er er
es es
ey ey
cl cl
y y
bl bl
ad ad
cg cg
cr cr
at at
fa fa
cq cq
bc bc
gm gm
dg dg
u u
el el
bb bb
cn cn
j j
ck ck
fi fi
bt bt
dy dy
cv cv
em em
eq eq
dx dx
e e
ga ga
bj bj
cz cz
bn bn
ah ah
b b
ac ac
gj gj
gg gg
cs cs
as as
an an
fw fw
fh fh
br br
ff ff
bv bv
v v
ap ap
bx bx
dw dw
ee ee
cm cm
a a
d d
di di
g g
gk gk
dj dj
