A0 A2 A0 A4 A5 A10 A11 A10 A5 A9 A8 A9 A5 A10 A15 A24 A19 A20 A21 A22 A24 A25 A29 A31 A32 A33 A34 A30 A35 A37 A35 A40 A49 A44 A45 A46 A47 A49 A50 A52 A50 A54 A56 A57 A58 A59 A55 A60 A61 A60 A65 A74 A69 A70 A71 A72 A74 A75 A78 A75 A79 A80 A85 A86 A85 A90 A99 A94 A95 A96 A97 A99 A100 A103 A100 A104 A106 A107 A108 A109 A105 A110 A115 A124 A119 A120 A121 A122 A124 A125 A129 A131 A132 A133 A134 A130 A135 A140 A149 A144 A145 A146 A147 A149 A150 A152 A150 A154 A156 A157 A158 A159 A155 A160 A162 A160 A165 A174 A170 A171 A172 A174 A175 A179 A181 A182 A183 A184 A180 A185 A190 A199 A194 A195 A196 A197 A199 A190 A189 A188 A176 A188 A189 A190 A185 A180 A179 A175 A177 A178 A175 A174 A165 A164 A163 A151 A166 A151 A163 A164 A165 A160 A155 A154 A150 A149 A140 A139 A138 A126 A138 A139 A140 A135 A130 A129 A125 A124 A115 A114 A113 A101 A113 A114 A115 A110 A105 A104 A100 A99 A90 A89 A88 A76 A91 A76 A88 A89 A90 A85 A80 A84 A83 A82 A81 A79 A75 A74 A65 A64 A63 A51 A66 A51 A63 A64 A65 A60 A55 A54 A50 A49 A40 A39 A38 A26 A41 A26 A38 A39 A40 A35 A30 A29 A25 A27 A25 A24 A15 A14 A13 A1 A16 A1 A13 A14 A15 A10 A5 A4 A0
81
A0 A3
A2 A2
A4 A4 A6
A10 A12
A11 A11
A8 A8
A19 A19
A20 A20 A21
A22 A22
A29 A29
A31 A31
A33 A33
A35 A36
A37 A37
A44 A44 A45
A46 A46
A47 A47
A50 A53
A52 A52
A54 A54
A56 A56
A58 A58
A60 A62
A61 A61
A69 A69 A70
A71 A71
A72 A72
A75 A77
A78 A78
A79 A79 A81
A85 A87
A86 A86
A94 A94 A95
A96 A96
A97 A97
A100 A102
A103 A103
A104 A104
A106 A106
A108 A108
A110 A111 A112
A119 A119
A120 A120
A121 A121
A122 A122
A125 A127 A128
A129 A129
A131 A131
A133 A133
A135 A136 A137
A144 A144 A145
A146 A146
A147 A147
A150 A153
A152 A152
A154 A154
A156 A156
A158 A158
A160 A161
A162 A162
A170 A169 A170 A171
A172 A172
A179 A179
A181 A181
A183 A183
A185 A186 A187
A194 A194
A195 A195 A196
A197 A197
A176 A193
A177 A177
A178 A178
A166 A168
A126 A143
A101 A118
A91 A93
A83 A83
A66 A68
A41 A43
A27 A27 A28
A16 A18
