Acton Carlsbad Alpaugh Bell Artesia Fresno Angwin Atascadero Antioch Banning Alamo Avalon Ceres Anderson Calexico Blairsden Atherton Corcoran Delhi Farmersville Almanor Brawley Alhambra Ashland Alhambra Belden Arcata Fillmore Alpine Fontana Colusa Dinuba Alturas Fairfield Aptos Bystrom Anaheim Brisbane Belmont Cambria Cayucos Arvin Bishop Brea Avery Fullerton Armona Berkeley Alameda Carrick Bonita Belvedere Calistoga Beckwourth Azusa Bootjack Aromas Barstow Calimesa Burbank Camarillo Burbank Arcadia Clio August Castroville Fontana Canyondam Bakersfield Bradbury Bakersfield Burney Fellows Byron Biggs Folsom Bayview Albany Escondido Atwater Escondido Fruitdale Avenal Chowchilla Benicia Beaumont Calabasas Brentwood Biola Arbuckle Blythe Arbuckle Cartago Bluewater Cerritos Broadmoor Amesti Cabazon Crockett Calipatria Crockett Campbell Arnold Dublin Bowles Buttonwillow Boronda Clyde Bonsall Fortuna Calwa Carson Bloomington Cupertino Auberry Cupertino Duarte Carmichael Freedom Caruthers Freedom Cottonwood Concord Corralitos Dorris Boron Cotati Bodfish Cartago Covelo Foresthill Altadena Cloverdale Ducor Burlingame Ducor Bayview Angwin Bolinas Bellflower Carlsbad Concow Eureka Caribou Eureka Brawley Columbia Carpinteria Columbia Brawley Eureka Concow Carlsbad Acton
96
Carlsbad Carlsbad
Alpaugh Alpaugh
Bell Bell
Artesia Artesia
Angwin Angwin
Atascadero Atascadero
Antioch Antioch
Banning Banning
Alamo Alamo
Avalon Avalon
Ceres Ceres
Anderson Anderson
Calexico Calexico
Blairsden Blairsden
Atherton Atherton
Farmersville Auburn
Almanor Almanor
Brawley Brawley
Alhambra Alhambra
Ashland Ashland
Belden Belden
Arcata Arcata
Alpine Alpine
Colusa Adelanto
Alturas Alturas
Aptos Aptos
Bystrom Bystrom
Anaheim Anaheim
Brisbane Brisbane
Belmont Belmont
Cambria Cambria
Cayucos Cayucos
Arvin Arvin
Bishop Bishop
Brea Brea
Avery Avery Capitola
Armona Armona
Berkeley Berkeley
Alameda Alameda
Carrick Carrick
Bonita Bonita
Belvedere Belvedere
Calistoga Calistoga
Beckwourth Beckwourth
Azusa Azusa
Bootjack Bootjack
Aromas Aromas
Barstow Barstow
Calimesa Calimesa
Burbank Burbank
Camarillo Camarillo
Clio Arcadia
August August
Castroville Castroville
Canyondam Canyondam
Bakersfield Bakersfield
Bradbury Bradbury
Burney Burney
Byron Byron
Biggs Biggs
Bayview Bayview
Albany Albany
Atwater Atwater
Avenal Avenal
Benicia Benicia
Beaumont Beaumont
Calabasas Calabasas
Brentwood Brentwood
Arbuckle Arbuckle Biola
Blythe Blythe
Cartago Cartago
Bluewater Bluewater
Cerritos Cerritos
Broadmoor Broadmoor
Amesti Amesti
Cabazon Cabazon
Calipatria Calipatria
Arnold Arnold Bradley Campbell
Bowles Bowles
Buttonwillow Buttonwillow
Boronda Boronda
Bonsall Bonsall
Calwa Calwa
Carson Carson
Bloomington Bloomington
Auberry Auberry
Carmichael Carmichael
Caruthers Caruthers
Boron Boron
Bodfish Bodfish
Altadena Altadena
Burlingame Burlingame
Bolinas Bolinas
Bellflower Bellflower
Caribou Caribou
Carpinteria Carpinteria
