C0 C110 C172 C168 C161 C100 C194 C10 C88 C84 C56 C27 C124 C101 C152 C198 C165 C134 C31 C87 C146 C59 C68 C0
23
C0 C0
C110 C2 C3 C4 C11 C19 C28 C35 C45 C63 C104 C107 C110 C120
C172 C5 C8 C20 C24 C25 C26 C30 C32 C49 C50 C52 C54 C55 C57 C70 C77 C78 C86 C93 C95 C103 C105 C114 C119 C121 C123 C127 C129 C132 C137 C139 C141 C144 C145 C149 C153 C160 C164 C166 C167 C169 C171 C172 C185 C190 C192 C193 C196
C168 C1 C7 C16 C18 C43 C47 C51 C58 C66 C74 C97 C122 C154 C168 C179 C181 C182
C161 C161
C100 C48 C71 C100
C194 C194
C10 C10
C88 C88
C84 C84
C56 C56
C27 C27
C124 C124
C101 C101
C152 C152
C198 C198
C165 C165
C134 C134
C31 C31
C87 C87
C146 C146
C59 C59
C68 C68
