1 68 22 110 48 40 130 20 54 32 78 59 10 92 126 5 46 50 132 4 82 35 114 77 106 100 30 107 42 143 58 53 24 74 102 14 70 124 90 11 120 88 36 41 18 104 108 83 60 136 138 137 142 29 6 101 12 64 34 52 144 62 96 119 72 80 94 71 1 2 1 98 1 134 1 76 1 16 1 131 1 95 1 86 1 28 1 65 1 125 1 116 1 47 1
80
68 66 68 84 118
22 8 17 22 23 26 38 44 56 89 112 113 122 128 140
110 110
48 48
40 40
130 130
20 20
54 54
32 32
78 78
59 59
10 10
92 92
126 126
5 5
46 46
50 50
132 132
4 4
82 82
35 35
114 114
77 77
106 106
100 100
30 30
107 107
42 42
143 143
58 58
53 53
24 24
74 74
102 102
14 14
70 70
124 124
90 90
11 11
120 120
88 88
36 36
41 41
18 18
104 104
108 108
83 83
60 60
136 136
138 138
137 137
142 142
29 29
6 6
101 101
12 12
64 64
34 34
52 52
144 144
62 62
96 96
119 119
72 72
80 80
94 94
71 71
2 2
98 98
134 134
76 76
16 16
131 131
95 95
86 86
28 28
65 65
125 125
116 116
47 47
