Albania Tanzania CentralAfricanRep Vanuatu Cuba Latvia Pakistan Paraguay Burkina Venezuela Gabon Comoros Mauritius Burma Fiji SaintLucia MountAthos Luxembourg Estonia Israel Lithuania VaticanCity Romania Germany GazaStrip Rwanda Qatar CapeVerde Norway France RussianFederation Liechtenstein SaoTomPrincipe Djibouti Tunisia Bahamas UAE SriLanka NorthKorea EquatorGuinea Niger Cyprus Kiribati Thailand Yemen America Newfoundland Kosovo SierraLeone Guatemala Peru Maldives BosHerzegovina Chile Dominica SolomonIslands Ukraine Bhutan Togo Danzig Portugal Suriname Rome Seychelles PapuaNewGuinea Algeria SaintKitts Greece Grenada Poland Kazakhstan Mongolia Serbia Argentina Italy Japan TheGambia Switzerland Jamaica NewZealand Andorra Lesotho Laos Hungary SaudiArabia Mali Cambodia Brazil Philippines UnitedKingdom Nepal Australia Netherlands Slovenia Albania
91
Tanzania Ethiopia Mauritania Panama Bulgaria Tanzania Belarus Malaysia
CentralAfricanRep IvoryCoast Eritrea CentralAfricanRep
Vanuatu Vanuatu
Cuba Cuba
Latvia Latvia
Pakistan Pakistan
Paraguay Paraguay Finland
Burkina Burkina
Venezuela Venezuela
Gabon Gabon
Comoros Comoros
Mauritius Mauritius
Burma Burma
Fiji Fiji
SaintLucia SaintLucia
MountAthos MountAthos
Luxembourg Luxembourg
Estonia Estonia
Israel Israel
Lithuania Lithuania
VaticanCity VaticanCity
Romania Romania
Germany Germany
Rwanda Rwanda
Qatar Qatar
CapeVerde CapeVerde
Norway Norway
France France
RussianFederation RussianFederation
Liechtenstein Liechtenstein
SaoTomPrincipe SaoTomPrincipe
Djibouti Djibouti
Tunisia Tunisia
Bahamas Bahamas
UAE UAE
SriLanka SriLanka
NorthKorea NorthKorea
EquatorGuinea EquatorGuinea
Niger Niger
Cyprus Cyprus
Kiribati Kiribati
Thailand Thailand
Yemen Yemen
America America
Newfoundland Newfoundland
Kosovo Kosovo
SierraLeone SierraLeone
Guatemala Guatemala
Peru Peru
Maldives Maldives
BosHerzegovina BosHerzegovina
Chile Chile
Dominica Dominica
SolomonIslands SolomonIslands
Ukraine Ukraine
Bhutan Bhutan
Togo Togo
Danzig Danzig
Portugal Portugal
Suriname Suriname
Rome Rome
Seychelles Seychelles
PapuaNewGuinea PapuaNewGuinea
Algeria Algeria
SaintKitts SaintKitts
Greece Greece
Grenada Grenada
Poland Poland
Kazakhstan Kazakhstan
Mongolia Mongolia
Serbia Serbia
Argentina Argentina
Italy Italy
Japan Japan
TheGambia TheGambia
Switzerland Switzerland
Jamaica Jamaica
NewZealand NewZealand
Andorra Andorra
Lesotho Lesotho
Laos Laos
Hungary Hungary
SaudiArabia SaudiArabia
Mali Mali
Cambodia Cambodia
Brazil Brazil
Philippines Philippines
UnitedKingdom UnitedKingdom
Nepal Nepal
Australia Australia
Slovenia Slovenia
