l0 h52 h12 h91 h3 h74 h17 h85 l25 l32 h97 h0 h1 h4 h2 l99 h5 l38 h6 h10 h7 h8 h14 h19 h11 h13 h15 h16 h26 h18 h20 h28 h27 h21 h9 h22 h23 h32 h29 h24 h35 h41 h25 h33 h34 h38 h40 h37 h31 h36 h39 h47 h50 h43 h51 h42 h45 h46 h49 h48 h53 h56 h58 h55 h54 h60 h57 h59 h61 h66 h65 h67 h68 h64 h73 h77 h70 h63 h75 h79 h72 h81 h69 h80 h76 h82 h89 h83 h86 h71 h87 h84 h88 h93 h90 h99 h92 h94 l12 h95 l0 h96 l0 h98 l0
97
h52 h52 h62
h12 h12 h78
h91 h91
h3 h3
h74 h74
h17 h17
h85 h85
l25 h30 h44
h97 h97
h0 h0
h1 h1
h4 h4
h2 h2
h5 h5
h6 h6
h10 h10
h7 h7
h8 h8
h14 h14
h19 h19
h11 h11
h13 h13
h15 h15
h16 h16
h26 h26
h18 h18
h20 h20
h28 h28
h27 h27
h21 h21
h9 h9
h22 h22
h23 h23
h32 h32
h29 h29
h24 h24
h35 h35
h41 h41
h25 h25
h33 h33
h34 h34
h38 h38
h40 h40
h37 h37
h31 h31
h36 h36
h39 h39
h47 h47
h50 h50
h43 h43
h51 h51
h42 h42
h45 h45
h46 h46
h49 h49
h48 h48
h53 h53
h56 h56
h58 h58
h55 h55
h54 h54
h60 h60
h57 h57
h59 h59
h61 h61
h66 h66
h65 h65
h67 h67
h68 h68
h64 h64
h73 h73
h77 h77
h70 h70
h63 h63
h75 h75
h79 h79
h72 h72
h81 h81
h69 h69
h80 h80
h76 h76
h82 h82
h89 h89
h83 h83
h86 h86
h71 h71
h87 h87
h84 h84
h88 h88
h93 h93
h90 h90
h99 h99
h92 h92
h94 h94
h95 h95
h96 h96
h98 h98
