L0 L31 L10 L2 L1 L196 L165 L65 L20 L3 L142 L12 L57 L8 L7 L59 L58 L69 L104 L14 L13 L27 L26 L23 L24 L168 L52 L30 L29 L62 L61 L60 L110 L33 L98 L74 L18 L97 L38 L39 L107 L94 L139 L96 L102 L118 L47 L48 L49 L81 L55 L54 L41 L141 L53 L84 L147 L75 L121 L112 L64 L106 L130 L79 L80 L160 L125 L127 L143 L142 L109 L138 L119 L194 L145 L146 L163 L164 L199 L177 L123 L25 L113 L25 L116 L192 L135 L197 L49 L153 L175 L176 L0
86
L31 L31 L46 L68 L82
L10 L10
L2 L2 L95 L178
L1 L1 L157
L196 L73 L196
L165 L132 L165
L65 L65 L144
L20 L20 L77
L3 L3
L142 L142
L12 L12 L50
L57 L57
L8 L8
L7 L7 L149
L59 L59
L58 L58
L69 L69
L104 L104 L152
L14 L14
L13 L13
L27 L27
L26 L26
L23 L23
L24 L24
L168 L168
L52 L52
L30 L30
L29 L29
L62 L62 L188
L61 L61
L60 L60
L110 L110
L33 L33
L98 L98
L74 L74
L18 L18
L97 L97
L38 L38
L39 L39
L107 L107
L94 L94
L139 L139
L96 L96
L102 L102
L118 L118
L47 L47
L48 L48
L49 L49
L81 L81
L55 L55
L54 L54
L41 L41
L141 L141
L53 L53
L84 L84
L147 L147
L75 L75
L121 L121
L112 L112
L64 L64
L106 L106
L130 L130
L80 L80
L160 L160
L125 L125
L127 L127
L143 L143
L109 L109
L138 L138
L119 L119
L194 L194
L145 L145
L146 L146
L163 L163
L164 L164
L199 L199
L177 L177
L123 L123
L113 L113
L116 L116
L192 L192
L135 L135
L197 L197
L153 L153
L175 L175
L176 L176
