Clearnesse Goldwyvern Oakmere Westvale Newby Violetley Freyview Valhaven Foxvale Esterfall Courtwall Corbank Courtcastle Oldmoor Eriwall Dellwyn Woodice Buttermead Ironshore Foxhaven Morwald Marbleiron Morwall Ironriver Clearnesse
24
Clearnesse Clearnesse
Goldwyvern Goldwyvern
Oakmere Oakmere Butterbush
Westvale Westvale
Newby Newby
Violetley Violetley
Freyview Freyview
Valhaven Valhaven
Foxvale Foxvale
Esterfall Esterfall
Courtwall Courtwall
Corbank Corbank
Courtcastle Courtcastle
Oldmoor Oldmoor
Eriwall Eriwall
Dellwyn Dellwyn
Woodice Woodice
Buttermead Buttermead
Ironshore Ironshore
Foxhaven Foxhaven
Morwald Morwald
Marbleiron Marbleiron
Morwall Morwall
Ironriver Ironriver
