Brightmere Marbleiron Courtcastle Ironriver Courtwall Morwald Clearnesse Valhaven Buttermead Violetley Westvale Woodice Esterfall Goldwyvern Newby Foxvale Morwall Oakmere Foxhaven Freyview Ironshore Oldmoor Dellwyn Butterbush Corbank Esterash Westerlight Bushgate Wildemarsh Snowshore Lightmere Southwheat Shoreburn Eastcastle Greenshore Newley Greyice Brightmere
37
Brightmere Brightmere
Marbleiron Marbleiron Lochmage
Courtcastle Courtcastle
Ironriver Ironriver
Courtwall Courtwall
Morwald Morwald
Clearnesse Clearnesse
Valhaven Valhaven
Buttermead Buttermead Rosemill
Violetley Violetley
Westvale Westvale
Woodice Woodice Eriwall
Esterfall Esterfall Stoneglass
Goldwyvern Goldwyvern
Newby Newby Erilyn
Foxvale Foxvale
Morwall Morwall
Oakmere Oakmere Irondeer
Foxhaven Foxhaven
Freyview Freyview Bluedell
Ironshore Ironshore Clearland
Oldmoor Oldmoor
Dellwyn Dellwyn Fairsage
Butterbush Butterbush Westmill
Corbank Corbank Wellmage
Esterash Esterash Stonefair
Westerlight Westerlight
Bushgate Bushgate Wolflea
Wildemarsh Wildemarsh
Snowshore Snowshore
Lightmere Lightmere
Southwheat Southwheat
Shoreburn Shoreburn
Eastcastle Eastcastle
Greenshore Greenshore
Newley Newley
Greyice Greyice
