FacultyClub HealthServices HearstGreekTheatre StudentUnion AnthropologyLibrary Morrison Durham CITRIS Wellman Hilgard SutardjaDai Senior AlumniHouse Campbell MSRI Koshland BanwayBuilding OBrien OptometryLibrary Soda AndersenAuditorium CesarChavez Wheeler LawrenceofScience SocialLibrary Evans Underhill EastAsianLibrary EthnicLibrary EarthLibrary Cheit UpperHearstParking SimpsonCenter Boalt Stanley BrainImagingCenter Manville DonnerLaboratory Bechtel NewspapersLibrary EngineeringLibrary MediaCenter SproulPlaza McCone Birge Pimentel HearstGym Durant BancroftLibrary Etcheverry Latimer MathLibrary Warren Bowles Spieker EarthquakeLibrary BerkeleyLawLibrary PhysicsLibrary MartinezCommons CareerCenter Sproul FoundersRock Jacobs MelvinLaboratory BancroftDance ArtHistoryLibrary VLSB SpringerGateway BerkeleyWayWest LawSchool Davis FoxCottage Unit3 FPF BioscienceLibrary SEAsianLibrary HearstFieldAnnex Mulford MLK Stephens LatinAmerican StowPlaza PacificFilmArchive AquaticCenter Hildebrand UniversityHouse WooHonFai NorthGate Investigative MaxwellField IRLE LeConte Giauque VisualCenter HearstFountain IdaHouse EnergyBuilding Library FacultyClub
98
FacultyClub FacultyClub
HealthServices InternationalHouse HealthServices TAAP
HearstGreekTheatre HearstGreekTheatre
StudentUnion StudentUnion
AnthropologyLibrary AnthropologyLibrary
Morrison Morrison
Durham Durham
CITRIS CITRIS
Wellman Wellman
Hilgard Hilgard
SutardjaDai SutardjaDai
Senior Senior
AlumniHouse AlumniHouse
Campbell Campbell
MSRI MSRI
Koshland Koshland
BanwayBuilding BanwayBuilding
OBrien OBrien
OptometryLibrary OptometryLibrary
Soda Soda
AndersenAuditorium AndersenAuditorium
CesarChavez CesarChavez
Wheeler Wheeler
LawrenceofScience LawrenceofScience
SocialLibrary SocialLibrary
Evans Evans
Underhill Underhill
EastAsianLibrary EastAsianLibrary
EthnicLibrary EthnicLibrary
EarthLibrary EarthLibrary
Cheit Cheit
UpperHearstParking UpperHearstParking
SimpsonCenter SimpsonCenter
Boalt Boalt
Stanley Stanley
BrainImagingCenter BrainImagingCenter
Manville Manville
DonnerLaboratory DonnerLaboratory
Bechtel Bechtel
NewspapersLibrary NewspapersLibrary
EngineeringLibrary EngineeringLibrary
MediaCenter MediaCenter
SproulPlaza SproulPlaza
McCone McCone
Birge Birge
Pimentel Pimentel
HearstGym HearstGym
Durant Durant
BancroftLibrary BancroftLibrary
Etcheverry Etcheverry
Latimer Latimer
MathLibrary MathLibrary
Warren Warren
Bowles Bowles
Spieker Spieker
EarthquakeLibrary EarthquakeLibrary
BerkeleyLawLibrary BerkeleyLawLibrary
PhysicsLibrary PhysicsLibrary
MartinezCommons MartinezCommons
CareerCenter CareerCenter
Sproul Sproul
FoundersRock FoundersRock
Jacobs Jacobs
MelvinLaboratory MelvinLaboratory
BancroftDance BancroftDance
ArtHistoryLibrary ArtHistoryLibrary
VLSB VLSB
SpringerGateway SpringerGateway
BerkeleyWayWest BerkeleyWayWest
LawSchool LawSchool
Davis Davis
FoxCottage FoxCottage
Unit3 Unit3
FPF FPF
BioscienceLibrary BioscienceLibrary
SEAsianLibrary SEAsianLibrary
HearstFieldAnnex HearstFieldAnnex
Mulford Mulford
MLK MLK
Stephens Stephens
LatinAmerican LatinAmerican
StowPlaza StowPlaza
PacificFilmArchive PacificFilmArchive
AquaticCenter AquaticCenter
Hildebrand Hildebrand
UniversityHouse UniversityHouse
WooHonFai WooHonFai
NorthGate NorthGate
Investigative Investigative
MaxwellField MaxwellField
IRLE IRLE
LeConte LeConte
Giauque Giauque
VisualCenter VisualCenter
HearstFountain HearstFountain
IdaHouse IdaHouse
EnergyBuilding EnergyBuilding
Library Library
