FacultyClub SproulPlaza BancroftDance Stephens StudentUnion Library Morrison MelvinLaboratory OptometryLibrary AnthropologyLibrary Sproul Warren OBrien Koshland SpringerGateway Investigative Mulford Jacobs Cheit UniversityHouse LawrenceofScience Pimentel CareerCenter FPF Unit3 EnergyBuilding Wheeler BrainImagingCenter Etcheverry SutardjaDai Manville Hilgard Spieker Birge CITRIS HearstGym InternationalHouse PacificFilmArchive MediaCenter NewspapersLibrary BioscienceLibrary AndersenAuditorium ArtHistoryLibrary StowPlaza MartinezCommons IRLE Durham EarthquakeLibrary EarthLibrary DonnerLaboratory FacultyClub
50
FacultyClub FacultyClub
SproulPlaza SproulPlaza
BancroftDance BancroftDance
Stephens Stephens
StudentUnion StudentUnion
Library Library
Morrison Morrison
MelvinLaboratory MelvinLaboratory
OptometryLibrary OptometryLibrary
AnthropologyLibrary AnthropologyLibrary
Sproul Sproul
Warren Warren
OBrien OBrien
Koshland Koshland
SpringerGateway SpringerGateway
Investigative Investigative
Mulford Mulford
Jacobs Jacobs
Cheit Cheit
UniversityHouse UniversityHouse
LawrenceofScience LawrenceofScience
Pimentel Pimentel
CareerCenter CareerCenter
FPF FPF
Unit3 Unit3
EnergyBuilding EnergyBuilding
Wheeler Wheeler
BrainImagingCenter BrainImagingCenter
Etcheverry Etcheverry
SutardjaDai SutardjaDai
Manville Manville
Hilgard Hilgard
Spieker Spieker
Birge Birge
CITRIS CITRIS
HearstGym HearstGym
InternationalHouse InternationalHouse
PacificFilmArchive PacificFilmArchive
MediaCenter MediaCenter
NewspapersLibrary NewspapersLibrary
BioscienceLibrary BioscienceLibrary
AndersenAuditorium AndersenAuditorium
ArtHistoryLibrary ArtHistoryLibrary
StowPlaza StowPlaza
MartinezCommons MartinezCommons
IRLE IRLE
Durham Durham
EarthquakeLibrary EarthquakeLibrary
EarthLibrary EarthLibrary
DonnerLaboratory DonnerLaboratory
