Home46 Home49 Home8 Home15 Home10 Home15 Home13 Home35 Home39 Home0 Home42 Home60 Home34 Home15 Home13 Home30 Home13 Home17 Home80 Home74 Home45 Home58 Home11 Home78 Home51 Home78 Home71 Home41 Home83 Home63 Home66 Home63 Home69 Home84 Home48 Home64 Home24 Home4 Home24 Home14 Home38 Home16 Home88 Home33 Home88 Home85 Home12 Home85 Home88 Home49 Home46
26
Home49 Home9 Home28 Home49
Home8 Home31
Home10 Home57
Home13 Home13
Home35 Home68
Home0 Home39
Home42 Home42
Home34 Home60
Home30 Home5 Home30
Home17 Home82
Home80 Home80
Home45 Home45
Home11 Home11
Home78 Home71
Home51 Home55
Home41 Home41
Home83 Home83
Home63 Home63
Home66 Home66
Home69 Home69
Home48 Home48
Home64 Home40
Home4 Home27
Home14 Home62
Home33 Home33
Home12 Home12 Home85
