K A B E C F D G I J L H M N P T R O S X U V Y W AA Z AC AB AE AF AH AG AD AI AJ AK AO AN AP AL AS AM AQ AR AT AV AW AU AX AY AZ BD BC BA BF BE BG BH BB BK BI BJ BM BN BO BQ BL BP BU BR BS BW BT BV BX BY BZ CB CA CD CE CC CF CN CH CG CJ CI CL CK CM CO CP CQ CR C CS CU CV CT A K
99
K K
A A
B B Q
E E
C C
F F
D D
G G
I I
J J
L L
H H
M M
N N
P P
T T
R R
O O
S S
X X
U U
V V
Y Y
W W
AA AA
Z Z
AC AC
AB AB
AE AE
AF AF
AH AH
AG AG
AD AD
AI AI
AJ AJ
AK AK
AO AO
AN AN
AP AP
AL AL
AS AS
AM AM
AQ AQ
AR AR
AT AT
AV AV
AW AW
AU AU
AX AX
AY AY
AZ AZ
BD BD
BC BC
BA BA
BF BF
BE BE
BG BG
BH BH
BB BB
BK BK
BI BI
BJ BJ
BM BM
BN BN
BO BO
BQ BQ
BL BL
BP BP
BU BU
BR BR
BS BS
BW BW
BT BT
BV BV
BX BX
BY BY
BZ BZ
CB CB
CA CA
CD CD
CE CE
CC CC
CF CF
CN CN
CH CH
CG CG
CJ CJ
CI CI
CL CL
CK CK
CM CM
CO CO
CP CP
CQ CQ
CR CR
CS CS
CU CU
CV CV
CT CT
