lllIl1I l1IIl1l llIlIIl IlI1II1 l1Ill11 ll111ll 11lI11I I11I111 l1lll11 1I1I1l1 I1llll1 lI1l111 11111lI II1Il1I I1ll1II Il1Il1I lIllIll II11l1l 11IIII1 1I1l1Il l1lllll 1IlIl1I 1llI111 III111I Ill1I11 Ill11II lIIl11l IIlIllI 1l11lII I1llII1 l1IllI1 IlI1Il1 lIl111I I11I11l IIl1l1I 1I11Ill III1llI I11111l lll1I1l 1I1I1lI 1lIl11I l1I111I I111I1I 1I1lllI lII111l llIIII1 l1l11l1 lI11III 1l1lIlI llI1lII 111lI1I lllIl1I
49
l1IIl1l l1IIl1l lIIlII1
IlI1II1 IlI1II1
l1Ill11 l1Ill11
ll111ll ll111ll
11lI11I 11lI11I
I11I111 I11I111
l1lll11 l1lll11
1I1I1l1 1I1I1l1
I1llll1 I1llll1
lI1l111 lI1l111
11111lI 11111lI
II1Il1I II1Il1I
I1ll1II I1ll1II
Il1Il1I Il1Il1I
lIllIll lIllIll
II11l1l II11l1l
11IIII1 11IIII1
1I1l1Il 1I1l1Il
l1lllll l1lllll
1IlIl1I 1IlIl1I
1llI111 1llI111
III111I III111I
Ill1I11 Ill1I11
Ill11II Ill11II
lIIl11l lIIl11l
IIlIllI IIlIllI
1l11lII 1l11lII
I1llII1 I1llII1
l1IllI1 l1IllI1
IlI1Il1 IlI1Il1
lIl111I lIl111I
I11I11l I11I11l
IIl1l1I IIl1l1I
1I11Ill 1I11Ill
III1llI III1llI
I11111l I11111l
lll1I1l lll1I1l
1I1I1lI 1I1I1lI
1lIl11I 1lIl11I
l1I111I l1I111I
I111I1I I111I1I
1I1lllI 1I1lllI
lII111l lII111l
llIIII1 llIIII1
l1l11l1 l1l11l1
lI11III lI11III
1l1lIlI 1l1lIlI
llI1lII llI1lII
111lI1I 111lI1I
