Satish VNYZ5QVO77 PL0UHK QAL7Z5UN QL51A0KUT O2N6HBZK8 7CRTCJA V4R09 ITHI7K6W1B SKLZM QJ0LM8 K936 S657MFMG JOBN3N V7T5SI 6WSDW EG23K 5N65HLXKU QU5Y0N2LQ 0I7Y WQM0D4 5HGKBK N26J6EU JSSS9HX QHH48VD7JJ CXLQGGJ746 OJ27JN021 RX6VI FPB1OLF3 IQXEPH9QO U0LMCHUU 07XQDCJI B0H9VDIK M6CD1Y F3YJ R2POU4T QEAJAFMPY PQ09CSX EHS8A ODSGN281 XGYWBMTWT VNCFO F1G8HC 59E13RE IEYK8 AETBJC 6HNG 19LN 2FB0FS3KWX AO31B76 SUC1CH Satish
50
VNYZ5QVO77 VNYZ5QVO77
PL0UHK PL0UHK
QAL7Z5UN QAL7Z5UN
QL51A0KUT QL51A0KUT
O2N6HBZK8 O2N6HBZK8
7CRTCJA 7CRTCJA
V4R09 V4R09
ITHI7K6W1B ITHI7K6W1B
SKLZM SKLZM
QJ0LM8 QJ0LM8
K936 K936
S657MFMG S657MFMG
JOBN3N JOBN3N
V7T5SI V7T5SI
6WSDW 6WSDW
EG23K EG23K
5N65HLXKU 5N65HLXKU
QU5Y0N2LQ QU5Y0N2LQ
0I7Y 0I7Y
WQM0D4 WQM0D4
5HGKBK 5HGKBK
N26J6EU N26J6EU
JSSS9HX JSSS9HX
QHH48VD7JJ QHH48VD7JJ
CXLQGGJ746 CXLQGGJ746
OJ27JN021 OJ27JN021
RX6VI RX6VI
FPB1OLF3 FPB1OLF3
IQXEPH9QO IQXEPH9QO
U0LMCHUU U0LMCHUU
07XQDCJI 07XQDCJI
B0H9VDIK B0H9VDIK
M6CD1Y M6CD1Y
F3YJ F3YJ
R2POU4T R2POU4T
QEAJAFMPY QEAJAFMPY
PQ09CSX PQ09CSX
EHS8A EHS8A
ODSGN281 ODSGN281
XGYWBMTWT XGYWBMTWT
VNCFO VNCFO
F1G8HC F1G8HC
59E13RE 59E13RE
IEYK8 IEYK8
AETBJC AETBJC
6HNG 6HNG
19LN 19LN
2FB0FS3KWX 2FB0FS3KWX
AO31B76 AO31B76
SUC1CH SUC1CH
