129 0 2 4 5 6 8 9 11 13 14 16 17 15 21 33 23 26 25 29 36 38 40 44 48 49 51 50 56 53 55 61 57 58 59 64 63 65 81 66 84 76 88 91 82 62 100 85 87 89 98 92 96 97 101 103 99 95 105 107 109 142 114 108 122 121 123 137 126 125 110 150 128 145 155 174 158 171 160 156 130 157 161 175 177 163 180 178 183 151 9 152 192 0 184 195 2 188 0 189 0 190 0 191 4 194 4 196 4 197 0 129
99
0 0 39
2 2
4 4
5 5
6 6
8 8
9 9
11 11
13 13
14 14
16 16
17 17
15 15
21 21
33 33
23 23
26 26
25 25
29 29
36 36
40 40
44 44
48 48
49 49
51 51
50 50
56 56
53 53
55 55
61 61
57 57
58 58
59 59
64 64
63 63
65 65
81 81
66 66
84 84
76 76
88 88
91 91
82 82
62 62
100 100
85 85
87 87
89 89
98 98
92 92
96 96
97 97
101 101
103 103
99 99
95 95
105 105
107 107
109 109
142 142
114 114
108 108
122 122
121 121
123 123
137 137
126 126
125 125
110 110
150 150
128 128
145 145
155 155
174 174
158 158
171 171
160 160
156 156
130 130
157 157
161 161
175 175
177 177
163 163
180 180
178 178
183 183
151 151
152 152
192 192
184 184
195 195
188 188
189 189
190 190
191 191
194 194
196 196
197 197
