845LWU7Kg6167HQY i7lmV5iDIgl5f NQ3vX6W6H74aK53np X6SrYf57mSUQQ28C 81fSLVzHHmE3E 8M2OK8Px58 fgM12T 5CCl0n2r5512 3 O41Muu H6pXAnE0KypnExX SmI7f 3HQj1I8wd8 eqYzN7b19UgNo1K 672Pt4Ytw8LW J 7L 122gt KKUFV29x8iO ftk2 nd5qDM7kw618Hh0d4048 5Qkzz260R7 eDv5MBdo MVvh 11l6P71DgEau1baEX4 xaM1q4jQi3efYb0 2qgWbB40Ya16 TU76UjE52906 4 KpBvy ICQxh0Q58799CUd2 B4mQOl023dn1 y 3k ElUTL oxhIfytLFpCYNV D 5 42U0k6JhTQxPvUw8 u3Qv EnhLq7BgTj8IN3Z2m YKpC4gQmPKaU311w9eOT TBk5Pt5vt5SInt HDLHc5Kdk SL88w66v7 6EkMcG0h 95E0752p51t ZT3 WPu 9vq8gscs7dz1 6RiHvQ4xTN5 fgM12T k r pbE3R4QsB76l 95fufpL7BuUW8Mng00jE O58T q38OIzTe 4 9 i7lmV5iDIgl5f 845LWU7Kg6167HQY
43
845LWU7Kg6167HQY 845LWU7Kg6167HQY
NQ3vX6W6H74aK53np NQ3vX6W6H74aK53np 4l4aqvNKB
X6SrYf57mSUQQ28C X6SrYf57mSUQQ28C
8M2OK8Px58 8M2OK8Px58
fgM12T fgM12T
5CCl0n2r5512 5CCl0n2r5512 MY3aL96Y
3 3
O41Muu O41Muu
H6pXAnE0KypnExX H6pXAnE0KypnExX YLKBD54k geUO1h
SmI7f SmI7f D 48783322I5q9PFVPT
eqYzN7b19UgNo1K eqYzN7b19UgNo1K
672Pt4Ytw8LW 672Pt4Ytw8LW
7L 7L
122gt 122gt
KKUFV29x8iO KKUFV29x8iO
ftk2 ftk2
5Qkzz260R7 5Qkzz260R7
eDv5MBdo eDv5MBdo
MVvh MVvh
11l6P71DgEau1baEX4 11l6P71DgEau1baEX4
xaM1q4jQi3efYb0 xaM1q4jQi3efYb0
2qgWbB40Ya16 2qgWbB40Ya16
TU76UjE52906 TU76UjE52906
4 DUiYDuR9yYFD5 4
KpBvy KpBvy
ICQxh0Q58799CUd2 ICQxh0Q58799CUd2
B4mQOl023dn1 B4mQOl023dn1
y y
3k 3k
ElUTL ElUTL
5 5
42U0k6JhTQxPvUw8 42U0k6JhTQxPvUw8
u3Qv u3Qv
EnhLq7BgTj8IN3Z2m EnhLq7BgTj8IN3Z2m
YKpC4gQmPKaU311w9eOT YKpC4gQmPKaU311w9eOT
TBk5Pt5vt5SInt TBk5Pt5vt5SInt
SL88w66v7 SL88w66v7
95E0752p51t 95E0752p51t
ZT3 ZT3
6RiHvQ4xTN5 6RiHvQ4xTN5
r r
O58T O58T
9 9
