0 43 0 59 0 62 0 123 15 123 0 112 50 9 64 141 31 109 5 13 17 21 17 33 2 36 56 174 93 38 93 124 166 143 32 99 82 18 57 16 57 53 20 103 89 103 30 51 6 58 68 85 149 7 149 8 128 45 128 71 161 41 28 72 83 72 33 2 78 2 65 3 65 61 185 84 24 63 55 107 22 107 47 110 125 175 167 153 121 171 4 171 101 126 60 198 88 173 105 19 105 92 124 35 124 127 48 42 145 95 145 42 51 96 112 0 137 52 137 0
61
0 0 37 86 90
43 43
59 59
62 62
15 15
50 50
9 9 80
64 64
31 31
5 5
13 13 17
21 21
33 33 74
2 2 27 40 65
36 36
174 29 56 81
93 93
38 38
166 25
99 32 99
18 18 82
57 1 39 57
16 16
53 53
20 20
89 23 26 73 89
30 30
51 51 96
6 6
58 58
68 68
85 75 85
7 7 76
8 8 67
45 45
71 71 94
41 41
28 28 72
83 83
78 78
3 3 12
61 14 61 70
84 84 97
24 24 54 98
63 63
55 55
22 22 46
47 47
125 34 77 87 91
153 66
121 11 49
4 4 79
60 60
88 88
19 19
92 92
35 35 44 69
48 48
145 10 42
95 95
52 52
