loc0 loc23 loc7 loc1 loc8 loc13 loc98 loc39 loc24 loc16 loc62 loc6 loc35 loc86 loc21 loc94 loc51 loc50 loc99 loc47 loc25 loc47 loc95 loc26 loc93 loc91 loc31 loc12 loc48 loc33 loc46 loc26 loc0
21
loc23 loc23 loc42 loc65 loc84
loc7 loc7 loc54
loc1 loc28 loc34 loc72
loc8 loc8 loc88
loc98 loc29 loc75
loc39 loc39 loc91
loc24 loc24
loc16 loc16
loc62 loc45 loc62 loc90
loc6 loc6 loc61 loc79
loc35 loc35
loc86 loc52 loc69 loc86
loc21 loc21
loc51 loc51
loc50 loc40 loc49
loc99 loc99
loc25 loc25 loc81
loc95 loc20
loc93 loc26 loc93
loc31 loc31
loc33 loc33 loc48
