69 148 186 36 30 163 131 194 115 147 5 118 198 193 74 112 71 146 165 99 97 63 113 24 83 33 128 160 51 106 58 166 191 37 133 77 46 87 101 25 127 53 192 52 26 50 14 64 188 100 2 72 80 31 56 132 117 44 197 119 59 171 158 16 90 121 135 1 195 134 11 27 104 149 81 185 190 150 110 82 162 4 69
80
148 148
186 186
36 36
30 30
163 163
131 131
194 194
115 115
147 147
5 5
118 118
198 198
193 193
74 74
112 112
71 71
146 146
165 165
99 99
97 97
63 63
113 113
24 24
83 83
33 33
128 128
160 160
51 51
106 106
58 58
166 166
191 191
37 37
133 133
77 77
46 46
87 87
101 101
25 25
127 127
53 53
192 192
52 52
26 26
50 50
14 14
64 64
188 188
100 100
2 2
72 72
80 80
31 31
56 56
132 132
117 117
44 44
197 197
119 119
59 59
171 171
158 158
16 16
90 90
121 121
135 135
1 1
195 195
134 134
11 11
27 27
104 104
149 149
81 81
185 185
190 190
150 150
110 110
82 82
162 162
