Soda loc79 loc72 loc15 loc2 loc6 loc16 loc64 loc8 loc17 loc8 loc31 loc41 loc38 loc68 loc91 loc83 loc64 loc63 loc10 loc86 loc96 loc53 loc29 loc55 loc13 loc28 loc95 loc29 loc53 loc92 loc12 loc61 loc23 loc30 loc63 loc50 loc33 loc67 loc26 loc19 loc43 loc19 loc71 loc19 loc45 loc20 loc49 loc81 loc45 loc32 loc48 loc93 loc45 loc66 loc36 loc97 loc48 loc45 loc90 loc45 loc19 loc43 loc22 loc85 loc40 loc39 loc89 loc44 loc6 Soda
44
loc79 loc18 loc57 loc79
loc72 loc72
loc2 loc21
loc6 loc44
loc8 loc8 loc83
loc17 loc17
loc31 loc31
loc41 loc41
loc38 loc38
loc68 loc68
loc91 loc91
loc10 loc10
loc86 loc86 loc99
loc96 loc96
loc53 loc53
loc29 loc29
loc55 loc55
loc13 loc13
loc28 loc28
loc95 loc95
loc92 loc92
loc12 loc12
loc61 loc61
loc23 loc23
loc30 loc30
loc33 loc33
loc67 loc67
loc26 loc26
loc19 loc19 loc45
loc43 loc43
loc71 loc71
loc20 loc20 loc73
loc49 loc49
loc81 loc81
loc32 loc32
loc48 loc48
loc93 loc93
loc66 loc66
loc36 loc36
loc97 loc97
loc90 loc90
loc40 loc40
loc39 loc39
loc89 loc89
