Soda loc3 loc179 loc82 loc1 loc90 loc129 loc17 loc23 loc74 loc13 loc34 loc14 loc121 loc88 loc138 loc32 loc189 loc34 loc84 loc34 loc94 loc83 loc50 loc43 loc19 loc179 loc53 loc25 loc106 loc36 loc145 loc156 loc6 loc172 loc106 loc25 loc53 loc58 loc179 loc80 loc199 loc179 loc92 loc57 loc157 loc59 loc20 loc40 loc137 loc75 loc92 loc177 loc42 loc171 loc154 loc163 loc104 loc43 loc27 loc8 loc15 loc10 loc111 loc11 loc30 loc39 loc198 loc24 loc198 loc28 loc198 loc24 loc31 loc111 loc22 loc38 loc101 loc26 loc79 loc95 loc37 loc194 loc165 loc114 loc122 loc180 loc183 loc115 loc99 loc9 loc99 loc115 loc8 loc77 loc56 loc77 loc60 loc68 loc192 loc170 loc196 loc51 loc196 loc142 loc7 loc142 loc185 loc196 loc52 loc47 loc164 loc27 loc43 loc179 loc3 Soda
65
Soda Soda
loc3 loc3 loc64
loc82 loc45 loc65 loc82
loc90 loc90 loc151
loc17 loc17 loc94
loc23 loc23
loc74 loc74
loc13 loc13
loc34 loc34
loc14 loc14 loc88 loc118
loc121 loc121
loc138 loc138
loc32 loc32
loc189 loc189
loc84 loc84 loc97 loc167
loc83 loc83
loc50 loc50
loc53 loc53
loc25 loc25 loc140
loc106 loc106
loc36 loc36
loc145 loc145
loc156 loc156
loc6 loc6
loc172 loc172
loc58 loc58
loc80 loc80
loc199 loc199
loc57 loc57 loc72 loc75 loc157
loc59 loc59
loc20 loc20
loc40 loc40 loc137
loc42 loc42 loc163
loc171 loc171
loc154 loc154
loc8 loc8 loc55 loc77 loc141 loc147 loc188 loc193
loc15 loc15
loc10 loc10 loc35 loc41 loc100 loc131 loc181
loc111 loc111 loc128
loc11 loc11
loc30 loc30 loc136
loc39 loc39
loc24 loc24
loc28 loc28 loc109
loc22 loc22
loc38 loc38
loc101 loc101
loc26 loc26
loc79 loc79
loc95 loc95
loc37 loc37
loc194 loc194
loc165 loc165
loc114 loc114
loc122 loc122
loc180 loc180
loc183 loc183
loc9 loc9
loc56 loc107 loc146 loc173
loc192 loc192
loc196 loc61 loc126 loc170
loc51 loc51 loc103 loc155
loc142 loc142
loc7 loc7
loc185 loc185
