0 2 4 57 11 28 8 34 12 23 117 1 25 6 21 63 9 30 13 31 14 93 16 18 32 41 19 94 40 64 7 59 29 5 22 62 83 68 54 45 56 99 113 15 58 36 46 44 27 5 42 78 87 79 141 43 141 49 48 37 47 76 92 60 67 74 16 38 35 173 77 55 70 82 52 133 72 177 33 177 59 50 59 51 89 167 110 17 39 80 137 69 192 75 192 81 140 65 5 66 169 73 100 61 148 85 9 98 8 86 106 156 90 88 63 26 110 96 97 34 144 91 144 0
91
0 31 71
2 2 20 53
4 4
57 57
11 11
28 28
8 8
34 34
12 10 12
23 23
1 1 95
25 25
6 3 6
21 21
63 63
9 9
30 30
13 13
14 14
93 93
16 16 24
18 18
32 32
41 41
19 19
94 84 94
40 40
64 64
7 7 88
59 59
29 29
5 5
22 22
62 62
83 83
68 68
54 54
45 45
56 56
99 99
15 15
58 58
36 36
46 46
44 44
27 27
42 42
78 78
87 87
79 79
43 43
49 49
48 48
37 37
47 47
76 76
92 92
60 60
67 67
74 74
38 38
35 35
77 77
55 55
70 70
82 82
52 52
72 72
33 33
50 50
51 51
89 89
17 17
39 39
80 80
69 69
75 75
81 81
65 65
66 66
73 73
100 100
61 61
85 85
98 98
86 86
90 90
26 26
96 96
97 97
91 91
