mdyuzxshey vkrlpmybdj zmfuudfatm vkrlpmybdj jatkaoyfxb zumetrybth ebqxbaqnmm kdujdjjwot zjbarjhmau wkwwcqjtxf qcktwemqbm pymtnhypxd xkasbvrrxd yhpfnjjqmm fznfvsgjhc lkvobxyfca xplqpgpbvq hadchvmijq jqtguzxxsl yiwwdwbzth wtyqwjwskq bswhowadhl psiebvskfb zpybghfdbe lndsfxewdc wtjzgzopuw euqbrkzdsw chjuuxuacs lnicnhmajr owusjcmdkp ljhmnbaicr ebqxbaqnmm zpjhxyylhb rnpokwoqgt tgbmxdmvwe oegfbrwyrp lbuiysostx idfvjoquhh lazlsvgukx ahqdrcepub siatqqydwf ixyurvbpvu gwnccktgki ixyurvbpvu uooysjrxsb seeyrseflx vugkhjygfe seeyrseflx uooysjrxsb ixyurvbpvu optviwhmbr rkyixxpcbx eooyfwmxln rkyixxpcbx gllungmori jrmlkfexfk wtlzrefwav epdwcjuvdr wtlzrefwav hsjqtjkukk smwxdupkdv koawdpgqdx unihwwnyqz qepegujmaa unihwwnyqz koawdpgqdx smwxdupkdv hsjqtjkukk wtlzrefwav tmrnpjqnxx cmdqzmgvfi qfbvncxldf cmdqzmgvfi zpybghfdbe bswhowadhl wtyqwjwskq yiwwdwbzth xftptyrlvl jedsthbmzo oewptytlja nwlccbonas oewptytlja knfzsnhzvx oewptytlja owusjcmdkp ljhmnbaicr ebqxbaqnmm zumetrybth jatkaoyfxb bnmegnfgii jatkaoyfxb vkrlpmybdj mdyuzxshey
39
mdyuzxshey mdyuzxshey mysadifwma
zmfuudfatm zmfuudfatm vkrlpmybdj
jatkaoyfxb jatkaoyfxb
zumetrybth zumetrybth ebqxbaqnmm
kdujdjjwot kdujdjjwot
zjbarjhmau zjbarjhmau bulywvvpni
qcktwemqbm qcktwemqbm
yhpfnjjqmm fznfvsgjhc
lkvobxyfca lkvobxyfca
hadchvmijq hadchvmijq wynbxuuxru
yiwwdwbzth jqtguzxxsl xftptyrlvl
wtyqwjwskq wtyqwjwskq
psiebvskfb psiebvskfb
lndsfxewdc mswyvpdrsy lndsfxewdc
wtjzgzopuw euqbrkzdsw
lnicnhmajr lnicnhmajr
ljhmnbaicr ljhmnbaicr owusjcmdkp
tgbmxdmvwe tgbmxdmvwe
lbuiysostx lbuiysostx
lazlsvgukx lazlsvgukx
ahqdrcepub ahqdrcepub
ixyurvbpvu optviwhmbr
gwnccktgki gwnccktgki
seeyrseflx seeyrseflx
vugkhjygfe vugkhjygfe
rkyixxpcbx rkyixxpcbx
eooyfwmxln eooyfwmxln
gllungmori gllungmori
wtlzrefwav wtlzrefwav
smwxdupkdv aokbiptbzc
koawdpgqdx koawdpgqdx
qepegujmaa xtvbrolacp qepegujmaa
cmdqzmgvfi cmdqzmgvfi qydclznxrd
qfbvncxldf qfbvncxldf
jedsthbmzo jedsthbmzo
oewptytlja oewptytlja
nwlccbonas nwlccbonas
knfzsnhzvx knfzsnhzvx
bnmegnfgii bnmegnfgii
