AwxIeucriHjf27FhspG yWzqUasT3R6D74kKJru iEFbnXL3WCYzGIBsQyg PyJKts960QpjhTLD2OE 8CRHxDVKFZsYB6tMpik dLzEgnCZKowbF2kJImP qR1w8vWKJ9GTMoIVHEe N4xuWFlCoSegmctI20M ZDtoyidIR6aqQwg1rfL r7atW26zvHYEAjxZB5I 9k3KERBOiDm5tSLWTuV p39vLN8ZTmldOHc7FQq RZydCPMgeNYjxh8sAGI ZU4OFqH2PfgLpEJVSG6 1pEvPaYSub2mW8eItUO ZU4OFqH2PfgLpEJVSG6 81enwCUSxbBZOYdyVNm oXD0mSLKMYy5gjbW7s3 gkIdtam3XO0GhSfHMn2 oqS8bChDzaEOsTV2FZp Z67LKcAUNbXP0xGtue2 4LxtbrVK16vaZhMqPTf sP8cQuHBaxI7wkL0VTS p80UhzCbyXmZiGjNTVY NCitHRhmgX02L7OSpdJ TwZjBSskDY4E9OdRuXv w4L9W3TiU2vmdEZozyC sho45SEzbYFQpR1CwZm w4L9W3TiU2vmdEZozyC TD1lnWQY5GcdEjtfVzs i1X8bBqcpaOv7PtxHzy IlfLurGFiMO9W3wUAXR bXmHFcCtVZPv4oxBweM 8aKYx2SdqPRjFvi6yr4 KJwAq0SmfUlOGo8Pbeh jIi2sVXxaTR5vQNo6uH KJwAq0SmfUlOGo8Pbeh GpTdeJ4jlQkvCMFtiU8 PpKhQs5muRVJYjkCGrO OFnyj64xurghSV8Cz13 iEFbnXL3WCYzGIBsQyg J1VXRSak3EBr6AGsmz7 KJwAq0SmfUlOGo8Pbeh KtuJ8324zFfxhcgNUO0 KJwAq0SmfUlOGo8Pbeh XMuchaoDbgs8v65ECIF 0Lvysj6zrhcmOG25DUo AwxIeucriHjf27FhspG
25
yWzqUasT3R6D74kKJru AwxIeucriHjf27FhspG yWzqUasT3R6D74kKJru LKpfxPqdJvaI8C0We3z 2oDxBYX4AFTcdsuyjS7 ORVoYgr9pvTkjDEn3z1 SgEu94o85QKaBwRnUqk iYI8LowClq2xG0XWSdZ tW8U5JQYoGLH1fxkDly SILZWArv6k7FcGhyeb5 3WN1qBmcvAExjdM6Gr7 SWcTa048zDXHmAk67vq FhQNEw3VjK7YeUgT8rm NWGQdEXnhM5gUqcJ13T LdUAKJjGy23PM8pSE0H wJPGQIr4Njpk7Re6sbX 0l5Q4wHKrGTtYmko6uB ZyajO0zqmgFGd4PUlik
PyJKts960QpjhTLD2OE v8rJpjBE2GMRcaD7w4V PyJKts960QpjhTLD2OE 8CRHxDVKFZsYB6tMpik
dLzEgnCZKowbF2kJImP dLzEgnCZKowbF2kJImP qR1w8vWKJ9GTMoIVHEe weiO89Us3SIvoaPtrB0
N4xuWFlCoSegmctI20M N4xuWFlCoSegmctI20M
ZDtoyidIR6aqQwg1rfL ZDtoyidIR6aqQwg1rfL r7atW26zvHYEAjxZB5I
9k3KERBOiDm5tSLWTuV 9k3KERBOiDm5tSLWTuV p39vLN8ZTmldOHc7FQq
RZydCPMgeNYjxh8sAGI RZydCPMgeNYjxh8sAGI ZiPlEIqjAW0gpVoJsT6
1pEvPaYSub2mW8eItUO XfrmtaWRUdFACN809yS 1pEvPaYSub2mW8eItUO JX3fUkTlirV92nytHdI XHfCu7qLi0aIveTUmlM
81enwCUSxbBZOYdyVNm IxZGeW9SUK2QcXf7aJs 81enwCUSxbBZOYdyVNm oXD0mSLKMYy5gjbW7s3 sOhbeTrPJkB5zIDlpEx
gkIdtam3XO0GhSfHMn2 gkIdtam3XO0GhSfHMn2 oqS8bChDzaEOsTV2FZp
Z67LKcAUNbXP0xGtue2 Z67LKcAUNbXP0xGtue2 DZKQ08WnbkSIqz2rAm6
4LxtbrVK16vaZhMqPTf 4LxtbrVK16vaZhMqPTf sP8cQuHBaxI7wkL0VTS
p80UhzCbyXmZiGjNTVY p80UhzCbyXmZiGjNTVY JOjfABw83oFCiaXDvMs mxbN18fatelypn20FLZ SBXYtjvfK32xzIsAgbu EtZy03uSNxdF1kcjeG7
TwZjBSskDY4E9OdRuXv UhV08bJKBApcNP4O7xl TwZjBSskDY4E9OdRuXv 32iUhWwbaRQdpGN6CP9 kC0UP5yi37XTohZLezu
sho45SEzbYFQpR1CwZm JcQAO3uxterl9IUwhKB sho45SEzbYFQpR1CwZm 4WPDhRB2vq5G1CNxpiz
TD1lnWQY5GcdEjtfVzs 8XdiGJQuvDq0O45cAa3 TD1lnWQY5GcdEjtfVzs Nji35abpK0CTUSlWGuA NXV1D2dbScZ4y9pUtqW
IlfLurGFiMO9W3wUAXR OzSVlAJPB8pD7McueaG IlfLurGFiMO9W3wUAXR M7vKqQH6U3sGneYpBmr
bXmHFcCtVZPv4oxBweM bXmHFcCtVZPv4oxBweM 8aKYx2SdqPRjFvi6yr4
KJwAq0SmfUlOGo8Pbeh KJwAq0SmfUlOGo8Pbeh EyCHsSP5XZrQR0L23jf EwF5nLVG0tZTx9dWU1D uhaSszxK8v16PtwWV50 VMPr01qNctRo2GspAdh 5Sgq2KH8U61EC0W3VNR ciYOlIwSpvHz3ybj2mV eqi0fKTM2RdD6zkSAEr J6ComdZW9qLG5V7D2Qb pdb3WuP0IFN8hwBkH69 vBQ8qjbgmCfZIxY2zJP srXSIvPOWTzJ7opbjGc LgX3GoqbTpRCdhOElKA VmTt9Ek3YP0ioL4huqK Jlkixpd2cLWGKCrVSmf mqAocERyYrzi36U5pTt 5Hz2glV7fhLTxX0iEyu 2SbQ735yxpaYRJGdLNt 4RPkH7Dc2lSytIEjdvZ C7gXPVA3YZ2QWdsUkGx 8XNwOR4jem9hBP3VKuk ou7YpydAjD9Tzn0MSEv uFkwq6pWAKVEXdDRGQb XBQSWe7pwDs2Ik8lnAv BMxnoGrf91mOZwU8P3C Ou5bfz3rmJwxCBhTatL wdEaysuC74BJzk6lPtZ BS8iY9aPlgh1QqrIpVd CN1OwEHxoMR8mP7VXyj
jIi2sVXxaTR5vQNo6uH jIi2sVXxaTR5vQNo6uH
GpTdeJ4jlQkvCMFtiU8 GpTdeJ4jlQkvCMFtiU8
OFnyj64xurghSV8Cz13 OFnyj64xurghSV8Cz13
J1VXRSak3EBr6AGsmz7 J1VXRSak3EBr6AGsmz7
KtuJ8324zFfxhcgNUO0 KtuJ8324zFfxhcgNUO0
XMuchaoDbgs8v65ECIF XMuchaoDbgs8v65ECIF
