loc0 loc66 loc4 loc64 loc54 loc45 loc63 loc27 loc75 loc40 loc94 loc2 loc65 loc82 loc20 loc65 loc11 loc65 loc28 loc65 loc29 loc65 loc38 loc65 loc46 loc65 loc92 loc47 loc59 loc5 loc86 loc23 loc86 loc32 loc67 loc13 loc58 loc22 loc70 loc26 loc53 loc35 loc71 loc62 loc89 loc41 loc95 loc5 loc59 loc50 loc86 loc77 loc43 loc52 loc7 loc78 loc15 loc51 loc6 loc60 loc21 loc60 loc33 loc51 loc24 loc78 loc34 loc78 loc42 loc51 loc6 loc93 loc48 loc58 loc49 loc58 loc0
37
loc66 loc3 loc12 loc30 loc31 loc39
loc4 loc4
loc54 loc9 loc18 loc36
loc45 loc45
loc27 loc27
loc40 loc40
loc2 loc2
loc82 loc1 loc10 loc14 loc19 loc37
loc20 loc20
loc11 loc11
loc28 loc28
loc29 loc29
loc38 loc38
loc46 loc46
loc47 loc47
loc5 loc5
loc23 loc23
loc32 loc32
loc13 loc13
loc22 loc22
loc26 loc26
loc53 loc16 loc25
loc35 loc35
loc62 loc8 loc17 loc44
loc41 loc41
loc50 loc50
loc43 loc43
loc7 loc7
loc15 loc15
loc6 loc6
loc21 loc21
loc33 loc33
loc24 loc24
loc34 loc34
loc42 loc42
loc48 loc48
loc49 loc49
