loc0 loc184 loc31 loc139 loc118 loc38 loc113 loc5 loc149 loc59 loc158 loc23 loc125 loc116 loc80 loc179 loc17 loc107 loc8 loc107 loc71 loc143 loc169 loc124 loc61 loc160 loc115 loc88 loc160 loc52 loc105 loc15 loc132 loc51 loc105 loc42 loc105 loc69 loc105 loc78 loc133 loc97 loc124 loc70 loc160 loc115 loc166 loc13 loc157 loc129 loc12 loc111 loc1 loc153 loc18 loc135 loc48 loc102 loc39 loc120 loc49 loc130 loc40 loc103 loc58 loc121 loc67 loc129 loc66 loc183 loc6 loc186 loc123 loc114 loc123 loc30 loc183 loc75 loc102 loc54 loc189 loc57 loc189 loc84 loc102 loc99 loc171 loc63 loc171 loc90 loc172 loc91 loc127 loc100 loc136 loc73 loc137 loc128 loc74 loc110 loc11 loc110 loc47 loc110 loc92 loc110 loc74 loc128 loc173 loc155 loc32 loc131 loc83 loc155 loc5 loc149 loc95 loc184 loc166 loc85 loc193 loc0
61
loc184 loc50 loc76 loc94
loc31 loc31
loc118 loc2 loc19 loc20 loc29 loc46 loc65
loc38 loc38
loc5 loc5 loc56
loc149 loc14 loc41 loc68 loc77 loc86
loc59 loc59
loc23 loc23
loc116 loc26 loc44 loc62 loc98
loc80 loc80
loc179 loc35 loc53 loc89
loc17 loc17
loc8 loc8
loc71 loc71
loc124 loc7 loc16 loc34
loc61 loc61
loc115 loc25 loc43 loc79
loc88 loc88
loc52 loc52
loc15 loc15
loc132 loc24 loc60 loc96
loc51 loc51
loc42 loc42
loc69 loc69
loc78 loc78
loc97 loc97
loc70 loc70
loc13 loc13
loc129 loc3 loc4 loc21 loc22
loc12 loc12
loc1 loc1 loc10 loc64
loc18 loc18
loc135 loc9 loc27 loc36 loc72 loc81
loc48 loc48
loc39 loc39
loc49 loc49
loc40 loc40
loc58 loc58
loc67 loc67
loc66 loc66
loc6 loc6
loc123 loc30 loc33 loc87 loc93
loc75 loc75
loc54 loc54
loc57 loc57
loc84 loc84
loc99 loc99
loc63 loc63
loc90 loc90
loc172 loc45 loc55 loc82
loc91 loc91
loc136 loc28 loc37 loc100
loc73 loc73
loc74 loc74
loc11 loc11
loc47 loc47
loc92 loc92
loc32 loc32
loc83 loc83
loc95 loc95
loc85 loc85
