0 1 3 2 4 6 5 7 8 10 12 9 11 13 14 15 16 17 18 19 20 21 22 23 24 25 26 27 28 29 30 31 32 33 34 35 36 37 38 39 40 41 42 43 44 46 47 45 49 48 51 50 52 55 53 54 56 57 58 59 60 61 63 64 65 62 67 66 68 69 71 70 72 73 74 75 76 78 77 80 79 81 82 83 84 85 87 86 88 89 90 91 92 93 95 94 96 98 97 99 0 100 0
100
1 1
3 3
2 2
4 4
6 6
5 5
7 7
8 8
10 10
12 12
9 9
11 11
13 13
14 14
15 15
16 16
17 17
18 18
19 19
20 20
21 21
22 22
23 23
24 24
25 25
26 26
27 27
28 28
29 29
30 30
31 31
32 32
33 33
34 34
35 35
36 36
37 37
38 38
39 39
40 40
41 41
42 42
43 43
44 44
46 46
47 47
45 45
49 49
48 48
51 51
50 50
52 52
55 55
53 53
54 54
56 56
57 57
58 58
59 59
60 60
61 61
63 63
64 64
65 65
62 62
67 67
66 66
68 68
69 69
71 71
70 70
72 72
73 73
74 74
75 75
76 76
78 78
77 77
80 80
79 79
81 81
82 82
83 83
84 84
85 85
87 87
86 86
88 88
89 89
90 90
91 91
92 92
93 93
95 95
94 94
96 96
98 98
97 97
99 99
100 100
