Loc35 Loc51 Loc89 Loc73 Loc48 Loc15 Loc37 Loc44 Loc93 Loc92 Loc62 Loc28 Loc0 Loc63 Loc90 Loc10 Loc1 Loc7 Loc41 Loc71 Loc65 Loc13 Loc79 Loc86 Loc84 Loc47 Loc64 Loc80 Loc22 Loc14 Loc33 Loc39 Loc70 Loc23 Loc25 Loc67 Loc95 Loc34 Loc24 Loc31 Loc35
39
Loc51 Loc46 Loc51 Loc54 Loc58 Loc66 Loc74 Loc78 Loc81
Loc89 Loc4 Loc52 Loc77 Loc89
Loc73 Loc73 Loc97
Loc48 Loc48
Loc15 Loc15
Loc37 Loc37
Loc44 Loc44
Loc93 Loc93
Loc92 Loc92
Loc62 Loc62
Loc28 Loc28
Loc0 Loc0
Loc63 Loc63
Loc90 Loc90
Loc10 Loc10
Loc1 Loc1
Loc7 Loc7
Loc41 Loc41
Loc71 Loc71
Loc65 Loc65
Loc13 Loc13
Loc79 Loc79
Loc86 Loc86
Loc84 Loc84
Loc47 Loc47
Loc64 Loc64
Loc80 Loc80
Loc22 Loc22
Loc14 Loc14
Loc33 Loc33
Loc39 Loc39
Loc70 Loc70
Loc23 Loc23
Loc25 Loc25
Loc67 Loc67
Loc95 Loc95
Loc34 Loc34
Loc24 Loc24
Loc31 Loc31
