1 1eX 1bJ 1aY 1aJ 1aC 1aE 1aT 1aP 1bB 1bG 1bD 1bN 1bS 1cB 1cQ 1cV 1cP 1dC 1dD 1cR 1dH 1dM 1dG 1dI 1dT 1dR 1 1dY 1eG 1eH 1
29
1eX 1 1aK 1aL 1aN 1aR 1aS 1aU 1aV 1aW 1aX 1bA 1bE 1bF 1bH 1bM 1bO 1bP 1bR 1bV 1bY 1cC 1cD 1cG 1cH 1cI 1cK 1cN 1cO 1cS 1cT 1cW 1cX 1cY 1cZ 1dA 1dE 1dF 1dJ 1dK 1dN 1dO 1dP 1dS 1dW 1eD 1eF 1eI 1eJ
1bJ 1bJ
1aY 1aY
1aJ 1aA 1aB 1aI 1aJ 1aM 1aQ 1aZ 1bC 1bK 1bL 1bQ 1bT 1bU 1bW 1bX 1cE 1cF 1cJ 1cU 1dV 1dZ 1eA 1eB 1eC 1eE
1aC 1aC
1aE 1aE
1aT 1aT
1aP 1aP
1bB 1bB
1bG 1bG
1bD 1bD
1bN 1bN
1bS 1bS
1cB 1cB
1cQ 1cQ
1cV 1cV
1cP 1cP
1dC 1dC
1dD 1dD
1cR 1cR
1dH 1dH
1dM 1dM
1dG 1dG
1dI 1dI
1dT 1dT
1dR 1dR
1dY 1dY
1eG 1eG
1eH 1eH
