153 83 127 79 50 40 96 89 86 90 7 126 180 178 16 20 56 77 95 19 192 5 36 13 23 15 41 137 163 197 37 160 2 98 122 93 156 195 60 161 136 167 47 70 120 170 194 99 128 187 68 43 172 88 119 140 134 49 21 184 196 177 135 112 34 145 53 26 131 108 52 138 124 169 118 182 58 113 0 11 168 12 129 61 3 28 74 179 16 171 13 8 57 150 57 153
91
153 153
83 83 152
127 127 146
79 29 79
50 50 81
40 40 188 42 147
96 96 35
89 89
86 86 4
90 90
7 7
126 126
180 180
178 178
16 16
20 20
56 56
77 77
95 95
19 19
192 192
5 5
36 36
13 13
23 23
15 15
41 41
137 137
163 163
197 197
37 37
160 160
2 2
98 98
122 122
93 93
156 156
195 195
60 60
161 161
136 136
167 167
47 47
70 70
120 120
170 170
194 194
99 99
128 128
187 187
68 68
43 43
172 172
88 88
119 119
140 140
134 134
49 49
21 21
184 184
196 196
177 177
135 135
112 112
34 34
145 145
53 53
26 26
131 131
108 108
52 52
138 138
124 124
169 169
118 118
182 182
58 58
113 113
0 0
11 11
168 168
12 12
129 129
61 61
3 3
28 28
74 74
179 179
171 171
8 8
150 150
