M2S9flVUcYP2sJdh8LXf L8bxdxuDa5issn2PiN3u pNXWB5geApaSjbsCCT4J dKH5OdpmJKCU83bbXVxZ LNMZej67uy0Whvqp5OR1 zD7ErBenXxsG4D9b5TEV 4bQwji0D4wyEDLd54MWv Eu0wGcDBBrgvePzHfqrS k7k4sHxeh1pR4sOjcVuj H59EihDjhfpS7ToXFM3L XmlH4l2BXG35TF70bZqZ NMTjl1jsvrb7y2ggdCSc cdaizmjQrCe5Vnwy3JQF oWxP87H6AXwFzF0dpB9d fmFrd4vggNac5TkiFJAd Pqf0Sn4UvsBLaxz7WO4n Z8MZ2JfftjeVVnGFSOQe v0QJIKD4q7sFXrzFSb6J 8KfYYXeMqM0D4nShLOzi Kfu1pc3YPMGebW7Iu8ex nbZglhhmYQAPQz4eETaj Bc6dudheE3WGLxP0iDdK dOKaHsIcDX32wPXAX2Gt zdtRVpQ9lVyEhNj9Evpp Z0DuoZMcx6oyDPWFznMK gZVNRDm5p6aX5QEEX8UG S8uMGvUglWyhnfV5Wzdp EtrZREkmL456viQQJ9Rb W4IxjYZtRN88GGSV9Uoc Jjat3uJ5XboI9kZe0522 yHMPX8vHctuUweyLluyz 5gumrx48u1yPpF6ivPOI jgcWqrcniA4q9WNs9xkc sH3pvLOfMUrEGUrmsHCu m1IYiQsUBuvvpTv7yWXO MtQDjkLToWj4d53MMhKG M2S9flVUcYP2sJdh8LXf
35
M2S9flVUcYP2sJdh8LXf M2S9flVUcYP2sJdh8LXf
L8bxdxuDa5issn2PiN3u tVhIJJgs0kEFaQx1hdWm vxiwkV1b5fV2sGCBFsRQ L8bxdxuDa5issn2PiN3u 93aDiM8K0XhtiVcCVKi2 yZPIHwySFuIdRJCMzjnz ECCnzlgsMEvTYjNwAlfM vodEvdIApqt0N3TZsbxN
pNXWB5geApaSjbsCCT4J pNXWB5geApaSjbsCCT4J
dKH5OdpmJKCU83bbXVxZ dKH5OdpmJKCU83bbXVxZ
LNMZej67uy0Whvqp5OR1 LNMZej67uy0Whvqp5OR1 9Jr76N4fnNot7SNYqBKG
zD7ErBenXxsG4D9b5TEV zD7ErBenXxsG4D9b5TEV 0uvEfLgT4s8ImTk9VWBt 48nWZMVqWDxfH9uMf2U3 PZrpdQAa8H8tkrajh08J
4bQwji0D4wyEDLd54MWv LxEzX08MG9T8knIYbul0 9GrchmlNCDIapQ9OnEYh Dt5YfbjQq6VoKnyw6Zav 4bQwji0D4wyEDLd54MWv
Eu0wGcDBBrgvePzHfqrS Eu0wGcDBBrgvePzHfqrS tUowOUG1V7iCXBCMR0AT
k7k4sHxeh1pR4sOjcVuj k7k4sHxeh1pR4sOjcVuj
H59EihDjhfpS7ToXFM3L H59EihDjhfpS7ToXFM3L
XmlH4l2BXG35TF70bZqZ XmlH4l2BXG35TF70bZqZ uy6RcQAYd3ATM1Icq3my
NMTjl1jsvrb7y2ggdCSc NMTjl1jsvrb7y2ggdCSc
cdaizmjQrCe5Vnwy3JQF cdaizmjQrCe5Vnwy3JQF
oWxP87H6AXwFzF0dpB9d oWxP87H6AXwFzF0dpB9d
fmFrd4vggNac5TkiFJAd fmFrd4vggNac5TkiFJAd
Pqf0Sn4UvsBLaxz7WO4n Pqf0Sn4UvsBLaxz7WO4n
Z8MZ2JfftjeVVnGFSOQe Z8MZ2JfftjeVVnGFSOQe
v0QJIKD4q7sFXrzFSb6J v0QJIKD4q7sFXrzFSb6J
8KfYYXeMqM0D4nShLOzi 8KfYYXeMqM0D4nShLOzi
Kfu1pc3YPMGebW7Iu8ex Kfu1pc3YPMGebW7Iu8ex
nbZglhhmYQAPQz4eETaj nbZglhhmYQAPQz4eETaj
Bc6dudheE3WGLxP0iDdK Bc6dudheE3WGLxP0iDdK
dOKaHsIcDX32wPXAX2Gt dOKaHsIcDX32wPXAX2Gt
zdtRVpQ9lVyEhNj9Evpp zdtRVpQ9lVyEhNj9Evpp
Z0DuoZMcx6oyDPWFznMK Z0DuoZMcx6oyDPWFznMK
gZVNRDm5p6aX5QEEX8UG gZVNRDm5p6aX5QEEX8UG
S8uMGvUglWyhnfV5Wzdp S8uMGvUglWyhnfV5Wzdp
EtrZREkmL456viQQJ9Rb EtrZREkmL456viQQJ9Rb
W4IxjYZtRN88GGSV9Uoc W4IxjYZtRN88GGSV9Uoc
Jjat3uJ5XboI9kZe0522 Jjat3uJ5XboI9kZe0522
yHMPX8vHctuUweyLluyz yHMPX8vHctuUweyLluyz
5gumrx48u1yPpF6ivPOI 5gumrx48u1yPpF6ivPOI
jgcWqrcniA4q9WNs9xkc jgcWqrcniA4q9WNs9xkc
sH3pvLOfMUrEGUrmsHCu sH3pvLOfMUrEGUrmsHCu
m1IYiQsUBuvvpTv7yWXO m1IYiQsUBuvvpTv7yWXO
