SaintPaul SanJose SanDiego Dallas LongBeach SanAntonio Austin ElPaso Houston Tampa Portland Toledo Durham Phoenix Columbus Phoenix Charlotte Lincoln SantaAna Pittsburgh Philadelphia SanFrancisco Lubbock StPetersburg Henderson Boise Nashville Minneapolis Bakersfield OklahomaCity Atlanta Oakland Wichita FortWorth Wichita Boston Wichita Baltimore Mesa Indianapolis SaintPaul Miami KansasCity Norfolk Denver JerseyCity Laredo Irving Anaheim Aurora FortWayne Anchorage Cleveland Honolulu Newark Scottsdale LosAngeles Plano Chandler Hialeah OklahomaCity Cincinnati Fresno Chesapeake Washington SanJose SaintPaul
43
SanJose SanJose Madison
SanDiego SanDiego
Dallas Dallas
LongBeach LongBeach
SanAntonio SanAntonio
Austin Austin
ElPaso ElPaso
Houston Houston Stockton
Tampa Tampa
Portland Lexington
Durham Memphis Durham WinstonSalem
Phoenix Phoenix
Columbus Columbus Milwaukee Glendale
Charlotte Charlotte
Lincoln Lincoln
SantaAna SantaAna
Pittsburgh Pittsburgh
Philadelphia Tucson Spokane
Lubbock Lubbock
StPetersburg StPetersburg
Henderson Henderson
Bakersfield Bakersfield
OklahomaCity OklahomaCity
Atlanta Atlanta
FortWorth FortWorth
Boston Raleigh
Baltimore Baltimore
Indianapolis Indianapolis
KansasCity NewOrleans
Denver Denver
JerseyCity JerseyCity
Laredo Laredo
Aurora Aurora
FortWayne FortWayne
Anchorage Anchorage
Honolulu Honolulu
Newark Newark
Scottsdale Scottsdale
Plano Plano
Chandler Chandler
Hialeah Hialeah
Cincinnati Cincinnati
Chesapeake Chesapeake
