Hernandezville Beckyshire Derekton Wallaceville Morenoside Wallaceville Derekton Beckyshire Ponceville Mcculloughchester Jonestown Kellyfort Jonestown Barbarachester Jonestown Mcculloughchester Crystalchester Smithmouth Crystalchester Mcculloughchester Ponceville Garymouth Camposstad Garymouth Christophertown Crystaltown Christophertown Garymouth Ponceville Bridgesville Riveramouth Martinton Riveramouth Bridgesville Esparzaberg Thomasburgh Sanchezland Thomasburgh Esparzaberg Kristinbury Esparzaberg Bridgesville Dennisstad Wilsonburgh Dennisstad Bridgesville Ponceville Beckyshire Hernandezville Joelview Downsville Joelview Mitchellchester Sheabury Mitchellchester Lopezmouth Heathermouth Lopezmouth Dixonton Keithton Dixonton Francesmouth Richardville Francesmouth Dixonton Lopezmouth Mitchellchester Joelview Farmerside Gabriellabury Courtneyfurt Contrerasland Courtneyfurt Gabriellabury Farmerside Ryanton Williamsmouth Ryanton Farmerside Ralphtown Stricklandbury Ralphtown Garciaport Charlesburgh Garciaport Ralphtown Farmerside Joelview Hernandezville
23
Derekton Belindamouth
Morenoside Johnport Amberfurt
Kellyfort Kellyfort Tinatown Pittsland
Barbarachester Barbarachester Jonesberg
Smithmouth Smithmouth Robertborough
Camposstad Donaldstad Williamsville Thomastown
Crystaltown Johnsontown Crystaltown
Riveramouth Bradshawside Wandaside
Martinton Martinton Brianland Deborahfort
Thomasburgh Johnsonmouth Thomasburgh
Sanchezland Sanchezland
Kristinbury Kristinbury Allenberg
Wilsonburgh Josephton Wilsonburgh Harristown
Downsville Tammychester Rebeccaton Haasville
Sheabury Huynhton
Heathermouth Emilymouth Lopezview Robertsfort
Keithton Andrewland Aprilstad Keithton
Richardville Richardville Francesmouth
Gabriellabury Hendersonchester Morrisbury
Contrerasland Contrerasland
Williamsmouth Adkinsfurt Johnstonmouth Mcdonaldmouth
Stricklandbury Tylermouth Deanstad
Charlesburgh Charlesburgh Angelaview
