0 96 6 18 64 71 66 60 81 35 93 40 86 3 79 65 58 39 25 67 28 24 7 32 1 17 50 78 34 74 87 82 83 37 59 47 49 43 98 70 53 68 2 88 94 27 46 61 84 72 48 5 8 11 12 36 77 80 57 91 97 75 63 45 92 16 85 23 30 29 13 10 22 14 52 41 90 73 55 19 56 89 69 31 38 9 42 15 76 33 4 99 54 62 20 0
95
0 0
96 96
6 6 44 51 95
18 18 21 26
64 64
71 71
66 66
60 60
81 81
35 35
93 93
40 40
86 86
3 3
79 79
65 65
58 58
39 39
25 25
67 67
28 28
24 24
7 7
32 32
1 1
17 17
50 50
78 78
34 34
74 74
87 87
82 82
83 83
37 37
59 59
47 47
49 49
43 43
98 98
70 70
53 53
68 68
2 2
88 88
94 94
27 27
46 46
61 61
84 84
72 72
48 48
5 5
8 8
11 11
12 12
36 36
77 77
80 80
57 57
91 91
97 97
75 75
63 63
45 45
92 92
16 16
85 85
23 23
30 30
29 29
13 13
10 10
22 22
14 14
52 52
41 41
90 90
73 73
55 55
19 19
56 56
89 89
69 69
31 31
38 38
9 9
42 42
15 15
76 76
33 33
4 4
99 99
54 54
62 62
20 20
