K EQ CE AW FU EU FP EL EV M BP EM AF ED GK AX BB BE R CJ EC EN BA BY FZ FO P CQ GG BI Z B GJ FI AM EH CK GL AJ AG FJ V DG BG CM Y DS DX CY AH BJ GR EA FV EG BQ L BO FM DI GF DK T BX G BR CW GO CF BF I FE AB DB FR FH CB X DR CT EJ FG EZ DZ DH DC FD EO GI U I EK K
90
EQ BL DP DV EQ FX GE
CE CE
AW AN AW FS GC GD
FU AS FU
EU EU
FP FP
EL EL
EV EV
M M
BP BP
EM EM
AF AF
ED ED
GK GK
AX AX
BB BB
BE BE
R R
CJ CJ
EC EC
EN EN
BA BA
BY BY
FZ FZ
FO FO
P P
CQ CQ
GG GG
BI BI
Z Z
B B
GJ GJ
FI FI
AM AM
EH EH
CK CK
GL GL
AJ AJ
AG AG
FJ FJ
V V
DG DG
BG BG
CM CM
Y Y
DS DS
DX DX
CY CY
AH AH
BJ BJ
GR GR
EA EA
FV FV
EG EG
BQ BQ
L L
BO BO
FM FM
DI DI
GF GF
DK DK
T T
BX BX
G G
BR BR
CW CW
GO GO
CF CF
BF BF
I I
FE FE
AB AB
DB DB
FR FR
FH FH
CB CB
X X
DR DR
CT CT
EJ EJ
FG FG
EZ EZ
DZ DZ
DH DH
DC DC
FD FD
EO EO
GI GI
U U
EK EK
