89 0 1 2 3 4 5 6 7 8 9 11 12 13 15 16 17 19 21 22 23 25 26 27 28 29 30 37 38 39 43 44 45 52 60 61 80 85 98 109 126 191 89
38
0 49 111 140
1 1
2 75
3 3 18 64 136
4 4 88 127
5 5 172
6 6 31 107
8 114 125
9 9 48 155
11 11 83
12 12 69 187
13 13 148
15 65 82 128 147
16 16
17 70 192
19 144 160 195
21 21 56 86 130 173 188 197
22 193
23 23
25 25 33 121
26 58 118 179
27 27 78 101 169
28 32
29 29
30 36 73 79 97 133 141 194
37 37
38 38 41 81 94 96 151
39 39 132 149 190
43 51 156 189
44 44 99
45 135
52 59 124
61 61 100 102 122 178 199
80 80
85 85 146
98 98
109 109 112 183
191 191
