start loc29 home100 loc29 home103 loc29 loc56 loc85 home105 loc85 home106 loc85 home109 loc85 loc56 loc29 start loc1 loc2 loc3 home166 loc3 home173 loc3 home174 loc3 loc4 loc5 loc6 loc7 loc8 loc9 loc10 loc11 loc12 loc13 loc14 loc50 loc20 home146 loc20 home149 loc20 home150 loc20 home152 loc20 home154 loc20 home155 loc20 loc50 loc26 loc27 loc28 loc55 home137 loc55 home138 loc55 home139 loc55 home141 loc55 loc28 loc27 loc26 loc50 loc77 loc76 loc75 loc74 home127 loc74 home130 loc74 loc73 loc72 loc71 loc70 loc69 loc68 loc99 loc98 loc97 loc96 loc95 loc94 loc93 loc92 loc91 loc90 loc89 loc88 loc87 loc86 loc85 loc56 loc29 start
29
start home180 home181 home182 home183 home184 home185 home186 home187
loc29 home101 home102 home192 home193 home194 home195
home100 home100 home188 home189 home190 home191
home103 home103 home196
loc85 home104 home107 home108 home110 home111 home112 home199
home105 home105 home197
home106 home106 home198
home109 home109
loc3 home167 home168 home169 home170 home171 home172 home175 home176 home177 home178 home179
home166 home166
home173 home173
home174 home174
loc11 home156 home157 home158 home159 home160 home161 home162 home163 home164 home165
loc50 home145 home147 home148 home151 home153
home146 home146
home149 home149
home150 home150
home152 home152
home154 home154
home155 home155
loc55 home135 home136 home140 home142 home143 home144
home137 home137
home138 home138
home139 home139
home141 home141
loc74 home124 home125 home126 home128 home129 home131 home132 home133 home134
home127 home127
home130 home130
loc94 home113 home114 home115 home116 home117 home118 home119 home120 home121 home122 home123
