FortCollins Eugene Fairfield Fayetteville Grayslake Henderson Arvada Irving Baltimore CapeCoral Evansville ElMonte Manchester Bellevue ElPaso Jefferson Elizabeth Joliet Brighton Lafayette Lakewood Fresno Houston Chicago CollegeStation Boise Erie LasCruces Knoxville Allentown Beaumont Frederick ColoradoSprings AnnArbor BoiseCity Amarillo Detroit Anaheim Lorain Aberdeen Hampton Fremont DavidsonCounty Akron Barnstable Hickory Bremerton DalyCity Berkeley Irvine Fargo Harlingen Cary Lubbock Harrisburg Austin Hollywood Louisville Gilbert Indianapolis Bradenton Independence Hemet Lacey FortWaltonBeach Abilene Inglewood Kennewick Layton Appleton Bethlehem LittleRock Anchorage Elkhart Kalamazoo Danbury Albuquerque Dallas Cleveland Alexandria Leominster Lancaster Chandler Brownsville Augusta AppleValley Fontana Garland Atlanta BonitaSprings GrandRapids Jacksonville CedarRapids Burbank Carrollton Bakersfield Albany Denver Albany Champaign FortCollins
98
FortCollins FortCollins
Eugene DesMoines Eugene
Fairfield Fairfield
Fayetteville Fayetteville
Grayslake Grayslake
Henderson Henderson Lakeland
Arvada Arvada
Irving Irving
Baltimore Baltimore
CapeCoral CapeCoral
Evansville Evansville
ElMonte ElMonte
Manchester Manchester
Bellevue Bellevue
ElPaso ElPaso
Jefferson Jefferson
Elizabeth Elizabeth
Joliet Joliet
Brighton Brighton
Lafayette Lafayette
Lakewood Lakewood
Fresno Fresno
Houston Houston
Chicago Chicago
CollegeStation CollegeStation
Boise Boise
Erie Erie
LasCruces LasCruces
Knoxville Knoxville
Allentown Allentown
Beaumont Beaumont
Frederick Frederick
ColoradoSprings ColoradoSprings
AnnArbor AnnArbor
BoiseCity BoiseCity
Amarillo Amarillo
Detroit Detroit
Anaheim Anaheim
Lorain Lorain
Aberdeen Aberdeen
Hampton Hampton
Fremont Fremont
DavidsonCounty DavidsonCounty
Akron Akron
Barnstable Barnstable
Hickory Hickory
Bremerton Bremerton
DalyCity DalyCity
Berkeley Berkeley
Irvine Irvine
Fargo Fargo
Harlingen Harlingen
Cary Cary
Lubbock Lubbock
Harrisburg Harrisburg
Austin Austin
Hollywood Hollywood
Louisville Louisville
Gilbert Gilbert
Indianapolis Indianapolis
Bradenton Bradenton
Independence Independence
Hemet Hemet
Lacey Lacey
FortWaltonBeach FortWaltonBeach
Abilene Abilene
Inglewood Inglewood
Kennewick Kennewick
Layton Layton
Appleton Appleton
Bethlehem Bethlehem
LittleRock LittleRock
Anchorage Anchorage
Elkhart Elkhart
Kalamazoo Kalamazoo
Danbury Danbury
Albuquerque Albuquerque
Dallas Dallas
Cleveland Cleveland
Alexandria Alexandria
Leominster Leominster
Lancaster Lancaster
Chandler Chandler
Brownsville Brownsville
Augusta Augusta
AppleValley AppleValley
Fontana Fontana
Garland Garland
Atlanta Atlanta
BonitaSprings BonitaSprings
GrandRapids GrandRapids
Jacksonville Jacksonville
CedarRapids CedarRapids
Burbank Burbank
Carrollton Carrollton
Bakersfield Bakersfield
Denver Denver
Champaign Champaign
