CorpusChristi Akron Alexandria Amarillo Albuquerque Anaheim AppleValley Arvada Augusta Austin Asheville Appleton Beaumont BoiseCity Bloomington Boulder BelAir Bridgeport BonitaSprings Brownsville Bryan Canton CapeCoral CathedralCity Bremerton Carrollton Chandler Charleston Champaign Chicago Cincinnati Chattanooga Clearwater ColoradoSprings Columbia Columbus DalyCity Dallas Danbury Davenport Denver Deltona Durham Downey ElMonte Denton ElPaso Elizabeth Elkhart Escondido CorpusChristi
50
CorpusChristi CorpusChristi
Akron Akron
Alexandria Alexandria
Amarillo Amarillo
Albuquerque Albuquerque
Anaheim Anaheim
AppleValley AppleValley
Arvada Arvada
Augusta Augusta
Austin Austin
Asheville Asheville
Appleton Appleton
Beaumont Beaumont
BoiseCity BoiseCity
Bloomington Bloomington
Boulder Boulder
BelAir BelAir
Bridgeport Bridgeport
BonitaSprings BonitaSprings
Brownsville Brownsville
Bryan Bryan
Canton Canton
CapeCoral CapeCoral
CathedralCity CathedralCity
Bremerton Bremerton
Carrollton Carrollton
Chandler Chandler
Charleston Charleston
Champaign Champaign
Chicago Chicago
Cincinnati Cincinnati
Chattanooga Chattanooga
Clearwater Clearwater
ColoradoSprings ColoradoSprings
Columbia Columbia
Columbus Columbus
DalyCity DalyCity
Dallas Dallas
Danbury Danbury
Davenport Davenport
Denver Denver
Deltona Deltona
Durham Durham
Downey Downey
ElMonte ElMonte
Denton Denton
ElPaso ElPaso
Elizabeth Elizabeth
Elkhart Elkhart
Escondido Escondido
