152 126 13 151 184 136 172 157 112 9 94 105 101 56 149 28 142 50 168 73 75 12 45 89 2 143 111 90 65 79 97 171 87 116 180 37 58 181 95 66 81 139 85 121 51 183 113 35 96 38 169 92 166 41 53 78 42 175 5 145 60 165 144 31 163 1 0 54 8 130 13 153 134 5 27 152
71
126 126
13 13
151 151
184 184
136 136 170
172 172 182
157 157
112 112
9 9
94 94
105 105
101 101
56 56
149 149
28 28
142 142
50 50
168 168
73 73
75 75
12 12
45 45
89 89
2 2
143 143
111 111
90 90
65 65
79 79
97 97
171 171
87 87
116 116
180 180
37 37
58 58
181 181
95 95
66 66
81 81
139 139
85 85
121 121
51 51
183 183
113 113
35 35
96 96
38 38
169 169
92 92
166 166
41 41
53 53
78 78
42 42
175 175
5 5
145 145
60 60
165 165
144 144
31 31
163 163
0 0
54 54
8 8
130 130
153 153
134 134
27 27
