0 2 6 14 29 59 120 59 29 14 30 61 123 61 30 62 30 14 6 13 28 57 28 58 117 58 28 13 27 56 27 55 27 13 6 2 5 12 25 12 26 53 108 53 26 54 26 12 5 11 24 49 24 50 101 50 24 11 23 47 95 47 96 194 96 47 23 48 98 48 97 196 97 48 23 11 5 2 0 1 3 8 17 35 71 35 72 35 17 36 73 36 74 36 17 8 18 37 18 38 18 8 3 7 16 33 68 33 16 34 16 7 15 31 63 31 64 31 15 32 66 133 66 32 65 32 15 7 3 1 4 10 21 43 87 175 87 43 21 44 89 44 90 44 21 10 22 45 91 45 92 45 22 46 94 46 93 46 22 10 4 9 19 40 81 164 81 40 19 39 79 39 80 39 19 9 20 41 83 168 83 41 84 170 84 41 20 42 86 173 86 42 85 172 85 42 20 9 4 1 0
59
29 119 121 122
120 120
61 124
123 123
62 125 126
57 115 116
58 118
117 117
56 113 114
55 111 112
25 103 104 105 106
53 107
108 108
54 109 110
49 100 199
50 102
101 101
95 191 192
96 193
194 194
98 197 198
97 195
196 196
71 143 144
72 145 146
73 147 148
74 149 150
37 151 152 153 154
38 155 156 157 158
33 135 136
68 137 138
34 139 140 141 142
63 127 128
64 129 130
66 134
133 133
65 131 132
21 177 178
87 176
175 175
89 179 180
90 181 182
91 183 184
92 185 186
94 189 190
93 187 188
40 165 166
81 163
164 164
79 159 160
80 161 162
41 169
83 167
168 168
170 170
86 174
173 173
85 171
172 172
