0 2 5 11 24 11 23 47 23 48 23 11 5 12 25 12 5 2 6 14 29 60 29 14 30 61 30 14 6 13 27 13 28 57 28 13 6 2 0 1 3 8 17 36 74 36 17 35 72 35 17 8 18 37 75 37 18 38 18 8 3 7 16 34 16 33 68 33 16 7 15 32 15 31 64 31 15 7 3 1 4 10 21 44 21 10 22 45 92 45 22 46 22 10 4 9 20 41 20 42 86 42 20 9 19 40 19 39 19 9 4 1 0
34
5 53 54
24 50 99
47 95 96
48 97 98
25 51 52
14 59 62
60 60
61 61
27 55 56
28 58
57 57
8 71
36 73
74 74
72 72
37 76
75 75
38 77 78
16 67
34 69 70
68 68
32 65 66
31 63
64 64
21 87 88
44 89 90
45 91
92 92
46 93 94
20 85
41 83 84
86 86
40 81 82
39 79 80
