1 96 71 35 71 96 1 4 2 98 83 87 91 97 0 95 94 72 86 22 45 44 16 80 78 76 89 88 24 67 75 81 49 34 49 38 57 61 79 77 66 58 60 82 63 90 68 81 62 69 81 49 52 49 56 49 59 49 70 49 81 67 24 88 89 76 78 80 16 85 51 47 48 99 45 27 29 39 40 18 73 30 23 28 31 50 32 26 41 19 36 37 65 12 8 13 14 33 20 11 9 17 21 25 10 3 5 3 10 25 21 17 9 11 20 33 14 13 8 12 65 37 36 19 41 26 32 50 31 28 23 30 73 18 40 39 29 27 45 22 86 72 94 95 0 97 91 87 83 98 2 4 1
41
35 15
91 94
45 42 45 46 54 64
44 44
16 16
80 80
78 78
76 76
89 89
88 88
24 24 67
75 75
81 81
49 49 53 55 74
34 34
38 38
57 57
61 61
79 79
77 77
66 66
58 58
60 60
82 82
63 63
90 90
68 68
62 62
69 69
52 52
56 56
59 59
70 70
85 85
51 51
47 47
48 48
99 99
26 36
9 20
5 6 7
