55 65 73 2 60 63 4 34 15 99 46 54 83 70 7 81 58 110 93 6 12 106 96 98 16 85 45 39 9 31 25 104 36 103 18 20 13 37 72 41 67 48 32 57 42 108 71 21 89 27 92 11 49 62 77 102 107 35 94 69 100 3 87 80 90 51 112 23 55
68
55 55
65 29 44 61 65 75 79
73 52 73
2 2
60 60
63 63
4 4
34 34
15 15
99 99
46 46
54 54
83 83
70 70
7 7
81 81
58 58
110 110
93 93
6 6
12 12
106 106
96 96
98 98
16 16
85 85
45 45
39 39
9 9
31 31
25 25
104 104
36 36
103 103
18 18
20 20
13 13
37 37
72 72
41 41
67 67
48 48
32 32
57 57
42 42
108 108
71 71
21 21
89 89
27 27
92 92
11 11
49 49
62 62
77 77
102 102
107 107
35 35
94 94
69 69
100 100
3 3
87 87
80 80
90 90
51 51
112 112
23 23
