9c2647cde6e44cc385c8 bb5eae787bbc407b98a6 e74a97c92dba4d8ea2d5 09b94d1b44c348ceadb9 53afa325a7d34c438292 404713e80e9740c9b7cd 910d00572d9d42cebb4a 54de46f8d4f647d1baa7 cd51464f29fe4984870b eff3a759e4134e70a252 e0d1e21ff6cc4d64aff7 5215b0f0bd724c5cb095 d4f8d48cee014966a5b7 9b9da0cbe5514fabb1ae 1c62a698c79e460eb5ff babcd00b2c484c36bc48 85ec82d3a96e4436a5a2 e87b98454fe24297b210 fa1e4bc6ddcc462f984f 19f204e30ad4442cb966 d484483c58914446843f c947a496d2b34bb89bb9 884e85a591684c7ebc61 bbd144150de64860b03c 33edfebd58804049be59 76432c67ac2d44b384c1 dee15252c0e54b84beaf 9b93a8a7d0b543339985 b42e69fcc93540ff9100 a22afbff48914ac888a0 44c8674ccef1477b965f 529d899e8f2545bfbc5a e6237b02869349c2bcc8 b47b7b94e7d74f398b8f 5a3b69fa8cfb4982a27c ec162ad32a614344923a f47cbc59a0584307a0f1 f74897e94729433fa22f a581f1b5cd374bd0ba96 af0a537d56ff42a99a0a 7e0770b0df094f329117 d5bccd7804014eca8c6c 205f1eddbda0478aada6 df9c93ed7a63447389dd 12a170c171ef44d4b662 8e02573f1324425c9311 ca0b4771edab4289a9de 42f0effdbad6403aad72 df9fcc997b4f4a18b94a 0753fe21061c4e058dad d8316f23d67e43ccb5e7 664988394a5f48d79e79 2783e022fae94929bf16 5b7e4d089e434c6a9293 cfa4f7b46ab548c1a67a 3574209d67b74478ae2e c15cfb41ef824fd2a1c0 211ddbbf614a47428f13 e5d122afc38c45dea5ae e5a9ca3b130945588284 4c8b2bb0f24f4375a715 d8780223b4744b5b91e5 a0f6a505c8184e86afc9 dbfc82377b8f4429bc5e ef84408a20334d7d9940 87788962cd304b248baf ce2f0e6b8eb94a748c7d 242983dadb1f4402a4a9 c7ef0821b71641f390ee 74bfaa171ba342fc9e58 26a1d084007f489fba55 b3a599b5126842e1bf24 06635824d9b841f7b41e 8a66a2d4fdf74f2e9b0e 5fd6476364e640bea476 c69875060dcb453ead1a 9a6fd45cb4d44509bce9 fab56f22f8684dd18893 e3726a85ffc34b1282cf 849492e2a4f04946a2c6 bd01ba7047cb4d04a847 e05275dbed2540ddb1d0 934f0cae8959401e9aa3 00dd89601f03490d8809 2b0e5d986b0a4f1cb926 1a4c9d2bea59474aa118 42e3ccb6ddd54a0aa3cb b96177c96ab740b3965b b927c43e198546078ea6 5dc9f852f2454533879f 0a53d934f24848f9bda3 0f214fa889a6406e8826 b3931f6d1087486cb913 7a1df78f40b245bfbb97 a2e35f0c3c9143c68a9e fc38d8b64f88401c97fd 5b3dce289f444b0aa162 884523a7277b40f4972f 2bcf7711ba8b49129f0c 9c2647cde6e44cc385c8
97
bb5eae787bbc407b98a6 bb5eae787bbc407b98a6
e74a97c92dba4d8ea2d5 8fb88a81c320403c8940 e74a97c92dba4d8ea2d5 82654fedf62042cb92dc
09b94d1b44c348ceadb9 09b94d1b44c348ceadb9
53afa325a7d34c438292 53afa325a7d34c438292
404713e80e9740c9b7cd 2bcf7711ba8b49129f0c 404713e80e9740c9b7cd
910d00572d9d42cebb4a 910d00572d9d42cebb4a
54de46f8d4f647d1baa7 54de46f8d4f647d1baa7
cd51464f29fe4984870b cd51464f29fe4984870b
eff3a759e4134e70a252 eff3a759e4134e70a252
e0d1e21ff6cc4d64aff7 e0d1e21ff6cc4d64aff7
5215b0f0bd724c5cb095 5215b0f0bd724c5cb095
d4f8d48cee014966a5b7 d4f8d48cee014966a5b7
9b9da0cbe5514fabb1ae 9b9da0cbe5514fabb1ae
1c62a698c79e460eb5ff 1c62a698c79e460eb5ff
babcd00b2c484c36bc48 babcd00b2c484c36bc48
85ec82d3a96e4436a5a2 85ec82d3a96e4436a5a2
e87b98454fe24297b210 e87b98454fe24297b210
fa1e4bc6ddcc462f984f fa1e4bc6ddcc462f984f
19f204e30ad4442cb966 19f204e30ad4442cb966
d484483c58914446843f d484483c58914446843f
c947a496d2b34bb89bb9 c947a496d2b34bb89bb9
884e85a591684c7ebc61 884e85a591684c7ebc61
bbd144150de64860b03c bbd144150de64860b03c
33edfebd58804049be59 33edfebd58804049be59
76432c67ac2d44b384c1 76432c67ac2d44b384c1
dee15252c0e54b84beaf dee15252c0e54b84beaf
9b93a8a7d0b543339985 9b93a8a7d0b543339985
b42e69fcc93540ff9100 b42e69fcc93540ff9100
a22afbff48914ac888a0 a22afbff48914ac888a0
44c8674ccef1477b965f 44c8674ccef1477b965f
529d899e8f2545bfbc5a 529d899e8f2545bfbc5a
e6237b02869349c2bcc8 e6237b02869349c2bcc8
b47b7b94e7d74f398b8f b47b7b94e7d74f398b8f
5a3b69fa8cfb4982a27c 5a3b69fa8cfb4982a27c
ec162ad32a614344923a ec162ad32a614344923a
f47cbc59a0584307a0f1 f47cbc59a0584307a0f1
f74897e94729433fa22f f74897e94729433fa22f
a581f1b5cd374bd0ba96 a581f1b5cd374bd0ba96
af0a537d56ff42a99a0a af0a537d56ff42a99a0a
7e0770b0df094f329117 7e0770b0df094f329117
d5bccd7804014eca8c6c d5bccd7804014eca8c6c
205f1eddbda0478aada6 205f1eddbda0478aada6
df9c93ed7a63447389dd df9c93ed7a63447389dd
12a170c171ef44d4b662 12a170c171ef44d4b662
8e02573f1324425c9311 8e02573f1324425c9311
ca0b4771edab4289a9de ca0b4771edab4289a9de
42f0effdbad6403aad72 42f0effdbad6403aad72
df9fcc997b4f4a18b94a df9fcc997b4f4a18b94a
0753fe21061c4e058dad 0753fe21061c4e058dad
d8316f23d67e43ccb5e7 d8316f23d67e43ccb5e7
664988394a5f48d79e79 664988394a5f48d79e79
2783e022fae94929bf16 2783e022fae94929bf16
5b7e4d089e434c6a9293 5b7e4d089e434c6a9293
cfa4f7b46ab548c1a67a cfa4f7b46ab548c1a67a
3574209d67b74478ae2e 3574209d67b74478ae2e
c15cfb41ef824fd2a1c0 c15cfb41ef824fd2a1c0
211ddbbf614a47428f13 211ddbbf614a47428f13
e5d122afc38c45dea5ae e5d122afc38c45dea5ae
e5a9ca3b130945588284 e5a9ca3b130945588284
4c8b2bb0f24f4375a715 4c8b2bb0f24f4375a715
d8780223b4744b5b91e5 d8780223b4744b5b91e5
a0f6a505c8184e86afc9 a0f6a505c8184e86afc9
dbfc82377b8f4429bc5e dbfc82377b8f4429bc5e
ef84408a20334d7d9940 ef84408a20334d7d9940
87788962cd304b248baf 87788962cd304b248baf
ce2f0e6b8eb94a748c7d ce2f0e6b8eb94a748c7d
242983dadb1f4402a4a9 242983dadb1f4402a4a9
c7ef0821b71641f390ee c7ef0821b71641f390ee
74bfaa171ba342fc9e58 74bfaa171ba342fc9e58
26a1d084007f489fba55 26a1d084007f489fba55
b3a599b5126842e1bf24 b3a599b5126842e1bf24
06635824d9b841f7b41e 06635824d9b841f7b41e
8a66a2d4fdf74f2e9b0e 8a66a2d4fdf74f2e9b0e
5fd6476364e640bea476 5fd6476364e640bea476
c69875060dcb453ead1a c69875060dcb453ead1a
9a6fd45cb4d44509bce9 9a6fd45cb4d44509bce9
fab56f22f8684dd18893 fab56f22f8684dd18893
e3726a85ffc34b1282cf e3726a85ffc34b1282cf
849492e2a4f04946a2c6 849492e2a4f04946a2c6
bd01ba7047cb4d04a847 bd01ba7047cb4d04a847
e05275dbed2540ddb1d0 e05275dbed2540ddb1d0
934f0cae8959401e9aa3 934f0cae8959401e9aa3
00dd89601f03490d8809 00dd89601f03490d8809
2b0e5d986b0a4f1cb926 2b0e5d986b0a4f1cb926
1a4c9d2bea59474aa118 1a4c9d2bea59474aa118
42e3ccb6ddd54a0aa3cb 42e3ccb6ddd54a0aa3cb
b96177c96ab740b3965b b96177c96ab740b3965b
b927c43e198546078ea6 b927c43e198546078ea6
5dc9f852f2454533879f 5dc9f852f2454533879f
0a53d934f24848f9bda3 0a53d934f24848f9bda3
0f214fa889a6406e8826 0f214fa889a6406e8826
b3931f6d1087486cb913 b3931f6d1087486cb913
7a1df78f40b245bfbb97 7a1df78f40b245bfbb97
a2e35f0c3c9143c68a9e a2e35f0c3c9143c68a9e
fc38d8b64f88401c97fd fc38d8b64f88401c97fd
5b3dce289f444b0aa162 5b3dce289f444b0aa162
884523a7277b40f4972f 884523a7277b40f4972f
