Soda 50 55 56 55 50 51 52 53 64 53 52 51 58 59 58 51 50 Soda a b c d e e0 e f g h i i0 i j k l k j j0 j i h h1 h g f f1 f e d d1 d c b b0 b a Soda 66 67 68 90 91 92 93 94 93 92 91 90 68 95 96 97 96 95 68 67 80 81 82 81 80 67 85 86 87 88 89 88 87 86 85 67 66 70 71 72 71 70 66 Soda
30
Soda a0 a1 y 77 79
50 54 57
55 55
56 56
52 60 61 62
53 63
64 64 65
58 58
59 59
c b1 c0 c1
e d0 e1 f0
e0 e0
g g0 g1 h0
i i1
i0 i0
k j1 k0 k1
l l0 l1
j0 j0
h1 h1
f1 f1
d1 d1
b0 b0
68 69
92 92
94 94
97 97 99
82 82 84
87 87
89 89
72 72 74
