Soda 20 93 37 79 8 14 62 16 57 66 84 15 33 22 26 31 35 91 49 86 89 71 43 13 24 74 58 19 53 50 65 51 78 60 94 41 95 38 64 80 5 101 40 47 28 4 99 12 82 32 85 83 2 88 45 23 54 87 68 75 29 81 73 61 52 21 90 92 17 69 59 96 56 7 72 25 18 3 98 55 9 77 34 63 100 39 44 70 27 36 42 30 67 46 10 6 11 48 97 2 76 3 Soda
100
20 20
93 93
37 37
79 79
8 8
14 14
62 62
16 16
57 57
66 66
84 84
15 15
33 33
22 22
26 26
31 31
35 35
91 91
49 49
86 86
89 89
71 71
43 43
13 13
24 24
74 74
58 58
19 19
53 53
50 50
65 65
51 51
78 78
60 60
94 94
41 41
95 95
38 38
64 64
80 80
5 5
101 101
40 40
47 47
28 28
4 4
99 99
12 12
82 82
32 32
85 85
83 83
2 2
88 88
45 45
23 23
54 54
87 87
68 68
75 75
29 29
81 81
73 73
61 61
52 52
21 21
90 90
92 92
17 17
69 69
59 59
96 96
56 56
7 7
72 72
25 25
18 18
3 3
98 98
55 55
9 9
77 77
34 34
63 63
100 100
39 39
44 44
70 70
27 27
36 36
42 42
30 30
67 67
46 46
10 10
6 6
11 11
48 48
97 97
76 76
