Wurster Barrows Class Simon Hilgard Annapolis Hesse Visitor Alabama Montgomery Tennessee Kleeberger Goldman Moses Recreational California Moffitt Blackwell Indianapolis Salem Brain Massachusetts Honolulu Maxwell Optometry Raleigh Juneau Warren Pennsylvania Gayley Baton Parking Vermont McLaughlin Frank Pitzer Oregon Stanley Kentucky Chan Alumni Sutardja Idaho Sather Silver Wurster
42
Wurster Wurster
Barrows Barrows Spieker Observatory
Class Class
Simon Simon
Hilgard Hilgard
Hesse Hesse
Visitor Visitor
Alabama Alabama Boston
Montgomery Montgomery
Tennessee Tennessee Nevada
Kleeberger Kleeberger
Goldman Goldman
Moses Moses
Recreational Recreational
California California
Moffitt Moffitt
Blackwell Blackwell
Indianapolis Indianapolis
Salem Salem
Brain Brain
Massachusetts Massachusetts
Honolulu Honolulu
Maxwell Maxwell
Optometry Optometry
Raleigh Raleigh
Juneau Juneau
Warren Anthony Gilman
Pennsylvania Pennsylvania
Gayley North
Baton Hazardous
Parking Parking
Vermont Vermont Simpson
McLaughlin McLaughlin
Frank Frank
Pitzer Pitzer Cory
Oregon Oregon
Stanley Stanley
Chan Chan
Sutardja Sutardja Florida
Idaho Idaho
Sather Sather
Silver Silver
