LeonieHill PasirPanjang2 Victoria YioChuKang Townsville NorthCoast FarrerPark Sentosa Boulevard KallangWay SungeiRoad Novena Yishun PunggolTownCentre Sennett NeeSoon Shipyard Springleaf JurongWestCentral Ridout Guilin DefuIndustrialPark OrangeGrove SingaporePolytechnic KampongGlam SembawangSprings MonksHill TuasBay ChoaChuKangCentral Tyersall Woodgrove SerangoonGarden Phillip Trafalgar ConeyIsland AirportRoad Semakau PeoplesPark TanglinHalt SungeiKadut ClementiCentral TampinesWest GreenwoodPark Kranji MandaiWest BukitBatokCentral Outram BishanEast AnchorvaleBuangkok YioChuKang LoyangEast LeonieHill
48
PasirPanjang2 PasirPanjang2
Victoria Victoria ChangiWest YuhuaWestBoonLay
YioChuKang YioChuKang
Townsville Townsville
NorthCoast NorthCoast
FarrerPark FarrerPark
Sentosa Sentosa
Boulevard Boulevard
KallangWay KallangWay
SungeiRoad SungeiRoad
Novena Novena
Yishun Yishun
PunggolTownCentre PunggolTownCentre
Sennett Sennett
NeeSoon NeeSoon
Shipyard Shipyard
Springleaf Springleaf
JurongWestCentral JurongWestCentral
Ridout Ridout
Guilin Guilin
DefuIndustrialPark DefuIndustrialPark
OrangeGrove OrangeGrove
SingaporePolytechnic SingaporePolytechnic
KampongGlam KampongGlam
SembawangSprings SembawangSprings
MonksHill MonksHill
TuasBay TuasBay
ChoaChuKangCentral ChoaChuKangCentral
Tyersall Tyersall
Woodgrove Woodgrove
SerangoonGarden SerangoonGarden
Phillip Phillip
Trafalgar Trafalgar
ConeyIsland ConeyIsland
AirportRoad AirportRoad
Semakau Semakau
TanglinHalt TanglinHalt
SungeiKadut SungeiKadut
ClementiCentral ClementiCentral
TampinesWest TampinesWest
GreenwoodPark GreenwoodPark
Kranji Kranji
MandaiWest MandaiWest
BukitBatokCentral BukitBatokCentral
Outram Outram
BishanEast BishanEast
AnchorvaleBuangkok AnchorvaleBuangkok
LoyangEast LoyangEast
