YuhuaEast IstanaNegara Sentosa BedokNorth SerangoonCentral Geylang SungeiKadut BayfrontSubzone Port PearlsHill PeiChun Northland BedokSouth Punggol YioChuKang OneNorth SembawangHills MandaiEast Moulmein TuasBay BoonLayPlace PeoplesPark EastCoast InstitutionHill BoatQuay Paterson JurongWestCentral TagoreSindo Kembangan WaterwayEast SimpangNorth PunggolField LowerSeletar Matilda ClementiNorth JooSengPayaLebar JurongPort SerangoonNorth KeatHong LittleIndia DairyFarm AngMoKioTownCentre SerangoonGarden TuasPromenade KebunBahru PasirRisDrive TuasNorthPioneer Khatib HongKah BukitBatokSouth PulauPunggolTimor KentRidge Aljunied ChinaSquare Sembawang Chatsworth PasirRisPark Shipyard ChoaChuKang Tampines Mountbatten Sennett OneTreeHill PayaLebarEast OrangeGrove CityHall DhobyGhaut Museum Serangoon ChangiWest SingaporeRiver BukitBatokWest ReservoirView DefuIndustrialPark PasirRis SembawangStraits TohGuan TiongBahru RochorCanal Tanglin SouthernIslands WoodlandsWest Saujana Brickworks GeylangEast TampinesNorth AlexandraNorth UluPandan YioChuKangEast SungeiRoad Commonwealth UpperThomson ChangiPoint BenoiSector HongKahNorth EvertonPark Cairnhill Mandai Geylang PangSua BedokNorth HougangCentral YuhuaEast
98
IstanaNegara Trafalgar IstanaNegara
Sentosa Sentosa TelokBlangahRise
BedokNorth BedokNorth
SerangoonCentral SerangoonCentral
Geylang Geylang
SungeiKadut SungeiKadut
BayfrontSubzone BayfrontSubzone
Port Port
PearlsHill PearlsHill
PeiChun PeiChun
Northland Northland
BedokSouth BedokSouth
Punggol Punggol
YioChuKang YioChuKang
OneNorth OneNorth
SembawangHills SembawangHills
MandaiEast MandaiEast
Moulmein Moulmein
TuasBay TuasBay
BoonLayPlace BoonLayPlace
PeoplesPark PeoplesPark
EastCoast EastCoast
InstitutionHill InstitutionHill
BoatQuay BoatQuay
Paterson Paterson
JurongWestCentral JurongWestCentral
TagoreSindo TagoreSindo
Kembangan Kembangan
WaterwayEast WaterwayEast
SimpangNorth SimpangNorth
PunggolField PunggolField
LowerSeletar LowerSeletar
Matilda Matilda
ClementiNorth ClementiNorth
JooSengPayaLebar JooSengPayaLebar
JurongPort JurongPort
SerangoonNorth SerangoonNorth
KeatHong KeatHong
DairyFarm DairyFarm
AngMoKioTownCentre AngMoKioTownCentre
SerangoonGarden SerangoonGarden
TuasPromenade TuasPromenade
KebunBahru KebunBahru
PasirRisDrive PasirRisDrive
TuasNorthPioneer TuasNorthPioneer
Khatib Khatib
HongKah HongKah
BukitBatokSouth BukitBatokSouth
PulauPunggolTimor PulauPunggolTimor
KentRidge KentRidge
Aljunied Aljunied
ChinaSquare ChinaSquare
Sembawang Sembawang
Chatsworth Chatsworth
PasirRisPark PasirRisPark
Shipyard Shipyard
ChoaChuKang ChoaChuKang
Tampines Tampines
Mountbatten Mountbatten
Sennett Sennett
OneTreeHill OneTreeHill
PayaLebarEast PayaLebarEast
OrangeGrove OrangeGrove
CityHall CityHall
DhobyGhaut DhobyGhaut
Museum Museum
Serangoon Serangoon
ChangiWest ChangiWest
SingaporeRiver SingaporeRiver
BukitBatokWest BukitBatokWest
ReservoirView ReservoirView
DefuIndustrialPark DefuIndustrialPark
PasirRis PasirRis
SembawangStraits SembawangStraits
TohGuan TohGuan
TiongBahru TiongBahru
RochorCanal RochorCanal
Tanglin Tanglin
SouthernIslands SouthernIslands
WoodlandsWest WoodlandsWest
Saujana Saujana
Brickworks Brickworks
GeylangEast GeylangEast
TampinesNorth TampinesNorth
AlexandraNorth AlexandraNorth
UluPandan UluPandan
YioChuKangEast YioChuKangEast
SungeiRoad SungeiRoad
Commonwealth Commonwealth
UpperThomson UpperThomson
ChangiPoint ChangiPoint
BenoiSector BenoiSector
HongKahNorth HongKahNorth
EvertonPark EvertonPark
Cairnhill Cairnhill
Mandai Mandai
PangSua PangSua
HougangCentral HougangCentral
