Qwilfish Tropius Shellos Vullaby Jumpluff Steenee Metang Slurpuff Inkay Vespiquen Weezing Plusle Wailord Tauros Swadloon Munna Skorupi Skiddo Phanpy Lotad Drapion Taillow Paras Zekrom Weepinbell Escavalier Woobat Stufful Whismur Bounsweet Yungoos Magnemite Comfey Lumineon Kakuna Treecko Seaking Bastiodon Shellder Xerneas Wartortle Honedge Noibat Metapod Sandile Meloetta Scatterbug Terrakion Politoed Tornadus Gengar Drampa Froakie Dewpider Slowbro Simisear Noibat Magmar Volcarona Vullaby Porygon2 Crawdaunt Amoonguss Zekrom Conkeldurr Stufful Whismur Nincada Shellos Tsareena Scatterbug Tropius Qwilfish
64
Qwilfish Qwilfish
Tropius Tropius
Shellos Shellos
Vullaby Vullaby
Jumpluff Jumpluff
Steenee Steenee
Metang Metang
Slurpuff Slurpuff
Inkay Inkay
Vespiquen Vespiquen
Weezing Weezing
Plusle Plusle
Wailord Wailord
Tauros Tauros
Swadloon Swadloon
Munna Munna
Skorupi Skorupi
Skiddo Skiddo
Phanpy Phanpy
Lotad Lotad
Drapion Drapion
Taillow Taillow
Paras Paras
Zekrom Zekrom
Weepinbell Weepinbell
Escavalier Escavalier
Woobat Woobat
Stufful Stufful
Whismur Whismur
Bounsweet Bounsweet
Yungoos Yungoos
Magnemite Magnemite
Comfey Comfey
Lumineon Lumineon
Kakuna Kakuna
Treecko Treecko
Seaking Seaking
Bastiodon Bastiodon
Shellder Shellder
Xerneas Xerneas
Wartortle Wartortle
Honedge Honedge
Noibat Noibat
Metapod Metapod
Sandile Sandile
Meloetta Meloetta
Scatterbug Scatterbug
Terrakion Terrakion
Politoed Politoed
Tornadus Tornadus
Gengar Gengar
Drampa Drampa
Froakie Froakie
Dewpider Dewpider
Slowbro Slowbro
Simisear Simisear
Magmar Magmar
Volcarona Volcarona
Porygon2 Porygon2
Crawdaunt Crawdaunt
Amoonguss Amoonguss
Conkeldurr Conkeldurr
Nincada Nincada
Tsareena Tsareena
