Qwilfish Drampa Shellos Magmar Noibat Simisear Sandile Meloetta Porygon2 Vullaby Drapion Lotad Metang Slurpuff Inkay Metapod Gengar Munna Skorupi Skiddo Noibat Nincada Whismur Bounsweet Froakie Magnemite Amoonguss Crawdaunt Scatterbug Taillow Wartortle Steenee Volcarona Vullaby Jumpluff Stufful Woobat Escavalier Weezing Honedge Kakuna Tauros Swadloon Magnemite Comfey Nincada Seaking Treecko Seaking Bastiodon Shellder Vespiquen Wartortle Zekrom Weepinbell Zekrom Wailord Plusle Jumpluff Vullaby Drapion Tropius Qwilfish
50
Qwilfish Qwilfish
Drampa Drampa
Shellos Shellos
Magmar Magmar
Noibat Noibat
Simisear Simisear
Sandile Sandile
Meloetta Meloetta
Porygon2 Porygon2
Vullaby Vullaby
Drapion Drapion
Lotad Lotad
Metang Metang
Slurpuff Slurpuff
Inkay Inkay
Metapod Metapod
Gengar Gengar
Munna Munna
Skorupi Skorupi
Skiddo Skiddo
Nincada Nincada
Whismur Whismur
Bounsweet Bounsweet
Froakie Froakie
Magnemite Magnemite
Amoonguss Amoonguss
Crawdaunt Crawdaunt
Scatterbug Scatterbug
Taillow Taillow
Steenee Steenee
Volcarona Volcarona
Jumpluff Jumpluff
Stufful Stufful
Woobat Woobat
Escavalier Escavalier
Weezing Weezing
Honedge Honedge
Kakuna Kakuna
Tauros Tauros
Swadloon Swadloon
Comfey Comfey
Seaking Seaking
Treecko Treecko
Bastiodon Bastiodon
Shellder Shellder
Vespiquen Vespiquen
Zekrom Conkeldurr
Weepinbell Weepinbell
Wailord Wailord
Plusle Plusle
