Monroe Mesa Bridgeport Chesapeake Cambridge Kissimmee Layton Charleston Anaheim Huntsville Mesquite Abilene Rapids Seven Hickory Fairfield Davidson Dayton Antioch Erie Lakeland Allentown Aberdeen Boulder Huntington Elkhart Daytona Laredo Baltimore Corpus Lafayette Asheville Merced Akron Viejo Clarke Hialeah Apple Detroit Lewisville Arlington Cleveland Carrollton Jacksonville Kailua Gainesville Manchester Fayetteville Monterey Athens Brownsville Hampton Burlington Baton Havre Miami Glendale Hartford Lowell Lacey Canton Killeen Anchorage Dallas Bedford Hagerstown Leominster Naples Bethlehem Three Lancaster Johnson Bradenton Montgomery Albany Austin Hayward Prairie Clarksville Ten Hesperia Irving Kennewick Julian Modesto Cary Amarillo Denton Mobile Birmingham Melbourne Denver Greensboro Elizabeth Boise Gilbert Danbury Muskegon Hagerstown Kenosha Monroe
98
Monroe Monroe
Mesa Mesa
Bridgeport Bridgeport
Chesapeake Four Chesapeake Vista
Cambridge Cambridge
Kissimmee Kissimmee
Layton Layton
Charleston Charleston
Anaheim Anaheim
Huntsville Huntsville
Mesquite Mesquite
Abilene Abilene
Rapids Rapids
Seven Seven
Hickory Hickory
Fairfield Fairfield
Davidson Davidson
Dayton Dayton
Antioch Antioch
Erie Erie
Lakeland Lakeland
Allentown Allentown
Aberdeen Aberdeen
Boulder Boulder
Huntington Huntington
Elkhart Elkhart
Daytona Daytona
Laredo Laredo
Baltimore Baltimore
Corpus Corpus
Lafayette Lafayette
Asheville Asheville
Merced Merced
Akron Akron
Viejo Viejo
Clarke Clarke
Hialeah Hialeah
Apple Apple
Detroit Detroit
Lewisville Lewisville
Arlington Arlington
Cleveland Cleveland
Carrollton Carrollton
Jacksonville Jacksonville
Kailua Kailua
Gainesville Gainesville
Manchester Manchester
Fayetteville Fayetteville
Monterey Monterey
Athens Athens
Brownsville Brownsville
Hampton Hampton
Burlington Burlington
Baton Baton
Havre Havre
Miami Miami
Glendale Glendale
Hartford Hartford
Lowell Lowell
Lacey Lacey
Canton Canton
Killeen Killeen
Anchorage Anchorage
Dallas Dallas
Bedford Bedford
Hagerstown Hagerstown
Leominster Leominster
Naples Naples
Bethlehem Bethlehem
Three Three
Lancaster Lancaster
Johnson Johnson
Bradenton Bradenton
Montgomery Montgomery
Albany Albany
Austin Austin
Hayward Hayward
Prairie Prairie
Clarksville Clarksville
Ten Ten
Hesperia Hesperia
Irving Irving
Kennewick Kennewick
Julian Julian
Modesto Modesto
Cary Cary
Amarillo Amarillo
Denton Denton
Mobile Mobile
Birmingham Birmingham
Melbourne Melbourne
Denver Denver
Greensboro Greensboro
Elizabeth Elizabeth
Boise Boise
Gilbert Gilbert
Muskegon Muskegon
Kenosha Kenosha
