Fizz Slark Ryze Singed Karma KhaZix Morphling Omniknight Brewmaster ShadowDemon Vi Kassadin Rumble Yorick Jinx Nidalee Zilean Zed Nasus Rengar Venomancer Jayce CentaurWarrunner Puck Oracle VelKoz Ekko Bane Kled Sniper Beastmaster Quinn Magnus Slardar Azir Heimerdinger Huskar Kennen Pantheon Gragas Rubick Vladimir Viktor Techies Trundle Sven Janna WinterWyvern TahmKench Talon Terrorblade Ziggs Thresh BountyHunter Kayn Sona DeathProphet Visage Leona Xayah LoneDruid Amumu SpiritBreaker Annie Cassiopeia Katarina Tristana Tiny FacelessVoid Fiddlesticks ShadowFiend Weaver Timbersaw Mirana ShadowShaman StormSpirit TrollWarlord Lucian Chen JarvanIV Orianna Irelia Medusa LeBlanc Syndra NightStalker Warlock Nunu Undying Fizz
89
Fizz Fizz
Slark Slark
Ryze Ryze
Singed Singed
Karma Karma
KhaZix KhaZix
Morphling Morphling
Omniknight Omniknight
Brewmaster Brewmaster
ShadowDemon ShadowDemon
Vi Vi
Kassadin Kassadin
Rumble Rumble
Yorick Yorick
Jinx Jinx
Nidalee Nidalee
Zilean Zilean
Zed Zed
Nasus Nasus
Rengar Rengar
Venomancer Venomancer
Jayce Jayce
CentaurWarrunner CentaurWarrunner
Puck Puck
Oracle Oracle
VelKoz VelKoz
Ekko Ekko
Bane Bane
Kled Kled
Sniper Sniper
Beastmaster Beastmaster
Quinn Quinn
Magnus Magnus
Slardar Slardar
Azir Azir
Heimerdinger Heimerdinger
Huskar Huskar
Kennen Kennen
Pantheon Pantheon
Gragas Gragas
Rubick Rubick
Vladimir Vladimir
Viktor Viktor
Techies Techies
Trundle Trundle
Sven Sven
Janna Janna
WinterWyvern WinterWyvern
TahmKench TahmKench
Talon Talon
Terrorblade Terrorblade
Ziggs Ziggs
Thresh Thresh
BountyHunter BountyHunter
Kayn Kayn
Sona Sona
DeathProphet DeathProphet
Visage Visage
Leona Leona
Xayah Xayah
LoneDruid LoneDruid
Amumu Amumu
SpiritBreaker SpiritBreaker
Annie Annie
Cassiopeia Cassiopeia
Katarina Katarina
Tristana Tristana
Tiny Tiny
FacelessVoid FacelessVoid
Fiddlesticks Fiddlesticks
ShadowFiend ShadowFiend
Weaver Weaver
Timbersaw Timbersaw
Mirana Mirana
ShadowShaman ShadowShaman
StormSpirit StormSpirit
TrollWarlord TrollWarlord
Lucian Lucian
Chen Chen
JarvanIV JarvanIV
Orianna Orianna
Irelia Irelia
Medusa Medusa
LeBlanc LeBlanc
Syndra Syndra
NightStalker NightStalker
Warlock Warlock
Nunu Nunu
Undying Undying
