Pantheon MasterYi Tailyah Morgana Ahri Galio Phoenix Ezreal Spectre KogMaw Jayce OutworldDevourer TrollWarlord Oracle Jax Shyvana Akali Malphite Anivia Bristleback Skarner Bard SpiritBreaker Slark Lich CrystalMaiden ArcWarden Kled Ashe Magnus Maokai Nunu BountyHunter Rumble Jinx Xerath CentaurWarrunner Disruptor Tiny Heimerdinger ChaosKnight Jhin Draven Ziggs WraithKing Talon NightStalker LoneDruid Pantheon
46
MasterYi MasterYi Lucian Lux
Tailyah Tailyah
Morgana Morgana
Ahri Ahri
Galio Galio
Phoenix Phoenix
Ezreal Ezreal
Spectre Spectre
KogMaw KogMaw
Jayce Jayce
TrollWarlord TrollWarlord
Oracle Oracle
Jax Jax
Shyvana Shyvana
Akali Akali
Malphite Malphite
Anivia Anivia
Bristleback Bristleback
Skarner Skarner
Bard Bard
SpiritBreaker SpiritBreaker
Slark Slark
Lich Lich
CrystalMaiden CrystalMaiden
ArcWarden ArcWarden
Kled Kled
Ashe Ashe
Magnus Magnus
Maokai Maokai
Nunu Nunu
BountyHunter BountyHunter
Rumble Rumble
Jinx Jinx
Xerath Xerath
CentaurWarrunner CentaurWarrunner
Disruptor Disruptor
Tiny Tiny
Heimerdinger Heimerdinger
ChaosKnight ChaosKnight
Jhin Jhin
Draven Draven
Ziggs Ziggs
WraithKing WraithKing
Talon Talon
NightStalker NightStalker
LoneDruid LoneDruid
