0 1 0 2 3 4 5 4 3 2 0 7 8 9 10 11 12 13 14 15 16 99 79 81 41 33 30 28 26 28 27 77 27 28 30 31 40 31 14 47 46 91 43 44 90 92 49 48 49 50 93 89 94 88 80 99 83 82 87 84 37 39 35 29 34 38 75 95 96 97 98 83 99 86 42 45 47 14 17 18 19 20 19 18 17 14 13 12 73 69 65 61 60 51 57 59 63 67 72 10 11 71 68 64 60 61 65 70 65 69 73 12 11 10 9 24 23 0 7 8 74 66 62 58 56 52 55 54 53 54 55 52 56 58 62 66 74 8 7 0
78
0 0 21 22
1 1
2 2
3 3
4 4
5 5 6
7 7 25
8 8 74
9 9 24
10 10 72
11 11
12 12 73
13 13
14 14 17
15 15 76
16 16
99 78 85 99
79 79
81 81
41 41
33 33 36
30 30 32
28 28 29
26 26
27 27
77 77
31 31
40 40
47 47
46 46
43 43 80 91
44 44 90
49 49 92
48 48
50 50
93 93
89 89
94 94
88 88
83 83
82 82
87 87
84 84
37 37
39 39
35 35
34 34
38 38
75 75 95
96 96
97 97
98 98
86 86
42 42 45
18 18
19 19
20 20
69 69
65 65
61 61
60 60
51 51
57 57
59 59
63 63
67 67
71 71
68 68
64 64
70 70
23 23
66 66
62 62
58 58
52 52 56
55 55
54 54
53 53
