0 4 5 7 8 9 10 11 12 13 15 16 18 19 20 22 23 24 25 26 28 29 30 31 32 33 34 35 36 39 40 42 43 45 46 47 49 51 52 55 56 62 64 65 66 67 68 69 73 75 76 77 78 80 81 82 83 84 85 86 89 93 94 95 96 97 98 101 104 105 108 109 110 111 113 114 117 118 119 120 122 123 125 127 128 131 132 133 134 135 137 138 141 142 143 145 146 148 0
95
0 0 70
4 4
5 5
7 7
8 8
9 9
10 10
11 11
12 12 60
13 13
15 15
16 16
18 18
19 19 27
22 22
23 23
24 24
25 25
26 26
28 28
29 29
30 30
31 31
32 32
33 33
34 34
35 35
36 36 44
39 39
40 40
42 42
43 43
45 45 53
47 47
49 49
51 51
55 55
56 56
62 62
64 64
65 65
66 66
67 67
68 68
69 69
73 73
75 75
76 76
77 77
78 78
80 80
81 81
82 82
83 83
84 84
85 85
86 86
89 89
93 93
94 94
95 95
96 96
97 97
98 98
101 101
104 104
105 105
108 108
109 109
110 110
111 111
113 113
114 114
117 117
118 118
119 119
120 120
122 122
123 123
125 125
127 127
128 128
131 131
132 132
133 133
134 134
135 135
137 137
138 138
141 141
142 142
143 143
145 145
146 146
148 148
