187 152 63 111 33 82 133 191 175 163 173 119 181 13 109 142 90 110 117 148 6 30 165 132 69 41 157 23 162 150 9 128 54 190 169 80 12 107 146 78 2 120 153 161 67 55 183 93 176 134 184 48 95 94 164 92 136 72 36 140 171 53 8 89 18 52 180 15 160 172 97 114 87 65 47 127 68 58 71 108 39 126 196 83 73 70 79 199 32 45 154 3 124 86 156 59 29 131 7 166 42 44 187
100
152 152
63 63
111 111
33 33
82 82
133 133
191 191
175 175
163 163
173 173
119 119
181 181
13 13
109 109
142 142
90 90
110 110
117 117
148 148
6 6
30 30
165 165
132 132
69 69
41 41
157 157
23 23
162 162
150 150
9 9
128 128
54 54
190 190
169 169
80 80
12 12
107 107
146 146
78 78
2 2
120 120
153 153
161 161
67 67
55 55
183 183
93 93
176 176
134 134
184 184
48 48
95 95
94 94
164 164
92 92
136 136
72 72
36 36
140 140
171 171
53 53
8 8
89 89
18 18
52 52
180 180
15 15
160 160
172 172
97 97
114 114
87 87
65 65
47 47
127 127
68 68
58 58
71 71
108 108
39 39
126 126
196 196
83 83
73 73
70 70
79 79
199 199
32 32
45 45
154 154
124 124
86 86
156 156
59 59
29 29
131 131
7 7
166 166
42 42
44 44
