c5 a0 a1 a2 a4 a6 a7 a8 b1 b3 b5 b7 c3 c4 c8 d4 d5 d6 e0 e1 e4 e5 f3 f5 f6 g0 g1 g3 g6 g7 g8 g9 h0 h1 h3 h4 h5 h6 i1 i4 i5 j2 j3 j5 j6 j7 k9 l0 l1 l3 l4 l6 l8 m0 m4 m7 n0 n3 n4 n6 o2 o4 o5 o6 o7 o8 p0 p9 q0 q3 q5 q8 r1 r2 r4 r7 r9 s2 s3 s4 t0 t1 t2 t7 t8 t9 c5
84
a0 a0 e2 f2 g4 g5 h2 i0 k1 k6 o0 p7 q1 s1 s7 s9 t5 t6
a1 a1
a4 a4
a6 a6
a7 a7
a8 a8
b1 b1
b3 b3
b5 b5
b7 b7
c3 c3
c4 c4
c8 c8
d4 d4
d5 d5
d6 d6
e0 e0
e1 e1
e4 e4
e5 e5
f3 f3
f5 f5
f6 f6
g0 g0
g1 g1
g3 g3
g6 g6
g7 g7
g8 g8
g9 g9
h0 h0
h1 h1
h3 h3
h4 h4
h5 h5
h6 h6
i1 i1
i4 i4
i5 i5
j2 j2
j3 j3
j5 j5
j6 j6
j7 j7
k9 k9
l0 l0
l1 l1
l3 l3
l4 l4
l6 l6
l8 l8
m0 m0
m4 m4
m7 m7
n0 n0
n3 n3
n4 n4
n6 n6
o2 o2
o4 o4
o5 o5
o6 o6
o7 o7
o8 o8
p0 p0
p9 p9
q0 q0
q3 q3
q5 q5
q8 q8
r1 r1
r2 r2
r4 r4
r7 r7
r9 r9
s2 s2
s3 s3
s4 s4
t0 t0
t1 t1
t2 t2
t7 t7
t8 t8
t9 t9
