Liam Isaiah Joseph Jaxson Michael Jaxson Alexander Oliver Aiden William Jacob Chase John Sawyer Benjamin Henry Anthony David Sebastian Carter Samuel Gavin Luke Noah Owen Dylan Thomas James Thomas Ezra Mason Jaxson Logan Christian Eli Wyatt Eli Lucas Eli Jackson Eli Andrew Cooper Matthew Ian Robert Daniel Isaiah Liam
27
Liam Liam
Joseph Joseph
Michael Michael
Alexander Elijah Alexander
Oliver Oliver
Aiden Aiden
William William
Jacob Jacob
John John
Benjamin Benjamin
Henry Henry
David David
Sebastian Sebastian
Carter Carter
Samuel Samuel
Luke Luke
Noah Noah
Owen Owen
Dylan Dylan
James James
Mason Mason Jayden
Logan Logan Ethan
Wyatt Wyatt
Lucas Lucas
Jackson Jackson
Matthew Matthew
Daniel Daniel
