LOC16 LOC18 LOC73 LOC90 LOC20 LOC82 LOC26 LOC23 LOC56 LOC12 LOC17 LOC47 LOC37 LOC59 LOC53 LOC89 LOC57 LOC70 LOC36 LOC22 LOC45 LOC79 LOC43 LOC29 LOC96 LOC99 LOC62 LOC28 LOC25 LOC4 LOC85 LOC61 LOC12 LOC50 LOC46 LOC97 LOC0 LOC16
34
LOC18 LOC15 LOC18 LOC33
LOC73 LOC31 LOC73 LOC78 LOC95
LOC90 LOC90
LOC20 LOC9 LOC20 LOC81 LOC98
LOC82 LOC52 LOC82
LOC26 LOC3 LOC26
LOC23 LOC23
LOC56 LOC56
LOC12 LOC12
LOC17 LOC17
LOC47 LOC47
LOC37 LOC37
LOC59 LOC59
LOC53 LOC53
LOC89 LOC89
LOC57 LOC57
LOC70 LOC70
LOC36 LOC36
LOC22 LOC22
LOC45 LOC45
LOC79 LOC79
LOC43 LOC43
LOC29 LOC29
LOC96 LOC96
LOC99 LOC99
LOC62 LOC62
LOC28 LOC28
LOC25 LOC25
LOC4 LOC4
LOC85 LOC85
LOC61 LOC61
LOC50 LOC50
LOC46 LOC46
LOC97 LOC97
