zero one two three ten eleven twelve five six seven fourteen eight fifteen sixteen seventeen sixteen twentythree twentyfour twentyfive twentysix twentyseven twenty twentyseven thirtyfour thirtythree thirtyfour thirtyfive twentynine thirty thirtyseven thirtyeight fortyfive fortyfour fortythree fortynine fortyeight fiftyfive fiftyfour fiftythree fiftytwo fiftyone fiftyeight fiftyseven sixtyfour seventy sixtynine sixtyeight sixtyseven sixty fiftynine sixtysix sixtyfive seventytwo seventyone seventyseven eightyfour seventyeight seventynine eighty eightyseven ninetyfour onehunone onehuneight onehunnine onehunten onehuneleven onehuneighteen onehunseventeen onehunsixteen onehuntwentythree onehuntwentyfour onehuntwentyfive onehuntwentysix onehunnineteen onehunthirteen onehunsix ninetynine ninetytwo ninetyeight ninetyone eightyfour eightythree eightytwo seventyfive seventyfour eightyone eightyeight ninetyfive onehuntwo onehunnine onehunsixteen onehuntwentythree onehunthirty onehuntwentynine onehuntwentyeight onehuntwentyone onehuntwenty onehuntwentyseven onehuntwentyeight onehunthirtyfive onehunthirtyfour onehunforty onehunthirtynine onehunfortysix onehunfortyfive onehunfortyfour onehunfortythree onehunfifty onehunfortynine onehunfortyeight onehunfiftyfour onehunsixtyone onehunsixty onehunfiftynine onehunsixtysix onehunsixtyfive onehunsixtyfour onehunfiftyseven onehunfiftysix onehunsixtythree onehunseventy onehunsixtynine onehunseventyfive onehunseventyfour onehunseventythree onehuneighty onehuneightyone onehuneightytwo onehunseventysix onehunseventyseven onehunseventyeight onehunseventyone onehunseventy onehunseventyseven onehuneightyfour onehunninetyone onehunninety onehunninetyone onehunninetytwo onehunninetythree onehunninetyfour onehuneightyseven onehuneighty onehunseventythree onehunsixtysix onehunfiftynine onehunfiftytwo onehunfortyfive onehunthirtyeight onehunthirtyone onehuntwentyfour onehunseventeen onehunten onehunthree ninetysix eightynine eightytwo seventyfive sixtyeight sixtyone fiftyfour fortyseven forty thirtythree twentysix nineteen twelve five zero
100
one one
two two
three three
ten ten
eleven eleven
twelve twelve
six six
seven seven
fourteen fourteen
fifteen fifteen
sixteen sixteen
seventeen seventeen
twentythree twentythree
twentyfive twentyfive
twentysix twentysix
twentyseven twentyseven
twenty twenty
thirtyfour thirtyfour
thirtythree thirtythree
twentynine twentynine
thirtyseven thirtyseven
thirtyeight thirtyeight
fortyfive fortyfive
fortyfour fortyfour
fortythree fortythree
fortynine fortynine
fiftyfive fiftyfive
fiftythree fiftythree
fiftytwo fiftytwo
fiftyeight fiftyeight
fiftyseven fiftyseven
sixtyfour sixtyfour
seventy seventy
sixtynine sixtynine
sixtyseven sixtyseven
sixty sixty
sixtysix sixtysix
seventytwo seventytwo
seventyone seventyone
seventyseven seventyseven
eightyfour eightyfour
seventyeight seventyeight
seventynine seventynine
eightyseven eightyseven
onehunone onehunone
onehuneight onehuneight
onehunten onehunten
onehuneleven onehuneleven
onehuneighteen onehuneighteen
onehunseventeen onehunseventeen
onehunsixteen onehunsixteen
onehuntwentythree onehuntwentythree
onehuntwentyfour onehuntwentyfour
onehuntwentysix onehuntwentysix
onehunnineteen onehunnineteen
onehunthirteen onehunthirteen
ninetynine ninetynine
ninetyeight ninetyeight
eightythree eightythree
eightytwo eightytwo
seventyfive seventyfive
onehunthirty onehunthirty
onehuntwentyeight onehuntwentyeight
onehuntwentyone onehuntwentyone
onehuntwentyseven onehuntwentyseven
onehunthirtyfive onehunthirtyfive
onehunforty onehunforty
onehunfortysix onehunfortysix
onehunfortyfive onehunfortyfive
onehunfortyfour onehunfortyfour
onehunfortythree onehunfortythree
onehunfifty onehunfifty
onehunfortynine onehunfortynine
onehunfiftyfour onehunfiftyfour
onehunsixtyone onehunsixtyone
onehunsixty onehunsixty
onehunfiftynine onehunfiftynine
onehunsixtysix onehunsixtysix
onehunsixtyfive onehunsixtyfive
onehunsixtyfour onehunsixtyfour
onehunfiftyseven onehunfiftyseven
onehunsixtythree onehunsixtythree
onehunseventy onehunseventy
onehunsixtynine onehunsixtynine
onehunseventyfive onehunseventyfive
onehunseventyfour onehunseventyfour
onehunseventythree onehunseventythree
onehuneighty onehuneighty
onehuneightyone onehuneightyone
onehuneightytwo onehuneightytwo
onehunseventysix onehunseventysix
onehunseventyeight onehunseventyeight
onehunseventyone onehunseventyone
onehuneightyfour onehuneightyfour
onehunninetyone onehunninetyone
onehunninety onehunninety
onehunninetytwo onehunninetytwo
onehunninetythree onehunninetythree
onehunninetyfour onehunninetyfour
onehuneightyseven onehuneightyseven
