zero one zero three ten seventeen twentyfour thirtyone thirtytwo thirtythree thirtyfour twentyseven twenty thirteen six five zero one eight fifteen twentytwo twentynine thirtysix thirtyseven fortyfour fortythree fifty fiftyseven sixtyfour seventyone seventyeight eightyfive seventyeight seventynine eighty eightyone seventyfour seventyfive sixtyeight sixtyseven sixtysix fiftynine fiftytwo fortyfive fortysix fortyseven fortyeight fortyone thirtyfour twentyseven twenty thirteen six zero
23
zero two four six
three three
ten ten
twentyfour twentyfour twentyfive
thirtyone thirty
thirtyfour twentynine thirtythree thirtyfour thirtyfive
twentyseven twentytwo
thirteen twelve fourteen
five five
fifteen fifteen twenty
thirtysix thirtysix thirtyseven thirtynine
fortyfour fortyfour fortyfive
fifty fifty fiftyone fiftythree fiftyfive
fiftyseven fiftyseven sixty sixtyone sixtytwo
sixtyfour sixtyfive seventy
seventyone seventyone seventyseven
seventyeight seventyeight seventynine eightyfour
eightyfive eightyseven eightyeight eightynine ninetyfive
eightyone eightyone eightytwo
seventyfive seventyfive
sixtyeight sixtyeight
sixtysix sixtysix sixtyseven
fortyeight fortyseven fortyeight
