0 44 29 27 12 8 47 67 5 60 21 74 79 76 24 41 77 50 93 97 25 94 19 4 37 78 33 84 69 13 39 83 96 45 192 95 56 73 51 135 31 36 26 30 63 98 22 91 82 70 53 15 64 92 46 17 2 66 42 65 59 89 62 55 16 49 18 81 88 10 57 72 54 52 75 38 58 34 90 28 23 43 48 86 71 85 6 32 99 3 14 68 9 1 61 7 87 27 40 0
96
0 0
44 44
29 29 20
27 27
12 12
8 80 35 8
47 47
67 67
5 5
60 60
21 21
74 74
79 79
76 76
24 24
41 41
77 77 11
50 50
93 93
97 97
25 25
94 94
19 19
4 4
37 37
78 78
33 33
84 84
69 69
13 13
39 39
83 83
96 96
45 45
95 95
56 56
73 73
51 51
31 31
36 36
26 26
30 30
63 63
98 98
22 22
91 91
82 82
70 70
53 53
15 15
64 64
92 92
46 46
17 17
2 2
66 66
42 42
65 65
59 59
89 89
62 62
55 55
16 16
49 49
18 18
81 81
88 88
10 10
57 57
72 72
54 54
52 52
75 75
38 38
58 58
34 34
90 90
28 28
23 23
43 43
48 48
86 86
71 71
85 85
6 6
32 32
99 99
3 3
14 14
68 68
9 9
1 1
61 61
7 7
87 87
40 40
