F1E81B 124C90 D4A75D CEAC59 490F1E 7E1C6C FFEEBD C4303B 596CF6 8417C8 8B6C2F 0F5860 66048A 36590B 61199E 1F842B 17779E 770D1A 013940 230A7C 4B3F8A 305D33 E3C2C9 8015E0 29D5D7 2FEDFB 4A28BA AEFF96 7E78F3 C3B3E7 BB4908 8BFCAC E51A66 2924CB F33196 E5E6C0 3B4B53 D1967A 851F90 B7F75A DE6899 AE4A01 6B340B 6D51F4 2BF7B5 E81014 8F17C0 396D53 14994D 4B97F1 36C862 8EBF8A 293D59 4CAD30 5C7062 C9AF85 9096DB 239994 573788 813B05 5F4E43 2CCB19 8B519F B69F55 0CBC31 8F495E DCE144 06C557 C3EF62 EB719D 14B430 E80628 D1AE72 4099A6 85D6DB 63361A 783751 1E1095 FFFD4B 6CAF46 A1F104 CC9C14 6E313C 685D1A 1D21D3 20EAE7 94A561 77A0B5 D337F2 47FACD 17BB75 7829D7 98C2CE 52C88C 2595F1 28F6D1 93EBE3 D6CC7A B47658 4A5708 825EC5 151BC9 825EC5 CDC6D4 5BB557 5D0E2E 6966D7 AE4A01 F1E81B
92
F1E81B F1E81B
124C90 124C90
D4A75D D4A75D
CEAC59 CEAC59 90451D
490F1E 490F1E
7E1C6C 7E1C6C
FFEEBD 614224 FFEEBD
C4303B C4303B
596CF6 596CF6
8417C8 8417C8
8B6C2F 8B6C2F
0F5860 0F5860 BB40E6
66048A 66048A
36590B 36590B
61199E 61199E
1F842B 1F842B
17779E 17779E 86493E
770D1A 770D1A
230A7C 230A7C
305D33 305D33
E3C2C9 E3C2C9 59843B
8015E0 8015E0
29D5D7 29D5D7
2FEDFB 2FEDFB
4A28BA 4A28BA
AEFF96 AEFF96
7E78F3 7E78F3
C3B3E7 C3B3E7
BB4908 BB4908 C18C9B
8BFCAC 8BFCAC
E51A66 E51A66
F33196 F33196
E5E6C0 E5E6C0
3B4B53 3B4B53
D1967A D1967A
851F90 851F90
B7F75A B7F75A
DE6899 DE6899
AE4A01 AE4A01
6B340B 6B340B
6D51F4 6D51F4
2BF7B5 2BF7B5
E81014 E81014
8F17C0 8F17C0
396D53 396D53
14994D 14994D
4B97F1 4B97F1
36C862 36C862
8EBF8A 8EBF8A
293D59 293D59
4CAD30 4CAD30
5C7062 5C7062
C9AF85 C9AF85
9096DB 9096DB
239994 239994
573788 573788
813B05 813B05
5F4E43 6B622D 5F4E43
2CCB19 2CCB19
8B519F 8B519F
B69F55 B69F55
0CBC31 0CBC31
8F495E 8F495E
DCE144 DCE144
C3EF62 C3EF62
14B430 14B430
E80628 E80628
4099A6 4099A6
85D6DB 85D6DB
63361A 63361A
783751 783751
1E1095 1E1095
FFFD4B FFFD4B
A1F104 A1F104
CC9C14 CC9C14
6E313C 6E313C
685D1A 685D1A
20EAE7 20EAE7 ABD8FE
94A561 94A561
77A0B5 77A0B5
D337F2 D337F2
47FACD 47FACD
7829D7 7829D7
52C88C 52C88C
28F6D1 28F6D1
93EBE3 93EBE3
D6CC7A D6CC7A
B47658 B47658
4A5708 4A5708
151BC9 151BC9
5BB557 5BB557
6966D7 6966D7
