188645 48C2D5 DF9F85 44716B FF8D45 784F83 FA567E 35F60D AFF8D1 E09D29 C98FE7 D7CAF9 CB09C0 8D0852 37F745 539A92 6D778A 800641 E0E349 A7E9D9 DBDC9A DD2694 D04F40 628AB2 B3243F 9B0EC2 29B2A4 724A76 0D7DE7 E954F7 D5356A 3ADA02 143B88 07D80A AE6906 0A5C0E 0FBCDC 70146D 9B9BDD 3C7AA2 FD1783 994F93 0801CC D443EB 673B36 7E18E9 61EDA9 EF4D57 DDF3EB 1276AF B3243F A5CCB5 318BA7 D01E6B 7BF2B5 0FB66D 19FFAB C0766C 188645
43
188645 188645
48C2D5 48C2D5
DF9F85 4FBDE1
44716B 44716B 467AB7 500783
FF8D45 FF8D45
784F83 784F83
35F60D 3B1041 2C101C
AFF8D1 AFF8D1
E09D29 E09D29
C98FE7 C98FE7
D7CAF9 D7CAF9
CB09C0 CB09C0
8D0852 AA8E14 8D0852
37F745 37F745 B833F0
539A92 539A92
6D778A 6D778A
800641 800641
A7E9D9 A7E9D9 B7B073
DBDC9A DBDC9A 94D700
DD2694 DD2694
D04F40 D04F40
628AB2 628AB2
B3243F 84EBFF
9B0EC2 9B0EC2
29B2A4 29B2A4
724A76 724A76
E954F7 E954F7
D5356A D5356A
3ADA02 3ADA02
07D80A 07D80A
0A5C0E 0A5C0E
0FBCDC 0FBCDC
9B9BDD 9B9BDD
FD1783 FD1783
994F93 994F93
D443EB D443EB
7E18E9 7E18E9
EF4D57 EF4D57
1276AF 1276AF
A5CCB5 A5CCB5
D01E6B D01E6B
0FB66D 0FB66D
19FFAB 19FFAB
