maintenance future reputation description selection beer sign church volume chest career war obligation cause philosophy role day difficulty depression photo version contract bread rate inspection movie income wife price theory property feature complaint marketing salad resolution action context account driver sister woman average population focus example competition style object rock fact maintenance
49
maintenance maintenance
future future
reputation reputation
description description
selection selection
beer beer
sign sign economy
church church
volume volume
chest chest
career career
war war
obligation obligation
cause cause
philosophy philosophy
role role
day day
difficulty difficulty
depression depression
photo photo
version version
contract contract
bread bread
rate rate
inspection inspection
movie movie
income income
wife wife
price price
property property
feature feature
complaint complaint
marketing marketing
salad salad
resolution resolution
action action
context context
account account
driver driver
sister sister
woman woman
average average
population population
focus focus
example example
competition competition
style style
object object
rock rock
