context interaction construction wood bit store anxiety departure aspect teaching care attempt fat state ability soil bread farmer bedroom thanks currency satisfaction reality while car context
24
context context
interaction interaction
construction construction road
wood wood
bit bit
store store
anxiety anxiety
departure departure
aspect aspect
teaching teaching
care care
attempt attempt
fat fat
state state
ability ability
soil soil
bread bread
farmer farmer
bedroom bedroom
thanks thanks
currency currency
satisfaction satisfaction
reality reality
while while
