S J P Q G AD F BU AC AX N AE AW CQ E AT O AY Z V CS AB AJ CT AI X BK D BW B BH K BA A AF I BO I BX A AK A CK A CF A AQ A BL K CL K AO A AZ A CE A BQ A AG A BI A AP A CN A BR S
52
S S
J C H I J M T U Y AA AN AS AU AV BB BE BG BJ BM BP BS BV CB CJ CP CR CV
P P
Q L Q AR BT
G G W AH AM BC BD BF CA CD CU
AD AD
F F R AL BY CC CM
BU BU
AC AC
AX AX
N N
AE AE
AW AW BN BZ CH CI CO CW
CQ CQ
E E
AT AT
O O
AY AY
Z Z
V V
CS CS
AB AB
AJ AJ
CT CT
AI AI
X X
BK BK
D D
BW BW
B B
BH BH
K K
BA BA
A A
AF AF
BO BO
BX BX
AK AK
CK CK
CF CF
AQ AQ
BL BL
CL CL
AO AO
AZ AZ
CE CE
BQ BQ
AG AG
BI BI
AP AP
CN CN
BR BR
