a1 a5 a4 a5 a6 a22 a38 a54 a70 a118 a134 a166 a182 a193 a14 a13 a9 a13 a12 a16 a17 a18 a19 a20 a24 a25 a29 a28 a27 a91 a43 a75 a107 a123 a124 a125 a121 a120 a116 a115 a114 a113 a112 a108 a109 a105 a104 a100 a99 a193 a30 a193 a35 a36 a37 a33 a37 a36 a40 a41 a45 a46 a47 a48 a49 a50 a51 a52 a56 a57 a61 a60 a61 a62 a193 a67 a66 a65 a69 a68 a72 a73 a77 a78 a193 a94 a93 a89 a88 a84 a85 a81 a82 a83 a193 a126 a193 a142 a141 a137 a136 a132 a133 a129 a128 a124 a123 a155 a139 a140 a144 a145 a146 a147 a148 a152 a153 a157 a158 a193 a163 a164 a165 a161 a165 a164 a168 a169 a170 a171 a172 a173 a174 a193 a190 a189 a185 a184 a180 a181 a177 a178 a179 a193 a187 a188 a187 a91 a92 a96 a97 a101 a102 a6 a5 a1
76
a1 a1
a4 a3 a4
a6 a6 a86 a102 a110 a150
a22 a22
a38 a38
a54 a54
a70 a70
a118 a118
a134 a134
a166 a166
a182 a182
a14 a14
a9 a9
a12 a11 a12
a17 a17
a18 a19
a20 a20
a25 a25
a28 a28
a91 a27 a59 a91 a92 a139 a171 a187
a43 a43 a44
a75 a75 a76
a107 a107 a108
a123 a123
a124 a124
a121 a121
a116 a116
a114 a115
a112 a113
a105 a105
a100 a100
a99 a99
a30 a30
a35 a35
a36 a36
a33 a33
a41 a41
a46 a46
a48 a49
a50 a51
a52 a52
a57 a57
a60 a60
a62 a62
a67 a67 a68
a65 a65
a72 a73
a78 a78
a94 a94
a89 a89
a84 a83 a84
a81 a81
a126 a126
a142 a142
a137 a137
a132 a131 a132
a129 a129
a155 a155 a156
a140 a140
a146 a145 a147
a148 a148
a153 a153
a158 a158
a163 a163
a164 a164
a161 a161
a169 a169
a172 a172
a174 a174
a190 a190
a185 a185
a180 a180
a177 a177
a178 a179
a188 a188
a97 a97
