a1 a2 a3 a4 a5 a6 a22 a38 a54 a70 a86 a97 a14 a13 a9 a10 a11 a12 a16 a17 a18 a19 a20 a24 a25 a26 a27 a28 a29 a30 a97 a35 a34 a33 a37 a36 a40 a41 a42 a43 a44 a45 a46 a97 a51 a52 a53 a49 a53 a52 a56 a57 a58 a59 a60 a61 a62 a97 a78 a77 a73 a72 a68 a69 a65 a66 a67 a97 a83 a84 a85 a81 a80 a76 a75 a91 a92 a93 a89 a93 a94 a95 a96 a1
44
a1 a1
a3 a3
a4 a4
a6 a6
a22 a22
a38 a38
a54 a54
a70 a70
a86 a86
a14 a14
a9 a9
a10 a11
a12 a12
a17 a17
a18 a19
a20 a20
a25 a25
a27 a27 a59 a75
a28 a28
a30 a30
a35 a35 a36
a33 a33
a41 a41
a43 a43
a44 a44
a46 a46
a51 a51
a52 a52
a49 a49
a57 a57
a60 a60
a62 a62
a78 a78
a73 a73
a68 a67 a68
a65 a65
a83 a83
a84 a84
a81 a81
a76 a76
a91 a91
a92 a92
a89 a89
a94 a94
