Wheeler Dwinelle LeConte Campbell Haviland Memorial McLaughlin Memorial Minor Haas Minor Maxwell MemorialStadium Maxwell Minor Stonefire Koshland RSF Koshland Stonefire RareTea Baker CZ Fiji CZ Baker McCone BigC McCone CKerr McCone BigC Pavilion Simons Koja LaNote Simons Pavilion BigC Bongo NorthGate Ippuku WayWest Pimentel WayWest Warren Hearst Davis Hildebrand GenPlantBio Cheit Soda Sather Martinez Sather Barker Sather Unit3 Sather Soda Moffitt VLSB Etcheverry Latimer Stanley Latimer Evans Morrison Greek Cory Jacobs Cory Greek Lewis Kroeber Wurster Kroeber Hertz Morrison Evans Wheeler Sproul Wheeler
26
Dwinelle Dwinelle
Campbell Birge
McLaughlin Moses IHouse McLaughlin
Haas Haas Stonefire
MemorialStadium Hargrove
RSF RSF
CZ Baker
Fiji Fiji
BigC PeoplePark
CKerr CKerr
Koja Legends TriDelta
LaNote Unit2
WayWest Cloyne Metropolitan
Pimentel Anthony Cheit
Warren Warren Hearst
Davis Davis
Sather OCF
Martinez Martinez
Barker Barker
Unit3 Unit3
VLSB Moffitt Etcheverry
Stanley Foothill
Morrison Morrison
Jacobs Jacobs Bechtel
Wurster Boalt Kroeber
Sproul Sproul
