0 13 35 68 75 81 5 59 25 17 4 76 89 26 81 10 20 43 20 3 57 51 3 29 68 44 68 17 80 66 80 11 0 100 105 100 102 118 102 123 102 124 102 100 103 100 104 136 104 100 106 100 107 152 107 100 101 113 188 113 189 113 101 108 158 108 101 109 167 109 101 110 168 110 171 110 175 110 101 111 101 112 182 112 101 115 196 115 101 116 101 117 101 100 0
48
13 13 17 87 98
35 1 7 31 35 42 54 56 86 90
68 68
75 18 28 75
81 62 81 82
5 5 22 65
59 59
25 24 25
4 4 14 49 63 70 96
89 53 58 72 77 85 89 99
26 26
10 10 83
20 20 55
43 43
57 21 57
51 51
29 29
44 44
66 66
105 100 105 138
102 102 121
118 118
123 123
124 124
103 127 128 130
104 104
136 136
106 106 142 144 145 146 147 149
107 151 153
152 152
113 101 113
188 188
189 189
108 154 156 160
158 158
109 109
167 167
110 169 172 173
168 168
171 171
175 175
111 177 178
112 112 179 180
182 182
115 194
196 196
116 198
117 117
