86 150 25 46 2 63 142 4 183 190 1 42 11 3 5 98 126 180 26 9 10 171 7 45 180 19 49 12 8 79 21 79 61 108 29 108 34 88 199 15 18 136 43 92 133 36 20 38 40 149 39 172 56 172 128 22 68 35 68 90 68 100 182 96 182 113 147 73 58 28 58 93 114 52 178 66 180 53 115 97 127 87 99 76 78 14 78 71 61 48 143 6 143 181 9 13 9 110 9 171 129 111 159 32 139 47 41 47 20 82 20 187 98 91 147 101 180 106 180 49 125 86 169 147 138 59 108 198 78 116 78 148 98 104 24 104 61 69 61 71 167 65 167 132 167 140 25 153 25 158 147 160 151 17 151 80 151 88 32 157 32 175 32 114 105 114 29 186 196 186 120 86
87
150 150
25 64 154
46 117
2 2
63 74 75
4 179
183 183
1 1 54
11 11
5 5
98 173
126 126
26 26 120
10 10
7 57 145 163
45 45
19 19
12 123
8 8
79 137
21 21
61 30 107
108 44 94 184
29 121
34 122
199 27 199
18 51 84 177
136 89
43 185 192
92 92
133 152
36 36
38 38
149 149
39 156
56 56
22 22
35 35
90 90
100 100
96 174
113 113
73 73
28 28
93 93
52 52
66 66
53 53
97 97
87 87
76 76
14 14
71 71
48 48
6 6
181 181
13 13
110 110
129 129
159 159
139 139
41 41
82 82
91 91
101 101
106 106
125 125
169 169
138 138
59 72
198 198
116 116
148 148
24 189
69 69
65 146
132 132
140 140
153 153
158 158
160 160
17 17
80 194
157 157
175 175
105 105
196 196
