110 0 1 2 3 5 6 11 13 14 15 18 19 20 22 25 26 28 29 30 36 38 39 40 41 43 44 45 47 50 51 52 53 54 55 56 60 64 66 67 72 73 74 76 77 79 81 83 85 87 90 91 92 94 96 98 99 100 101 103 107 121 122 123 124 126 127 131 132 138 140 141 142 145 147 148 149 152 159 160 161 163 165 168 169 170 171 172 175 176 178 181 182 189 190 192 193 195 197 199 110
99
110 110
0 0 154
1 1
3 3
5 5
6 6
11 11
13 13
14 14
15 15
18 18
19 19
20 20
22 22
25 25
26 26
28 28
29 29
30 30
36 36
38 38
39 39
40 40
41 41
43 43
44 44
45 45
47 47
50 50
51 51
52 52
53 53
54 54
55 55
56 56
60 60
64 64
66 66
67 67
72 72
73 73
74 74
76 76
77 77
79 79
81 81
83 83
85 85
87 87
90 90
91 91
92 92
94 94
96 96
98 98
99 99
100 100
101 101
103 103
107 107
121 121
122 122
123 123
124 124
126 126
127 127
131 131
132 132
138 138
140 140
141 141
142 142
145 145
147 147
148 148
149 149
152 152
159 159
160 160
161 161
163 163
165 165
168 168
169 169
170 170
171 171
172 172
175 175
176 176
178 178
181 181
182 182
189 189
190 190
192 192
193 193
195 195
197 197
199 199
