31 1 4 9 13 14 20 21 27 28 29 30 32 33 34 38 42 45 46 48 49 52 57 58 60 64 65 66 68 77 78 80 82 83 86 88 89 90 93 94 99 105 106 108 110 112 114 115 117 119 120 121 123 125 127 128 134 137 138 140 147 148 151 152 156 160 164 168 169 170 171 173 175 179 180 184 186 188 191 195 196 197 198 199 31
83
1 6 7 12 22 35 47 67 69 74 81 103 107 131 141 143 146 149 167
4 4
9 9
13 13
14 14
20 20
21 21
27 27
28 28
29 29
30 30
32 32
33 33
34 34
38 38
42 42
45 45
46 46
48 48
49 49
52 52
57 57
58 58
60 60
64 64
65 65
66 66
68 68
77 77
78 78
80 80
82 82
83 83
86 86
88 88
89 89
90 90
93 93
94 94
99 99
105 105
106 106
108 108
110 110
112 112
114 114
115 115
117 117
119 119
120 120
121 121
123 123
125 125
127 127
128 128
134 134
137 137
138 138
140 140
147 147
148 148
151 151
152 152
156 156
160 160
164 164
168 168
169 169
170 170
171 171
173 173
175 175
179 179
180 180
184 184
186 186
188 188
191 191
195 195
196 196
197 197
198 198
199 199
