5 14 23 14 64 27 41 19 52 143 144 176 180 194 180 176 144 143 52 56 73 32 21 1 0 3 31 39 88 39 8 95 59 101 104 101 111 101 59 118 59 45 37 22 9 12 17 12 18 12 25 46 34 46 49 82 36 17 68 155 68 17 12 9 22 58 86 109 130 109 86 41 27 11 85 11 6 1 177 1 70 105 70 13 4 5
30
14 57 63 196
23 23 103
27 27 35 113 140
19 54 145 169
52 80 102
144 176
180 180
194 194
32 21 32 50 91
0 51
31 31
88 168
95 121
59 76 96 127
101 101
104 104
111 111
118 126
37 45 106 152 183
9 9 77 92 160 163 191
17 68
18 178
82 179
155 155
58 58
109 109
130 130
85 85
177 177
105 105
