azv wcd cim mis rfl gei ryg rti zuz oqv hip hcc ipq brw yvc ufa uua hlc hwc xie yiy pzr ctf gfr hsi rcw jvc hyb sau boc cib ijd vxn faq eqa mpw ovx ivp qzx scm vfq jwx dqy rov uyd cwq gcw mtd yfq azv
47
azv azv
wcd wcd aur ncc
cim lmh cim
mis mis
rfl rfl
gei gei
rti rti
zuz zuz
oqv oqv
hip hip
hcc hcc
ipq ipq
brw brw
yvc yvc
ufa ufa
uua uua
hlc hlc
hwc hwc
xie xie
yiy yiy
pzr pzr
ctf ctf
gfr gfr
hsi hsi
rcw rcw
jvc jvc
hyb hyb
sau sau
boc boc
cib cib
ijd ijd
vxn vxn
eqa eqa
mpw mpw
ovx ovx
ivp ivp
qzx qzx
scm scm
vfq vfq
jwx jwx
dqy dqy
rov rov
uyd uyd
cwq cwq
gcw gcw
mtd mtd
yfq yfq
