zMnoKpsz12d1Y6CixoCL vPVOeWczn8eJlf3Gviol 73GclC6XOTCjqTwHSUFH JOo21iuZtHvP9sSModQZ FwLnZPETaUkrkp7dE0hH kHWDWFJURX8TBbDnLSlR IcoYVabhkC8yNYJgy44V 1Tm2BSSz9mj8o3m9o0TB RIRtIJewArUY7i7A6OEl ybqDdUoaPknlNwzZFeto dakEfF8eF1B4IYsSGGLe hzqXRQPGO5tnMpQYDdxn UkKARQyd3ZxfrQwOeW0R GhNWfyijkz8OKJbptIGO jS5XJP3bXemMgWyvfsmt B56U06r3nz3RZaXVmiK2 hH5yU5IgxmmStVnXEBJ1 g6l3PryZJRSAXJGUyq22 e7oVwvEXzQVG9DeK8uQS oJor9EUgXhaXPDmChml7 WCUwzDEkBlRrgSeSv9vv fat0ktgmwPXvqLhmWfJ0 YqOJXOtRcgzFFRGKRutM 50qWynRev5CSErzk8Yih BVbv363irLjfCXrWQjqn M3MAG2lM6nUmTjQ3nD4D GfpGWz1SaDeisCQVEJrI M3MAG2lM6nUmTjQ3nD4D 1Tm2BSSz9mj8o3m9o0TB 07iKiKtYzy9bLoKUo0ve 1Tm2BSSz9mj8o3m9o0TB tXtX3vcLWOYDJBh3QgZt WErCaTW8MMgw3ZAta1gT zMnoKpsz12d1Y6CixoCL
25
JOo21iuZtHvP9sSModQZ KP4zLIZ5LMWJ6mkRn6BX oDA5VKbLZuTPP2ZEB14d NieXnWTTyXxCRp5CSl0i pkPHvGrHHriGlmiL3mRW WdpiLe9uZpnuS9WMphYw G6KTAOxQU8MNiSLazU1t T7hLF9jTtc4htoAH0PWD gM8AHyLc0ZjUxmDMuXzJ jdgXkfbupFQ0XUNJEyvU sNJuS4R6b6KAUX5QI4md QFT8yfDPa0xDNdRMchX3 uqAmYQiu3O0THeAaPzKH QmCq2RCVgnssPOgSwAr8 9q9h29089dBsNERnjXsd JzMVZjOikutQZg00S8wX
FwLnZPETaUkrkp7dE0hH ZvocIzADG7dBR58wmnu8 KBGTLYOWLSviflcWwd9y 9c21VhIQJbtu6kG4NZT4
kHWDWFJURX8TBbDnLSlR dUDrtIP8WIldh2FT7uba W8ft2Hcg1VXPVNTpprS3 mTYxpEwVJTp369cmBN7S
IcoYVabhkC8yNYJgy44V dBvruVRsFq4ihmzPj7nf GaG5DAqLVuTD09GfUl6l U8fsnzMIN4aMdzToihTq
1Tm2BSSz9mj8o3m9o0TB ZcpnIKUrL8i4GzxAolZX 5VNO6t8qAcR3d5jJgfi4
RIRtIJewArUY7i7A6OEl szEChRtMF49nUq5i634G FqxzURcIHYyg2FOpiXCN cthtNVKVABeolrPabegT
ybqDdUoaPknlNwzZFeto FHGlzd4VlMUVjTba9Qjm WELPo1XEQnG4JejlB13A z6gtkXCB2ntSiYsjrque
dakEfF8eF1B4IYsSGGLe 9XhdonQsTDmLQknJ4xeP yE3wNgUIJB0oZwUjLCMo YIAlamFOfZeHd5qDll32
hzqXRQPGO5tnMpQYDdxn XKYNaFpYuIx7Zx7vNANa bclRgmmOqfg3PHQz06qB 8s4ukhLgGBoor0D87KUr
UkKARQyd3ZxfrQwOeW0R u91JdIwHTd2zumpXCvmK JKKWZrMfMDLTYQt6t5Ap OMLAPgVr1RosMrpENk9K
GhNWfyijkz8OKJbptIGO lcq8BXTLE4WDnj4JF3yo VxRxz5foWagBafuSz1m4 EvdCmEq3CXPDtnZYkiVu
jS5XJP3bXemMgWyvfsmt ZSg6FSZaRCTLmeHoLgMI CcIlGrru613gqyngyuYo Vv2apUMOUSvB9J5u8yJr
B56U06r3nz3RZaXVmiK2 xBNbU9Yu51mQvClxjQdr MyPRIiIVlLarPoP5nZfy Y0dqIYSR4P9Br1Cq3f9U
hH5yU5IgxmmStVnXEBJ1 oougNPfNRCSRCWJrOUlb 3mTCmcCkVhhFn533BM03 Y2BEa9hp0T63SlTWXenG
g6l3PryZJRSAXJGUyq22 RvFA5khunRjN3Z7dmUKr Armxs904ujfdAYn9LtOF 2DqN6NYyebkVczAnrbNI
e7oVwvEXzQVG9DeK8uQS ARorC1kPdEun4czh3dmX bUGtOHLCdzsNiRxcLtaT olgHJpCT79b6HED7FUWa
oJor9EUgXhaXPDmChml7 FDT7h4JKMRWa9fcDNmXs TzlCRBgA0Q2cCjETm7Vx C3qGKxHtliSTI7oOnHoB
WCUwzDEkBlRrgSeSv9vv 5cjkSqVe5mFfFhCgwe8r ofmz95sRAyIS0ShQndvb 15e7umNMnawEegsOhkYh
fat0ktgmwPXvqLhmWfJ0 qSLkk45Evo68Y4JhMUq7 mUERvxQcAO2XlgBTPRGA mNuLv0WHsIRpWEdSUREd
YqOJXOtRcgzFFRGKRutM Ryx97mzVLWHytqmLAKlJ HAc1Ylu9mrUmnheKISnK JPD2uBroiElzO4z72vhQ
50qWynRev5CSErzk8Yih 3fQHkf8pseCy7Ys4Kez5 Vkpfkc0JUDpakJkZipKD QTgsp1BfPDsixeeH6QUT
BVbv363irLjfCXrWQjqn nfdt04yvrwrpPVPzIy2c MDHuBmBbeFOGqzpuNmVz 34ScKN0pHkNmnxdkoIOC
M3MAG2lM6nUmTjQ3nD4D z2nBS9pweVYpDmW0fMRS PrzulPuk0tqiNKmdjp0X
GfpGWz1SaDeisCQVEJrI GfpGWz1SaDeisCQVEJrI
07iKiKtYzy9bLoKUo0ve 07iKiKtYzy9bLoKUo0ve
