Encanto Ames Laguna Clayton Woodbridge Granite Delta Two Forest Smoke Kentfield Sherman Los Costa Ramona All Bonita Alpaugh Willow Riverside Foothills Cypress Homestead Moccasin Beach Garden Pumpkin Jane Yurok Welden McAuley Vista Presidio Richvale Kern Green Cabbage Vernon Woffard Shafter Cherokee Quail Glencoe Warner Mount Chinese City Santa Oceanside Elmira Banning Encanto
50
Encanto Encanto
Ames Ames
Laguna Laguna
Clayton Clayton
Woodbridge Woodbridge
Granite Granite
Delta Delta
Two Two
Forest Forest
Smoke Smoke
Kentfield Kentfield
Sherman Sherman
Los Los
Costa Costa
Ramona Ramona
All All
Bonita Bonita
Alpaugh Alpaugh
Willow Willow
Riverside Riverside
Foothills Foothills
Cypress Cypress
Homestead Homestead
Moccasin Moccasin
Beach Beach
Garden Garden
Pumpkin Pumpkin
Jane Jane
Yurok Yurok
Welden Welden
McAuley McAuley
Vista Vista
Presidio Presidio
Richvale Richvale
Kern Kern
Green Green
Cabbage Cabbage
Vernon Vernon
Woffard Woffard
Shafter Shafter
Cherokee Cherokee
Quail Quail
Glencoe Glencoe
Warner Warner
Mount Mount
Chinese Chinese
City City
Santa Santa
Elmira Elmira
Banning Banning
