1 2 3 4 5 6 11 12 13 9 13 14 19 18 17 21 20 24 23 24 25 26 27 28 29 30 35 34 33 37 36 40 39 40 41 45 41 42 43 44 48 49 51 49 52 49 53 49 55 56 57 58 59 60 61 62 63 65 63 66 63 67 63 68 63 69 70 71 72 73 74 75 76 77 79 77 80 77 81 77 82 77 83 84 85 86 87 88 89 90 91 92 93 94 95 96 97 98 1
39
1 5
2 2
4 4
6 7
12 12
9 10 13
14 15
18 18
21 21
20 20
23 23
25 29
26 26
28 28
30 31
34 34
37 37
36 36
39 39
45 45
42 42
48 44 47
49 50 54
51 51
52 52
53 53
63 64
65 65
66 66
67 67
68 68
77 78
79 79
80 80
81 81
82 82
92 92 93
94 94
95 95 96
