1 2 3 30 29 25 24 23 22 43 86 115 134 147 6 7 8 9 10 11 12 16 15 16 17 21 22 171 38 37 33 32 28 27 38 39 40 36 40 41 45 46 47 48 49 53 52 56 55 56 57 61 60 64 63 64 65 66 67 68 72 73 77 76 80 79 80 81 82 83 84 88 89 93 92 96 95 96 97 101 100 104 103 104 105 106 107 108 112 111 112 113 117 118 119 120 121 125 124 128 127 128 129 133 132 136 137 138 139 140 144 143 144 145 149 150 151 152 153 157 156 160 159 160 161 165 164 168 167 168 169 173 174 175 176 177 181 180 184 183 184 185 186 187 198 199 200 196 197 193 194 193 192 191 190 3 2 1
94
1 5
2 2
3 4 71
30 31
29 29
25 26
23 23
43 44
86 87
115 116
134 135
147 148
7 7
9 13
10 10
12 12
15 15
17 18 20 21
171 172
37 37
33 34
28 28
39 39
36 36
41 42 45
47 47
49 50
53 53
52 52
55 55
57 58
61 61
60 60
63 63
65 69
66 66
68 68
73 74
77 77
76 76
79 79
81 85
82 82
84 84
89 90
93 93
92 92
95 95
97 98
101 101
100 100
103 103
105 109
106 106
108 108
111 111
113 114
117 117
119 119
121 122
125 125
124 124
127 127
129 130 133
132 132
137 141
138 138
140 140
143 143
145 146
149 149
151 151
153 154
157 157
156 156
159 159
161 162
165 165
164 164
167 167
169 170 173
175 175
177 178
181 181
180 180
183 183
185 189
186 186
187 188
199 199
196 196
193 197
194 194
191 191
