Evans WursterHall Campbell DurantHall Unit2 Barrows BAMPFA HAAS Unit1 StrawberryCreek HearstMining VLSB NorthHall SouthHall Moffit LeConte Bowles Unit3 Spats Unit3 Bowles KroeberHall Etcheverry KroeberHall WursterHall Plentea Doe SatherGate GreekTheatre Marugame Gilman BotanicalGardens ClarkKerr ThaiNoodle Dwinelle MLK HildebrandHall Safeway Morganhall Marugame Campanile Underhill Foothill Underhill Blackwell ImmThai AlumniHouse BerkeleyWayWest Yifang UniversityVillage Wheeler UniversityVillage HortonHall MemorialStadium HortonHall Doe SatherGate GiauqueHall SatherGate InternationalHouse CaliforniaHall Firewings Crossroads Firewings Cornerstone BancroftLibrary LawrenceHall HappyLemon Moffit WursterHall Evans
36
Evans Cory
Campbell Campbell Eshelman
DurantHall DurantHall
Unit2 Stern Unit2
BAMPFA BAMPFA
Unit1 Unit1
StrawberryCreek Kresge
HearstMining HearstMining
VLSB VLSB
SouthHall SouthHall HesseHall
LeConte LeConte Moffit
Bowles Bowles ZellerbachHall HilgardHall
Unit3 Unit3
Spats Boalt
KroeberHall Barrows
Etcheverry Etcheverry
Plentea Soda SutardjaDai
Doe Doe
GreekTheatre GreekTheatre CanyonPool
Marugame Campanile
Gilman Gilman
ClarkKerr BotanicalGardens DavisHall
ThaiNoodle ThaiNoodle
Dwinelle Dwinelle
MLK MLK
HildebrandHall HildebrandHall
Underhill RSF Blackwell
Foothill Foothill HAAS
ImmThai AlumniHouse
Yifang BerkeleyWayWest UniversityVillage
Wheeler Wheeler
MemorialStadium MemorialStadium
GiauqueHall GiauqueHall
CaliforniaHall CaliforniaHall InternationalHouse
BancroftLibrary BancroftLibrary HavilandHall
LawrenceHall LawrenceHall
