Shelf0 Robot93 Allergies176 Toolbox72 Male149 Ice41 Cat187 Water38 System183 Poop80 Towel154 Shelf40 System156 Dislike12 Soda119 Rollers14 Dog168 Water135 Dog181 Water29 Websites4 Kitty98 Laptop125 Plants118 Poop76 Ring169 Soda197 Book171 System79 Drugs39 Robot51 Monster175 Comics107 Horse148 Solar192 Poop150 Cat15 Kitty89 Solar130 Fusion34 Laptop19 Drugs195 Settings75 Soap58 Puppy117 Puppy140 Shower47 Post158 Ice9 Whale126 Body55 Monster73 Allergies88 Urine124 Whale114 Ring82 Shoe174 Boat67 Flowers178 Robot164 Clock139 Printer188 Dislike143 Clock2 Solar162 Crab83 Website190 Hnads182 Nuclear18 Leash77 Mail22 Urine97 Shoe17 Clock61 Mail6 Toolbox146 BBQ36 Urine20 Soap64 Light30 Breakfast85 Kitty194 Plus78 Shoes8 Book24 Allergies103 Towel92 Solar71 Android196 Toolbox153 Rollers95 Nuclear35 Sink109 Ice165 Hnads116 Clock2 Toilet13 Dislike27 Shower57 Shelf0
98
Shelf0 Shelf0
Robot93 Robot93 Fusion104 Whale137
Allergies176 Allergies176
Toolbox72 Toolbox72
Male149 Male149
Ice41 Ice41
Cat187 Cat187
Water38 Water38
System183 System183
Poop80 Poop80
Towel154 Towel154
Shelf40 Shelf40
System156 System156
Dislike12 Dislike12
Soda119 Soda119
Rollers14 Rollers14
Dog168 Dog168
Water135 Water135
Dog181 Dog181
Water29 Water29
Websites4 Websites4
Kitty98 Kitty98
Laptop125 Laptop125
Plants118 Plants118
Poop76 Poop76
Ring169 Ring169
Soda197 Soda197
Book171 Book171
System79 System79
Drugs39 Drugs39
Robot51 Robot51
Monster175 Monster175
Comics107 Comics107
Horse148 Horse148
Solar192 Solar192
Poop150 Poop150
Cat15 Cat15
Kitty89 Kitty89
Solar130 Solar130
Fusion34 Fusion34
Laptop19 Laptop19
Drugs195 Drugs195
Settings75 Settings75
Soap58 Soap58
Puppy117 Puppy117
Puppy140 Puppy140
Shower47 Shower47
Post158 Post158
Ice9 Ice9
Whale126 Whale126
Body55 Body55
Monster73 Monster73
Allergies88 Allergies88
Urine124 Urine124
Whale114 Whale114
Ring82 Ring82
Shoe174 Shoe174
Boat67 Boat67
Flowers178 Flowers178
Robot164 Robot164
Clock139 Clock139
Printer188 Printer188
Dislike143 Dislike143
Clock2 Clock2
Solar162 Solar162
Crab83 Crab83
Website190 Website190
Hnads182 Hnads182
Nuclear18 Nuclear18
Leash77 Leash77
Mail22 Mail22
Urine97 Urine97
Shoe17 Shoe17
Clock61 Clock61
Mail6 Mail6
Toolbox146 Toolbox146
BBQ36 BBQ36
Urine20 Urine20
Soap64 Soap64
Light30 Light30
Breakfast85 Breakfast85
Kitty194 Kitty194
Plus78 Plus78
Shoes8 Shoes8
Book24 Book24
Allergies103 Allergies103
Towel92 Towel92
Solar71 Solar71
Android196 Android196
Toolbox153 Toolbox153
Rollers95 Rollers95
Nuclear35 Nuclear35
Sink109 Sink109
Ice165 Ice165
Hnads116 Hnads116
Toilet13 Toilet13
Dislike27 Dislike27
Shower57 Shower57
