Horse0 Allergies3 Allergies4 Toilet1 Robot9 Plus62 Settings5 Kitty14 Toilet20 Ice10 Cat13 Shower11 Shower15 Towel16 Websites17 Breakfast19 Whale22 Prints23 Ice30 Shelf25 Comics49 Towel37 Rollers34 Towel35 Ice38 Book41 Rollers48 Soda57 Water52 Ring45 Dislike51 Breakfast74 Horse55 Printer53 Solar58 Floppy63 Whale59 Post61 Water66 Leash68 Monster71 Websites81 Running77 Male84 Mail88 BBQ86 Ring97 Bird82 Bird93 Flowers98 Horse0
50
Horse0 Horse0
Allergies3 Allergies3
Allergies4 Allergies4
Toilet1 Monster39
Robot9 Robot9
Plus62 Plus62
Settings5 Settings5
Kitty14 Kitty14
Toilet20 Toilet20
Ice10 Ice10
Cat13 Cat13
Shower11 Shower11
Shower15 Shower15
Towel16 Towel16
Websites17 Websites17
Breakfast19 Breakfast19
Whale22 Whale22
Prints23 Prints23
Ice30 Ice30
Shelf25 Shelf25
Comics49 Comics49
Towel37 Towel37
Rollers34 Rollers34
Towel35 Towel35
Ice38 Ice38
Book41 Book41
Rollers48 Rollers48
Soda57 Soda57
Water52 Water52
Ring45 Ring45
Dislike51 Dislike51
Breakfast74 Breakfast74
Horse55 Horse55
Printer53 Printer53
Solar58 Solar58
Floppy63 Floppy63
Whale59 Whale59
Post61 Post61
Water66 Water66
Leash68 Leash68
Monster71 Monster71
Websites81 Websites81
Running77 Running77
Male84 Male84
Mail88 Mail88
BBQ86 BBQ86
Ring97 Ring97
Bird82 Bird82
Bird93 Bird93
Flowers98 Flowers98
