hutmk aeomh vczkh lcghr ugamb artvi ijofp ugyls oscrv yiodb xnysi rlfxc ablxw misyc aqzce hopbn bcrwj mlfbi yaxts mzlsn tejxc lsnhz yzaje qdzgs cursl urlkt spuoi tyuep axmwy coubd xintv omjfc lnfiu xeljy ijvuq vmgxh zsehb hutmk
36
aeomh ywion otirh aeomh dowbf gxdqt
vczkh vczkh
lcghr lcghr
ugamb ugamb
artvi artvi
ijofp ijofp
ugyls ugyls
oscrv oscrv
yiodb yiodb
xnysi xnysi
rlfxc rlfxc
ablxw ablxw
misyc misyc
aqzce aqzce
hopbn hopbn
bcrwj bcrwj
mlfbi mlfbi
yaxts yaxts
mzlsn mzlsn
tejxc tejxc
lsnhz lsnhz
yzaje yzaje
qdzgs qdzgs
cursl cursl
urlkt urlkt
spuoi spuoi
tyuep tyuep
axmwy axmwy
coubd coubd
xintv xintv
omjfc omjfc
lnfiu lnfiu
xeljy xeljy
ijvuq ijvuq
vmgxh vmgxh
zsehb zsehb
