Hayward Waterbury ThousandOaks Barnstable Birmingham SiouxCity Louisville Bloomington CapeCoral Mesquite Anchorage OverlandPark Stamford Columbus SantaClara Fullerton Duluth GreenBay Laredo PortArthur SanBuenaventura NewportNews Cincinnati NewYorkCity Henderson Topeka Hialeah Albuquerque Torrance Melbourne Arvada Tyler Eugene Boise Marysville Layton Worcester Kalamazoo RoundLakeBeach Lorain Scottsdale Omaha Champaign Charlotte ElPaso SaintPaul GrandRapids RichmondCounty SiouxFalls Carrollton Newburgh Waterbury CorpusChristi StPaul Ogden CathedralCity NewBedford McAllen Frederick Marina Kissimmee Huntsville Downey Salem Hampton Newark Fairfield Hemet PuntaGorda HavredeGrace JohnsonCity Fresno Baltimore NorthLasVegas Hartford Modesto Greenville Plano Lacey Savannah StPaul Scranton Sarasota LasVegas Burlington Utica Tucson SanBuenaventura Oxnard SanBuenaventura Anaheim Trenton Flint Trenton Vancouver GrandRapids Pueblo Lubbock Bryan Aberdeen Sacramento StLouis Salinas Monroe SantaClarita Racine Bakersfield NewYorkCity HuntingtonBeach LakeCharles Spartanburg Norwich Spartanburg Springfield Harlingen Murrieta Syracuse Olympia PortSaintLucie Tacoma Mobile Poughkeepsie Medford Hayward
92
Waterbury Waterbury
ThousandOaks ThousandOaks
Barnstable Barnstable
Birmingham Birmingham
Louisville Louisville
Bloomington Bloomington
CapeCoral PalmBay CapeCoral
Mesquite Mesquite
Anchorage Anchorage
OverlandPark OverlandPark
Stamford Stamford
Columbus Columbus
SantaClara SantaClara
Fullerton Fullerton
Duluth Duluth Detroit
GreenBay GreenBay
Laredo Laredo
SanBuenaventura SanBuenaventura
NewportNews NewportNews Bethlehem
Cincinnati Cincinnati
NewYorkCity NewYorkCity York
Henderson Henderson
Topeka Topeka
Hialeah Hialeah
Albuquerque Albuquerque
Torrance Torrance
Melbourne Melbourne
Arvada Arvada Elkhart
Tyler Tyler Nashua
Eugene Eugene
Boise Boise
Marysville Marysville
Layton Layton
Kalamazoo Kalamazoo
RoundLakeBeach RoundLakeBeach
Scottsdale Scottsdale
Omaha Omaha
Champaign Champaign
Charlotte Charlotte
ElPaso ElPaso
SaintPaul SaintPaul
GrandRapids GrandRapids
RichmondCounty RichmondCounty
SiouxFalls SiouxFalls
Newburgh Newburgh
CorpusChristi CorpusChristi
Ogden Ogden
CathedralCity CathedralCity
NewBedford NewBedford
McAllen McAllen
Frederick Frederick
Marina Marina
Kissimmee Kissimmee
Huntsville Deltona Huntsville
Downey Downey
Salem Salem
Newark Newark
Hemet Hemet
PuntaGorda PuntaGorda
HavredeGrace HavredeGrace
JohnsonCity JohnsonCity
Fresno Fresno
NorthLasVegas NorthLasVegas
Hartford Hartford
Modesto Modesto
Greenville Greenville
Plano Hagerstown Plano
Lacey Lacey
Savannah Savannah
Scranton Scranton
LasVegas LasVegas
Burlington Burlington
Utica Utica
Tucson Tucson
Oxnard Oxnard
Anaheim Anaheim
Flint Flint
Vancouver Vancouver
Pueblo Pueblo
Lubbock Lubbock
Aberdeen Aberdeen
StLouis StLouis
Monroe Monroe
Racine Racine
Bakersfield Bakersfield
HuntingtonBeach HuntingtonBeach
LakeCharles LakeCharles
Spartanburg Spartanburg
Norwich Norwich
Harlingen Harlingen
Olympia Olympia
Mobile Mobile
