Hayward Asheville ThousandOaks Asheville McHenry PalmBay Modesto CedarRapids Burbank Danbury Atlanta Yonkers Omaha Topeka Springdale Barnstable Charlotte BelAir Aurora NewBedford Waco Corona Deltona Durham Killeen SaintPaul Bradenton Huntsville Burbank Newark NewYorkCity Kennewick Hickory Winston Memphis Monroe HuntingtonBeach York RichmondCounty Hampton Downey SaintLouis Tucson SantaCruz Independence Torrance PalmBay SaintLouis BelAir SantaClara Hayward
37
Asheville Asheville
ThousandOaks ThousandOaks
McHenry McHenry
PalmBay PalmBay Tucson
Modesto Modesto
CedarRapids CedarRapids
Burbank Burbank Harlingen Chicago
Danbury Danbury
Atlanta Atlanta
Yonkers Yonkers GrandRapids Waterloo
Omaha Omaha
Topeka Topeka
Springdale Springdale
Barnstable Barnstable
Charlotte Charlotte
BelAir Tyler McAllen BelAir York
Aurora Aurora Bakersfield
NewBedford NewBedford
Waco Waco
Deltona Deltona
Durham Durham
SaintPaul PuntaGorda SaintPaul
Bradenton Bradenton
Huntsville Huntsville
Newark LakeCharles Newark Bloomington
NewYorkCity NewYorkCity
Kennewick Kennewick
Winston Tampa Hickory
Memphis Memphis
Monroe Monroe
HuntingtonBeach HuntingtonBeach
RichmondCounty RichmondCounty
Hampton Hampton
Downey Downey
SantaCruz SantaCruz
Torrance Torrance
SantaClara SantaClara
