0 1 2 1 7 1 17 1 4 1 15 1 19 21 23 21 31 30 31 21 32 33 32 42 32 44 32 20 24 25 24 20 32 46 47 48 49 50 51 41 40 41 51 52 53 54 52 56 52 62 63 64 65 73 72 73 74 76 74 86 74 87 74 82 83 82 74 88 89 91 89 94 89 98 99 90 104 105 104 108 104 89 100 101 100 89 88 74 73 69 68 67 68 69 73 74 88 89 104 105 106 107 111 112 114 112 120 112 121 126 127 128 125 124 125 128 129 130 137 136 137 139 146 139 147 148 147 138 140 141 142 141 140 138 147 151 152 153 154 155 156 157 172 157 168 157 158 157 163 157 173 174 182 174 186 174 178 174 176 174 189 190 192 190 194 190 197 198 191 199 0
50
2 2
7 7
17 17
4 4
15 15
23 23
30 30
33 33
42 42
44 44
25 25
48 48
40 40
53 53
54 54
56 56
64 64
72 72
76 76
86 86
87 87
83 83
91 91
94 94
99 99
105 105
108 108
101 101
67 67
114 114
120 120
127 127
124 124
130 130
136 136
146 146
148 148
142 142
154 154
172 172
168 168
158 158
163 163
182 182
186 186
178 178
176 176
192 192
194 194
198 198
