0 108 23 5 193 9 6 7 10 11 12 15 104 16 18 17 21 26 24 22 25 27 194 35 30 31 34 36 38 39 40 55 42 59 49 50 60 67 62 66 68 56 61 71 73 79 83 80 75 89 91 96 87 93 101 95 109 105 111 102 110 122 119 124 123 118 135 129 130 136 138 133 142 141 144 145 140 150 147 152 155 151 156 157 158 162 160 173 161 164 172 163 187 168 179 184 198 196 178 189 0
98
108 1 108
23 23
5 5
193 171 193
9 9
6 6
7 7
10 10
11 11
12 12
15 15
104 104
16 16
18 18
17 17
21 21
26 26
24 24
22 22
25 25
27 27
194 194
35 35
30 30
31 31
34 34
36 36
38 38
39 39
40 40
55 55
42 42
59 59
49 49
50 50
60 60
67 67
62 62
66 66
68 68
56 56
61 61
71 71
73 73
79 79
83 83
80 80
75 75
89 89
91 91
96 96
87 87
93 93
101 101
95 95
109 109
105 105
111 111
102 102
110 110
122 122
119 119
124 124
123 123
118 118
135 135
129 129
130 130
136 136
138 138
142 142
141 141
144 144
145 145
140 140
150 150
147 147
152 152
155 155
151 151
156 156
157 157
158 158
162 162
160 160
173 173
161 161
164 164
172 172
163 163
187 187
168 168
179 179
184 184
198 198
196 196
178 178
189 189
