1 3 107 63 133 65 95 37 139 117 97 119 61 31 127 77 109 51 99 21 19 69 29 111 7 125 121 73 147 129 17 135 59 11 47 141 115 101 83 41 137 25 45 145 105 149 53 113 71 123 15 13 49 43 89 87 57 5 85 39 35 55 75 27 23 143 33 9 93 91 79 131 67 81 103 4 1
75
1 1
3 3
107 107
63 63
133 133
65 65
95 95
37 37
139 139
117 117
97 97
119 119
61 61
31 31
127 127
77 77
109 109
51 51
99 99
21 21
19 19
69 69
29 29
111 111
7 7
125 125
121 121
73 73
147 147
129 129
17 17
135 135
59 59
11 11
47 47
141 141
115 115
101 101
83 83
41 41
137 137
25 25
45 45
145 145
105 105
149 149
53 53
113 113
71 71
123 123
15 15
13 13
49 49
43 43
89 89
87 87
57 57
5 5
85 85
39 39
35 35
55 55
75 75
27 27
23 23
143 143
33 33
9 9
93 93
91 91
79 79
131 131
67 67
81 81
103 103
