Florges Tsareena Celesteela Dusknoir Moltres Bergmite Togetic Purrloin Poliwag Lillipup Shaymin Snorlax Carracosta Aurorus Tentacruel Manectric Slugma Zapdos Poliwrath Yanmega Kricketot Primarina Persian Volbeat Delibird Stufful Omastar Bouffalant Infernape Timburr Cascoon Cherrim Caterpie Pichu Dialga Buzzwole Celebi Hitmonlee Doublade Ralts Nidoking Wailmer Scolipede Bisharp Masquerain Chansey Shieldon Girafarig Togetic Hakamoo Purrloin Kricketune Florges
39
Tsareena Weepinbell Tsareena
Celesteela Celesteela
Dusknoir Dusknoir
Moltres Moltres Gastrodon
Bergmite Bergmite Wormadam
Togetic Togetic
Purrloin Purrloin Sentret Piloswine
Poliwag Poliwag
Lillipup Lillipup
Shaymin Shaymin Regice
Carracosta Carracosta
Aurorus Aurorus Bayleef
Tentacruel Tentacruel
Manectric Manectric Zubat Bidoof
Zapdos Zapdos
Poliwrath Poliwrath
Yanmega Yanmega
Kricketot Kricketot
Primarina Primarina
Persian Persian
Volbeat Volbeat Buzzwole
Delibird Delibird
Stufful Stufful
Omastar Omastar
Bouffalant Bouffalant
Infernape Infernape
Timburr Timburr Machoke
Cascoon Cascoon
Cherrim Cherrim
Pichu Pichu
Dialga Dialga
Celebi Celebi
Hitmonlee Hitmonlee
Ralts Ralts
Wailmer Wailmer
Scolipede Scolipede
Bisharp Bisharp
Girafarig Girafarig
Hakamoo Hakamoo
