0 125 23 85 16 17 4 97 157 9 10 166 46 13 56 11 20 19 27 149 26 36 128 35 31 30 34 45 48 69 52 40 42 62 67 50 55 70 59 81 63 88 75 76 74 53 66 72 83 87 82 102 103 105 122 121 84 134 106 108 114 138 111 137 117 131 126 140 156 136 174 130 116 144 145 139 160 179 147 168 177 171 196 162 151 152 181 143 183 184 185 176 189 0 180 195 8 197 198 9 199 9 0
96
125 109 125
23 23
85 85 98
16 16
17 17
4 4 80 91
97 97
157 157
9 9
10 10
166 166
46 46
13 13
11 11
20 20
19 19
27 27
149 149
26 26
36 36
128 128
35 35
31 31
30 30
34 34
45 45
48 48
69 69
52 52
40 40
42 42
62 62
67 67
50 50
55 55
70 70
59 59
81 81
63 63
88 88
75 75
76 76
74 74
53 53
66 66
72 72
83 83
87 87
82 82
102 102
103 103
105 105
122 122
121 121
84 84
134 134
106 106
108 108
114 114
138 138
111 111
137 137
117 117
131 131
126 126
140 140
156 156
136 136
174 174
130 130
116 116
144 144
145 145
139 139
160 160
179 179
147 147
168 168
177 177
171 171
196 196
162 162
151 151
152 152
181 181
143 143
183 183
184 184
185 185
176 176
189 189
180 180
195 195
197 197
198 198
199 199
