21 41 11 81 113 31 119 39 40 5 15 83 63 71 63 10 9 111 42 13 191 23 25 165 57 73 43 27 99 177 67 66 69 171 129 34 3 2 1 133 29 175 65 121 115 125 137 75 117 101 8 7 45 78 17 77 114 59 76 35 154 19 55 147 153 48 47 189 37 36 61 196 91 90 89 93 161 173 6 33 155 141 151 150 53 181 6 79 48 49 187 38 87 95 97 68 105 85 107 139 103 190 123 190 135 143 131 169 166 167 108 109 106 127 156 157 146 145 146 176 149 186 159 65 183 25 179 178 162 163 197 50 51 50 143 185 15 83 192 193 196 195 95 97 21
99
21 21
41 41
11 11
81 81
113 113
31 31
119 119
39 39
5 5
15 15
83 83
63 63
71 71
9 9
111 111
13 13
191 191
23 23
25 25
165 165
57 57
73 73
43 43
27 27
99 99
177 177
67 67
69 69
171 171
129 129
3 3
1 1
133 133
29 29
175 175
65 65
121 121
115 115
125 125
137 137
75 75
117 117
101 101
7 7
45 45
17 17
77 77
59 59
35 35
19 19
55 55
147 147
153 153
47 47
189 189
37 37
61 61
91 91
89 89
93 93
161 161
173 173
33 33
155 155
141 141
151 151
53 53
181 181
79 79
49 49
187 187
87 87
95 95
97 97
105 105
85 85
107 107
139 139
103 103
123 123
135 135
143 143
131 131
169 169
167 167
109 109
127 127
157 157
145 145
149 149
159 159
183 183
179 179
163 163
197 197
51 51
185 185
193 193
195 195
