Soda Guadeloupe Guyana Antigua China Bermuda Czech United Dominica Austria Aruba Central Fiji Argentina Egypt Comoros Bangladesh Congo Denmark Faroe Cambodia Guam Botswana Bouvet Colombia Cocos Cayman Djibouti Australia Aruba Brunei Cook Soda
23
Guadeloupe Guadeloupe
Guyana Guyana
Antigua Antigua
China China
Bermuda Bermuda
Czech Czech
United United
Austria Austria
Aruba Aruba
Central Central Angola
Fiji Fiji
Argentina Argentina
Egypt Egypt
Comoros Comoros
Denmark Denmark
Cambodia Cambodia
Guam Guam Belize
Botswana Botswana
Bouvet Bouvet
Colombia Colombia
Cocos Cocos
Cayman Cayman
Australia Australia
