21 125 95 152 37 27 186 75 119 139 177 169 24 68 127 82 88 20 154 135 120 188 146 90 176 184 78 61 18 53 87 168 46 108 32 31 60 38 64 114 51 97 149 34 159 156 122 163 47 144 23 121 190 133 160 2 42 48 147 194 100 91 115 103 116 45 30 134 151 10 167 36 62 7 29 137 180 105 16 142 40 56 102 96 131 136 130 15 178 172 54 81 118 17 74 170 14 72 21
98
21 21
125 49 125 196
95 95
152 152
37 37
27 27
186 186
75 75
119 119
139 139
177 177
169 169
24 24
68 68
127 127
82 82
88 88
20 20
154 154
135 135
120 120
188 188
146 146
90 90
176 176
184 184
78 78
61 61
18 18
53 53
87 87
168 168
46 46
108 108
32 32
31 31
60 60
38 38
64 64
114 114
51 51
97 97
149 149
34 34
159 159
156 156
122 122
163 163
47 47
144 144
23 23
121 121
190 190
133 133
160 160
2 2
42 42
48 48
147 147
194 194
100 100
91 91
115 115
103 103
116 116
45 45
30 30
134 134
151 151
10 10
167 167
36 36
62 62
7 7
29 29
137 137
180 180
105 105
16 16
142 142
40 40
56 56
102 102
96 96
131 131
136 136
130 130
15 15
178 178
172 172
54 54
81 81
118 118
17 17
74 74
170 170
14 14
72 72
