node139 node1 node5 node169 node98 node143 node8 node59 node16 node10 node24 node12 node15 node18 node19 node20 node17 node22 node27 node26 node30 node33 node37 node42 node48 node38 node47 node53 node49 node55 node41 node52 node50 node54 node51 node57 node56 node61 node60 node65 node85 node94 node66 node73 node71 node184 node72 node84 node81 node86 node80 node92 node89 node97 node96 node107 node100 node109 node102 node108 node111 node114 node117 node112 node124 node116 node123 node125 node141 node157 node146 node134 node154 node129 node152 node158 node163 node159 node149 node160 node162 node165 node182 node173 node190 node181 node185 node186 node191 node192 node195 node12 node180 node1 node200 node1 node139
90
node1 node1 node3 node126 node130 node167 node188
node5 node5
node169 node169
node98 node98 node119
node143 node143
node8 node8 node178
node59 node59
node16 node16
node10 node10
node24 node24
node12 node12
node18 node18
node19 node19
node20 node20
node17 node17
node22 node22
node27 node27
node26 node26
node30 node30
node33 node33
node37 node37
node42 node42
node48 node48
node38 node38
node47 node47
node53 node53
node49 node49
node55 node55
node41 node41
node52 node52
node50 node50
node54 node54
node51 node51
node57 node57
node56 node56
node61 node61
node60 node60
node65 node65
node85 node85
node94 node94
node66 node66
node73 node73
node71 node71
node184 node184
node72 node72
node84 node84
node81 node81
node86 node86
node80 node80
node92 node92
node97 node97
node96 node96
node107 node107
node100 node100
node109 node109
node102 node102
node108 node108
node111 node111
node114 node114
node117 node117
node112 node112
node124 node124
node116 node116
node123 node123
node125 node125
node141 node141
node157 node157
node146 node146
node134 node134
node154 node154
node129 node129
node152 node152
node158 node158
node163 node163
node159 node159
node149 node149
node160 node160
node162 node162
node165 node165
node182 node182
node173 node173
node190 node190
node181 node181
node185 node185
node186 node186
node191 node191
node192 node192
node195 node195
node180 node180
node200 node200
