node0 node103 node158 node195 node100 node105 node149 node162 node118 node106 node109 node56 node101 node102 node104 node108 node107 node112 node113 node114 node116 node110 node117 node119 node125 node115 node111 node121 node120 node122 node123 node124 node128 node126 node130 node127 node129 node132 node134 node131 node133 node135 node140 node137 node141 node139 node142 node138 node136 node146 node144 node147 node145 node143 node148 node151 node154 node150 node155 node159 node152 node156 node160 node161 node164 node163 node167 node169 node168 node176 node170 node171 node172 node166 node175 node174 node173 node179 node182 node178 node177 node180 node187 node181 node184 node183 node185 node189 node190 node186 node193 node192 node194 node198 node188 node191 node0 node196 node199 node197 node0
97
node103 node103 node157
node158 node158
node195 node153 node165 node195
node100 node100
node105 node105
node149 node149
node162 node162
node118 node118
node106 node106
node109 node109
node101 node101
node102 node102
node104 node104
node108 node108
node107 node107
node112 node112
node113 node113
node114 node114
node116 node116
node110 node110
node117 node117
node119 node119
node125 node125
node115 node115
node111 node111
node121 node121
node120 node120
node122 node122
node123 node123
node124 node124
node128 node128
node126 node126
node130 node130
node127 node127
node129 node129
node132 node132
node134 node134
node131 node131
node133 node133
node135 node135
node140 node140
node137 node137
node141 node141
node139 node139
node142 node142
node138 node138
node136 node136
node146 node146
node144 node144
node147 node147
node145 node145
node143 node143
node148 node148
node151 node151
node154 node154
node150 node150
node155 node155
node159 node159
node152 node152
node156 node156
node160 node160
node161 node161
node164 node164
node163 node163
node167 node167
node169 node169
node168 node168
node176 node176
node170 node170
node171 node171
node172 node172
node166 node166
node175 node175
node174 node174
node173 node173
node179 node179
node182 node182
node178 node178
node177 node177
node180 node180
node187 node187
node181 node181
node184 node184
node183 node183
node185 node185
node189 node189
node190 node190
node186 node186
node193 node193
node192 node192
node194 node194
node198 node198
node188 node188
node191 node191
node196 node196
node199 node199
node197 node197
