USZWPSB WEXBJV VBAQD ACYPAPBPW PJXURKPC XENTNT RJDHJFNIN YKOGGTNN RQWCFDHW EPJHOESBB JQHORKB YAETAC AIGGLZT NHNDWOH FLOTLYFG SIAFKK MYDTJZPES MSHZNEX BHAMV BCHOPGEE TOAKXEQ CCTJZN HWJUZVNH KRUSUHB EFOWXJQKY LNDUQDYSK NTZSZ TQSCIQTX JXLFSOAT RGSOR XSWDY DIXXP JEGRK CWLLCM AOVKACB XHMMLM DFFFG HNOOUELP FPWMJC APIOYKU EHQRYBZ XZUPVI FZGDAQKRC SICVXMLGL RBNAR ILXWSRIC YVIRIDDRA LYRSZA QMHLIXVD FZNKCK FJQMKJNWE MRXNI YFEZIO NIVCBBO VWNAJFRNG XQOMNCXDB HEFYBKPUF TGPYEAP HVERBTBS ORCMU MWXYLX DKINCMT AXCWU FCWRH APBFJMOOF UBODMUMJ EMAAQWO HSAIPP BLXWCB VFEEU ANHOTJN GALHVZ ZKGYGD WTQCHXQ OLUPAJLP ZNZOQPE JVWIZDBS TTXGTNV NBRZI EJXSCSGM MOXGRP KAUIIR NZJGYK RGLCPSJQE ZEZKNGTK NCPEGX AHZYCQM RLWAP UDNWTRHT OVKLH JOXQIX GLYDZ RUGMYM GNXDBJSVR GEGFOSJ VWHRKOPZ USZWPSB
96
USZWPSB USZWPSB
WEXBJV VVSNO RVPJHZLQQ WEXBJV
VBAQD HSJUMJH VBAQD
ACYPAPBPW ACYPAPBPW
PJXURKPC PJXURKPC
XENTNT XENTNT
RJDHJFNIN RJDHJFNIN
YKOGGTNN YOUZA YKOGGTNN
RQWCFDHW RQWCFDHW
EPJHOESBB EPJHOESBB
JQHORKB JQHORKB
YAETAC YAETAC
AIGGLZT AIGGLZT
NHNDWOH NHNDWOH
FLOTLYFG FLOTLYFG
SIAFKK SIAFKK
MYDTJZPES MYDTJZPES
MSHZNEX MSHZNEX
BHAMV BHAMV
BCHOPGEE BCHOPGEE
TOAKXEQ TOAKXEQ
CCTJZN CCTJZN
HWJUZVNH HWJUZVNH
KRUSUHB KRUSUHB
EFOWXJQKY EFOWXJQKY
LNDUQDYSK LNDUQDYSK
NTZSZ NTZSZ
TQSCIQTX TQSCIQTX
JXLFSOAT JXLFSOAT
RGSOR RGSOR
XSWDY XSWDY
DIXXP DIXXP
JEGRK JEGRK
CWLLCM CWLLCM
AOVKACB AOVKACB
XHMMLM XHMMLM
DFFFG DFFFG
HNOOUELP HNOOUELP
FPWMJC FPWMJC
APIOYKU APIOYKU
EHQRYBZ EHQRYBZ
XZUPVI XZUPVI
FZGDAQKRC FZGDAQKRC
SICVXMLGL SICVXMLGL
RBNAR RBNAR
ILXWSRIC ILXWSRIC
YVIRIDDRA YVIRIDDRA
LYRSZA LYRSZA
QMHLIXVD QMHLIXVD
FZNKCK FZNKCK
FJQMKJNWE FJQMKJNWE
MRXNI MRXNI
YFEZIO YFEZIO
NIVCBBO NIVCBBO
VWNAJFRNG VWNAJFRNG
XQOMNCXDB XQOMNCXDB
HEFYBKPUF HEFYBKPUF
TGPYEAP TGPYEAP
HVERBTBS HVERBTBS
ORCMU ORCMU
MWXYLX MWXYLX
DKINCMT DKINCMT
AXCWU AXCWU
FCWRH FCWRH
APBFJMOOF APBFJMOOF
UBODMUMJ UBODMUMJ
EMAAQWO EMAAQWO
HSAIPP HSAIPP
BLXWCB BLXWCB
VFEEU VFEEU
ANHOTJN ANHOTJN
GALHVZ GALHVZ
ZKGYGD ZKGYGD
WTQCHXQ WTQCHXQ
OLUPAJLP OLUPAJLP
ZNZOQPE ZNZOQPE
JVWIZDBS JVWIZDBS
TTXGTNV TTXGTNV
NBRZI NBRZI
EJXSCSGM EJXSCSGM
MOXGRP MOXGRP
KAUIIR KAUIIR
NZJGYK NZJGYK
RGLCPSJQE RGLCPSJQE
ZEZKNGTK ZEZKNGTK
NCPEGX NCPEGX
AHZYCQM AHZYCQM
RLWAP RLWAP
UDNWTRHT UDNWTRHT
OVKLH OVKLH
JOXQIX JOXQIX
GLYDZ GLYDZ
RUGMYM RUGMYM
GNXDBJSVR GNXDBJSVR
GEGFOSJ GEGFOSJ
VWHRKOPZ VWHRKOPZ
