shaird tunic kartikeya teabags waste preparable coldcocked remissio transflux slatting rampup tokenizing property morphe unglove trackbar Lafayette lasting colugos Sahara nauseously philomels UncleNed peasantism effuses baning aftertouch advances cacomistle shrow Ucayali opacular fivepenny guilts caouane twothirds cementite nomination assonantal diruption deductable irade scratch sarcomere intrado macedoine airgap toggleable Pentecost beermakers shaird
50
shaird shaird
tunic tunic
kartikeya kartikeya
teabags teabags
waste waste
preparable preparable
coldcocked coldcocked
remissio remissio
transflux transflux
slatting slatting
rampup rampup
tokenizing tokenizing
property property
morphe morphe
unglove unglove
trackbar trackbar
Lafayette Lafayette
lasting lasting
colugos colugos
Sahara Sahara
nauseously nauseously
philomels philomels
UncleNed UncleNed
peasantism peasantism
effuses effuses
baning baning
aftertouch aftertouch
advances advances
cacomistle cacomistle
shrow shrow
Ucayali Ucayali
opacular opacular
fivepenny fivepenny
guilts guilts
caouane caouane
twothirds twothirds
cementite cementite
nomination nomination
assonantal assonantal
diruption diruption
deductable deductable
irade irade
scratch scratch
sarcomere sarcomere
intrado intrado
macedoine macedoine
airgap airgap
toggleable toggleable
Pentecost Pentecost
beermakers beermakers
