liverance hypanthium hatrail bywoners oversleeps metamere jitterbugs asterisk refortify studiously pallia achieve kamencheh coulde tortillons catabolism tightening moderatrix Akkub wellbores otate handballer pontage shutter lethiferal liverance
25
liverance liverance
hypanthium hypanthium
hatrail hatrail
bywoners bywoners
oversleeps oversleeps
metamere metamere
jitterbugs jitterbugs
asterisk asterisk
refortify refortify
studiously studiously
pallia pallia
achieve achieve
kamencheh kamencheh
coulde coulde
tortillons tortillons
catabolism catabolism
tightening tightening
moderatrix moderatrix
Akkub Akkub
wellbores wellbores
otate otate
handballer handballer
pontage pontage
shutter shutter
lethiferal lethiferal
