runcation stoble oogle kempy holodeck passcards grilses inurns stips foreshores wideband multifaith medicine polyuria tipuana Muscogee conceiv fason draftox erysipelas turbid tutelar tholoi colocynth retexture embittered usant cutout turnoff ilian bewitch baken montages Massorete construed thereagain maxim fibrates unbribable trikini urethritic yuzus destinate undramatic tuneful megahero begynnynge broomer yokeline lionfish timefuse dollying wintrier quakerlike offset Astaire bookhouses Marah perfusive boomah hambone chargeback aliens decouples stinkbugs backpay nervus Carazo Lipetsk lichened jaborandi ungroomed Margery blackdye triforium almshouse ephas flourless agistments toper wolfer greatborn infants palatial husbandman huddle miticides metre festuca coalblack prairies revolution forepast wheatberry Simferopol silicon torsions pentine cloaca haligi runcation
100
runcation runcation
stoble stoble
oogle oogle
kempy kempy
holodeck holodeck
passcards passcards
grilses grilses
inurns inurns
stips stips
foreshores foreshores
wideband wideband
multifaith multifaith
medicine medicine
polyuria polyuria
tipuana tipuana
Muscogee Muscogee
conceiv conceiv
fason fason
draftox draftox
erysipelas erysipelas
turbid turbid
tutelar tutelar
tholoi tholoi
colocynth colocynth
retexture retexture
embittered embittered
usant usant
cutout cutout
turnoff turnoff
ilian ilian
bewitch bewitch
baken baken
montages montages
Massorete Massorete
construed construed
thereagain thereagain
maxim maxim
fibrates fibrates
unbribable unbribable
trikini trikini
urethritic urethritic
yuzus yuzus
destinate destinate
undramatic undramatic
tuneful tuneful
megahero megahero
begynnynge begynnynge
broomer broomer
yokeline yokeline
lionfish lionfish
timefuse timefuse
dollying dollying
wintrier wintrier
quakerlike quakerlike
offset offset
Astaire Astaire
bookhouses bookhouses
Marah Marah
perfusive perfusive
boomah boomah
hambone hambone
chargeback chargeback
aliens aliens
decouples decouples
stinkbugs stinkbugs
backpay backpay
nervus nervus
Carazo Carazo
Lipetsk Lipetsk
lichened lichened
jaborandi jaborandi
ungroomed ungroomed
Margery Margery
blackdye blackdye
triforium triforium
almshouse almshouse
ephas ephas
flourless flourless
agistments agistments
toper toper
wolfer wolfer
greatborn greatborn
infants infants
palatial palatial
husbandman husbandman
huddle huddle
miticides miticides
metre metre
festuca festuca
coalblack coalblack
prairies prairies
revolution revolution
forepast forepast
wheatberry wheatberry
Simferopol Simferopol
silicon silicon
torsions torsions
pentine pentine
cloaca cloaca
haligi haligi
