73 2 0 6 7 118 10 12 15 27 11 16 19 21 83 42 29 26 24 35 37 40 39 41 44 48 156 49 47 52 53 57 58 55 60 61 62 70 68 63 71 76 66 77 82 72 75 81 89 99 92 96 98 101 95 107 112 110 109 119 123 125 124 115 127 122 128 138 135 129 143 145 133 153 155 159 166 154 167 162 161 168 163 169 186 171 175 176 185 190 184 183 187 189 195 191 192 196 197 194 73
98
73 73
2 2
0 0 136
6 6
7 7
118 118 173
10 10
12 12
15 15
27 27
11 11
16 16
19 19
21 21
83 83
42 42
26 26
24 24
35 35
37 37
40 40
39 39
41 41
44 44
48 48
49 49
47 47
52 52
53 53
57 57
58 58
55 55
60 60
61 61
62 62
70 70
68 68
63 63
71 71
76 76
66 66
77 77
82 82
72 72
75 75
81 81
89 89
99 99
92 92
96 96
98 98
101 101
95 95
107 107
112 112
110 110
109 109
119 119
123 123
125 125
124 124
115 115
127 127
122 122
128 128
138 138
135 135
129 129
143 143
145 145
133 133
153 153
155 155
159 159
166 166
154 154
167 167
162 162
161 161
168 168
163 163
169 169
186 186
171 171
175 175
176 176
185 185
190 190
184 184
183 183
187 187
189 189
195 195
191 191
192 192
196 196
197 197
194 194
