132 1 2 3 5 6 8 9 13 17 25 26 27 28 31 33 35 36 38 39 40 41 44 45 46 47 56 60 61 62 64 66 68 72 75 76 77 78 80 81 85 86 87 88 90 91 92 95 96 97 98 100 101 102 104 105 106 108 109 113 118 122 126 133 135 136 137 138 142 146 148 149 152 154 155 156 159 160 161 162 166 167 171 173 176 177 180 181 182 183 184 185 188 189 192 193 194 195 196 197 198 132
100
1 82
2 2
3 3
5 5
6 6
8 8
9 9
13 13
17 17
25 25
26 26
27 27
28 28
31 31
33 33
35 35
36 36
38 38
39 39
40 40
41 41
44 44
45 45
46 46
47 47
56 56
60 60
61 61
62 62
64 64
66 66
68 68
72 72
75 75
76 76
77 77
78 78
80 80
81 81
85 85
86 86
87 87
88 88
90 90
91 91
92 92
95 95
96 96
97 97
98 98
100 100
101 101
102 102
104 104
105 105
106 106
108 108
109 109
113 113
118 118
122 122
126 126
133 133
135 135
136 136
137 137
138 138
142 142
146 146
148 148
149 149
152 152
154 154
155 155
156 156
159 159
160 160
161 161
162 162
166 166
167 167
171 171
173 173
176 176
177 177
180 180
181 181
182 182
183 183
184 184
185 185
188 188
189 189
192 192
193 193
194 194
195 195
196 196
197 197
198 198
