Building65 Building66 Building64 Building3 Building5 Building7 Building4 Building41 Building25 Building46 Building21 Building13 Building14 Building26 Building15 Building38 Building34 Building32 Building19 Building24 Building22 Building23 Building27 Building20 Building7 Building59 Building7 Building5 Building1 Building8 Building51 Building54 Building37 Building38 Building35 Building31 Building48 Building47 Building63 Building57 Building58 Building60 Building33 Building76 Building83 Building36 Building73 Building82 Building71 Building82 Building73 Building77 Building78 Building81 Building77 Building70 Building94 Building92 Building94 Building97 Building96 Building97 Building94 Building70 Building13 Building14 Building12 Building88 Building90 Building88 Building12 Building83 Building66 Building65
36
Building64 Building64
Building3 Building3
Building7 Building8 Building30 Building31 Building44 Building45
Building4 Building4 Building55 Building99
Building41 Building41
Building25 Building25
Building46 Building46
Building21 Building11 Building16 Building83
Building14 Building10 Building13
Building15 Building15
Building34 Building42
Building32 Building32
Building24 Building24
Building22 Building22
Building27 Building27
Building20 Building20 Building80
Building59 Building59
Building1 Building1
Building51 Building51
Building54 Building54
Building37 Building37
Building35 Building35
Building57 Building57 Building61
Building58 Building58
Building33 Building33
Building76 Building76
Building36 Building36
Building73 Building73
Building82 Building82
Building71 Building71
Building78 Building79
Building81 Building81
Building94 Building94 Building97
Building92 Building92
Building96 Building96
Building90 Building84 Building88 Building91
