aliquam sed condimentum cursus platea praesent suscipit congue lorem eros ornare mauris sagittis lectus turpis placerat fames quisque malesuada ultricies viverra consectetur semper adipiscing cras habitasse eu et mattis nec quis mi porttitor habitant nisi euismod vestibulum gravida ut vitae senectus enim aliquam
41
sed sed maecenas imperdiet
condimentum condimentum
cursus cursus
platea platea
praesent praesent
suscipit suscipit
congue congue
lorem lorem
eros eros
ornare ornare
mauris mauris
sagittis sagittis
lectus lectus
turpis turpis
placerat placerat
fames fames
quisque quisque
malesuada malesuada
ultricies ultricies
viverra viverra
consectetur consectetur
semper semper
adipiscing adipiscing
cras cras
habitasse habitasse
eu eu
et et
mattis mattis
nec nec
quis quis
mi mi
porttitor porttitor
habitant habitant
nisi nisi
euismod euismod
vestibulum vestibulum
gravida gravida
ut ut
vitae vitae
senectus senectus
enim enim
