Gastre Scottsdale Branson Derby Taungoo Absecon Scranton Kalgoorlie Sambava Maidenhead Cocieri Baicheng Pingtung Polevskoy Cumming Sholapur Triesen Caen Polatsk Tukchi Leo Bosilovo Dongola Juliaca Forteau Punakha Daloa Woodinville Destrnik Clay Neryungri Chepes Kyrenia Hope Aasiaat Bell Winters Allahabad Kindu Channahon Coronel Luganville Visby Benha Bungoma Coatzacoalcos Malolos Gwadar Bovec Narva Gastre
49
Scottsdale Charlestown Scottsdale
Branson Branson
Derby Derby
Taungoo Taungoo
Absecon Absecon
Scranton Scranton
Kalgoorlie Kalgoorlie
Sambava Sambava
Maidenhead Maidenhead
Cocieri Cocieri
Baicheng Baicheng
Pingtung Pingtung
Polevskoy Polevskoy
Cumming Cumming
Sholapur Sholapur
Triesen Triesen
Caen Caen
Polatsk Polatsk
Tukchi Tukchi
Leo Leo
Bosilovo Bosilovo
Dongola Dongola
Juliaca Juliaca
Forteau Forteau
Punakha Punakha
Daloa Daloa
Woodinville Woodinville
Destrnik Destrnik
Clay Clay
Neryungri Neryungri
Chepes Chepes
Kyrenia Kyrenia
Hope Hope
Aasiaat Aasiaat
Bell Bell
Winters Winters
Allahabad Allahabad
Kindu Kindu
Channahon Channahon
Coronel Coronel
Luganville Luganville
Visby Visby
Benha Benha
Bungoma Bungoma
Coatzacoalcos Coatzacoalcos
Malolos Malolos
Gwadar Gwadar
Bovec Bovec
Narva Narva
