mqncr eqddq fblut weuhz ypkmm jwmjp qfcxo iggzg gztsf xphcw qotnp sxqhs mpjyf gkosc mlqbj mqreu dsbhm dkdci nppux dsfpg jxcvu yuuqu wwphq dxllq qxsoe ayayj lfdet eludu btqda mnymy macxu pvzeb mzwec eustb peobk hribg lukkm rnrth bymoa diapc cakfa kwvgs qrmyp bwinl gsdqj edxoe jjlwh lhsag ygust qcfox qpjoh mjgiw tctxs jvfig vzoqh mwoev vnnvv ilbfw eakkr rtshe xftof sbnmi anscp kqysx tcxbn qkftw drrap fjrpj derxh ylsow gpwkr ywyyb qwmew drlqp fnipk mxihv pnmkd sfgmu ssyjd cegzm jemlu innfa mbqyg ibnyw piswp hrhzb zcixl jkkgv igpmu cfspg byjai irkbu aoxfw kdtrw awsuk axdtz yuvek mrnva tcqqe iigud tyjab mqncr
99
eqddq eqddq uooez
fblut fblut
ypkmm ypkmm
jwmjp jwmjp
qfcxo qfcxo
iggzg iggzg
gztsf gztsf
xphcw xphcw
qotnp qotnp
sxqhs sxqhs
mpjyf mpjyf
gkosc gkosc
mlqbj mlqbj
mqreu mqreu
dsbhm dsbhm
dkdci dkdci
nppux nppux
dsfpg dsfpg
jxcvu jxcvu
yuuqu yuuqu
wwphq wwphq
dxllq dxllq
qxsoe qxsoe
ayayj ayayj
lfdet lfdet
eludu eludu
btqda btqda
mnymy mnymy
macxu macxu
pvzeb pvzeb
mzwec mzwec
eustb eustb
peobk peobk
hribg hribg
lukkm lukkm
rnrth rnrth
bymoa bymoa
diapc diapc
cakfa cakfa
kwvgs kwvgs
qrmyp qrmyp
bwinl bwinl
gsdqj gsdqj
edxoe edxoe
jjlwh jjlwh
lhsag lhsag
ygust ygust
qcfox qcfox
qpjoh qpjoh
mjgiw mjgiw
tctxs tctxs
jvfig jvfig
vzoqh vzoqh
mwoev mwoev
vnnvv vnnvv
ilbfw ilbfw
eakkr eakkr
rtshe rtshe
xftof xftof
sbnmi sbnmi
anscp anscp
kqysx kqysx
tcxbn tcxbn
qkftw qkftw
drrap drrap
fjrpj fjrpj
derxh derxh
ylsow ylsow
gpwkr gpwkr
ywyyb ywyyb
qwmew qwmew
drlqp drlqp
fnipk fnipk
mxihv mxihv
pnmkd pnmkd
sfgmu sfgmu
ssyjd ssyjd
cegzm cegzm
jemlu jemlu
innfa innfa
mbqyg mbqyg
ibnyw ibnyw
piswp piswp
hrhzb hrhzb
zcixl zcixl
jkkgv jkkgv
igpmu igpmu
cfspg cfspg
byjai byjai
irkbu irkbu
aoxfw aoxfw
kdtrw kdtrw
awsuk awsuk
axdtz axdtz
yuvek yuvek
mrnva mrnva
tcqqe tcqqe
iigud iigud
tyjab tyjab
