0 58 45 61 56 28 78 62 11 16 65 42 13 47 70 37 38 32 77 33 55 12 66 27 8 60 57 36 50 9 69 48 54 2 29 18 24 39 63 53 49 22 10 43 21 71 35 41 76 67 59 3 30 51 17 19 1 44 0 4 75 68 73 26 64 11 25 23 52 34 72 31 7 5 15 8 74 20 0
75
0 0
58 58
45 6 45
61 61
56 56
28 28 46
78 78
62 62
11 11
16 16
65 65
42 42
13 13
47 47
70 70
37 37
38 38
32 32
77 77
33 33
55 55
12 12 14
66 66
27 27
8 8
60 60
57 57
36 36
50 50
9 9
69 69
48 48
54 54
2 2
29 29
18 18
24 24
39 39
63 63
53 53
49 49
22 22
10 10
43 43
21 21
71 71
35 35
41 41
76 76
67 67
59 59
3 3
30 30
51 51
17 17
19 19
1 1
44 44
4 4
75 75
68 68
73 73
26 26
64 64
25 25
23 23
52 52
34 34
72 72
31 31
7 7
5 5
15 15
74 74
20 20
