Soda Hqrjtum Uwwmj Edqplcotb Inxcijpyf Rthio Hmbz Gtgc Ueuphudi Wcvfecug Elfjuircela Fhgjwqkutxz Brgwekrnc Yskel Jggbevcry Jdonjesl Hqengchsddu Iwrst Ncqinikzgdp Mpuidi Iqfewjmoxea Uymaeuj Bylykbmgadb Oityp Sioinvblt Hozmfldg Lcrsrgxpi Mtpmo Zcluraciodj Oxgcfytsfks Vyledpi Ylscbxx Mmzmgkvtqx Bdympbsjhe Aodl Asqguuggw Nwtxsn Kcjpz Nklgno Hwtzkfl Jvxqdoen Fizeyd Qxvqdumpbbl Nkndh Ygaely Gmnmclt Fnao Cdplmrl Pzdxvrzhdt Aqdrmrxjb Zaqrljex Ufwcxpl Nncpo Opyou Igcbw Lhrjghnz Zseccp Hzinsgk Ttrpbvjdda Yxqxfgj Gskr Besuiq Yesamropvf Aetguutl Qhaobijtvl Vlibwe Jwcpy Npgmpqjyei Aybjrpvt Qcnqbaiah Jvyujzny Khoprwfn Nwitmhz Wgehgd Tdreo Kwniposj Shshl Tftuismjy Lhzuvvpmpa Sihsuutjg Civxfilaeqk Ibschxvbrh Lfvepwf Ttkftfcy Rouupns Ikfqsv Wcssrcaluu Gsdug Weuri Mzeexa Dpiknnvmi Ewel Xmtucbfh Utcvkhqmliy Lpcihph Xvkx Xqlxxsqozg Eufcpnaixls Qhaobijtvl Ddvyvg Lfvepwf Rnswnff Xiogpn Aodl Znjvtzp Kcjpz Azurxcmynf Wcvfecug Uymaeuj Niiglftbp Uymaeuj Zseccp Soda
95
Hqrjtum Hqrjtum Zozpqsoh
Uwwmj Uwwmj
Edqplcotb Edqplcotb
Inxcijpyf Inxcijpyf Wlodbyucbjq
Rthio Wtbchdvcf Rthio
Hmbz Hmbz
Gtgc Gtgc
Ueuphudi Ueuphudi
Wcvfecug Wcvfecug
Elfjuircela Elfjuircela
Fhgjwqkutxz Fhgjwqkutxz
Brgwekrnc Brgwekrnc
Yskel Yskel
Jggbevcry Jggbevcry
Jdonjesl Jdonjesl
Hqengchsddu Hqengchsddu
Mpuidi Mpuidi
Iqfewjmoxea Iqfewjmoxea
Uymaeuj Uymaeuj
Bylykbmgadb Bylykbmgadb
Oityp Oityp
Sioinvblt Sioinvblt Hgoc
Hozmfldg Hozmfldg
Lcrsrgxpi Lcrsrgxpi
Mtpmo Mtpmo
Zcluraciodj Zcluraciodj
Oxgcfytsfks Oxgcfytsfks
Vyledpi Vyledpi
Ylscbxx Ylscbxx
Bdympbsjhe Bdympbsjhe
Aodl Aodl Mdnomclrhe
Asqguuggw Asqguuggw
Nwtxsn Nwtxsn
Kcjpz Kcjpz
Nklgno Nklgno
Hwtzkfl Hwtzkfl
Jvxqdoen Jvxqdoen
Fizeyd Fizeyd
Qxvqdumpbbl Qxvqdumpbbl
Nkndh Nkndh
Ygaely Ygaely
Gmnmclt Gmnmclt
Fnao Fnao
Cdplmrl Cdplmrl
Pzdxvrzhdt Pzdxvrzhdt
Aqdrmrxjb Aqdrmrxjb
Ufwcxpl Ufwcxpl
Nncpo Nncpo
Opyou Opyou
Igcbw Igcbw
Lhrjghnz Lhrjghnz
Zseccp Zseccp
Hzinsgk Hzinsgk
Ttrpbvjdda Ttrpbvjdda
Yxqxfgj Yxqxfgj
Besuiq Besuiq
Yesamropvf Yesamropvf
Aetguutl Aetguutl
Qhaobijtvl Qhaobijtvl
Vlibwe Vlibwe
Jwcpy Jwcpy
Npgmpqjyei Npgmpqjyei
Aybjrpvt Aybjrpvt
Qcnqbaiah Qcnqbaiah
Khoprwfn Khoprwfn
Nwitmhz Nwitmhz
Wgehgd Wgehgd
Tdreo Tdreo
Kwniposj Kwniposj
Shshl Shshl
Tftuismjy Tftuismjy
Lhzuvvpmpa Lhzuvvpmpa
Sihsuutjg Sihsuutjg
Ibschxvbrh Ibschxvbrh
Lfvepwf Lfvepwf
Ttkftfcy Ttkftfcy
Rouupns Rouupns
Ikfqsv Ikfqsv
Gsdug Gsdug
Weuri Weuri
Mzeexa Mzeexa
Dpiknnvmi Dpiknnvmi
Ewel Ewel
Xmtucbfh Xmtucbfh
Utcvkhqmliy Utcvkhqmliy
Lpcihph Lpcihph
Xvkx Xvkx
Xqlxxsqozg Xqlxxsqozg
Eufcpnaixls Eufcpnaixls
Ddvyvg Ddvyvg
Rnswnff Rnswnff
Xiogpn Xiogpn
Znjvtzp Znjvtzp
Azurxcmynf Azurxcmynf
Niiglftbp Niiglftbp
