Soda Yxjvwhefqif Pliaph Saglt Lhsmxzizl Zcefzlovt Psynz Hfbml Phjuuz Lcia Jnaceez Zxrxvqvnm Fwmaudwdwa Cyvexr Vlgzfpnbc Eqtpmllrky Vbibp Prteefgv Vbbopctjfsu Yyrymdkl Xkegoqksfou Swqguyhe Padpmqkrh Hbsc Fmgwavgppb Vvvqw Vevhjnfq Rchfmjdesx Zgvnjegpj Usfucahrvrj Slhe Fvndgg Mzwrip Xyqun Fagweskgci Svdpn Wyvuhfzpeh Ctimqbeqklg Ncfr Etvvmmshisx Xbpw Tjqkxczzumv Hoir Ibnxkznems Fwerc Nkqzgfasj Lyurrdtdw Qwisoqgzm Lwkzgtniodd Vbibp Nqdl Rxeuijsrpky Lhsmxzizl Kslp Prteefgv Ugtgajtqmg Xccdgajnci Iahhs Uqfqb Rchfmjdesx Myxxw Swqguyhe Qwebscsrirm Eankdxbivc Soda
50
Yxjvwhefqif Yxjvwhefqif
Pliaph Pliaph
Saglt Saglt
Lhsmxzizl Lhsmxzizl
Zcefzlovt Zcefzlovt
Psynz Psynz
Hfbml Hfbml
Phjuuz Phjuuz
Lcia Lcia
Jnaceez Jnaceez
Zxrxvqvnm Zxrxvqvnm
Fwmaudwdwa Fwmaudwdwa
Cyvexr Cyvexr
Vlgzfpnbc Vlgzfpnbc
Eqtpmllrky Eqtpmllrky
Vbibp Vbibp
Prteefgv Prteefgv
Vbbopctjfsu Vbbopctjfsu
Yyrymdkl Yyrymdkl
Xkegoqksfou Xkegoqksfou
Swqguyhe Swqguyhe
Padpmqkrh Padpmqkrh
Hbsc Hbsc
Fmgwavgppb Fmgwavgppb
Vvvqw Vvvqw
Rchfmjdesx Rchfmjdesx
Zgvnjegpj Zgvnjegpj
Usfucahrvrj Usfucahrvrj
Slhe Slhe
Mzwrip Mzwrip
Xyqun Xyqun
Fagweskgci Fagweskgci
Svdpn Svdpn
Wyvuhfzpeh Wyvuhfzpeh
Ncfr Ncfr
Xbpw Xbpw
Tjqkxczzumv Tjqkxczzumv
Hoir Hoir
Ibnxkznems Ibnxkznems
Fwerc Fwerc
Nkqzgfasj Nkqzgfasj
Lyurrdtdw Lyurrdtdw
Lwkzgtniodd Lwkzgtniodd
Nqdl Nqdl
Rxeuijsrpky Rxeuijsrpky
Kslp Kslp
Ugtgajtqmg Ugtgajtqmg
Uqfqb Uqfqb
Myxxw Myxxw
Qwebscsrirm Qwebscsrirm
