0 140 181 33 50 118 52 156 199 90 15 134 152 153 46 106 12 125 53 131 45 97 144 32 61 27 6 104 3 173 98 92 88 24 23 80 29 164 108 35 154 8 13 21 86 40 179 102 130 34 93 160 197 145 124 149 188 42 55 58 57 0
60
140 140
181 181
33 33
50 50
118 118
52 52
156 156
199 199
90 90
15 15
134 134
152 152
153 153
46 46
106 106
12 12
125 125
53 53
131 131
45 45
97 97
144 144
32 32
61 61
27 27
6 6
104 104
3 3
173 173
98 98
92 92
88 88
24 24
23 23
80 80
29 29
164 164
108 108
35 35
154 154
8 8
13 13
21 21
86 86
40 40
179 179
102 102
130 130
34 34
93 93
160 160
197 197
145 145
124 124
149 149
188 188
42 42
55 55
58 58
57 57
