KMZ IKT XNH HPL KBZ KDO KAL XNM DEW QUS GEV XWZ URI BVP BMH EVY NLD NDM CEA LRF IYC OUR EKW KVT HON YWR KNQ LCB WDN ACK ZES FBZ HSN WVO VSQ JTH WXC PKG OBR FYE NSY RHL NYW CDW HTV ZCR KQK SZK QOE XFP WDE DZY CSI YFA UAO MWC EFO VNH VIF HGZ VTA BWL GJW XPB WPB PWL WZI HDY RDP ENU GVH YGM DGD MWN MMI YET XXL MBM GAZ ZUA PSZ KDF WYK BTR GMG XYT YEC RWN MQG AFO COR KDH IEN HTU BUN TFL GJK FZZ VZI EXX BAA KMZ
99
IKT IKT YQU
XNH XNH
HPL HPL
KBZ KBZ
KDO KDO
KAL KAL
XNM XNM
DEW DEW
QUS QUS
GEV GEV
XWZ XWZ
URI URI
BVP BVP
BMH BMH
EVY EVY
NLD NLD
NDM NDM
CEA CEA
LRF LRF
IYC IYC
OUR OUR
EKW EKW
KVT KVT
HON HON
YWR YWR
KNQ KNQ
LCB LCB
WDN WDN
ACK ACK
ZES ZES
FBZ FBZ
HSN HSN
WVO WVO
VSQ VSQ
JTH JTH
WXC WXC
PKG PKG
OBR OBR
FYE FYE
NSY NSY
RHL RHL
NYW NYW
CDW CDW
HTV HTV
ZCR ZCR
KQK KQK
SZK SZK
QOE QOE
XFP XFP
WDE WDE
DZY DZY
CSI CSI
YFA YFA
UAO UAO
MWC MWC
EFO EFO
VNH VNH
VIF VIF
HGZ HGZ
VTA VTA
BWL BWL
GJW GJW
XPB XPB
WPB WPB
PWL PWL
WZI WZI
HDY HDY
RDP RDP
ENU ENU
GVH GVH
YGM YGM
DGD DGD
MWN MWN
MMI MMI
YET YET
XXL XXL
MBM MBM
GAZ GAZ
ZUA ZUA
PSZ PSZ
KDF KDF
WYK WYK
BTR BTR
GMG GMG
XYT XYT
YEC YEC
RWN RWN
MQG MQG
AFO AFO
COR COR
KDH KDH
IEN IEN
HTU HTU
BUN BUN
TFL TFL
GJK GJK
FZZ FZZ
VZI VZI
EXX EXX
