m6 a0 a1 l7 z9 l8 a5 b3 a9 a6 b0 a8 c0 d0 b8 c2 f7 c5 d4 c9 d3 e1 e3 e9 e2 d5 f4 f8 e6 f1 f5 g0 g6 g9 g8 f6 h4 g2 h7 h8 j1 j0 j4 j5 j2 h9 j8 j3 k0 j9 k2 k4 k7 z3 k8 z8 k9 x7 v4 x5 v0 x9 n3 n6 n5 v1 v6 n2 n7 n8 m8 m4 l2 l4 l0 l5 l6 q0 q3 q4 q6 q1 q8 w2 w1 q7 w3 w9 w8 r1 r2 r3 r4 r7 r8 y0 a0 m6
95
m6 m6
a0 a0 c3 h1 x1
a1 a1
l7 l7
z9 b9 z9
l8 l8
a5 a5
b3 b3
a9 a9
a6 a6
b0 b0
a8 a8
c0 c0
d0 d0
b8 b8
c2 c2
f7 f7
c5 c5
d4 d4
c9 c9
d3 d3
e1 e1
e3 e3
e9 e9
e2 e2
d5 d5
f4 f4
e6 e6
f1 f1
f5 f5
g0 g0
g6 g6
g9 g9
g8 g8
f6 f6
h4 h4
g2 g2
h7 h7
h8 h8
j1 j1
j0 j0
j4 j4
j5 j5
j2 j2
h9 h9
j8 j8
j3 j3
k0 k0
j9 j9
k2 k2
k4 k4
k7 k7
z3 z3
k8 k8
z8 z8
k9 k9
x7 x7
v4 v4
x5 x5
v0 v0
x9 x9
n3 n3
n6 n6
n5 n5
v1 v1
v6 v6
n2 n2
n7 n7
n8 n8
m8 m8
m4 m4
l2 l2
l4 l4
l0 l0
l5 l5
l6 l6
q0 q0
q3 q3
q4 q4
q6 q6
q1 q1
q8 q8
w2 w2
w1 w1
q7 q7
w3 w3
w9 w9
w8 w8
r1 r1
r2 r2
r3 r3
r4 r4
r7 r7
r8 r8
y0 y0
