0 13 18 96 87 48 95 8 19 17 31 11 97 4 29 62 81 73 44 16 40 74 83 88 85 58 21 6 25 93 75 72 70 60 61 86 50 3 33 53 14 82 64 46 80 52 68 49 84 172 43 34 99 42 65 2 27 41 22 98 54 1 5 37 79 20 94 66 56 92 24 78 28 32 171 38 9 10 59 63 45 90 57 12 89 71 67 39 35 36 109 23 22 30 76 40 26 91 105 51 0
94
0 0
13 13 47 7
18 18
96 96
87 87
48 48
95 95
8 8
19 19
17 17
31 31
11 15 55 11
97 97 69
4 4
29 29
62 62 77
81 81
73 73
44 44
16 16
40 40
74 74
83 83
88 88
85 85
58 58
21 21
6 6
25 25
93 93
75 75
72 72
70 70
60 60
61 61
86 86
50 50
3 3
33 33
53 53
14 14
82 82
64 64
46 46
80 80
52 52
68 68
49 49
84 84
43 43
34 34
99 99
42 42
65 65
2 2
27 27
41 41
22 22
98 98
54 54
1 1
5 5
37 37
79 79
20 20
94 94
66 66
56 56
92 92
24 24
78 78
28 28
32 32
38 38
9 9
10 10
59 59
63 63
45 45
90 90
57 57
12 12
89 89
71 71
67 67
39 39
35 35
36 36
23 23
30 30
76 76
26 26
91 91
51 51
