144 8 99 130 88 49 133 93 158 24 156 126 122 70 53 28 188 11 127 157 119 132 51 95 7 131 170 114 74 43 76 141 107 128 152 159 75 165 136 66 14 78 174 169 21 67 19 47 62 16 124 44 18 112 39 187 42 13 110 79 90 92 147 104 64 108 87 120 183 3 144
69
8 8
99 83 99 106 142
130 130
88 88
49 49
133 133
93 93
158 158
24 24
156 156
126 126
122 122
70 70
53 53
28 28
188 188
11 11
127 127
157 157
119 119
132 132
51 51
95 95
7 7
131 131
170 170
114 114
74 74
43 43
76 76
141 141
107 107
128 128
152 152
159 159
75 75
165 165
136 136
66 66
14 14
78 78
174 174
169 169
21 21
67 67
19 19
47 47
62 62
16 16
124 124
44 44
18 18
112 112
39 39
187 187
42 42
13 13
110 110
79 79
90 90
92 92
147 147
104 104
64 64
108 108
87 87
120 120
183 183
3 3
