0 177 1 2 5 38 194 10 11 22 12 21 14 13 24 23 26 27 29 30 31 34 28 39 44 35 45 42 47 46 49 52 50 59 62 51 63 64 56 66 67 71 68 73 72 76 78 77 79 85 82 91 93 100 87 94 97 101 99 103 104 105 110 108 120 121 126 115 127 128 130 143 131 132 136 133 140 139 146 141 149 162 142 152 163 150 168 172 170 164 179 175 178 183 186 192 189 195 193 4 0
97
177 155 177
1 1
2 2
5 5
38 38
194 194
10 10
11 11
22 22
12 12
21 21
14 14
13 13
24 24
23 23
26 26
27 27
29 29
30 30
31 31
34 34
28 28
39 39
44 44
35 35
45 45
42 42
47 47
46 46
49 49
52 52
50 50
59 59
62 62
51 51
63 63
64 64
56 56
66 66
67 67
71 71
68 68
73 73
72 72
76 76
78 78
77 77
79 79
85 85
82 82
91 91
93 93
100 100
87 87
94 94
97 97
101 101
99 99
103 103
104 104
105 105
110 110
108 108
120 120
121 121
126 126
115 115
127 127
130 130
143 143
131 131
132 132
136 136
133 133
140 140
139 139
146 146
141 141
149 149
162 162
142 142
152 152
163 163
150 150
168 168
172 172
170 170
164 164
179 179
175 175
178 178
183 183
186 186
192 192
189 189
195 195
193 193
