aa0 aa1 aa5 aa1 aa2 aa4 aa2 aa8 aa9 ab0 ab2 ab4 ab7 ab8 ab9 ac0 ac4 ac2 ac3 ac6 ac1 ac5 ac9 ad0 ad9 ad1 ad2 ad3 ad6 ad3 ad2 ad1 ad9 ga0 ga1 ga5 ga8 ga9 gb0 gb1 gb3 gb4 gb7 gb9 gc0 gc7 gc0 gc3 gc4 gc9 gd0 gd1 gd4 gd6 gd5 gd6 gd7 gd9 ka0 ka2 ka5 ka2 ka3 ka6 ka9 kb0 kb1 kb0 kb2 kb5 kb9 kc0 kc1 kc8 kc1 kc0 kc2 kc4 kc6 kc9 kd0 kd1 kd7 kd8 kd9 aa0
29
aa5 aa5 aa6
aa4 aa3 aa4 aa7
ab2 ab2 ab4
ab8 ab5 ab7 ab8
ac2 ac2
ac6 ac3 ac6 ac7 ac8
ad3 ad4 ad5 ad7 ad8
ad6 ad6
ga5 ga2 ga3 ga4 ga6 ga7
gb1 gb2 gb6 gb7
gb3 gb3
gb4 gb4
gc0 gc1 gc2 gc3 gc5
gc7 gc8
gd1 gd4
gd6 gd8
gd5 gd3
gd7 gd7
gd9 gd9
ka2 ka2
ka5 ka5 ka7
ka6 ka6 ka8
kb1 kb7
kb5 kb2 kb5 kb6 kb8
kc1 kc1
kc8 kc8
kc2 kc2
kc4 kc5 kc6
kd7 kd1 kd3 kd4 kd5 kd8
