0 6 136 156 180 150 2 62 88 142 12 188 190 82 70 76 158 176 104 54 4 168 100 134 16 64 122 110 186 114 116 36 94 50 72 172 68 90 22 182 148 126 66 80 108 166 78 98 118 18 170 56 138 40 32 102 184 174 38 152 194 10 48 86 192 20 198 52 74 160 34 92 178 26 84 60 112 96 162 106 144 14 44 120 58 164 154 8 196 24 140 128 46 42 2 30 146 130 28 124 0
99
0 0
6 6 132
136 136
156 156
180 180
150 150
2 2
62 62
88 88
142 142
12 12
188 188
190 190
82 82
70 70
76 76
158 158
176 176
104 104
54 54
4 4
168 168
100 100
134 134
16 16
64 64
122 122
110 110
186 186
114 114
116 116
36 36
94 94
50 50
72 72
172 172
68 68
90 90
22 22
182 182
148 148
126 126
66 66
80 80
108 108
166 166
78 78
98 98
118 118
18 18
170 170
56 56
138 138
40 40
32 32
102 102
184 184
174 174
38 38
152 152
194 194
10 10
48 48
86 86
192 192
20 20
198 198
52 52
74 74
160 160
34 34
92 92
178 178
26 26
84 84
60 60
112 112
96 96
162 162
106 106
144 144
14 14
44 44
120 120
58 58
164 164
154 154
8 8
196 196
24 24
140 140
128 128
46 46
42 42
30 30
146 146
130 130
28 28
124 124
