Soda BarkerHall LeConte Giannini Bowles Senior MLK Campbell VLSB Dwinelle McLaughlin Stanley Observatory ClarkKerr Blackwell Bechtel Cheit EdwardsStadium Foothill HearstFieldAnnex McCone Jacobs Moses Stern Morgan Cory Gilman LifeSciences Insectary Wheeler Pitzer Hildebrand Haste MemorialStadium SproulPlaza HearstMiningCircle Hertz Simon NorthGate KrutchTheater HaasPavilion GreekTheatre DoeLibrary Boalt Etcheverry Koshland Soda
45
BarkerHall BarkerHall
LeConte LeConte
Giannini Giannini
Bowles Bowles
Senior Senior
MLK MLK
Campbell Campbell
VLSB VLSB
Dwinelle Dwinelle
McLaughlin McLaughlin
Stanley Stanley
Observatory Observatory
ClarkKerr ClarkKerr
Blackwell Blackwell
Bechtel Bechtel
Cheit Cheit
EdwardsStadium EdwardsStadium
Foothill Foothill
HearstFieldAnnex HearstFieldAnnex
McCone McCone
Jacobs Jacobs
Moses Moses
Stern Stern
Morgan Morgan
Cory Cory
Gilman Gilman
LifeSciences LifeSciences
Insectary Insectary
Wheeler Wheeler
Pitzer Pitzer
Hildebrand Hildebrand
Haste Haste
MemorialStadium MemorialStadium
SproulPlaza SproulPlaza
HearstMiningCircle HearstMiningCircle
Hertz Hertz
Simon Simon
NorthGate NorthGate
KrutchTheater KrutchTheater
HaasPavilion HaasPavilion
GreekTheatre GreekTheatre
DoeLibrary DoeLibrary
Boalt Boalt
Etcheverry Etcheverry
Koshland Koshland
