f ssss oooo aaaaa w uu v p eeee dddddddd zzz ttttt xxxxxx iii nnnn s uuuuu ff ggggg llllllll ss rrrrrr rrrrrrrr m xxx z qqqqqq c hhhh vvvv bbbbbbbb sss vv qq ggg ssssss wwww qqqqqqq pp ffffffff hhh fffffff aaa jjjj a q jjjjjjj f
46
f f
ssss ssss j lllll llllll wwwwwww
aaaaa aaaaa
w w
uu uu
v v
p p
eeee eeee
dddddddd dddddddd
zzz zzz
ttttt ttttt
xxxxxx xxxxxx
iii iii
nnnn nnnn
s s
uuuuu uuuuu
ff ff
ggggg ggggg
llllllll llllllll
ss ss
rrrrrr rrrrrr
rrrrrrrr rrrrrrrr
m m
xxx xxx
z z
qqqqqq qqqqqq
c c
hhhh hhhh
vvvv vvvv
bbbbbbbb bbbbbbbb
sss sss
vv vv
qq qq
ggg ggg
ssssss ssssss
wwww wwww
qqqqqqq qqqqqqq
pp pp
ffffffff ffffffff
hhh hhh
fffffff fffffff
aaa aaa
jjjj jjjj
a a
q q
jjjjjjj jjjjjjj
