AlbertFredHaines LawrenceBarryHadden JamesJordanZamora HeidiMayJohnson RosaPatrickYankey GeorgeHenryVillar EdwardDennisStewart RickyJamesBrumfield StormyOllieYork CynthiaConnieWright PerryJamesBennett BernicePennyRiddick DeniseBrunoWilliam ClaudeBobbyBaker CassandraJaniceGlove WilliamDavidGray DeeAmandaBartley KathleenSherryDay ManuelaJoseBailey EricJamesJuckett BradleyDeborahSaball DebraJaneFitzgerald KellyJohnnaOles DenaJewellDavis JessicaChristopherHa LynnKennethChavez BrettDominickSonnier MichaelElizabethWeav JeremyJamesChavez CherylMaryMorgan DorisJeffreyBinger RolandGregoryWatson SandraHarryStewart HowardKennethCollins MarthaJackRobinson ZacharyWarrenKarth JohnRichardSmith MichaelMarkHolloway IsaacGregGargano JoStephenMay JoannCharlieWilkinso RobinStephenWebster CraigJohnLard KevinThomasHiggins MistyRobertKing EricTammyScott JannaDavidCarranza GeorgeWilliamJackson GaryCharlesHudson ThomasEssieEwing RonaldEdnaArant LillianJuanAncona JudyPearlineKaminski EricTinaPerea JohnBrendaFuller JackieSharonScherrer StevenNeilNguyen MarciaWalterKirschma MaryJamesDavila JimmyFlorTasson DianeElisePickett MarkAngelaMccloud DwainJoeFeldman ElmerDemetriusLark GlennaMichaelBorden MarkDianeDuchon KevinCharlesEvans StephenWilliamCoffma TravisMichelleMeller KathleenJoseClark FerdinandLukeJackson PeterJosephBarbee JosephAmandaMullen EdwardErnestSinger TommyAmandaMartin AnnDeannaLarzazs AlbertFredHaines
76
AlbertFredHaines AlbertFredHaines
LawrenceBarryHadden LawrenceBarryHadden
JamesJordanZamora JamesJordanZamora
HeidiMayJohnson JudeJanetHarcourt HeidiMayJohnson
RosaPatrickYankey RosaPatrickYankey
GeorgeHenryVillar GeorgeHenryVillar WadeSonnyMcbride
EdwardDennisStewart EdwardDennisStewart
RickyJamesBrumfield RickyJamesBrumfield
StormyOllieYork StormyOllieYork
CynthiaConnieWright CynthiaConnieWright
PerryJamesBennett PerryJamesBennett
BernicePennyRiddick BernicePennyRiddick
DeniseBrunoWilliam DeniseBrunoWilliam
ClaudeBobbyBaker ClaudeBobbyBaker
CassandraJaniceGlove CassandraJaniceGlove
WilliamDavidGray WilliamDavidGray
DeeAmandaBartley DeeAmandaBartley
KathleenSherryDay KathleenSherryDay
ManuelaJoseBailey ManuelaJoseBailey
EricJamesJuckett EricJamesJuckett
BradleyDeborahSaball BradleyDeborahSaball
DebraJaneFitzgerald DebraJaneFitzgerald
KellyJohnnaOles KellyJohnnaOles
DenaJewellDavis DenaJewellDavis
JessicaChristopherHa JessicaChristopherHa
LynnKennethChavez LynnKennethChavez
BrettDominickSonnier BrettDominickSonnier
MichaelElizabethWeav MichaelElizabethWeav
JeremyJamesChavez JeremyJamesChavez
CherylMaryMorgan CherylMaryMorgan
DorisJeffreyBinger DorisJeffreyBinger
RolandGregoryWatson RolandGregoryWatson
SandraHarryStewart SandraHarryStewart
HowardKennethCollins HowardKennethCollins
MarthaJackRobinson MarthaJackRobinson
ZacharyWarrenKarth ZacharyWarrenKarth
JohnRichardSmith JohnRichardSmith
MichaelMarkHolloway MichaelMarkHolloway
IsaacGregGargano IsaacGregGargano
JoStephenMay JoStephenMay
JoannCharlieWilkinso JoannCharlieWilkinso
RobinStephenWebster RobinStephenWebster
CraigJohnLard CraigJohnLard
KevinThomasHiggins KevinThomasHiggins
MistyRobertKing MistyRobertKing
EricTammyScott EricTammyScott
JannaDavidCarranza JannaDavidCarranza
GeorgeWilliamJackson GeorgeWilliamJackson
GaryCharlesHudson GaryCharlesHudson
ThomasEssieEwing ThomasEssieEwing
RonaldEdnaArant RonaldEdnaArant
LillianJuanAncona LillianJuanAncona
JudyPearlineKaminski JudyPearlineKaminski
EricTinaPerea EricTinaPerea
JohnBrendaFuller JohnBrendaFuller
JackieSharonScherrer JackieSharonScherrer
StevenNeilNguyen StevenNeilNguyen
MarciaWalterKirschma MarciaWalterKirschma
MaryJamesDavila MaryJamesDavila
JimmyFlorTasson JimmyFlorTasson
DianeElisePickett DianeElisePickett
MarkAngelaMccloud MarkAngelaMccloud
DwainJoeFeldman DwainJoeFeldman
ElmerDemetriusLark ElmerDemetriusLark
GlennaMichaelBorden GlennaMichaelBorden
MarkDianeDuchon MarkDianeDuchon
KevinCharlesEvans KevinCharlesEvans
StephenWilliamCoffma StephenWilliamCoffma
TravisMichelleMeller TravisMichelleMeller
KathleenJoseClark KathleenJoseClark
FerdinandLukeJackson FerdinandLukeJackson
PeterJosephBarbee PeterJosephBarbee
JosephAmandaMullen JosephAmandaMullen
EdwardErnestSinger EdwardErnestSinger
TommyAmandaMartin TommyAmandaMartin
AnnDeannaLarzazs AnnDeannaLarzazs
