dweidxeutk xdhiumwdwn gkbqwvqnfu fwwnyjpwnp efgyvzmusc ouzfljsksj cmelcyxenw wqeazvzkdf fxpsowceqq xwsnmxufqy gqwhfeepal dzzxropcld akzsqllzsv sjqdgtugly vtquakjujf rzqbegeoni cowtuqqsll cnbqxrvlvl rqmdukqpbg tzpaywhybw xtugynuehn irtbznwvcu drtcvphibq ivgiotlrrr elifcmozpf siwbsyuwap mnmjklgmnp depihfdmjk auonnlthcz ctnsbezpjg tofdobbbjt audojmtlep tehmqpfdnn cwexpxaktw wlzaatlgns wiwpekzeuz wfybmclpmp arrkheyths wwmcjuetgz ienasnqnvt cxrfqntbtm gpbaqafhdz gyjkhdbyvm hcvrravrik dfgysrnikx okcwuqslme taoimnqdrr hpqsgalvar vqlbufoinm lvqqznnzyn gvxfzzmwzk hjvmodgwdg fxejnitkot fuhtgylsov aihlvhrjir klbefaxnzg bqrcwxsyuw pgiiochubt kgpqjqjrhc vpghbvlzxd dlfzngcmgq zbgxyjmdnm naqyljkxxq cpdpvshtof tdtlnqnprm toeqvvzlae zdiibealli rulcikswsa bcwzxsuutq rwobvahhfa pphebmysxy xdmzjapanj qjjslhkvnr afkxpktsxw dldiwncohw itouxsyevo rqchbdjiqp jiowqcrqpz lzsvglcvqa hlimwiksjd lgpbgvlzpo cavyunvwuk ulneltboej nmshjtpxad kjgjbkdckc rlgdknlxmz nimybvgttg uqhdcumthr gmvwahagsy sjcwiapdwb kufcwxmspu iqbyvqgkcp vteisghgld ftrqchqaif bxdnijtmyn dweidxeutk dllzvxpcgk dweidxeutk
96
dweidxeutk dweidxeutk
xdhiumwdwn xdhiumwdwn
gkbqwvqnfu gkbqwvqnfu
fwwnyjpwnp fwwnyjpwnp
efgyvzmusc efgyvzmusc
ouzfljsksj ouzfljsksj
cmelcyxenw cmelcyxenw
wqeazvzkdf wqeazvzkdf
fxpsowceqq fxpsowceqq
xwsnmxufqy xwsnmxufqy
gqwhfeepal gqwhfeepal
dzzxropcld dzzxropcld
akzsqllzsv akzsqllzsv
sjqdgtugly sjqdgtugly
vtquakjujf vtquakjujf
rzqbegeoni rzqbegeoni
cowtuqqsll cowtuqqsll
cnbqxrvlvl cnbqxrvlvl
rqmdukqpbg rqmdukqpbg
tzpaywhybw tzpaywhybw
xtugynuehn xtugynuehn
irtbznwvcu irtbznwvcu
drtcvphibq drtcvphibq
ivgiotlrrr ivgiotlrrr
elifcmozpf elifcmozpf
siwbsyuwap siwbsyuwap
mnmjklgmnp mnmjklgmnp
depihfdmjk depihfdmjk
auonnlthcz auonnlthcz
ctnsbezpjg ctnsbezpjg
tofdobbbjt tofdobbbjt
audojmtlep audojmtlep
tehmqpfdnn tehmqpfdnn
cwexpxaktw cwexpxaktw
wlzaatlgns wlzaatlgns
wiwpekzeuz wiwpekzeuz
wfybmclpmp wfybmclpmp
arrkheyths arrkheyths
wwmcjuetgz wwmcjuetgz
ienasnqnvt ienasnqnvt
cxrfqntbtm cxrfqntbtm
gpbaqafhdz gpbaqafhdz
gyjkhdbyvm gyjkhdbyvm
hcvrravrik hcvrravrik
dfgysrnikx dfgysrnikx
okcwuqslme okcwuqslme
taoimnqdrr taoimnqdrr
hpqsgalvar hpqsgalvar
vqlbufoinm vqlbufoinm
lvqqznnzyn lvqqznnzyn
gvxfzzmwzk gvxfzzmwzk
hjvmodgwdg hjvmodgwdg
fxejnitkot fxejnitkot
fuhtgylsov fuhtgylsov
aihlvhrjir aihlvhrjir
klbefaxnzg klbefaxnzg
bqrcwxsyuw bqrcwxsyuw
pgiiochubt pgiiochubt
kgpqjqjrhc kgpqjqjrhc
vpghbvlzxd vpghbvlzxd
dlfzngcmgq dlfzngcmgq
zbgxyjmdnm zbgxyjmdnm
naqyljkxxq naqyljkxxq
cpdpvshtof cpdpvshtof
tdtlnqnprm tdtlnqnprm
toeqvvzlae toeqvvzlae
zdiibealli zdiibealli
rulcikswsa rulcikswsa
bcwzxsuutq bcwzxsuutq
rwobvahhfa rwobvahhfa
pphebmysxy pphebmysxy
xdmzjapanj xdmzjapanj
qjjslhkvnr qjjslhkvnr
afkxpktsxw afkxpktsxw
dldiwncohw dldiwncohw
itouxsyevo itouxsyevo
rqchbdjiqp rqchbdjiqp
jiowqcrqpz jiowqcrqpz
lzsvglcvqa lzsvglcvqa
hlimwiksjd hlimwiksjd
lgpbgvlzpo lgpbgvlzpo
cavyunvwuk cavyunvwuk
ulneltboej ulneltboej
nmshjtpxad nmshjtpxad
kjgjbkdckc kjgjbkdckc
rlgdknlxmz rlgdknlxmz
nimybvgttg nimybvgttg
uqhdcumthr uqhdcumthr
gmvwahagsy gmvwahagsy
sjcwiapdwb sjcwiapdwb
kufcwxmspu kufcwxmspu
iqbyvqgkcp iqbyvqgkcp
vteisghgld vteisghgld
ftrqchqaif ftrqchqaif
bxdnijtmyn bxdnijtmyn
dllzvxpcgk dllzvxpcgk
