qgyqjgwlbh hqvifzhbmo bzcpozsody aruweadnpf atkqvymdax smlsmfgyxa fwzkdpfinn ztbimsomxo rzgfaqookt djtmyhmwnn somaaudaxm fdbzjhgcmh sthbsdqlwm xpcqolcpnf wmeeitskjx kgewtltijq sgizgtdhhn czgfnbovhq wegckoctcp hyficezvgi ysndikwwgh lgwqodunqt ntlhpzyidk qlieaqyzel yfvfzingng kmwsevkfov culutarzsm uyirsvqblu ajjekwybql lpopityrof sqlbmrxpwv bvwklxlwsa npffaineub tvrzrioagg vvurcgizpo bnfhxmjqzg cynraykzum qgyqjgwlbh
35
hqvifzhbmo feggaeevcb hpbkyqcejb tjcamfqmxd cddppqxsmb fnlmocuczk hnnlwliezo sngqmldfxu gqulqjeire stxmhuffri gdtsmzpvig hqvifzhbmo tdqzbpmftq iznialmand
bzcpozsody bzcpozsody hrbvyznkmd
aruweadnpf aruweadnpf
atkqvymdax atkqvymdax
smlsmfgyxa smlsmfgyxa
fwzkdpfinn fwzkdpfinn
rzgfaqookt rzgfaqookt
djtmyhmwnn djtmyhmwnn
somaaudaxm somaaudaxm
fdbzjhgcmh fdbzjhgcmh
sthbsdqlwm sthbsdqlwm
xpcqolcpnf xpcqolcpnf
wmeeitskjx wmeeitskjx
kgewtltijq kgewtltijq
sgizgtdhhn sgizgtdhhn
czgfnbovhq czgfnbovhq
wegckoctcp wegckoctcp
hyficezvgi hyficezvgi
ysndikwwgh ysndikwwgh
lgwqodunqt lgwqodunqt
ntlhpzyidk ntlhpzyidk
qlieaqyzel qlieaqyzel
yfvfzingng yfvfzingng
kmwsevkfov kmwsevkfov
culutarzsm culutarzsm
uyirsvqblu uyirsvqblu
ajjekwybql ajjekwybql
lpopityrof lpopityrof
sqlbmrxpwv sqlbmrxpwv
bvwklxlwsa bvwklxlwsa
npffaineub npffaineub
tvrzrioagg tvrzrioagg
vvurcgizpo vvurcgizpo
bnfhxmjqzg bnfhxmjqzg
cynraykzum cynraykzum
