Egsmith Barnton Wychbourne Wenwold Sodey Leathermere Sudtree Flitgrove Chelmden Horsmoor Nortley Wetwick Wychsmith Chelmwang Hornborough Brackbrough Wenbeck Watchcombe Pemlow Bromton Wyborne Penborne Staplake Edgey Hurstlow Whithall Whittree Egsmith Burfield Wywick Egsmith Waltditch Stapbeck Waltditch Egsmith
18
Barnton Barnton Waltditch Ashbourne
Wychbourne Wychbourne Egavon Cookford Wychnell
Wenwold Wenwold Stainby
Leathermere Leathermere Sudtree
Flitgrove Chelmbeck Flitgrove
Chelmden Chelmden Egtree
Nortley Nortley Stainbrough Wetwick
Wychsmith Wychsmith Farnsmith
Chelmwang Chelmwang
Brackbrough Brackbrough
Wenbeck Wenbeck
Pemlow Pemlow
Penborne Penborne Shaftbridge
Staplake Staplake Wychbeck
Edgey Ashdown Shaftbage Edgey
Whittree Alfchester Wenside Burbourne
Wywick Wywick
Stapbeck Stapbeck
