qtq xdz pta htv itg xax hhe pxs ptq gup krg ase nhk qbe pkx jno hpb ifc cpw dkn wuc qnn kza zgf nkx zbn wju qjm eqm sfp pwa jta vub ooi uxr idl tmc fgo bai bsz ynq hxo tro rxi lah pjx uca mnv vlt vaf hxp egz npu slq nfy lxt rut nhr uoz wiq wuf qfc tmd iuz zgs ili lnv fsl udq txk uwp gak ukh cxu zqn rju yiz mbx thd qlo viv thz plx lfh cnv ahv rwt wpq orc qbj brk ooc utd cjp xos rod pta qls vsu ahy xdz tnl spp qtq
100
qtq qtq
xdz xdz
pta pta
htv htv
itg itg
xax xax
hhe hhe
pxs pxs
ptq ptq
gup gup
krg krg
ase ase
nhk nhk
qbe qbe
pkx pkx
jno jno
hpb hpb
ifc ifc
cpw cpw
dkn dkn
wuc wuc
qnn qnn
kza kza
zgf zgf
nkx nkx
zbn zbn
wju wju
qjm qjm
eqm eqm
sfp sfp
pwa pwa
jta jta
vub vub
ooi ooi
uxr uxr
idl idl
tmc tmc
fgo fgo
bai bai
bsz bsz
ynq ynq
hxo hxo
tro tro
rxi rxi
lah lah
pjx pjx
uca uca
mnv mnv
vlt vlt
vaf vaf
hxp hxp
egz egz
npu npu
slq slq
nfy nfy
lxt lxt
rut rut
nhr nhr
uoz uoz
wiq wiq
wuf wuf
qfc qfc
tmd tmd
iuz iuz
zgs zgs
ili ili
lnv lnv
fsl fsl
udq udq
txk txk
uwp uwp
gak gak
ukh ukh
cxu cxu
zqn zqn
rju rju
yiz yiz
mbx mbx
thd thd
qlo qlo
viv viv
thz thz
plx plx
lfh lfh
cnv cnv
ahv ahv
rwt rwt
wpq wpq
orc orc
qbj qbj
brk brk
ooc ooc
cjp cjp
xos xos
rod rod
qls qls
vsu vsu
ahy ahy
tnl tnl
spp spp
