Soda Arch Anne Vermont Shasta Haste Hospital Cutter Kenilworth Bristol Marin Greenwood Heinz Haviland Menlo Burnett Browning Bret Mabel Spring Fulton Poplar Pardee Addison Byron Fresno Florida Overlook Lewiston Edith Comstock Madera Bancroft Forest Ajax Poppy High Bataan Bowditch Martin Colusa Eunice Domingo Keeler Summit Mabel Terrace Allston Muir Columbia Fresno Belrose Bowditch Haskell Colorado Soda
50
Arch Arch
Anne Anne
Vermont Vermont
Shasta Shasta
Haste Haste
Hospital Hospital
Cutter Cutter
Kenilworth Kenilworth
Bristol Bristol
Marin Marin
Greenwood Greenwood
Heinz Heinz
Haviland Haviland
Menlo Menlo
Burnett Burnett
Browning Browning
Bret Bret
Mabel Mabel
Spring Spring
Fulton Fulton
Poplar Poplar
Pardee Pardee
Addison Addison
Byron Byron
Fresno Fresno
Florida Florida
Overlook Overlook
Lewiston Lewiston
Edith Edith
Comstock Comstock
Madera Madera
Bancroft Bancroft
Forest Forest
Ajax Ajax
Poppy Poppy
High High
Bataan Bataan
Bowditch Bowditch
Martin Martin
Colusa Colusa
Eunice Eunice
Domingo Domingo
Keeler Keeler
Summit Summit
Terrace Terrace
Allston Allston
Muir Muir
Columbia Columbia
Belrose Belrose
Haskell Haskell
