FD AK BZ AD CW AG HF AJ AF AU AM AV AW AZ AX BA BE AT BF BM BC BK BT CI BG BV BN CA BO CB CC CF BQ CL CK CO CT CJ CU CS DF DU DA DE DI DK DP EM DM DB DN EG DQ EE EN ER DZ EL EJ EW ES EZ EX ET EY FJ FI FO FL FM FN FR FU FS FV FY GA GC GD GN GK GF GO GR HC GZ GP GQ GX GS HB HD HO HP HH HR FD
93
AK AK
BZ BZ EO
AD AD
CW CW DC DH FT
AG AG EK
HF CG HF
AJ AJ
AF AF
AU AU
AM AM
AV AV
AW AW
AZ AZ
AX AX
BA BA
BE BE
AT AT FP
BF BF
BM BM
BC BC
BK BK
BT BT
CI CI
BG BG
BV BV
BN BN
CA CA
BO BO
CB CB
CC CC
CF CF
BQ BQ
CL CL
CK CK
CO CO
CT CT
CU CU
CS CS
DF DF
DU DU
DA DA
DE DE
DI DI
DK DK
DP DP
EM EM
DM DM
DB DB
DN DN
EG EG
DQ DQ
EE EE
EN EN
ER ER
DZ DZ
EL EL
EJ EJ
EW EW
ES ES
EZ EZ
EX EX
ET ET
EY EY
FJ FJ
FI FI
FO FO
FM FM
FN FN
FR FR
FU FU
FS FS
FV FV
FY FY
GA GA
GC GC
GD GD
GN GN
GK GK
GF GF
GO GO
GR GR
HC HC
GZ GZ
GP GP
GQ GQ
GX GX
GS GS
HB HB
HD HD
HO HO
HP HP
HH HH
HR HR
