Hamsbourne Sundlechester Skelgrove Sudbage Shaftthorne Camhampton Enderton Leatherblesley Camswich Cimansbrough Chipfield Hamperrehampton Prestbourne Elbage Shrivbridge Boothenrensborough Candlesdon Boothenrensborough Redderwold Suddlebaschester Chilringfield Rotmerby Sunderborough Ciley Sunderborough Prestbourne Botherstanport Wolvencester Botherstanport Prestbourne Hamperrehampton Chipfield Cammercastle Chipfield Chipsted Chipfield Hamsbourne
20
Sundlechester Sundlechester
Skelgrove Warrewick Shaftthorne
Sudbage Sudbage
Enderton Enderton Hartberbury Melshot Camhampton
Leatherblesley Leatherblesley Sodderrenshead
Camswich Camswich
Cimansbrough Cimansbrough
Chipfield Chipfield
Hamperrehampton Hamperrehampton
Elbage Prestbourne
Boothenrensborough Boothenrensborough
Candlesdon Candlesdon
Suddlebaschester Rocklow
Chilringfield Chilringfield
Rotmerby Rotmerby
Sunderborough Sunderborough
Ciley Ciley
Wolvencester Wolvencester
Cammercastle Cammercastle
Chipsted Chipsted
