Whitgrove Dribblecombe Falworth Chilmerdon Horsmere Sundlethorne Sifield Abcester Whitringlake Sodport Durbrook Toddenmoor Candleswick Horsnell Siavon Bothenhall Dribberham Endleberey Staplow Nortwell Wetsmith Abglewold Farnditch Eley Blansbrook Tippingbage Bastlebury Emmerley Sirenshall Rothingcombe Basditch Hampingworth Worhall Fullencester Falderseythorne Wycastle Bromstanham Skellingover Casbrook Tippenbrook Cihead Skellenshot Rotherlow Elside Ketchester Boothingmanstree Tippendham Watchlake Bursted Hampingcastle Shaftborough Penby Stapbrough Worrenberwang Wetwick Ketnell Siey Wychchester Prestwick Egmerhampton Suddenmoor Botbeck Southmere Egsted Wethampton Tipstoke Bootwick Reddendeney Alfmere Leatherport Farndlesover Stafavon Hamwold Chedworth Sundendford Cannerthorne Wendleringdown Bromstanham Milthorne Wolley Ellerbridge Suddingover Ribberrenston Hamscombe Clereennell Southbury Staincombe Waltbeck Worford Edgwich Enderbeck Sodberling Bursmith Burblemansbage Skelberden Bothenton Redcombe Waltcompbrook Faldenhall Wethampton Abgleham Endingnell Toddenmerbrough Horstleover Hornsmercombe Marlbrook Wychchester Melwood Penby Wychcompwold Aldtree Todhampton Nortwell Marlcester Nortwell Ribberrenston Whitgrove
98
Whitgrove Whitgrove
Dribblecombe Dribblecombe
Falworth Falworth
Sundlethorne Sundlethorne
Sifield Sifield
Abcester Abcester
Whitringlake Whitringlake
Sodport Sodport
Durbrook Durbrook
Toddenmoor Toddenmoor
Candleswick Candleswick
Horsnell Horsnell
Siavon Siavon
Bothenhall Bothenhall
Dribberham Dribberham
Endleberey Endleberey
Staplow Staplow
Nortwell Nortwell
Wetsmith Wetsmith
Abglewold Abglewold
Farnditch Farnditch
Eley Eley
Blansbrook Blansbrook
Tippingbage Tippingbage
Bastlebury Bastlebury Rothendcombe
Emmerley Emmerley
Sirenshall Sirenshall Hampingbascombe
Rothingcombe Rothingcombe
Basditch Basditch
Hampingworth Hampingworth
Worhall Worhall
Fullencester Dartden
Falderseythorne Falderseythorne
Wycastle Wycastle
Bromstanham Bromstanham
Skellingover Skellingover
Casbrook Casbrook
Tippenbrook Tippenbrook
Cihead Cihead
Skellenshot Skellenshot
Rotherlow Rotherlow
Elside Elside
Ketchester Ketchester
Boothingmanstree Boothingmanstree
Tippendham Tippendham
Watchlake Watchlake
Hampingcastle Hampingcastle
Shaftborough Shaftborough
Penby Penby
Stapbrough Stapbrough
Worrenberwang Worrenberwang
Wetwick Wetwick
Ketnell Ketnell
Siey Siey
Wychchester Wychchester
Prestwick Prestwick
Egmerhampton Egmerhampton
Suddenmoor Suddenmoor
Botbeck Botbeck
Southmere Southmere
Egsted Egsted
Wethampton Wethampton
Tipstoke Tipstoke
Bootwick Bootwick
Reddendeney Reddendeney
Alfmere Alfmere
Leatherport Leatherport
Farndlesover Farndlesover
Hamwold Hamwold
Chedworth Chedworth
Sundendford Sundendford
Cannerthorne Cannerthorne
Wendleringdown Wendleringdown
Milthorne Milthorne
Wolley Wolley
Ellerbridge Ellerbridge
Suddingover Suddingover
Ribberrenston Ribberrenston
Clereennell Clereennell
Southbury Southbury
Staincombe Staincombe
Waltbeck Waltbeck
Worford Worford
Enderbeck Enderbeck
Sodberling Sodberling
Bursmith Bursmith
Skelberden Skelberden
Bothenton Bothenton
Redcombe Redcombe
Faldenhall Faldenhall
Abgleham Abgleham
Endingnell Endingnell
Horstleover Horstleover
Marlbrook Marlbrook
Melwood Melwood
Wychcompwold Wychcompwold
Todhampton Todhampton
Marlcester Marlcester
