0 126 116 6 95 36 134 10 12 9 4 14 22 11 18 17 130 20 19 26 102 48 24 32 25 37 69 42 63 27 28 39 64 44 50 65 49 77 78 67 47 85 51 79 38 58 75 70 121 81 74 96 100 87 99 103 89 104 98 117 119 106 125 133 83 146 108 120 109 159 149 163 157 139 128 155 138 175 137 156 151 170 184 173 176 199 185 178 160 145 166 6 179 180 186 193 182 196 5 0
94
126 31 111 126 168
116 116 194 197
6 6
95 95
36 36
134 134
10 10 91
12 12
9 9
4 4
14 14
22 22
18 18
17 17
130 130
20 20
19 19
26 26
102 102
48 48
24 24
32 32
25 25
69 69
42 42
63 63
27 27
28 28
39 39
64 64
44 44
50 50
65 65
49 49
77 77
78 78
67 67
47 47
85 85
51 51
79 79
38 38
58 58
75 75
70 70
121 121
81 81
74 74
96 96
100 100
87 87
99 99
103 103
89 89
104 104
98 98
117 117
119 119
106 106
125 125
133 133
83 83
146 146
108 108
120 120
109 109
159 159
149 149
163 163
157 157
139 139
128 128
155 155
138 138
175 175
137 137
156 156
151 151
170 170
184 184
173 173
176 176
199 199
185 185
178 178
160 160
145 145
166 166
179 179
180 180
186 186
193 193
182 182
196 196
