SantaClarita OklahomaCity Richmond Garland Independence Midland Thornton Yonkers Washington RanchoCucamonga Ontario Boston Hartford Sunnyvale Visalia Hartford Allentown Omaha Wichita Bellevue Newark StPetersburg Orlando LosAngeles Brownsville Lafayette Alexandria Bridgeport Escondido Berkeley Escondido Fayetteville Miami LongBeach LouisvilleJefferson LexingtonFa Frisco Indianapolis Stockton Pomona Escondido Fremont GardenGrove Victorville Concord Durham FortCollins Waco RanchoCucamonga NewportNews Beaumont Shreveport Huntsville SanDiego PembrokePines Austin Wichita StLouis SanDiego WestValleyCity Surprise Miami Henderson SanDiego Paterson Chandler Miami Scottsdale HuntingtonBeach OklahomaCity SantaClarita
47
OklahomaCity OklahomaCity
Richmond Worcester
Garland Garland
Independence SiouxFalls Scottsdale Independence
Midland Midland
Yonkers Yonkers
Washington Washington
RanchoCucamonga Stamford RanchoCucamonga
Ontario Ontario
Boston Boston
Hartford Hartford
Sunnyvale Sunnyvale
Visalia Visalia
Allentown Allentown
Omaha Omaha
Wichita Wichita
Bellevue Bellevue
Newark Newark
StPetersburg StPetersburg
Orlando Orlando
LosAngeles LosAngeles
Brownsville Brownsville
Lafayette Lafayette
Alexandria Alexandria
Fayetteville Fayetteville
LongBeach LongBeach
LouisvilleJefferson LouisvilleJefferson
LexingtonFa LexingtonFa
Indianapolis Indianapolis
Stockton Stockton
Pomona Pomona
Fremont GardenGrove
Victorville Victorville
Concord Concord
Durham Carrollton
Waco Waco
NewportNews NewportNews
Beaumont Beaumont
Shreveport Shreveport
Huntsville Huntsville
PembrokePines PembrokePines
Austin Austin
StLouis StLouis
WestValleyCity WestValleyCity
Surprise Surprise
Henderson Henderson
Paterson Paterson
