Plano Pasadena Vancouver Mesa FortLauderdale AnnArbor Mesquite HuntingtonBeach LittleRock NewHaven Mobile Hartford Dallas NewOrleans AugustaRichmond Worcester Anchorage Thornton Omaha Elizabeth Garland Atlanta Oxnard Memphis Montgomery MorenoValley Sunnyvale Norman SantaClara Rockford Riverside SanFrancisco Warren Irving Lafayette SanJose Killeen Allentown Stamford Glasses Tulsa LouisvilleJefferson Escondido Akron Torrance JerseyCity Anaheim Pikachu Lincoln Salinas SantaClarita CorpusChristi Knoxville Salem SanBernardino Davidson Houston Pomona Raleigh SiouxFalls Tampa Laredo McAllen GrandPrairie Portland FortCollins Norfolk StLouis SantaRosa GardenGrove StPetersburg Olathe Cincinnati Miami SimiValley SanAntonio Greensboro Surprise Corona Fremont Denton Chicago FortWorth OklahomaCity Mesa Charleston Topeka Gainesville Topeka Denver Ontario Waco Wichita WinstonSalem Abilene LasVegas Vallejo StPetersburg Tempe Kent OWO BatonRouge Hayward Omaha Huntsville SantaRosa Glendale Houston Madison FortWorth Lancaster Elizabeth ThousandOaks SanAntonio Hampton SanAntonio Hollywood Lafayette Plano
96
Pasadena Pasadena
Vancouver Vancouver Beaumont
Mesa Mesa
FortLauderdale FortLauderdale
AnnArbor AnnArbor
Mesquite Mesquite
HuntingtonBeach HuntingtonBeach
LittleRock LittleRock Irvine
NewHaven Brownsville NewHaven
Mobile Mobile
Hartford Hartford
Dallas Dallas
NewOrleans NewOrleans
AugustaRichmond AugustaRichmond
Worcester Worcester
Anchorage Anchorage
Thornton Thornton
Omaha Omaha
Elizabeth Elizabeth
Garland Garland
Atlanta Atlanta
Oxnard Oxnard
Memphis Memphis
Montgomery Montgomery
MorenoValley MorenoValley
Sunnyvale Sunnyvale
Norman Norman
SantaClara SantaClara
Rockford Rockford
Riverside Riverside
SanFrancisco SanFrancisco
Warren Warren
Irving Irving
Lafayette Lafayette
SanJose SanJose
Killeen Killeen
Allentown Allentown
Stamford Stamford
Glasses Glasses
Tulsa Tulsa
LouisvilleJefferson LouisvilleJefferson
Escondido Escondido
Akron Akron
Torrance Torrance
JerseyCity JerseyCity
Anaheim Anaheim
Pikachu Pikachu
Lincoln Lincoln
Salinas Salinas
SantaClarita SantaClarita
CorpusChristi CorpusChristi
Knoxville Knoxville
SanBernardino SanBernardino
Davidson Davidson
Houston Houston
Pomona Pomona
Raleigh Raleigh
SiouxFalls SiouxFalls
Tampa Tampa
Laredo Laredo
McAllen McAllen
GrandPrairie GrandPrairie
Portland Portland
FortCollins FortCollins
Norfolk Norfolk
StLouis StLouis
SantaRosa SantaRosa
GardenGrove GardenGrove
Olathe Olathe
Cincinnati Cincinnati
Miami Miami
SimiValley SimiValley
SanAntonio SanAntonio
Greensboro Greensboro
Surprise Surprise
Corona Corona
Fremont Fremont
Denton Denton
Chicago Chicago
OklahomaCity OklahomaCity Cary
Charleston Charleston
Denver Denver
Ontario Ontario
Waco Waco
Wichita Wichita
LasVegas LasVegas
Vallejo Vallejo
OWO OWO
Hayward Hayward
Huntsville Huntsville
Glendale Glendale
Madison Madison
Lancaster Lancaster
ThousandOaks ThousandOaks
Hampton Hampton
Hollywood Hollywood
