0 1 2 4 3 5 7 9 13 14 15 8 11 10 16 12 17 19 18 20 22 21 24 23 25 26 27 28 29 30 31 32 35 36 33 37 34 39 38 40 42 41 44 47 43 45 48 46 52 50 49 53 57 51 54 56 55 58 59 60 61 62 63 64 66 68 65 67 69 70 71 73 74 72 76 77 78 79 80 81 75 82 83 85 87 84 88 89 90 86 91 96 92 93 95 97 94 99 98 100 0
100
0 6
1 1
2 2
4 4
3 3
5 5
7 7
9 9
13 13
14 14
15 15
8 8
11 11
10 10
16 16
12 12
17 17
19 19
18 18
20 20
22 22
21 21
24 24
23 23
25 25
26 26
27 27
28 28
29 29
30 30
31 31
32 32
35 35
36 36
33 33
37 37
34 34
39 39
38 38
40 40
42 42
41 41
44 44
47 47
43 43
45 45
48 48
46 46
52 52
50 50
49 49
53 53
57 57
51 51
54 54
56 56
55 55
58 58
59 59
60 60
61 61
62 62
63 63
64 64
66 66
68 68
65 65
67 67
69 69
70 70
71 71
73 73
74 74
72 72
76 76
77 77
78 78
79 79
80 80
81 81
75 75
82 82
83 83
85 85
87 87
84 84
88 88
89 89
90 90
86 86
91 91
96 96
92 92
93 93
95 95
97 97
94 94
99 99
98 98
100 100
