Soda location61 location49 location97 location30 location10 location69 location39 location45 location19 location60 location82 location57 location43 location25 location2 location51 location26 location41 location44 location21 location100 location27 location83 location52 location71 location12 location53 location89 location29 location81 location4 location16 location55 location77 location32 location75 location73 location99 location1 location34 location18 location67 location48 location3 location36 location62 location50 location64 location38 location46 location85 location91 location13 location56 location87 location98 location40 location70 location78 location94 location6 location79 location88 location54 location8 location72 location47 location33 location14 location95 location22 location84 location93 location86 location59 location74 location90 location7 location11 location80 location24 location31 location76 location23 location5 location42 location68 location92 location58 location20 location96 location37 location35 location11 location63 location9 location28 Soda
95
location61 location61
location49 location49
location97 location97
location30 location30
location10 location10 location65 location66
location69 location69
location39 location39
location45 location15 location45
location19 location19
location60 location60
location82 location82
location57 location9 location17 location57
location43 location43
location25 location25
location2 location2
location51 location51
location26 location26
location41 location41
location44 location44
location21 location21
location100 location100
location27 location27
location83 location83
location52 location52
location71 location71
location12 location12
location53 location53
location89 location89
location29 location29
location81 location81
location4 location4
location16 location16
location55 location55
location77 location77
location32 location32
location75 location75
location73 location73
location99 location99
location1 location1
location34 location34
location18 location18
location67 location67
location48 location48
location3 location3
location36 location36
location62 location62
location50 location50
location64 location64
location38 location38
location46 location46
location85 location85
location91 location91
location13 location13
location56 location56
location87 location87
location98 location98
location40 location40
location70 location70
location78 location78
location94 location94
location6 location6
location79 location79
location88 location88
location54 location54
location8 location8
location72 location72
location47 location47
location33 location33
location14 location14
location95 location95
location22 location22
location84 location84
location93 location93
location86 location86
location59 location59
location74 location74
location90 location90
location7 location7
location11 location11
location80 location80
location24 location24
location31 location31
location76 location76
location23 location23
location5 location5
location42 location42
location68 location68
location92 location92
location58 location58
location20 location20
location96 location96
location37 location37
location35 location35
location63 location63
location28 location28
