Jingzhou Ghugus Manduria Sanaa Sarzedo AzZuwaytinah Ronse Bejucal Shively Rangae SaintMichael Ramjibanpur Rembangan RioFormoso Radnor LondonderryCountyBor Bodhan Tabatinga CoonRapids Sagalo BurgbeiMagdeburg Thamaga Tottori SanJosedeOcoa Chittaranjan Ibri BeneBeraq Khabarovsk Chegem Lysva Malnate Srinagar Kirovsk KrasnoyeSelo Ouarzazat Entroncamento Jeypore elCampello Shumen Ermelo Kheri Gangtok TanahMerah Kabarnet Shizunaifurukawacho Veenendaal Depok Carouge Colachel FortLauderdale Frosinone JabalosSaraj Sanaa Eregli Crespo Rembangan Ghugus Jingzhou
48
Ghugus Ghugus
Manduria Manduria
Sanaa Sanaa
Sarzedo Sarzedo
AzZuwaytinah AzZuwaytinah
Ronse Ronse
Bejucal Bejucal
Shively Shively
Rangae Rangae
SaintMichael SaintMichael
Rembangan Rembangan
RioFormoso RioFormoso
Radnor Radnor
LondonderryCountyBor LondonderryCountyBor
Tabatinga Tabatinga
CoonRapids CoonRapids
Sagalo Sagalo
BurgbeiMagdeburg BurgbeiMagdeburg
Thamaga Thamaga
Tottori Tottori
SanJosedeOcoa SanJosedeOcoa
Chittaranjan Chittaranjan
Ibri Ibri
BeneBeraq BeneBeraq Carmichael
Khabarovsk Khabarovsk
Chegem Chegem
Lysva Lysva
Malnate Malnate
Srinagar Srinagar
Kirovsk Kirovsk
Ouarzazat Ketrzyn Ouarzazat
Entroncamento Entroncamento
Jeypore Jeypore
elCampello elCampello
Shumen Shumen
Ermelo Ermelo
Kheri Kheri
Gangtok Gangtok
TanahMerah TanahMerah
Kabarnet Kabarnet
Shizunaifurukawacho Shizunaifurukawacho
Veenendaal Veenendaal
Depok Depok
Carouge Carouge
Colachel Colachel
FortLauderdale FortLauderdale
JabalosSaraj JabalosSaraj
Crespo Crespo
