Kaimganj Leixlip MontecatiniTerme MilpaAlta PinhalNovo Racine Malaybalay Yucheng Tsukawaki Karasuyama Albi Novopokrovskaya GobernadorGalvez Narangba Malaybalay Norristown Brecht Tsirang Korolev Fandriana Tocache GobernadorGalvez Kamalia Madurai Pilibhit Irvine Pilibhit Fagaras Kawit Mesa EncarnaciondeDiaz MorlanwelzMariemont Leixlip Kaimganj
20
Leixlip Leixlip
MontecatiniTerme MontecatiniTerme
MilpaAlta Anahuac MilpaAlta
PinhalNovo PinhalNovo
Racine Racine
Malaybalay Dankov Gobo
Yucheng Yucheng Isakogorka
Tsukawaki Tsukawaki
Karasuyama Karasuyama
Albi Albi
Novopokrovskaya Novopokrovskaya
Narangba Narangba
Brecht Brecht
Tsirang Tsirang
Korolev Korolev
Fandriana Fandriana
Tocache GobernadorGalvez Tocache
Irvine Irvine
Fagaras Fagaras Pilibhit
EncarnaciondeDiaz EncarnaciondeDiaz
