lyenDXSN G50hiUpVStHCMrd BR hU MBLHuIgjJIXs CmV frNA534JEvY4f VNvsbB7eWJcAK0fU hjCFXN9kbqn0UCNsZ L nWkakNi6Qt9d4g l nqeGwct wBJRoqVxn1t zzYmU5YFhvp1 wcmx8dhmsO GPeb vAIBd1Ae akZmiQ7tmX lt1a5E0H Mu K0A9bbVLm9atwTf 6DVIvuGfPs2BU Plmj0j ImSpax zI o3refHnx4qioqHztqMYE 7Q jvdVvQ llx2p vJxAK1LaHyuu4yFNeul hVfqebryM4wN A67f 6yeW7sat9rvd f 61 cYPTdnJWL HwQeXpOEZHQ3s M1PxrOPSNUVpc 2AR73oQdnbYqnDCGMFS KtvQaJqCJTRpXM8ZI lyenDXSN
40
G50hiUpVStHCMrd G50hiUpVStHCMrd
BR BR
hU hU
MBLHuIgjJIXs MBLHuIgjJIXs
CmV CmV
frNA534JEvY4f frNA534JEvY4f
VNvsbB7eWJcAK0fU VNvsbB7eWJcAK0fU
hjCFXN9kbqn0UCNsZ hjCFXN9kbqn0UCNsZ
L L
nWkakNi6Qt9d4g nWkakNi6Qt9d4g
l l
nqeGwct nqeGwct
wBJRoqVxn1t wBJRoqVxn1t
zzYmU5YFhvp1 zzYmU5YFhvp1
wcmx8dhmsO wcmx8dhmsO
GPeb GPeb
vAIBd1Ae vAIBd1Ae
akZmiQ7tmX akZmiQ7tmX
lt1a5E0H lt1a5E0H
Mu Mu
K0A9bbVLm9atwTf K0A9bbVLm9atwTf
6DVIvuGfPs2BU 6DVIvuGfPs2BU
Plmj0j Plmj0j
ImSpax ImSpax
zI zI
o3refHnx4qioqHztqMYE o3refHnx4qioqHztqMYE
7Q 7Q
jvdVvQ jvdVvQ
llx2p llx2p
vJxAK1LaHyuu4yFNeul vJxAK1LaHyuu4yFNeul
hVfqebryM4wN hVfqebryM4wN
A67f A67f
6yeW7sat9rvd 6yeW7sat9rvd
f f
61 61
cYPTdnJWL cYPTdnJWL
HwQeXpOEZHQ3s HwQeXpOEZHQ3s
M1PxrOPSNUVpc M1PxrOPSNUVpc
2AR73oQdnbYqnDCGMFS 2AR73oQdnbYqnDCGMFS
KtvQaJqCJTRpXM8ZI KtvQaJqCJTRpXM8ZI
