0 5 35 14 10 3 19 6 8 21 22 20 30 24 26 23 37 38 40 25 39 41 43 32 48 53 56 55 51 42 52 57 58 62 64 65 59 60 66 67 68 70 71 72 77 78 76 81 84 83 86 85 100 96 97 113 93 88 103 102 105 104 107 114 110 109 116 115 119 126 132 125 121 144 159 134 146 151 166 168 148 162 169 163 172 171 174 173 182 175 185 176 183 187 188 190 196 0 195 0
98
0 0
5 5
35 35 160 191
14 14
10 10
3 3
19 19
6 6
8 8
21 21
22 22
20 20
30 30
24 24
26 26
23 23
37 37
38 38
40 40
25 25
39 39
41 41
43 43
32 32
48 48
53 53
56 56
55 55
51 51
42 42
52 52
57 57
58 58
62 62
64 64
65 65
59 59
60 60
66 66
67 67
68 68
70 70
71 71
72 72
77 77
78 78
76 76
81 81
84 84
83 83
86 86
85 85
100 100
96 96
97 97
113 113
93 93
88 88
103 103
102 102
105 105
104 104
107 107
114 114
110 110
109 109
116 116
115 115
119 119
126 126
132 132
125 125
121 121
144 144
159 159
134 134
146 146
151 151
166 166
168 168
148 148
162 162
169 169
163 163
172 172
171 171
174 174
173 173
182 182
175 175
185 185
176 176
183 183
187 187
188 188
190 190
196 196
195 195
