2 137 17 1 3 139 11 95 15 99 7 5 71 29 9 31 35 21 43 13 19 27 37 69 39 23 41 45 33 51 25 47 49 65 53 57 59 54 63 75 55 61 79 73 101 93 67 87 91 81 85 97 83 113 77 111 107 133 127 105 109 89 121 115 129 135 147 123 141 143 153 98 131 149 161 117 145 157 177 151 165 173 169 155 163 167 179 189 197 185 159 181 193 30 171 195 191 175 12 187 199 17 2
96
137 137
17 17
1 1 119 183
3 3
139 103 139
11 11
95 95
15 15
99 99
7 7
5 5
71 71
29 29
9 9 125
31 31
35 35
21 21
43 43
13 13
19 19
27 27
37 37
69 69
39 39
23 23
41 41
45 45
33 33
51 51
25 25
47 47
49 49
65 65
53 53
57 57
59 59
63 63
75 75
55 55
61 61
79 79
73 73
101 101
93 93
67 67
87 87
91 91
81 81
85 85
97 97
83 83
113 113
77 77
111 111
107 107
133 133
127 127
105 105
109 109
89 89
121 121
115 115
129 129
135 135
147 147
123 123
141 141
143 143
153 153
131 131
149 149
161 161
117 117
145 145
157 157
177 177
151 151
165 165
173 173
169 169
155 155
163 163
167 167
179 179
189 189
197 197
185 185
159 159
181 181
193 193
171 171
195 195
191 191
175 175
187 187
199 199
