0 1 6 11 16 21 26 27 26 29 26 32 31 33 31 37 36 39 36 42 41 46 51 57 56 61 66 71 76 79 80 76 81 87 86 92 91 96 97 96 101 104 101 106 107 108 106 112 111 116 121 127 126 131 136 141 142 141 145 141 146 151 156 162 161 167 166 171 176 181 184 185 181 186 192 193 191 196 197 198 0
45
6 3 7 12 13 14
21 17 19 22 24 25
27 27
29 29 30
31 32 34 35
33 33
36 38 42
39 39
41 44
46 47 48 52 53
56 58 59 60
61 62 63 64 65
66 68 70
71 72 73 74 75
76 78
79 79
80 80
81 82 83 84 87
86 90
91 93 94 95
96 98 99 100
97 97
101 102 103 105
104 104
106 109 112
107 107
108 108
111 113 114
116 118
121 122 127 128
131 129 130 135 137 138 139 140
141 143 144
142 142
145 145
146 149
151 152 153 155
156 159 162
161 163 164 165
171 169 170 173
176 179 180 183
184 184
185 185
186 187 189 192
193 193
196 195
