ZtfcEeD9 J2tz5Jy2 Fj27Gybu mlHu9OVg EAWv9kfQ FdbcCrtB RjDUex61 lqKnzPvP ZS8CQaI7 VDai7XkI 43ehQX6O w0QWGw2L IZjIq9He xzWL2Pp8 nFqouQp3 rbWYBihd SG64DwCC LvdUl8D5 d5gzYuse Q7hUKAHQ JfDq1Cs2 1gtWVzKV VDai7XkI X4DALK1Z kTn5Wdms xRPgtW5C aDGqWHym yptfWPBC HTyyntxa wZJN4OBT EB4WBsTV ca785uLx IdGLl1to PMzcqvQL W7b2i2pG aSd01nMZ qnVestAH poaWnZDO FGbFUcoj miUcr0K7 sFR9mcaG WOCLylig 8LVjFaQv ijk5cHsH Pz0LLMil hBRDGWam TNblhkGK 1dr1nBQ7 O5yBujnu WvzZeqnS 04vrMVdi yIRIspJJ Tb8W969R 7P5zi9hu yRH0nOtz bJ22zvWV eF0ueRyu SqpsWXRw RleTQaHw zpLQ0R0G 62Mn9lau NpH6Hpsr jKNn1ZQ1 BOlNhFGU CBKWpDQv gX4kBNm4 Wznv2rRv FqE4GP0Y VgwgAKMz KbQF6Z1I KZzTlcqA sAdwIwgI 0MyIUMFM AmaYXBsi mSd4Nw6v 7Xy44hse VDai7XkI kMauNR5Y VDai7XkI svPb07cv gKOyNQPh aWGQETjI VDai7XkI dzvtjag1 U7cZo0h2 wusYsf5E OJgw7XgR Rd2M5nw8 VDai7XkI 8Rfeklr1 eFJgi8X6 91Uq51QB VDai7XkI ntaFp6yn uMuBYvMK VDai7XkI o4xf7nVd VDai7XkI tCAdUY4B xzWL2Pp8 B65DnegI iF2sCG7R BkhTgoaJ CIF8DWXL BkhTgoaJ YWqBlkAs 3MYamZSb VDai7XkI 2KepLMXB Ah46Ofm8 fa3ra0T7 zvH4AKmS fa3ra0T7 GZiGmLq9 ciNFdHxl y7NjqOqM NSdaWdL7 dzvtjag1 PLFYaVF6 VDai7XkI 8avKqSxh VDai7XkI CGddIqkC mrK2EXuk lWuh5cH8 CxnbNU8s VDai7XkI J2tz5Jy2 ZtfcEeD9
100
ZtfcEeD9 ZtfcEeD9
J2tz5Jy2 J2tz5Jy2
Fj27Gybu Fj27Gybu
mlHu9OVg mlHu9OVg
EAWv9kfQ EAWv9kfQ
FdbcCrtB FdbcCrtB
RjDUex61 RjDUex61
lqKnzPvP lqKnzPvP
ZS8CQaI7 ZS8CQaI7
43ehQX6O 43ehQX6O
w0QWGw2L w0QWGw2L
xzWL2Pp8 xzWL2Pp8
nFqouQp3 nFqouQp3
rbWYBihd rbWYBihd
SG64DwCC SG64DwCC
LvdUl8D5 LvdUl8D5
d5gzYuse d5gzYuse
Q7hUKAHQ Q7hUKAHQ
JfDq1Cs2 JfDq1Cs2
1gtWVzKV 1gtWVzKV
X4DALK1Z X4DALK1Z
kTn5Wdms kTn5Wdms
xRPgtW5C xRPgtW5C
aDGqWHym aDGqWHym
yptfWPBC yptfWPBC
HTyyntxa HTyyntxa
wZJN4OBT wZJN4OBT
EB4WBsTV EB4WBsTV
ca785uLx ca785uLx
IdGLl1to IdGLl1to
PMzcqvQL PMzcqvQL
W7b2i2pG W7b2i2pG
aSd01nMZ aSd01nMZ
qnVestAH qnVestAH
poaWnZDO poaWnZDO
FGbFUcoj FGbFUcoj
miUcr0K7 miUcr0K7
sFR9mcaG sFR9mcaG
WOCLylig WOCLylig
8LVjFaQv 8LVjFaQv
ijk5cHsH ijk5cHsH
Pz0LLMil Pz0LLMil
hBRDGWam hBRDGWam
TNblhkGK TNblhkGK
1dr1nBQ7 1dr1nBQ7
O5yBujnu O5yBujnu
04vrMVdi 04vrMVdi
Tb8W969R Tb8W969R
7P5zi9hu 7P5zi9hu
yRH0nOtz yRH0nOtz
bJ22zvWV bJ22zvWV
eF0ueRyu eF0ueRyu
RleTQaHw RleTQaHw
zpLQ0R0G zpLQ0R0G
62Mn9lau 62Mn9lau
NpH6Hpsr NpH6Hpsr
jKNn1ZQ1 jKNn1ZQ1
BOlNhFGU BOlNhFGU
CBKWpDQv CBKWpDQv
gX4kBNm4 gX4kBNm4
Wznv2rRv Wznv2rRv
FqE4GP0Y FqE4GP0Y
VgwgAKMz VgwgAKMz
KZzTlcqA KZzTlcqA
0MyIUMFM 0MyIUMFM
AmaYXBsi AmaYXBsi
mSd4Nw6v mSd4Nw6v
7Xy44hse 7Xy44hse
kMauNR5Y kMauNR5Y
svPb07cv svPb07cv
gKOyNQPh gKOyNQPh
aWGQETjI aWGQETjI
dzvtjag1 dzvtjag1
U7cZo0h2 U7cZo0h2
wusYsf5E wusYsf5E
OJgw7XgR OJgw7XgR
Rd2M5nw8 Rd2M5nw8
8Rfeklr1 8Rfeklr1
eFJgi8X6 eFJgi8X6
91Uq51QB 91Uq51QB
ntaFp6yn ntaFp6yn
uMuBYvMK uMuBYvMK
o4xf7nVd o4xf7nVd
tCAdUY4B tCAdUY4B
B65DnegI B65DnegI
CIF8DWXL CIF8DWXL
YWqBlkAs YWqBlkAs
3MYamZSb 3MYamZSb
2KepLMXB 2KepLMXB
fa3ra0T7 fa3ra0T7
zvH4AKmS zvH4AKmS
ciNFdHxl ciNFdHxl
y7NjqOqM y7NjqOqM
NSdaWdL7 NSdaWdL7
PLFYaVF6 PLFYaVF6
8avKqSxh 8avKqSxh
CGddIqkC CGddIqkC
mrK2EXuk mrK2EXuk
lWuh5cH8 lWuh5cH8
CxnbNU8s CxnbNU8s
