93 2 110 108 4 14 26 19 13 24 18 20 47 27 34 40 36 39 43 52 46 49 51 53 59 56 57 64 62 65 66 67 61 75 63 73 74 76 70 72 77 80 87 90 84 82 91 79 95 86 81 99 101 98 105 102 117 111 109 116 115 119 129 131 124 121 122 137 138 136 130 154 151 125 141 140 161 143 146 165 174 163 177 169 157 170 168 176 172 0 171 93
88
2 2 38
110 110
108 1 108 147
4 4
14 14
26 26
19 19
13 155
24 24
18 18
20 20
47 47
27 27
34 34
40 40
36 36
39 39
43 43
52 52
46 46
49 49
51 51
53 53
56 56
57 57
64 64
62 62
65 65
66 66
67 67
61 61
75 75
63 63
73 73
74 74
76 76
70 70
72 72
77 77
80 80
87 87
90 90
84 84
82 82
91 91
79 79
95 95
86 86
81 81
99 99
101 101
98 98
105 105
102 102
117 117
111 111
109 109
116 116
115 115
119 119
129 129
131 131
124 124
121 121
122 122
137 137
138 138
136 136
130 130
154 154
151 151
125 125
141 141
140 140
161 161
143 143
146 146
165 165
174 174
163 163
177 177
169 169
157 157
170 170
168 168
176 176
172 172
171 171
