Dannemora Fabius Fonda Fleischmanns Hamburg DeRuyter Dexter Fairmount Nunda Deer Delanson Dansville Deferiet Fishers Forest Odessa Depauville Ghent Freeport Forestville Davis Fishkill Galeville Delevan Harrison Friendship Gardiner Falconer Gasport Oceanside Fair Oceanside Flower Herricks Delmar Frankfort Flanders Goshen Fire Earlville Deposit Herricks Depew Geneva Fairport Fulton Dexter Gowanda Fredonia Harbor Fayetteville Harbor Hewlett Fairview Heuvelton Earlville Firthcliffe Highland Farmingville Florida Farnham Freeville Delhi Frewsburg Dunkirk Noyack Deferiet Germantown Delmar Wantagh Hamburg Dannemora
48
Fabius Fabius
Fonda Fonda
Fleischmanns Fleischmanns
DeRuyter DeRuyter
Dexter Dexter
Fairmount Fairmount
Deer Deer
Delanson Delanson
Dansville Dansville Franklinville
Deferiet Deferiet
Fishers Fishers
Forest Forest
Depauville Depauville
Ghent Ghent
Freeport Freeport
Forestville Forestville
Davis Davis
Fishkill Fishkill
Galeville Galeville
Delevan Delevan
Friendship Friendship
Gardiner Gardiner
Falconer Falconer
Gasport Gasport
Fair Fair
Flower Flower
Delmar Delmar
Frankfort Frankfort
Flanders Flanders
Fire Fire
Earlville Earlville
Deposit Deposit
Depew Depew
Geneva Geneva
Fairport Fairport
Fulton Fulton
Fredonia Fredonia
Fayetteville Fayetteville
Fairview Fairview
Firthcliffe Firthcliffe
Farmingville Farmingville
Florida Florida
Farnham Farnham
Freeville Freeville
Delhi Delhi Franklin
Frewsburg Frewsburg
Dunkirk Dunkirk
Germantown Germantown
