Acadia Capitol Acadia Biscayne Cuyahoga Channel Indiana Haleakala Shenandoah Badlands Basin Gunnison Bend Yosemite Denali Katmai Everglades Caverns Congaree Cuyahoga Channel Gateway Glacier Brycecanyon Isle Guadalupe Sequoia Arches Sequoia Guadalupe Acadia
19
Capitol Capitol
Biscayne Biscayne
Cuyahoga Cuyahoga
Channel Channel
Indiana Indiana
Haleakala Haleakala
Badlands Badlands Crater
Gunnison Gunnison Tortugas Basin
Bend Bend Smoky
Denali Denali
Everglades Everglades
Caverns Caverns
Congaree Congaree
Gateway Gateway Teton
Glacier Glacier
Brycecanyon Brycecanyon Canyonlands
Isle Isle
Sequoia Guadalupe
Arches Arches
