6 195 193 195 6 5 6 13 11 13 12 9 12 10 12 13 20 18 20 19 20 27 34 32 34 33 34 41 40 41 48 47 48 55 53 55 54 55 62 60 62 61 62 69 67 69 68 69 76 74 76 75 76 83 90 97 95 97 96 97 104 102 104 103 100 103 101 103 104 111 109 111 110 111 118 116 118 117 118 125 132 130 132 131 128 131 129 131 132 139 146 139 138 139 146 145 142 145 146 153 151 153 152 153 160 167 165 167 166 167 174 172 174 181 180 181 188 186 188 195 6
48
195 1 6 184 194
193 189 190
5 2
11 11
9 12
10 10
18 18
19 17 19
27 22 25 27
32 32
33 30 31
41 39 41 43
40 38
47 44 47
53 50 53
54 51
60 60 62
61 61
67 64 69
68 65
74 74 76
75 75
83 77 80 83
90 87 88 90
95 91
96 94 96
100 100 103
101 101
109 105 106
110 110
116 112 116
117 115
125 120 122 124
130 126
128 128
129 129
146 133 134 140 145
138 136
142 142
151 148
152 149 150
160 154 155 160
165 161 165
166 166
174 174 179 181
172 169 172
180 177
186 182 186
