Loc1 Loc0 Loc18 Loc13 Loc9 Loc20 Loc14 Loc29 Loc17 Loc52 Loc38 Loc65 Loc39 Loc25 Loc19 Loc15 Loc33 Loc16 Loc30 Loc60 Loc85 Loc32 Loc62 Loc27 Loc53 Loc8 Loc51 Loc172 Loc170 Loc1 Loc5 Loc54 Loc57 Loc100 Loc147 Loc107 Loc195 Loc182 Loc101 Loc46 Loc7 Loc61 Loc124 Loc23 Loc95 Loc97 Loc11 Loc137 Loc122 Loc6 Loc94 Loc106 Loc175 Loc140 Loc111 Loc128 Loc91 Loc75 Loc133 Loc154 Loc74 Loc1 Loc44 Loc197 Loc99 Loc1 Loc71 Loc1 Loc76 Loc1 Loc77 Loc1 Loc83 Loc189 Loc110 Loc118 Loc1 Loc103 Loc1 Loc109 Loc1 Loc129 Loc177 Loc1 Loc143 Loc1 Loc144 Loc1 Loc145 Loc113 Loc151 Loc59 Loc151 Loc113 Loc160 Loc1 Loc163 Loc1 Loc168 Loc1 Loc176 Loc1 Loc188 Loc1
83
Loc0 Loc0 Loc159
Loc18 Loc18 Loc190
Loc13 Loc13 Loc167
Loc9 Loc9 Loc67 Loc153
Loc20 Loc20 Loc37
Loc14 Loc14 Loc171
Loc29 Loc132 Loc141 Loc149
Loc17 Loc3 Loc17 Loc50 Loc96 Loc180
Loc52 Loc52
Loc38 Loc38
Loc65 Loc65
Loc39 Loc39
Loc25 Loc25
Loc19 Loc19
Loc15 Loc15
Loc33 Loc33
Loc16 Loc16
Loc30 Loc30
Loc60 Loc60
Loc85 Loc85
Loc32 Loc32
Loc62 Loc62
Loc27 Loc27
Loc53 Loc53
Loc8 Loc8
Loc51 Loc51
Loc172 Loc172
Loc170 Loc170
Loc5 Loc5
Loc54 Loc54
Loc57 Loc57
Loc100 Loc100
Loc147 Loc147
Loc107 Loc107
Loc195 Loc195
Loc182 Loc182
Loc101 Loc101
Loc46 Loc46
Loc7 Loc7 Loc31 Loc183
Loc61 Loc61
Loc124 Loc124
Loc23 Loc23
Loc95 Loc95
Loc97 Loc97
Loc11 Loc11
Loc137 Loc137
Loc122 Loc122
Loc6 Loc6 Loc192
Loc94 Loc94
Loc106 Loc106
Loc175 Loc175
Loc140 Loc140
Loc111 Loc111
Loc128 Loc128
Loc91 Loc91
Loc75 Loc75
Loc133 Loc133
Loc154 Loc154
Loc74 Loc74
Loc44 Loc44
Loc197 Loc197
Loc99 Loc99
Loc71 Loc71
Loc76 Loc76
Loc77 Loc77
Loc83 Loc83
Loc189 Loc189
Loc110 Loc110
Loc118 Loc118
Loc103 Loc103
Loc109 Loc109
Loc129 Loc129
Loc177 Loc177
Loc143 Loc143
Loc144 Loc144
Loc145 Loc145
Loc151 Loc151
Loc59 Loc59 Loc123
Loc160 Loc160
Loc163 Loc163
Loc168 Loc168
Loc176 Loc176
Loc188 Loc188
