pace honor deposit title shy throne approval page demand mystery paper understand skeleton likely dialogue guarantee buffet excuse thumb output discriminate quality throne vegetarian forge tolerate sign class audience respect title tablet stress mystery enter coast dough financial voice pace
23
pace voice
honor honor
title title sunrise
shy nationalist shy
throne throne
approval other mystery
page page lake imposter
demand demand pain
paper paper
skeleton injury figure
likely likely
guarantee prison king guarantee buffet tool seize
excuse thumb
output output circulation autonomy
quality quality headline
forge winner vegetarian
tolerate tolerate
sign sign legislation
class exclusive brake class glasses dip
respect financial bitter
tablet tablet cigarette rob swear
enter enter
dough dough linger enhance
