pace nationalist excuse gate audience page likely king title throne exclusive output injury exempt market likely circulation thumb guarantee enter deposit enter prison honor profound injection opposed brake nationalist pace
19
nationalist feature nationalist
excuse excuse voice
gate gate
audience audience
page page
likely likely
king king approval
title headline
throne throne
output output
injury skeleton mixture injury
exempt enter exempt
market market
circulation circulation
guarantee guarantee
deposit deposit
honor honor
injection opposed
brake brake
