Abbey Eden Dana Vivian Kimberly Helen Isabella Maeve Matilda Lana Marisol Mira Lillie Harley Riley Beatrice Tanya Alexia Kristina Carlee Liberty Ruth Shannon Karma Tara Rayna Nora Ayanna Lisa Jamiya Lilia Presley Haven Avni Kayley Sophia Mckinley Kiera Yoselin Rebecca Abbey Jordin Abbey
40
Eden Eden
Dana Dana
Vivian Vivian
Kimberly Kimberly
Helen Helen
Isabella Isabella
Maeve Maeve
Matilda Matilda
Lana Lana
Marisol Marisol
Mira Mira
Lillie Lillie
Harley Harley
Riley Riley
Beatrice Beatrice
Tanya Tanya
Alexia Alexia
Kristina Kristina
Carlee Carlee
Liberty Liberty
Ruth Ruth
Shannon Shannon
Karma Karma
Tara Tara
Rayna Rayna
Nora Nora
Ayanna Ayanna
Lisa Lisa
Jamiya Jamiya
Lilia Lilia
Presley Presley
Haven Haven
Avni Avni
Kayley Kayley
Sophia Sophia
Mckinley Mckinley
Kiera Kiera
Yoselin Yoselin
Rebecca Rebecca
Jordin Jordin
