create top battery belief company hide basketball pastel crew linear adult pupil bracket ballot creation feign think community childish suffer tin colon mechanism prove line dose accessible fuss predict steward create
29
top top scrap perception skip
battery concern battery
belief belief
company company
hide hide merit cancel absorption
basketball basketball celebration
pastel pastel
crew crew
linear linear maze
adult adult minimize
pupil farewell direct pupil
bracket bracket breakin pride
ballot ballot
creation creation
feign appear deck feign
think think
community community nationalism
childish childish contract
suffer suffer
tin tin transmission
colon colon
mechanism mechanism
prove prove
line exotic line
dose dose
accessible accessible
fuss magnitude fuss
predict predict
steward steward
