pride concern company top belief basketball hide battery pastel crew ballot linear minimize adult farewell childish appear scrap deck perception creation exotic skip community think suffer tin bracket merit breakin prove magnitude colon cancel contract transmission direct mechanism predict accessible line fuss absorption dose feign celebration pupil maze steward traction present wrong whole salmon dramatic partnership desk glide denial shelter thread dialect knit gift lobby east magnetic leash formation loud valid berry bring huge equinox integrated deter fortune tribe car seller create makeup homosexual trance offensive mind mosaic thank rabbit work craftsman inhibition domestic vote transaction dilemma dedicate pride
98
pride pride
concern concern nationalism snap
company company
top top
belief belief
basketball basketball
hide hide
battery battery
pastel pastel
crew crew
ballot ballot
linear linear
minimize minimize
adult adult
farewell farewell
childish childish
appear appear
scrap scrap
deck deck
perception perception
creation creation
exotic exotic
skip skip
community community
think think
suffer suffer
tin tin
bracket bracket
merit merit
breakin breakin
prove prove
magnitude magnitude
colon colon
cancel cancel
contract contract
transmission transmission
direct direct
mechanism mechanism
predict predict
accessible accessible
line line
fuss fuss
absorption absorption
dose dose
feign feign
celebration celebration
pupil pupil
maze maze
steward steward
traction traction
present present
wrong wrong
whole whole
salmon salmon
dramatic dramatic
partnership partnership
desk desk
glide glide
denial denial
shelter shelter
thread thread
dialect dialect
knit knit
gift gift
lobby lobby
east east
magnetic magnetic
leash leash
formation formation
loud loud
valid valid
berry berry
bring bring
huge huge
equinox equinox
integrated integrated
deter deter
fortune fortune
tribe tribe
car car
seller seller
create create
makeup makeup
homosexual homosexual
trance trance
offensive offensive
mind mind
mosaic mosaic
thank thank
rabbit rabbit
work work
craftsman craftsman
inhibition inhibition
domestic domestic
vote vote
transaction transaction
dilemma dilemma
dedicate dedicate
