0 50 35 24 67 74 81 82 12 8 86 13 30 10 11 34 3 47 43 39 26 14 38 46 9 32 2 20 65 48 57 64 93 33 53 23 6 56 31 58 28 54 51 89 61 19 68 79 99 77 63 49 69 25 62 72 97 83 55 5 41 80 22 36 15 16 73 70 85 18 96 92 1 37 29 84 60 71 76 42 66 98 4 40 44 52 78 94 27 75 91 45 59 95 90 21 88 17 87 7 0
100
0 0
50 50
35 35
24 24
67 67
74 74
81 81
82 82
12 12
8 8
86 86
13 13
30 30
10 10
11 11
34 34
3 3
47 47
43 43
39 39
26 26
14 14
38 38
46 46
9 9
32 32
2 2
20 20
65 65
48 48
57 57
64 64
93 93
33 33
53 53
23 23
6 6
56 56
31 31
58 58
28 28
54 54
51 51
89 89
61 61
19 19
68 68
79 79
99 99
77 77
63 63
49 49
69 69
25 25
62 62
72 72
97 97
83 83
55 55
5 5
41 41
80 80
22 22
36 36
15 15
16 16
73 73
70 70
85 85
18 18
96 96
92 92
1 1
37 37
29 29
84 84
60 60
71 71
76 76
42 42
66 66
98 98
4 4
40 40
44 44
52 52
78 78
94 94
27 27
75 75
91 91
45 45
59 59
95 95
90 90
21 21
88 88
17 17
87 87
7 7
