Zo0umr3KFWOZJQPm HAZt9xslXTTIQrh6 bpy0VAq3GZuO2R8U ziJdi0Y4mj4TIJZ9 RnvIh4TOetAfG82E WVwd9ExLXa3zphJn 9pH9xdreYrmVM1JI J5iqQt6wukvg6KLY OMjRZA0G6vbBxKd5 rvadWwbDVrEOdUmt 9L0zlmq9jRh6nd1I qeVT6FbNKHRizFU8 tZ46uZudk7AfSXt1 qQzEeIfIOpoI9qKk e9DWnoEu0mxMb9VK ZsdU4FLz0FoJAHOC KHBd51v9Lk79JoNu 9dVIdmIqrww8IL0A xlWntBwCLfHgHam8 asqla05DvWvndrgH K5TJWlCDC2GiIJEC z6aHWvfWV1YcOU3s QSabhET5tNnXgX60 uuhviI1p7F0sChqp 1bDI0W7o3Pb2zYhB fBCH5yXHMW5jQJjk eRAtRmExinGYKjYs LI7uFZ34s97AeNpk 5TjXpBJuIWCWGZis 8pFqGmxaOhvFeBf4 W4POX5YqpnnI3x1U jVrty3u6KGOjBg80 Gypke7sesv6WDuj9 LdwRPFzBNqStC5X8 Byr8ftz6Pn4uac3K 0Pfip4BXzoRzyFv2 1yeDQmwUGYi8LEVC HqZKcXPbTIsIN6eT 3SYpu8y7n2lFaEgA 3PEg9lFbqEimkqjc kWAnmn2xV4T8moWO 2hsCdf5s2NPqItPy drsNw5E8nXGgcxxE CvZWFxoaMZYhwHYj 2yhNJ9fcTz8hRVDj EotYPttMvJbBfyaO Dg4uIWuVD7Xd3FfI PDtM7hU3L1QjW9eR uRc2j178KRm3sVAY HAZt9xslXTTIQrh6 PmJZCdR41rbLgXgi HAZt9xslXTTIQrh6 fg0WyZdFGAAZWRqK Zo0umr3KFWOZJQPm
50
HAZt9xslXTTIQrh6 HAZt9xslXTTIQrh6
bpy0VAq3GZuO2R8U bpy0VAq3GZuO2R8U
ziJdi0Y4mj4TIJZ9 ziJdi0Y4mj4TIJZ9
RnvIh4TOetAfG82E RnvIh4TOetAfG82E
WVwd9ExLXa3zphJn WVwd9ExLXa3zphJn
9pH9xdreYrmVM1JI 9pH9xdreYrmVM1JI
J5iqQt6wukvg6KLY J5iqQt6wukvg6KLY
OMjRZA0G6vbBxKd5 OMjRZA0G6vbBxKd5
rvadWwbDVrEOdUmt rvadWwbDVrEOdUmt
9L0zlmq9jRh6nd1I 9L0zlmq9jRh6nd1I
qeVT6FbNKHRizFU8 qeVT6FbNKHRizFU8
tZ46uZudk7AfSXt1 tZ46uZudk7AfSXt1
qQzEeIfIOpoI9qKk qQzEeIfIOpoI9qKk
e9DWnoEu0mxMb9VK e9DWnoEu0mxMb9VK
ZsdU4FLz0FoJAHOC ZsdU4FLz0FoJAHOC
KHBd51v9Lk79JoNu KHBd51v9Lk79JoNu
9dVIdmIqrww8IL0A 9dVIdmIqrww8IL0A
xlWntBwCLfHgHam8 xlWntBwCLfHgHam8
asqla05DvWvndrgH asqla05DvWvndrgH
K5TJWlCDC2GiIJEC K5TJWlCDC2GiIJEC
z6aHWvfWV1YcOU3s z6aHWvfWV1YcOU3s
QSabhET5tNnXgX60 QSabhET5tNnXgX60
uuhviI1p7F0sChqp uuhviI1p7F0sChqp
1bDI0W7o3Pb2zYhB 1bDI0W7o3Pb2zYhB
fBCH5yXHMW5jQJjk fBCH5yXHMW5jQJjk
eRAtRmExinGYKjYs eRAtRmExinGYKjYs
LI7uFZ34s97AeNpk LI7uFZ34s97AeNpk
5TjXpBJuIWCWGZis 5TjXpBJuIWCWGZis
8pFqGmxaOhvFeBf4 8pFqGmxaOhvFeBf4
W4POX5YqpnnI3x1U W4POX5YqpnnI3x1U
jVrty3u6KGOjBg80 jVrty3u6KGOjBg80
Gypke7sesv6WDuj9 Gypke7sesv6WDuj9
LdwRPFzBNqStC5X8 LdwRPFzBNqStC5X8
Byr8ftz6Pn4uac3K Byr8ftz6Pn4uac3K
0Pfip4BXzoRzyFv2 0Pfip4BXzoRzyFv2
1yeDQmwUGYi8LEVC 1yeDQmwUGYi8LEVC
HqZKcXPbTIsIN6eT HqZKcXPbTIsIN6eT
3SYpu8y7n2lFaEgA 3SYpu8y7n2lFaEgA
3PEg9lFbqEimkqjc 3PEg9lFbqEimkqjc
kWAnmn2xV4T8moWO kWAnmn2xV4T8moWO
2hsCdf5s2NPqItPy 2hsCdf5s2NPqItPy
drsNw5E8nXGgcxxE drsNw5E8nXGgcxxE
CvZWFxoaMZYhwHYj CvZWFxoaMZYhwHYj
2yhNJ9fcTz8hRVDj 2yhNJ9fcTz8hRVDj
EotYPttMvJbBfyaO EotYPttMvJbBfyaO
Dg4uIWuVD7Xd3FfI Dg4uIWuVD7Xd3FfI
PDtM7hU3L1QjW9eR PDtM7hU3L1QjW9eR
uRc2j178KRm3sVAY uRc2j178KRm3sVAY
PmJZCdR41rbLgXgi PmJZCdR41rbLgXgi
fg0WyZdFGAAZWRqK fg0WyZdFGAAZWRqK
