vBhpoFdJZxyttIlfaf7D zs7X4IJgeJEM8iqAbvF3 nB1RHSnvjX4nG0Tch5En 7PoxePhwnlLvMilKVpER R7crXexksQ4TN5zY2ck3 oFNlFPub6zLirsQwo0fu mv3tFPDoT2NlrLp24T9l 9B0w6Ahn3NsugfNn6veD DybFcuyeWxt51LawzVvs fp9JaV5iTp8QxXwwkR68 rkMvLqMMN5Aq3onq5XeZ RpMJGAvULIBCQ0RI369s J00g7hlLLSWTXvTYK9v2 fHfopcx4v3MKBN0TMn7s W1jWYYdH0atiKtbaVDRT R6ZzYYWqarkWldqbKDab 8mLI4Cl8exxeLw5eLCvi wHEcyeduhdH7p3Lr1PtC NAqhSs9OpS9XtIaJtTCD 6koX1rNvAwrB84m39eQv MiPSEwVMn3bbGh4tbRTf XWHR07Y6kfSBbEuD62PN vLwJebpyApE3MPksc9OW 2LthmnS3Cdd5FBfY5GQ9 qM7lEl3z2COceXw7x0EC XYk0VV4ujV55qqS8YiHV qkrT0EYt8AHuefFD25g1 WwLzOfqcc3FIzub2jh8R ohy3S5QXymEhh63dMBQE 17OoKHzumyPaqfjSSc7S WN0Nl06Zx9w6LYUHMZam XBxLd5K0m0Gtk5fTL45q 37APL8dpwT5Ds5AIG0t4 uUumBfQJDh6S0d06Kb78 InZnvPu8h9zAoLCNj2in 535WuquKiicRqEyzCI3d RRlYwTFLYqL48JIMSAmC 8Le4AI986fwHZXPoOMK1 6PPTzNGrNxrgfdvm8cwZ 4ilNvg3IkxoJuvkwqYsS JEGgKJfdY8owvwdYhKMk EHYUZOt1fTtm7KJue8on tUVqKo1E6AibIE6zShkv eKaPpzrMwOPxNzeoOSFH n2Cqtp5v2DuwGX7LhuzE rMd1TXBMCuFfO59jF1Tq d6xeP6xeDJ3O2jY8D4pB XX8iZd9Mw56dkKCstFAC iki3BohF22ET0rMPxXQ5 cs6LkMYfySGYUzb8VLcc jTdja1e2hUhydiExPlJM vBhpoFdJZxyttIlfaf7D
50
zs7X4IJgeJEM8iqAbvF3 zs7X4IJgeJEM8iqAbvF3
nB1RHSnvjX4nG0Tch5En nB1RHSnvjX4nG0Tch5En
7PoxePhwnlLvMilKVpER 7PoxePhwnlLvMilKVpER
R7crXexksQ4TN5zY2ck3 R7crXexksQ4TN5zY2ck3
oFNlFPub6zLirsQwo0fu oFNlFPub6zLirsQwo0fu
mv3tFPDoT2NlrLp24T9l mv3tFPDoT2NlrLp24T9l
9B0w6Ahn3NsugfNn6veD 9B0w6Ahn3NsugfNn6veD
DybFcuyeWxt51LawzVvs DybFcuyeWxt51LawzVvs
fp9JaV5iTp8QxXwwkR68 fp9JaV5iTp8QxXwwkR68
rkMvLqMMN5Aq3onq5XeZ rkMvLqMMN5Aq3onq5XeZ
RpMJGAvULIBCQ0RI369s RpMJGAvULIBCQ0RI369s
J00g7hlLLSWTXvTYK9v2 J00g7hlLLSWTXvTYK9v2
fHfopcx4v3MKBN0TMn7s fHfopcx4v3MKBN0TMn7s
W1jWYYdH0atiKtbaVDRT W1jWYYdH0atiKtbaVDRT
R6ZzYYWqarkWldqbKDab R6ZzYYWqarkWldqbKDab
8mLI4Cl8exxeLw5eLCvi 8mLI4Cl8exxeLw5eLCvi
wHEcyeduhdH7p3Lr1PtC wHEcyeduhdH7p3Lr1PtC
NAqhSs9OpS9XtIaJtTCD NAqhSs9OpS9XtIaJtTCD
6koX1rNvAwrB84m39eQv 6koX1rNvAwrB84m39eQv
MiPSEwVMn3bbGh4tbRTf MiPSEwVMn3bbGh4tbRTf
XWHR07Y6kfSBbEuD62PN XWHR07Y6kfSBbEuD62PN
vLwJebpyApE3MPksc9OW vLwJebpyApE3MPksc9OW
2LthmnS3Cdd5FBfY5GQ9 2LthmnS3Cdd5FBfY5GQ9
qM7lEl3z2COceXw7x0EC qM7lEl3z2COceXw7x0EC
XYk0VV4ujV55qqS8YiHV XYk0VV4ujV55qqS8YiHV
qkrT0EYt8AHuefFD25g1 qkrT0EYt8AHuefFD25g1
WwLzOfqcc3FIzub2jh8R WwLzOfqcc3FIzub2jh8R
ohy3S5QXymEhh63dMBQE ohy3S5QXymEhh63dMBQE
17OoKHzumyPaqfjSSc7S 17OoKHzumyPaqfjSSc7S
WN0Nl06Zx9w6LYUHMZam WN0Nl06Zx9w6LYUHMZam
XBxLd5K0m0Gtk5fTL45q XBxLd5K0m0Gtk5fTL45q
37APL8dpwT5Ds5AIG0t4 37APL8dpwT5Ds5AIG0t4
uUumBfQJDh6S0d06Kb78 uUumBfQJDh6S0d06Kb78
InZnvPu8h9zAoLCNj2in InZnvPu8h9zAoLCNj2in
535WuquKiicRqEyzCI3d 535WuquKiicRqEyzCI3d
RRlYwTFLYqL48JIMSAmC RRlYwTFLYqL48JIMSAmC
8Le4AI986fwHZXPoOMK1 8Le4AI986fwHZXPoOMK1
6PPTzNGrNxrgfdvm8cwZ 6PPTzNGrNxrgfdvm8cwZ
4ilNvg3IkxoJuvkwqYsS 4ilNvg3IkxoJuvkwqYsS
JEGgKJfdY8owvwdYhKMk JEGgKJfdY8owvwdYhKMk
EHYUZOt1fTtm7KJue8on EHYUZOt1fTtm7KJue8on
tUVqKo1E6AibIE6zShkv tUVqKo1E6AibIE6zShkv
eKaPpzrMwOPxNzeoOSFH eKaPpzrMwOPxNzeoOSFH
n2Cqtp5v2DuwGX7LhuzE n2Cqtp5v2DuwGX7LhuzE
rMd1TXBMCuFfO59jF1Tq rMd1TXBMCuFfO59jF1Tq
d6xeP6xeDJ3O2jY8D4pB d6xeP6xeDJ3O2jY8D4pB
XX8iZd9Mw56dkKCstFAC XX8iZd9Mw56dkKCstFAC
iki3BohF22ET0rMPxXQ5 iki3BohF22ET0rMPxXQ5
cs6LkMYfySGYUzb8VLcc cs6LkMYfySGYUzb8VLcc
jTdja1e2hUhydiExPlJM jTdja1e2hUhydiExPlJM
