55 40 11 97 33 146 140 159 149 12 63 170 119 184 172 81 17 32 91 61 26 27 148 188 78 101 62 45 111 76 152 133 88 185 90 162 49 186 182 58 59 107 189 118 67 181 74 15 29 83 53 41 36 171 134 54 175 177 151 43 135 106 179 105 158 163 116 86 166 56 66 115 131 57 160 8 137 13 109 126 150 42 16 85 71 122 113 153 20 80 173 77 9 30 168 48 1 114 55
96
40 40
11 11
97 97
33 33
146 146
140 140
159 159
149 149
12 12
63 63
170 170
119 119
184 184
172 172
81 81
17 17
32 32
91 91
61 61
26 26
27 27
148 148
188 188
78 78
101 101
62 62
45 45
111 111
76 76
152 152
133 133
88 88
185 185
90 90
162 162
49 49
186 186
182 182
58 58
59 59
107 107
189 189
118 118
67 67
181 181
74 74
15 15
29 29
83 83
53 53
41 41
36 36
171 171
134 134
54 54
175 175
177 177
151 151
43 43
135 135
106 106
179 179
105 105
158 158
163 163
116 116
86 86
166 166
56 56
66 66
115 115
131 131
57 57
160 160
8 8
137 137
13 13
109 109
126 126
150 150
42 42
16 16
85 85
71 71
122 122
113 113
153 153
20 20
80 80
173 173
77 77
9 9
30 30
168 168
48 48
114 114
