x61 x71 x52 x81 x90 x26 x30 x40 x93 x0 x39 x88 x96 x37 x43 x98 x7 x32 x31 x99 x87 x13 x5 x46 x54 x59 x28 x66 x3 x97 x91 x79 x1 x58 x89 x8 x34 x49 x18 x95 x2 x42 x80 x1 x55 x1 x61
43
x71 x53 x61 x68 x71
x52 x52
x81 x81
x90 x90
x26 x23 x26 x94
x30 x30
x40 x40
x93 x21 x93
x0 x0
x39 x39
x88 x88
x96 x96
x37 x37
x43 x43
x98 x12 x98
x7 x7
x32 x32
x31 x31
x99 x99
x87 x87
x13 x13
x5 x5
x46 x46
x54 x54
x59 x59
x28 x28
x66 x66
x3 x3
x97 x97
x91 x91
x79 x79
x1 x1
x58 x58
x89 x89
x8 x8
x34 x34
x49 x49
x18 x18
x95 x95
x2 x2
x42 x42
x80 x80
x55 x55
