FacultyClub BioscienceLibrary SutardjaDai Etcheverry SproulPlaza Hilgard StudentUnion UniversityHouse EarthquakeLibrary LawrenceofScience Pimentel Mulford CareerCenter HearstGym Durham Spieker OBrien FPF Library PacificFilmArchive BrainImagingCenter Morrison Wheeler Cheit Manville Jacobs Koshland EarthLibrary Investigative EnergyBuilding MediaCenter StowPlaza MartinezCommons MelvinLaboratory BancroftDance AndersenAuditorium AnthropologyLibrary Unit3 Stephens InternationalHouse OptometryLibrary IRLE SpringerGateway DonnerLaboratory ArtHistoryLibrary Sproul Warren Birge CITRIS FacultyClub NewspapersLibrary FacultyClub
50
FacultyClub FacultyClub
BioscienceLibrary BioscienceLibrary
SutardjaDai SutardjaDai
Etcheverry Etcheverry
SproulPlaza SproulPlaza
Hilgard Hilgard
StudentUnion StudentUnion
UniversityHouse UniversityHouse
EarthquakeLibrary EarthquakeLibrary
LawrenceofScience LawrenceofScience
Pimentel Pimentel
Mulford Mulford
CareerCenter CareerCenter
HearstGym HearstGym
Durham Durham
Spieker Spieker
OBrien OBrien
FPF FPF
Library Library
PacificFilmArchive PacificFilmArchive
BrainImagingCenter BrainImagingCenter
Morrison Morrison
Wheeler Wheeler
Cheit Cheit
Manville Manville
Jacobs Jacobs
Koshland Koshland
EarthLibrary EarthLibrary
Investigative Investigative
EnergyBuilding EnergyBuilding
MediaCenter MediaCenter
StowPlaza StowPlaza
MartinezCommons MartinezCommons
MelvinLaboratory MelvinLaboratory
BancroftDance BancroftDance
AndersenAuditorium AndersenAuditorium
AnthropologyLibrary AnthropologyLibrary
Unit3 Unit3
Stephens Stephens
InternationalHouse InternationalHouse
OptometryLibrary OptometryLibrary
IRLE IRLE
SpringerGateway SpringerGateway
DonnerLaboratory DonnerLaboratory
ArtHistoryLibrary ArtHistoryLibrary
Sproul Sproul
Warren Warren
Birge Birge
CITRIS CITRIS
NewspapersLibrary NewspapersLibrary
