Satish 3WJYJDDU 9QJRN GNVXN 8MDFNIK8AY B690 W71YV1R66L G4QE3I P6RI91D87 ET82NVH9 SQLSVN 9V10EOH CB93 YU3U1T 2BLLD3SK 1UCE IHN21LA4 DNIV2BOR2P DDB26ZHC 91ZONFE EFIKTK4Y0Y 0TRB9358 G90OCSZY JX6GCY HQG39M YQB2CII950 7T8I47 79KTC8AS9 4UE11 ETNCY9XH2 EEZS A118 FM2HEMVR1 KCOFJD 7622OJ HBQM42U 8UPUEGO ARTWTP9 VOAV ETB2 26PG 3IXHQXHYBV C8WREP FWM5C 02X2C LM7KL5G3V PIW6IC50D QW15YTSV ZZACWP M35E E5HD H41HZ6 LQQ5IH J2ETZ1C A8WYICH3 ZH2INF E9DZLL 4C88SXD MLKOJ ZMQ5BH E2DHWGC 8TH7QVQY ZMZIWZ 3J6SSA DST5W4G0 01G9IQ2 MXJIYJYNH4 PUW25N Q7ZEY YSRPP HM48FZD0 L7QS0UEPJ KBI1CALMNJ CKNDWG GH8C 4P0LGP0 FM2G14H8I M71OYIS CV6NHW7M LBR67PCKBJ 7GAD3F O44VZ GILAN21GR3 PMXEOGGIQ FPZT VGYKKKOFLZ DYYG23O CXQDH6YMZ8 GN4G0L2 M649OA 5HULMUDLAQ RP28W1 Q7Z37G5 5XYO E37ZKA8WK 4VE7V H1LQ91V 6PVQIBNB9 2B1K6EW9CL 9K8PLAET B3R68HYWZ Satish
100
3WJYJDDU 3WJYJDDU
9QJRN 9QJRN
GNVXN GNVXN
8MDFNIK8AY 8MDFNIK8AY
B690 B690
W71YV1R66L W71YV1R66L
G4QE3I G4QE3I
P6RI91D87 P6RI91D87
ET82NVH9 ET82NVH9
SQLSVN SQLSVN
9V10EOH 9V10EOH
CB93 CB93
YU3U1T YU3U1T
2BLLD3SK 2BLLD3SK
1UCE 1UCE
IHN21LA4 IHN21LA4
DNIV2BOR2P DNIV2BOR2P
DDB26ZHC DDB26ZHC
91ZONFE 91ZONFE
EFIKTK4Y0Y EFIKTK4Y0Y
0TRB9358 0TRB9358
G90OCSZY G90OCSZY
JX6GCY JX6GCY
HQG39M HQG39M
YQB2CII950 YQB2CII950
7T8I47 7T8I47
79KTC8AS9 79KTC8AS9
4UE11 4UE11
ETNCY9XH2 ETNCY9XH2
EEZS EEZS
A118 A118
FM2HEMVR1 FM2HEMVR1
KCOFJD KCOFJD
7622OJ 7622OJ
HBQM42U HBQM42U
8UPUEGO 8UPUEGO
ARTWTP9 ARTWTP9
VOAV VOAV
ETB2 ETB2
26PG 26PG
3IXHQXHYBV 3IXHQXHYBV
C8WREP C8WREP
FWM5C FWM5C
02X2C 02X2C
LM7KL5G3V LM7KL5G3V
PIW6IC50D PIW6IC50D
QW15YTSV QW15YTSV
ZZACWP ZZACWP
M35E M35E
E5HD E5HD
H41HZ6 H41HZ6
LQQ5IH LQQ5IH
J2ETZ1C J2ETZ1C
A8WYICH3 A8WYICH3
ZH2INF ZH2INF
E9DZLL E9DZLL
4C88SXD 4C88SXD
MLKOJ MLKOJ
ZMQ5BH ZMQ5BH
E2DHWGC E2DHWGC
8TH7QVQY 8TH7QVQY
ZMZIWZ ZMZIWZ
3J6SSA 3J6SSA
DST5W4G0 DST5W4G0
01G9IQ2 01G9IQ2
MXJIYJYNH4 MXJIYJYNH4
PUW25N PUW25N
Q7ZEY Q7ZEY
YSRPP YSRPP
HM48FZD0 HM48FZD0
L7QS0UEPJ L7QS0UEPJ
KBI1CALMNJ KBI1CALMNJ
CKNDWG CKNDWG
GH8C GH8C
4P0LGP0 4P0LGP0
FM2G14H8I FM2G14H8I
M71OYIS M71OYIS
CV6NHW7M CV6NHW7M
LBR67PCKBJ LBR67PCKBJ
7GAD3F 7GAD3F
O44VZ O44VZ
GILAN21GR3 GILAN21GR3
PMXEOGGIQ PMXEOGGIQ
FPZT FPZT
VGYKKKOFLZ VGYKKKOFLZ
DYYG23O DYYG23O
CXQDH6YMZ8 CXQDH6YMZ8
GN4G0L2 GN4G0L2
M649OA M649OA
5HULMUDLAQ 5HULMUDLAQ
RP28W1 RP28W1
Q7Z37G5 Q7Z37G5
5XYO 5XYO
E37ZKA8WK E37ZKA8WK
4VE7V 4VE7V
H1LQ91V H1LQ91V
6PVQIBNB9 6PVQIBNB9
2B1K6EW9CL 2B1K6EW9CL
9K8PLAET 9K8PLAET
B3R68HYWZ B3R68HYWZ
