Satish VFRT26 1BZLEM ZRYV5F YXBMACC PZMGYZL FS1RWBVR7 PTWCQ PYD9SISJI KRM4B WZ1MC3189 R6VBAVZ0B BBFYA9B UVP4WIKK OXWYDF 399VM5PU6 Z6H98 PTL1QU 9XFF 92R432 4INC2D8SDN ICTGXV ER2YSPML1C KSHB2KG ZY9VPYMXA NSBI Satish
25
VFRT26 VFRT26
1BZLEM 1BZLEM
ZRYV5F ZRYV5F
YXBMACC YXBMACC
PZMGYZL PZMGYZL
FS1RWBVR7 FS1RWBVR7
PTWCQ PTWCQ
PYD9SISJI PYD9SISJI
KRM4B KRM4B
WZ1MC3189 WZ1MC3189
R6VBAVZ0B R6VBAVZ0B
BBFYA9B BBFYA9B
UVP4WIKK UVP4WIKK
OXWYDF OXWYDF
399VM5PU6 399VM5PU6
Z6H98 Z6H98
PTL1QU PTL1QU
9XFF 9XFF
92R432 92R432
4INC2D8SDN 4INC2D8SDN
ICTGXV ICTGXV
ER2YSPML1C ER2YSPML1C
KSHB2KG KSHB2KG
ZY9VPYMXA ZY9VPYMXA
NSBI NSBI
