129 121 142 180 2 11 150 5 97 128 95 87 189 17 161 183 53 65 174 158 40 122 23 36 125 110 101 56 50 48 84 63 123 195 160 98 33 137 152 100 130 156 15 51 163 184 55 62 177 175 0 29 171 21 107 92 103 16 49 145 155 88 91 126 58 188 61 114 196 96 191 85 178 26 157 99 76 59 8 89 108 39 105 6 66 25 190 14 109 44 194 64 151 13 9 82 192 57 81 4 197 129
100
121 121
142 142
180 180
2 2
11 11
150 150
5 5
97 97
128 128
95 95
87 87
189 189
17 17
161 161
183 183
53 53
65 65
174 174
158 158
40 40
122 122
23 23
36 36
125 125
110 110
101 101
56 56
50 50
48 48
84 84
63 63
123 123
195 195
160 160
98 98
33 33
137 137
152 152
100 100
130 130
156 156
15 15
51 51
163 163
184 184
55 55
62 62
177 177
175 175
0 0
29 29
171 171
21 21
107 107
92 92
103 103
16 16
49 49
145 145
155 155
88 88
91 91
126 126
58 58
188 188
61 61
114 114
196 196
96 96
191 191
85 85
178 178
26 26
157 157
99 99
76 76
59 59
8 8
89 89
108 108
39 39
105 105
6 6
66 66
25 25
190 190
14 14
109 109
44 44
194 194
64 64
151 151
13 13
9 9
82 82
192 192
57 57
81 81
4 4
197 197
