awsq33VKPi6omYhDxD FXctIQn9v T930LVMZqWnRhtA bIXpEU56v5EwRurYx t4g038uD0J7N2MjjK 9NiO9NIt6mT qaNF4 a049zYG55Zn66Xbmpdp0 3AZZS7ZlVKs4rRsl zvAc9Z2d7eDxV B6zwxFUTXP7207OU e2CQ 10rY1cuVgs IU22L8 10rY1cuVgs tH7nO948j59TD 62a8663U0b o2TJY8U Tgw4KRLY56280J0 J 3l6XBJU8C1Vc5ugKIhUy 9JJWGryKp1iJ5JrjK3 owJxU5AByA1usDUB3gkv fnMwNw1M6Naw IAPW3R 5NI1AGh6XyxT39yE IAPW3R l o2TJY8U gE2u1BLhV0VP9W4K 3AZZS7ZlVKs4rRsl b88Y9j2qm7Ik9Uc1Akg 4o awsq33VKPi6omYhDxD
25
awsq33VKPi6omYhDxD awsq33VKPi6omYhDxD
T930LVMZqWnRhtA T930LVMZqWnRhtA
bIXpEU56v5EwRurYx bIXpEU56v5EwRurYx
t4g038uD0J7N2MjjK t4g038uD0J7N2MjjK
9NiO9NIt6mT 9NiO9NIt6mT
qaNF4 qaNF4
a049zYG55Zn66Xbmpdp0 a049zYG55Zn66Xbmpdp0
3AZZS7ZlVKs4rRsl 3AZZS7ZlVKs4rRsl
zvAc9Z2d7eDxV zvAc9Z2d7eDxV
B6zwxFUTXP7207OU B6zwxFUTXP7207OU
e2CQ e2CQ
10rY1cuVgs 10rY1cuVgs
IU22L8 IU22L8
tH7nO948j59TD tH7nO948j59TD
o2TJY8U o2TJY8U
Tgw4KRLY56280J0 Tgw4KRLY56280J0
J J
3l6XBJU8C1Vc5ugKIhUy 3l6XBJU8C1Vc5ugKIhUy
owJxU5AByA1usDUB3gkv owJxU5AByA1usDUB3gkv
fnMwNw1M6Naw fnMwNw1M6Naw
5NI1AGh6XyxT39yE 5NI1AGh6XyxT39yE
l l
gE2u1BLhV0VP9W4K gE2u1BLhV0VP9W4K
b88Y9j2qm7Ik9Uc1Akg b88Y9j2qm7Ik9Uc1Akg
4o 4o
