85 1 0 3 7 6 8 23 81 4 11 4 13 34 52 14 15 12 16 18 17 18 22 2 27 46 50 79 2 28 32 31 37 38 3 35 3 43 3 44 91 6 45 53 2 47 55 6 48 80 5 51 3 54 26 56 76 39 57 9 64 32 68 32 69 42 71 96 21 77 3 86 32 87 12 92 14 93 26 94 21 98 21 99 12 85
50
1 1
0 0
7 7
8 8
23 23
81 81
11 11
13 13
34 34
52 52
15 15
16 16
17 17
22 22
27 27
46 46
50 50
79 79
28 28
31 31
37 37
38 38
35 35
43 43
44 44
91 91
45 45
53 53
47 47
55 55
48 48
80 80
51 51
54 54
56 56
76 76
57 57
64 64
68 68
69 69
71 71
96 96
77 77
86 86
87 87
92 92
93 93
94 94
98 98
99 99
