99 126 3 0 1 4 111 181 29 5 15 16 8 9 7 10 31 12 66 16 17 2 18 28 40 31 20 82 2 22 19 24 55 16 25 41 50 26 2 27 16 30 36 33 36 34 188 31 35 14 39 2 42 2 47 83 37 51 61 7 53 59 19 56 90 125 148 19 63 75 80 3 68 2 70 78 11 73 6 88 6 92 119 32 94 3 97 3 98 7 100 28 102 124 14 103 14 106 7 112 57 114 50 117 150 19 122 37 123 161 3 127 3 130 3 131 43 132 155 52 142 7 146 7 149 192 6 151 16 158 29 160 44 163 32 164 168 184 13 165 16 166 3 167 32 169 60 170 50 171 23 172 11 173 11 174 36 178 38 180 7 183 31 185 16 186 14 190 99
100
99 99
126 126
0 0
1 1
4 4
111 111
181 181
5 5
15 15
8 8
9 9
10 10
12 12
66 66
17 17
18 18
28 28
40 40
20 20
82 82
22 22
24 24
55 55
25 25
41 41
26 26
27 27
30 30
33 33
34 34
188 188
35 35
39 39
42 42
47 47
83 83
51 51
61 61
53 53
59 59
56 56
90 90
125 125
148 148
63 63
75 75
80 80
68 68
70 70
78 78
73 73
88 88
92 92
119 119
94 94
97 97
98 98
100 100
102 102
124 124
103 103
106 106
112 112
114 114
117 117
150 150
122 122
123 123
161 161
127 127
130 130
131 131
132 132
155 155
142 142
146 146
149 149
192 192
151 151
158 158
160 160
163 163
164 164
168 168
184 184
165 165
166 166
167 167
169 169
170 170
171 171
172 172
173 173
174 174
178 178
180 180
183 183
185 185
186 186
190 190
