K B I G L M P R T U Y V X Z AF AB AH AG AJ AS AN AW AM BA AX BB BE BF BG BL BI BO BX CK BQ BJ BP CB CF BY BR CE CJ CW CM CQ CT DB DC CY DH DI DK DG DR DS DX DP EA DV DZ EG ED EC EH EJ EL EK EN EM EQ EV EU EO FD EZ FG FE FJ FH FM FO FI FP FR FU FS FX FV GC GE GG GF FZ GI GD GK GJ GO GL GR K
100
B B
I I
G G
L L
M M
P P
R R
T T
U U
Y Y
V V
X X
Z Z
AF AF
AB AB
AH AH
AG AG
AJ AJ
AS AS
AN AN
AW AW
AM AM
BA BA
AX AX
BB BB
BE BE
BF BF
BG BG
BL BL
BI BI
BO BO
BX BX
CK CK
BQ BQ
BJ BJ
BP BP
CB CB
CF CF
BY BY
BR BR
CE CE
CJ CJ
CW CW
CM CM
CQ CQ
CT CT
DB DB
DC DC
CY CY
DH DH
DI DI
DK DK
DG DG
DR DR
DS DS
DX DX
DP DP
EA EA
DV DV
DZ DZ
EG EG
ED ED
EC EC
EH EH
EJ EJ
EL EL
EK EK
EN EN
EM EM
EQ EQ
EV EV
EU EU
EO EO
FD FD
EZ EZ
FG FG
FE FE
FJ FJ
FH FH
FM FM
FO FO
FI FI
FP FP
FR FR
FU FU
FS FS
FX FX
FV FV
GC GC
GE GE
GG GG
GF GF
FZ FZ
GI GI
GD GD
GK GK
GJ GJ
GO GO
GL GL
GR GR
