152 142 31 105 97 28 79 169 116 157 112 45 89 9 95 170 56 163 171 134 41 111 172 37 165 175 139 78 73 85 12 35 143 58 81 166 92 50 168 130 96 60 87 121 5 149 183 182 144 27 90 65 126 13 42 180 113 145 2 181 184 94 151 53 153 54 51 136 101 8 66 0 6 38 6 75 152
73
142 142
31 31
105 105
97 97
28 28
79 79
169 169
116 116
157 157
112 112
45 45
89 89
9 9
95 95
170 170
56 56
163 163
171 171
134 134
41 41
111 111
172 172
37 37
165 165
175 175
139 139
78 78
73 73
85 85
12 12
35 35
143 143
58 58
81 81
166 166
92 92
50 50
168 168
130 130
96 96
60 60
87 87
121 121
5 5
149 149
183 183
182 182
144 144
27 27
90 90
65 65
126 126
13 13
42 42
180 180
113 113
145 145
2 2
181 181
184 184
94 94
151 151
53 53
153 153
54 54
51 51
136 136
101 101
8 8
66 66
0 0
38 38
75 75
