0 160 161 38 110 109 169 170 34 102 43 100 163 164 101 7 108 31 106 167 168 107 14 116 174 12 103 104 166 165 39 124 125 180 179 33 114 35 112 113 172 18 120 50 118 119 176 44 115 173 49 105 49 133 185 7 122 178 177 121 94 123 22 131 184 41 129 5 111 5 117 45 127 181 182 128 26 145 193 194 146 32 134 186 27 142 143 192 191 5 139 189 30 126 18 132 95 130 183 22 137 188 187 136 30 135 19 138 19 148 149 196 195 16 151 152 198 197 34 154 7 140 190 40 175 16 156 93 155 37 147 18 36 141 15 144 42 150 44 153 9 158 30 157 92 159 92 0 162 38 171 0
99
160 160
161 161
110 110
109 109
169 169
170 170
102 102
100 100
163 163
164 164
101 101
108 108
106 106
167 167
168 168
107 107
116 116
174 174
103 103
104 104
166 166
165 165
124 124
125 125
180 180
179 179
114 114
112 112
113 113
172 172
120 120
118 118
119 119
176 176
115 115
173 173
105 105
133 133
185 185
122 122
178 178
177 177
121 121
123 123
131 131
184 184
129 129
111 111
117 117
127 127
181 181
182 182
128 128
145 145
193 193
194 194
146 146
134 134
186 186
142 142
143 143
192 192
191 191
139 139
189 189
126 126
132 132
130 130
183 183
137 137
188 188
187 187
136 136
135 135
138 138
148 148
149 149
196 196
195 195
151 151
152 152
198 198
197 197
154 154
140 140
190 190
175 175
156 156
155 155
147 147
141 141
144 144
150 150
153 153
158 158
157 157
159 159
162 162
171 171
