5 103 10 135 100 177 47 174 33 76 2 140 28 85 20 46 48 122 42 137 14 53 187 194 50 104 171 199 133 34 138 69 32 183 43 151 75 39 67 154 26 63 196 184 114 178 91 165 146 56 143 123 1 168 18 25 37 61 193 9 116 175 96 192 55 164 88 31 71 152 157 162 52 159 170 17 105 12 16 92 80 158 102 189 77 174 81 110 188 132 11 153 101 59 83 156 111 180 86 44 22 165 51 130 64 37 99 133 173 133 179 78 131 41 68 133 149 28 85 58 5
100
103 103
10 10
135 135
100 100
177 177
47 47
174 174
33 33
76 76
2 2
140 140
28 28
85 85
20 20
46 46
48 48
122 122
42 42
137 137
14 14
53 53
187 187
194 194
50 50
104 104
171 171
199 199
133 133
34 34
138 138
69 69
32 32
183 183
43 43
151 151
75 75
39 39
67 67
154 154
26 26
63 63
196 196
184 184
178 178
91 91
146 146
56 56
143 143
123 123
1 1
168 168
18 18
25 25
37 37
61 61
193 193
9 9
116 116
96 96
192 192
55 55
164 164
31 31
71 71
152 152
157 157
162 162
52 52
159 159
170 170
17 17
105 105
16 16
92 92
80 80
158 158
102 102
189 189
77 77
81 81
110 110
188 188
11 11
153 153
101 101
83 83
156 156
180 180
44 44
22 22
51 51
64 64
99 99
173 173
179 179
78 78
41 41
68 68
149 149
58 58
