Hershberger Morales Dison Taylor Folsom Rachel Manzi Torrez Parks Guerra Morris Ford Brewer Rossi Scalise Rodgers Williams Lawson Wheeler Neal Lewis Mcclain Kerr Burke Danger Higginbotham Owens Mohr Hughes Hill Sherman Worstell Jones Holderman Henry Padgett Morgan Bean Washington Smith Virtue Patterson Perrault Baker Hannon Duckey Penrod Walker Joy Wallace Cork Hosle Courtney Medina Rivers Carroll Dominguez Branson Sebeniecher Snyder Skelton Munoz Cribb Braswell Jenkins Webb Berka Collins Peters Wilson White Harris Anderson Dray Dotson Patton Preston Hagen Longhurst Robinson Tygart Kujawa Miller Luzar Johns Leisure Orange Yoder Singleton Kim Zwolinski Muni Sharp Aldrich Vanness Legrand Mclaughlin Street Reeder Sanchez Hershberger
34
Berka Berka
Collins Collins
Peters Peters
Wilson Wilson
White White
Harris Harris
Anderson Anderson
Dray Dray
Dotson Dotson
Patton Patton
Preston Preston
Hagen Hagen
Longhurst Longhurst
Robinson Robinson
Tygart Tygart
Kujawa Kujawa
Miller Miller
Luzar Luzar
Johns Johns
Leisure Leisure
Orange Orange
Yoder Yoder
Singleton Singleton
Kim Kim
Zwolinski Zwolinski
Muni Muni
Sharp Sharp
Aldrich Aldrich
Vanness Vanness
Legrand Legrand
Mclaughlin Mclaughlin
Street Street
Reeder Reeder
Sanchez Sanchez
