Soda Campanile BarrowLane BarkerHall Dwinelle ClarkKerr CareerCenter CampbellHall BarrowsHall AlumniHouse Soda Jacobs Lawrence MLK LeConteHall EyeCenter LeConteHall MemorialGlade LowerSproul Soda RSF MorganHall MorrisonHall MosesHall MulfordHall NorthField SatherGate SatherTower SatherRd RSF Soda SeniorHall WursterHall TangCenter SproulPlaza SutardjaDaiHall Unit1 Soda
18
Campanile Campanile
BarkerHall BarkerHall
Dwinelle Dwinelle
CareerCenter CareerCenter
Jacobs Jacobs
Lawrence Lawrence
MLK MLK
LeConteHall LeConteHall
EyeCenter EyeCenter
MemorialGlade MemorialGlade
MorganHall MorganHall
MorrisonHall MorrisonHall
MulfordHall MulfordHall
SatherRd SatherRd
WursterHall WursterHall
SproulPlaza SproulPlaza
SutardjaDaiHall SutardjaDaiHall
Unit1 Unit1
