Treves Lebedev Lingcunwu Lima Uvongo Aukopae Tab Guido Ludlow Sara Kabira Auchterarder Amsi Csikotapuszta Lwakoke Glubotskoye Awahuri Lobkovitztanya Gangshang Thorton Stuzhki Akinima Zominthos Treves 
18 
Ludlow Nyebu Livingstone Boro Waiohiki 
Lobkovitztanya Mosconi Sikiona Tab Rata Ruimte Gangshang Montgomery Cachi 
Treves Encrucijadas Huangxi 
Lima Tunal Redondo Salisbury Dodori Kagali Orangapai 
Tab Magolaneng Tab 
Csikotapuszta  
Zominthos Nyabitimbo Ccollpa Ardmore Brassington Iona Banshe Marmanet Majoreni Whithorn Giteme 
Amsi Katelembu Stuzhki Rajnicstanya Shaftesbury Selkirk Dunblane Amsi 
Auchterarder  
Akinima Rabour Khorobrovichi Kanyamasiga 
Lwakoke Tompatanya Laghmor Mokoda Zhangwu 
Awahuri  
Guido Merse Katulani Karlovka Escalada Ukase Busheshi 
Lingcunwu Grosmont Acopunco Szentmargitfalva Cannich Vereeniging Sazike Aychahuasi Uvongo Cebe Crail 
Gangshang Apot Aparisa Galloway Gikondo Stranraer Gangshang 
Aukopae Costhwaite Kwalada 
Lebedev Invermoriston 
Thorton  
