Liam Carson Benjamin Henry Christian Logan William Elijah Mason Alexander Oliver Aiden William Jacob Jaxon Michael Jaxson Noah Lucas Eli Jackson Ayden Ethan Brayden Samuel Carter Sebastian David Isaac Joseph Isaiah Daniel Robert Hudson James Thomas Owen Dylan Julian Jayden Cooper Matthew Cooper Sawyer John Chase Christopher Luke Christian Eli Wyatt Eli Ayden Liam
30
Liam Liam
Benjamin Benjamin
Henry Henry
Logan Logan
William William
Elijah Elijah
Mason Mason
Alexander Alexander
Oliver Oliver
Aiden Aiden
Jacob Jacob
Michael Michael
Noah Noah
Lucas Lucas
Jackson Jackson
Ethan Ethan
Samuel Samuel
Carter Carter
Sebastian Sebastian
David David
Joseph Joseph
Daniel Daniel
James James
Owen Owen
Dylan Dylan
Jayden Jayden
Matthew Matthew
John John
Luke Luke
Wyatt Wyatt
