Liam Benjamin Oliver James Logan Noah Mason William Elijah Michael Joseph Jacob Henry Alexander Samuel Sebastian Lucas Jackson Ethan Matthew David Lincoln Daniel Carter Joseph Aiden Logan Wyatt Benjamin Liam
25
Liam Liam
Benjamin Benjamin
Oliver Oliver
James James
Logan Logan
Noah Noah
Mason Mason
William William
Elijah Elijah
Michael Michael
Joseph Joseph
Jacob Jacob
Henry Henry
Alexander Alexander
Samuel Samuel
Sebastian Sebastian
Lucas Lucas
Jackson Jackson
Ethan Ethan
Matthew Matthew
David David
Daniel Daniel
Carter Carter
Aiden Aiden
Wyatt Wyatt
