zero three zero five six seven fourteen thirteen twelve eleven eighteen nineteen twenty twentyone fifteen sixteen nine ten eleven eighteen twentyfive thirtytwo thirtyone thirtyeight thirtyseven thirtysix fortytwo thirtyfive thirtyfour thirtythree forty thirtynine fortysix fortyfive zero
25
three three
five five
six six
seven seven
fourteen fourteen
thirteen thirteen
twelve twelve
eleven eleven
eighteen eighteen
nineteen nineteen
twenty twenty
fifteen fifteen
sixteen sixteen
nine nine
twentyfive twentyfive
thirtytwo thirtytwo
thirtyone thirtyone
thirtyeight thirtyeight
thirtyseven thirtyseven
fortytwo fortytwo
thirtyfive thirtyfive
thirtyfour thirtyfour
forty forty
fortysix fortysix
fortyfive fortyfive
