zero two three four five six five twelve eleven ten seventeen twentyfour twentyfive twentysix thirtythree thirtyfour thirtyfive twentynine twentytwo fifteen eight fourteen thirteen twenty twentyseven thirtyfour fortyone fortyeight fortyseven forty thirtynine thirtyeight thirtyseven thirty twentynine thirtysix thirtyseven fortyfour fortyfive fortyfour fiftyone fifty fiftyseven sixtythree sixtytwo fiftyfive fiftyfour fiftythree sixty sixtyone sixtyeight sixtyseven sixtysix sixtyfive sixtyfour seventy seventyseven seventyone seventyeight seventynine eighty eightyone eightytwo seventyfive eightytwo eightynine eightyeight eightyseven eightyeight ninetyfive eightyeight eightyone eightytwo eightythree eightyfour seventyseven seventy sixtythree fiftysix fortynine fortytwo thirtyfive twentyeight twentyone fourteen seven zero
50
two two
three three
four four
five five
six six
twelve twelve
ten ten
twentyfour twentyfour
twentyfive twentyfive
thirtythree thirtythree
thirtyfour thirtyfour
thirtyfive thirtyfive
twentynine twentynine
twentytwo twentytwo
fifteen fifteen
fourteen fourteen
twenty twenty
fortyeight fortyeight
fortyseven fortyseven
thirtynine thirtynine
thirtyseven thirtyseven
thirty thirty
thirtysix thirtysix
fortyfour fortyfour
fortyfive fortyfive
fiftyone fiftyone
fifty fifty
fiftyseven fiftyseven
sixtytwo sixtytwo
fiftyfive fiftyfive
fiftythree fiftythree
sixty sixty
sixtyone sixtyone
sixtyeight sixtyeight
sixtyseven sixtyseven
sixtysix sixtysix
sixtyfive sixtyfive
seventy seventy
seventyseven seventyseven
seventyone seventyone
seventyeight seventyeight
seventynine seventynine
eightyone eightyone
eightytwo eightytwo
seventyfive seventyfive
eightynine eightynine
eightyeight eightyeight
eightyseven eightyseven
ninetyfive ninetyfive
eightyfour eightyfour
