188645 48C2D5 539A92 6D778A 800641 35FF16 84EBFF 29B2A4 500783 0FBCDC 467AB7 784F83 2C101C CB09C0 D7CAF9 C98FE7 994F93 FD1783 994F93 DBDC9A 94D700 D01E6B AA8E14 724A76 0D7DE7 A7E9D9 DD2694 D04F40 9B9BDD EC05F7 4FBDE1 0FB66D 19FFAB 4B39CA 0A5C0E 1472B4 E954F7 D5356A 3ADA02 ACB11D 9B0EC2 AD298D B833F0 07D80A B7B073 FF8D45 3B1041 3AA8C5 8D0852 D443EB 673B36 AFF8D1 E09D29 2EA2EE 1276AF 673B36 628AB2 DF9F85 A5CCB5 DF9F85 EF4D57 61EDA9 7E18E9 37F745 561BC2 DF9F85 44716B 48C2D5 188645
50
188645 188645
48C2D5 48C2D5
539A92 539A92
6D778A 6D778A
800641 800641
84EBFF 84EBFF
29B2A4 29B2A4
500783 500783
0FBCDC 0FBCDC
467AB7 467AB7
784F83 784F83
2C101C 2C101C
CB09C0 CB09C0
D7CAF9 D7CAF9
C98FE7 C98FE7
994F93 994F93
FD1783 FD1783
DBDC9A DBDC9A
94D700 94D700
D01E6B D01E6B
AA8E14 AA8E14
724A76 724A76
A7E9D9 A7E9D9
DD2694 DD2694
D04F40 D04F40
9B9BDD 9B9BDD
4FBDE1 4FBDE1
0FB66D 0FB66D
19FFAB 19FFAB
0A5C0E 0A5C0E
E954F7 E954F7
D5356A D5356A
3ADA02 3ADA02
9B0EC2 9B0EC2
B833F0 B833F0
07D80A 07D80A
B7B073 B7B073
FF8D45 FF8D45
3B1041 3B1041
8D0852 8D0852
D443EB D443EB
AFF8D1 AFF8D1
E09D29 E09D29
1276AF 1276AF
628AB2 628AB2
A5CCB5 A5CCB5
EF4D57 EF4D57
7E18E9 7E18E9
37F745 37F745
44716B 44716B
