F1E81B AE4A01 6B340B F33196 E81014 6E313C 29D5D7 8015E0 151BC9 396D53 2BF7B5 4099A6 52C88C D4A75D CEAC59 90451D B47658 17779E 1F842B 851F90 D1967A 36C862 AEFF96 E80628 E51A66 D337F2 47FACD 0F5860 A1F104 CC9C14 8F495E 0CBC31 596CF6 C18C9B 2FEDFB 2CCB19 C3EF62 813B05 573788 5BB557 770D1A FFEEBD 614224 490F1E 7E1C6C 783751 1E1095 8B6C2F 8417C8 9096DB C9AF85 E5E6C0 685D1A DE6899 59843B 14B430 94A561 305D33 B69F55 8B519F B7F75A 8EBF8A C4303B EC4D08 230A7C DCE144 40D10E 8BFCAC C3B3E7 7E78F3 BB40E6 4B97F1 66048A 36590B 61199E 6D51F4 E63884 93EBE3 28F6D1 8F17C0 D8AAF4 6B622D 5F4E43 FFFD4B 6F492E 20EAE7 ABD8FE 7829D7 6CAF46 4A28BA 4A5708 5C7062 4CAD30 293D59 63361A 85D6DB 53C6C8 14994D 82A1F6 239994 2595F1 6966D7 1111F7 3B4B53 E3C2C9 A014A0 D6CC7A E0BEFC 86493E C3B3E7 BB4908 8BFCAC 77A0B5 7E78F3 124C90 F1E81B
100
F1E81B F1E81B
AE4A01 AE4A01
6B340B 6B340B
F33196 F33196
E81014 E81014
6E313C 6E313C
29D5D7 29D5D7
8015E0 8015E0
151BC9 151BC9
396D53 396D53
2BF7B5 2BF7B5
4099A6 4099A6
52C88C 52C88C
D4A75D D4A75D
CEAC59 CEAC59
90451D 90451D
B47658 B47658
17779E 17779E
1F842B 1F842B
851F90 851F90
D1967A D1967A
36C862 36C862
AEFF96 AEFF96
E80628 E80628
E51A66 E51A66
D337F2 D337F2
47FACD 47FACD
0F5860 0F5860
A1F104 A1F104
CC9C14 CC9C14
8F495E 8F495E
0CBC31 0CBC31
596CF6 596CF6
C18C9B C18C9B
2FEDFB 2FEDFB
2CCB19 2CCB19
C3EF62 C3EF62
813B05 813B05
573788 573788
5BB557 5BB557
770D1A 770D1A
FFEEBD FFEEBD
614224 614224
490F1E 490F1E
7E1C6C 7E1C6C
783751 783751
1E1095 1E1095
8B6C2F 8B6C2F
8417C8 8417C8
9096DB 9096DB
C9AF85 C9AF85
E5E6C0 E5E6C0
685D1A 685D1A
DE6899 DE6899
59843B 59843B
14B430 14B430
94A561 94A561
305D33 305D33
B69F55 B69F55
8B519F 8B519F
B7F75A B7F75A
8EBF8A 8EBF8A
C4303B C4303B
230A7C 230A7C
DCE144 DCE144
8BFCAC 8BFCAC
C3B3E7 C3B3E7
7E78F3 7E78F3
BB40E6 BB40E6
4B97F1 4B97F1
66048A 66048A
36590B 36590B
61199E 61199E
6D51F4 6D51F4
93EBE3 93EBE3
28F6D1 28F6D1
8F17C0 8F17C0
6B622D 6B622D
5F4E43 5F4E43
FFFD4B FFFD4B
20EAE7 20EAE7
ABD8FE ABD8FE
7829D7 7829D7
4A28BA 4A28BA
4A5708 4A5708
5C7062 5C7062
4CAD30 4CAD30
293D59 293D59
63361A 63361A
85D6DB 85D6DB
14994D 14994D
239994 239994
6966D7 6966D7
3B4B53 3B4B53
E3C2C9 E3C2C9
D6CC7A D6CC7A
86493E 86493E
BB4908 BB4908
77A0B5 77A0B5
124C90 124C90
