S A B D C E F H G I J K L M N O Q P T R V U AB W AC X AI AN Y AW Z AY CB AA BR AD CT AE A AF A AG A AH A AJ A AK A AL A AM A AO A AP A AQ B AR B AS A AT A AU A AV B AX H AZ A BA A BB A BC A BD B BE F BF A BG A BH A BI A BJ B BK B BL A BM K BN I BO I BP A BQ A BS A BT A BU A BV A BW A BX A BY I BZ I CA A CC A CD A CE A CF I CH K CI K CJ A CK I CL AB CM A CN K CO K CP A CQ A CR A CS A CU A CV I CW S
100
S S
A A
B B
D D
C C
E E
F F
H H
G G
I I
J J
K K
L L
M M
N N
O O
Q Q
P P
T T
R R
V V
U U
AB AB
W W
AC AC
X X
AI AI
AN AN
Y Y
AW AW
Z Z
AY AY
CB CB
AA AA
BR BR
AD AD
CT CT
AE AE
AF AF
AG AG
AH AH
AJ AJ
AK AK
AL AL
AM AM
AO AO
AP AP
AQ AQ
AR AR
AS AS
AT AT
AU AU
AV AV
AX AX
AZ AZ
BA BA
BB BB
BC BC
BD BD
BE BE
BF BF
BG BG
BH BH
BI BI
BJ BJ
BK BK
BL BL
BM BM
BN BN
BO BO
BP BP
BQ BQ
BS BS
BT BT
BU BU
BV BV
BW BW
BX BX
BY BY
BZ BZ
CA CA
CC CC
CD CD
CE CE
CF CF
CH CH
CI CI
CJ CJ
CK CK
CL CL
CM CM
CN CN
CO CO
CP CP
CQ CQ
CR CR
CS CS
CU CU
CV CV
CW CW
