1 2 3 4 5 6 7 6 11 10 11 12 13 14 15 14 19 18 19 20 21 22 23 22 27 26 27 28 29 30 31 30 35 34 35 36 37 38 39 38 43 42 43 44 45 46 47 48 49 50 49 51 49 52 49 53 49 54 49 48 44 43 6 5 1 98 97 96 95 94 93 92 91 90 89 88 87 86 85 84 83 77 78 77 79 77 80 77 81 77 82 77 76 75 74 73 72 71 70 69 63 64 63 65 63 66 63 67 63 68 1
44
2 2
4 4
5 5
7 7
10 10
12 12
13 13
15 15
18 18
20 20
21 21
23 23
26 26
28 28
29 29
31 31
34 34
36 36
37 37
39 39
42 42
44 44
45 45
47 47
50 50
51 51
52 52
53 53
54 54
96 96
95 95
94 94
93 93
92 92
78 78
79 79
80 80
81 81
82 82
64 64
65 65
66 66
67 67
68 68
