0 173 164 124 80 6 1 110 135 79 35 179 193 18 129 160 147 26 42 119 150 140 171 50 123 108 96 91 101 138 152 21 158 73 87 111 22 142 31 156 161 184 168 38 178 104 83 162 145 56 95 30 9 40 5 16 60 17 59 163 187 27 36 196 194 102 25 71 109 68 12 189 67 122 89 10 61 34 136 157 24 118 105 155 151 172 55 11 49 23 141 144 7 198 93 66 39 15 62 75 1 130 1 0
100
173 173
164 164
124 124
80 80
6 6
1 1
110 110
135 135
79 79
35 35
179 179
193 193
18 18
129 129
160 160
147 147
26 26
42 42
119 119
150 150
140 140
171 171
50 50
123 123
108 108
96 96
91 91
101 101
138 138
152 152
21 21
158 158
73 73
87 87
111 111
22 22
142 142
31 31
156 156
161 161
184 184
168 168
38 38
178 178
104 104
83 83
162 162
145 145
56 56
95 95
30 30
9 9
40 40
5 5
16 16
60 60
17 17
59 59
163 163
187 187
27 27
36 36
196 196
194 194
102 102
25 25
71 71
109 109
68 68
12 12
189 189
67 67
122 122
89 89
10 10
61 61
34 34
136 136
157 157
24 24
118 118
105 105
155 155
151 151
172 172
55 55
11 11
49 49
23 23
141 141
144 144
7 7
198 198
93 93
66 66
39 39
15 15
62 62
75 75
130 130
