Florges Zubat Manectric Tentacruel Delibird Togetic Purrloin Piloswine Shaymin Lillipup Cherrim Cascoon Timburr Machoke Bidoof Wailmer Moltres Dusknoir Weepinbell Persian Volbeat Dialga Aurorus Carracosta Doublade Ralts Audino Gastrodon Hakamoo Buzzwole Celebi Sentret Hitmonlee Yanmega Poliwrath Zapdos Slugma Bayleef Regice Bewear Poliwag Vespiquen Scolipede Bisharp Masquerain Celesteela Tsareena Florges Bergmite Kricketot Primarina Vespiquen Infernape Bouffalant Omastar Stufful Serperior Girafarig Audino Pichu Minccino Roggenrola Wormadam Florges
50
Zubat Zubat
Manectric Manectric
Tentacruel Tentacruel
Delibird Delibird
Togetic Togetic
Purrloin Purrloin
Piloswine Piloswine
Shaymin Shaymin
Lillipup Lillipup
Cherrim Cherrim
Cascoon Cascoon
Timburr Timburr
Machoke Machoke
Bidoof Bidoof
Wailmer Wailmer
Moltres Moltres
Dusknoir Dusknoir
Weepinbell Weepinbell
Persian Persian
Volbeat Volbeat
Dialga Dialga
Aurorus Aurorus
Carracosta Carracosta
Ralts Ralts
Gastrodon Gastrodon
Hakamoo Hakamoo
Buzzwole Buzzwole
Celebi Celebi
Sentret Sentret
Hitmonlee Hitmonlee
Yanmega Yanmega
Poliwrath Poliwrath
Zapdos Zapdos
Bayleef Bayleef
Regice Regice
Poliwag Poliwag
Scolipede Scolipede
Bisharp Bisharp
Celesteela Celesteela
Tsareena Tsareena
Bergmite Bergmite
Kricketot Kricketot
Primarina Primarina
Infernape Infernape
Bouffalant Bouffalant
Omastar Omastar
Stufful Stufful
Girafarig Girafarig
Pichu Pichu
Wormadam Wormadam
