m6Ylzq5NIGZ2NtN3 XiYppQ1FYr2EKz9k zj2moSfDCSbeoxIS hnXGf3zgesErI7T7 9vKeRUyOIqr6PJgs u5Jyg1K8XSXWGZfi 42OXM2tfXFipPrFc s6voaoGXwWkIVSBl eApOZp6f16pQJMQD GNfEgr1ieUbMrNem Mjnuswijztctq8Zz nEiCgzxIvQPZTz9g 0w8ymk8VUowRGd29 90Gy8gMsXuA0AiW1 toVYCczD8Il4wZp4 j0Vmbkaj7BuSLBz8 sehcWlpkFFO0sD0g GmfR3gIMJK8i0y2b j49WDqNDaHZwVouN 3F18YNCb9AwWUUWm Scbzsl3RT4yHUJ5D 8RxPDWrwvTI08Jzc DhdxSWOOeuSfsHl3 YN9vkmYWRM4wukUP YoX4Iq938ojIMcWj YFXhwDhWLoo8yKu3 1EWOEzJMGbBwFaHc zDFNcizFFtba7h8t quzZVAd7NQCbtzYi 2KSCU2AnCKUfc5Ng 2KMosPKaAJNAE3Mr pH3a4GAdOMqb5mwH xDzrkUA5gUEs06Ix TKJujTEEIkmPr1Pa 79k072LRadGRAou4 54n8drQEPelVOVsI uV4FjxCojfhVuoqD 6piHblzFhQZXad0c hq62dNZaUARsV2KV yUYDvAhxGcRKQFPI YQqzVZN7EH6y1KtK 24dZRoNnGavxp83J OJUm6Z4ICrvLbuIq 8BZQpgdmiud6wyRS ZmTIJhUsQkkYsrLN J6ziT0mQG0OvpAMh E5cwAlNiPhZPP7d1 Sbv5dn7XnGI3uRxg P5hC8WSqXaDe5jBF yLl787CHhnWaCsT4 Slowl83H0AcqTS2J t909ZhEVW2Gtfv3q RhAewAMVP4UvVTDS GAyuxFKOCyYcdr9A 8NUJ2AruM3RQpNSB xGJIjjvokhesVjq5 CjPakNMR1ijW8dhD 678O8k7n3hoePp8f G4QLuCeQbBZGw67R OrzCyUzo2xEhrMwC ZLI2nPC23hR2bSXd G5X9YyfUWO6V1Unc SfylSD5mpDl2JOe3 Yy2htsU1rW2NG9ro LTFgZe5oxugipIYM OWWJIuoQAwzceuvS DcVvhAjBcL8EEE26 EHntaDgNT6mUFC5f 2CcNMX2xoS2fpwnI tZtzCyspOC24qvBP RXWK7nIdf5XVHZRo sN55jLOn4HBuTLsB 1nkFkVZzkBlNGfgG 8BZuxHHzzkVQQhNw NdIugJxZuMM7ZuY4 pc1GBAR6sNT9X6v7 k2u00aGm1BCAiBl0 EtNfHjwHf2kYX0gY qDxPZbZae6p26a4v I3rbd6Or0HOwLusy k8DsSEh87O4LjptB LHnlg9CKsRIGloUk MyuIgF7XhPsO7C9N z3bE7tLm8gYdnbdn JozBsdhhygN3xtsK 2BvcscamiT9XHT9T SWocOiGQCgj01kcV MywKtMdxsNaV7Co7 e4V4iJph7XpfVXxv PTrfTlTPJuqH6isK mErFW89xvuqLaPmc cobdhzMgtKTGmYEX R6cdvHViP5XqW1Is pQo2FHEGlBuSBsvc xaflu5eEq7Ms3npg Vpt2EC4iIxZ6ZYMy OvbcFvR25EzhU0YN X3VD5x5DAYrfFh1R rTjXAo6nNIm31gje NW6hO129nX0nasyR XTzimBC8ZZdWPSAY sincqRQxF1zPFbvu lzKAoN75HuzzHSJb aAp3udOpfKP6VBh9 20MvK28NHMGKdh3q XMtqYnsHgnbiGiyq kP58f87FnmsWMV3H XBVmG63opP8QJ1lv shBzB8MuG0S3qqWF QL9NWZgwtMUK7YWf uIYsHQeubFadEw4b eypPFkj85rmsdHyA YNcO6JNBIoXqf8wo l4oyZdqN981laPU5 vAMjAA5yAZgq3Eb6 nvE4h10y3ub3dAvW xh8Sw2498OniEW77 Vu7jJ62TnqP476ga e1IBVSQ1r3uJrEHc HEKOoxRJYNXjgeqx k2xo01EPyu994Xes JJFEsVbKYYxugYRq 0Z5UOnZcClSgyTP3 gsWzDKkntYXW2MuZ HWACsyuXgYdeO3Zh EnhUGdMu6Yp3ryIG syVl7UxhElXSAh4D VRSQFfjE09crp0Ez ibt2A5AfaP22E1o3 RdBrXKipC8jeseVm 7f73uPsN9LCXEhm0 FNetJVxXbHaCUc1N HOgoLqEHGNbAnxVF uQywoDVtAUpKeElj Pd25itQniCQLYo5M e8nnSiPoC1LzJcuz Qmn6R9rOpGAXphEW VI3hUB3KV273ZelR Rwrv7U6JNaQiyDMy DHubzgPaQnBoaDEJ WUIS4s6ajZAoZHZj 4dYjEWFk0mq9RHlQ KHlYT7oJ9Dv5zdDa N9Vijjr97Q5NBaqr sA7zz23iVccGCdSn pNwJ9Wsd3J3r3PfU VKGMGEhijOkQF84Q yLkFH7Ii7pCaDW3k xAKJJwZYRCZ4TToh ybceGeu2flqZ3Q4f LoBHrZvcYlOg1ERb RLL38ipQehETbKUX RHi9lcP2w0u2jAER TG72gCrdcYrIPclO s1ACE65Ca4DU9wYh yvUmiEyAP6ZPFaEU 4TlqLnXDwGLXWlOT JKc7L8VsP8mXhJan E6tSL2DYErxDTTJu s9C9iCI77ngnZxRw rAGdW6ZqRMAX7Z14 eT1W91O3qzWDQ3cI u6vuggwfSigHU7CI Bh7z1irjmnRavvOE HXcAq06NOPJj6l0G Sp9WnKngjFarHppw viHUkJ0srF9b6d6w NAdrV1jJveOzv8AD gpu5tKvyLPRGjb6J 5TfriNI8BmhGym7Y wgrPm7ewSDFyhiIi xSCuj150yqC1oJyB QWQUwhh5T0Mh2sSs 8sfipQnBCkQiE1NQ sWLTZJk0JRPGWf3i pETFQ4DAJxOqE8oW 7dkx7T7jUTujs9Fl KVbvkYFHsfoKayLd WbBR0j39Q4Kde2PK ry2hlQZr1e0pUcZ6 KR1wup6S4BlvmvXO GMyd7R5Gf4AGHmyR 7QSQcDS1YYcqDoQR RgBijRk73t27BCLa Y7x9i4vIgNpY5QHx F5bFaX9KUrrmliFs hoezmZqOmzvxpZ9p SISjHctM8ToHiUTr Ymh8x2ibbJid6Ccm HdwD6i1CvirjLhMA PhKNE4yU4H6GFFtQ bJAIrkBCLgKQS1ET ofkHE6muEi0Wqpo1 bUKZ8W1I3KnLIRpD XPzU05hIqGcUHsqY l4J0WvUcxWAzMuIH L5EZ3ejoC8i6zHq2 pXeqnrVBo228TZ5T voc531fSjmSRPfl1 JFsWkEZWky6ZRnCE m6Ylzq5NIGZ2NtN3
100
XiYppQ1FYr2EKz9k XiYppQ1FYr2EKz9k
hnXGf3zgesErI7T7 hnXGf3zgesErI7T7
u5Jyg1K8XSXWGZfi u5Jyg1K8XSXWGZfi
s6voaoGXwWkIVSBl s6voaoGXwWkIVSBl
GNfEgr1ieUbMrNem GNfEgr1ieUbMrNem
nEiCgzxIvQPZTz9g nEiCgzxIvQPZTz9g
90Gy8gMsXuA0AiW1 90Gy8gMsXuA0AiW1
j0Vmbkaj7BuSLBz8 j0Vmbkaj7BuSLBz8
GmfR3gIMJK8i0y2b GmfR3gIMJK8i0y2b
3F18YNCb9AwWUUWm 3F18YNCb9AwWUUWm
8RxPDWrwvTI08Jzc 8RxPDWrwvTI08Jzc
YN9vkmYWRM4wukUP YN9vkmYWRM4wukUP
YFXhwDhWLoo8yKu3 YFXhwDhWLoo8yKu3
zDFNcizFFtba7h8t zDFNcizFFtba7h8t
2KSCU2AnCKUfc5Ng 2KSCU2AnCKUfc5Ng
pH3a4GAdOMqb5mwH pH3a4GAdOMqb5mwH
TKJujTEEIkmPr1Pa TKJujTEEIkmPr1Pa
54n8drQEPelVOVsI 54n8drQEPelVOVsI
6piHblzFhQZXad0c 6piHblzFhQZXad0c
yUYDvAhxGcRKQFPI yUYDvAhxGcRKQFPI
24dZRoNnGavxp83J 24dZRoNnGavxp83J
8BZQpgdmiud6wyRS 8BZQpgdmiud6wyRS
J6ziT0mQG0OvpAMh J6ziT0mQG0OvpAMh
Sbv5dn7XnGI3uRxg Sbv5dn7XnGI3uRxg
yLl787CHhnWaCsT4 yLl787CHhnWaCsT4
t909ZhEVW2Gtfv3q t909ZhEVW2Gtfv3q
GAyuxFKOCyYcdr9A GAyuxFKOCyYcdr9A
xGJIjjvokhesVjq5 xGJIjjvokhesVjq5
678O8k7n3hoePp8f 678O8k7n3hoePp8f
OrzCyUzo2xEhrMwC OrzCyUzo2xEhrMwC
G5X9YyfUWO6V1Unc G5X9YyfUWO6V1Unc
Yy2htsU1rW2NG9ro Yy2htsU1rW2NG9ro
OWWJIuoQAwzceuvS OWWJIuoQAwzceuvS
EHntaDgNT6mUFC5f EHntaDgNT6mUFC5f
tZtzCyspOC24qvBP tZtzCyspOC24qvBP
sN55jLOn4HBuTLsB sN55jLOn4HBuTLsB
8BZuxHHzzkVQQhNw 8BZuxHHzzkVQQhNw
pc1GBAR6sNT9X6v7 pc1GBAR6sNT9X6v7
EtNfHjwHf2kYX0gY EtNfHjwHf2kYX0gY
I3rbd6Or0HOwLusy I3rbd6Or0HOwLusy
LHnlg9CKsRIGloUk LHnlg9CKsRIGloUk
z3bE7tLm8gYdnbdn z3bE7tLm8gYdnbdn
2BvcscamiT9XHT9T 2BvcscamiT9XHT9T
MywKtMdxsNaV7Co7 MywKtMdxsNaV7Co7
PTrfTlTPJuqH6isK PTrfTlTPJuqH6isK
cobdhzMgtKTGmYEX cobdhzMgtKTGmYEX
pQo2FHEGlBuSBsvc pQo2FHEGlBuSBsvc
Vpt2EC4iIxZ6ZYMy Vpt2EC4iIxZ6ZYMy
X3VD5x5DAYrfFh1R X3VD5x5DAYrfFh1R
NW6hO129nX0nasyR NW6hO129nX0nasyR
sincqRQxF1zPFbvu sincqRQxF1zPFbvu
aAp3udOpfKP6VBh9 aAp3udOpfKP6VBh9
XMtqYnsHgnbiGiyq XMtqYnsHgnbiGiyq
XBVmG63opP8QJ1lv XBVmG63opP8QJ1lv
QL9NWZgwtMUK7YWf QL9NWZgwtMUK7YWf
eypPFkj85rmsdHyA eypPFkj85rmsdHyA
l4oyZdqN981laPU5 l4oyZdqN981laPU5
nvE4h10y3ub3dAvW nvE4h10y3ub3dAvW
Vu7jJ62TnqP476ga Vu7jJ62TnqP476ga
HEKOoxRJYNXjgeqx HEKOoxRJYNXjgeqx
JJFEsVbKYYxugYRq JJFEsVbKYYxugYRq
gsWzDKkntYXW2MuZ gsWzDKkntYXW2MuZ
EnhUGdMu6Yp3ryIG EnhUGdMu6Yp3ryIG
VRSQFfjE09crp0Ez VRSQFfjE09crp0Ez
RdBrXKipC8jeseVm RdBrXKipC8jeseVm
FNetJVxXbHaCUc1N FNetJVxXbHaCUc1N
uQywoDVtAUpKeElj uQywoDVtAUpKeElj
e8nnSiPoC1LzJcuz e8nnSiPoC1LzJcuz
VI3hUB3KV273ZelR VI3hUB3KV273ZelR
DHubzgPaQnBoaDEJ DHubzgPaQnBoaDEJ
4dYjEWFk0mq9RHlQ 4dYjEWFk0mq9RHlQ
N9Vijjr97Q5NBaqr N9Vijjr97Q5NBaqr
pNwJ9Wsd3J3r3PfU pNwJ9Wsd3J3r3PfU
yLkFH7Ii7pCaDW3k yLkFH7Ii7pCaDW3k
ybceGeu2flqZ3Q4f ybceGeu2flqZ3Q4f
RLL38ipQehETbKUX RLL38ipQehETbKUX
TG72gCrdcYrIPclO TG72gCrdcYrIPclO
yvUmiEyAP6ZPFaEU yvUmiEyAP6ZPFaEU
JKc7L8VsP8mXhJan JKc7L8VsP8mXhJan
s9C9iCI77ngnZxRw s9C9iCI77ngnZxRw
eT1W91O3qzWDQ3cI eT1W91O3qzWDQ3cI
Bh7z1irjmnRavvOE Bh7z1irjmnRavvOE
Sp9WnKngjFarHppw Sp9WnKngjFarHppw
NAdrV1jJveOzv8AD NAdrV1jJveOzv8AD
5TfriNI8BmhGym7Y 5TfriNI8BmhGym7Y
xSCuj150yqC1oJyB xSCuj150yqC1oJyB
8sfipQnBCkQiE1NQ 8sfipQnBCkQiE1NQ
pETFQ4DAJxOqE8oW pETFQ4DAJxOqE8oW
KVbvkYFHsfoKayLd KVbvkYFHsfoKayLd
ry2hlQZr1e0pUcZ6 ry2hlQZr1e0pUcZ6
GMyd7R5Gf4AGHmyR GMyd7R5Gf4AGHmyR
RgBijRk73t27BCLa RgBijRk73t27BCLa
F5bFaX9KUrrmliFs F5bFaX9KUrrmliFs
SISjHctM8ToHiUTr SISjHctM8ToHiUTr
HdwD6i1CvirjLhMA HdwD6i1CvirjLhMA
bJAIrkBCLgKQS1ET bJAIrkBCLgKQS1ET
bUKZ8W1I3KnLIRpD bUKZ8W1I3KnLIRpD
l4J0WvUcxWAzMuIH l4J0WvUcxWAzMuIH
pXeqnrVBo228TZ5T pXeqnrVBo228TZ5T
JFsWkEZWky6ZRnCE JFsWkEZWky6ZRnCE
