Chelmbourne Shaftwich Dartsted Leatherlow Wenwang Sudworth Brainbridge Sodside Pemwood Aldhall Alfwell Casford Hurstworth Hornley Stapthorne Stapmoor Prestey Sudwich Enlow Waltbrook Enbage Stainside Southmere Cookbridge Alfby Elside Pemwold Dursted Leatherlake Edgwich Kingsley Flitham Shrivlow Shrivside Marlton Stapwold Wenborough Elgrove Wenden Wyhead Cleredon Edgchester Bursted Hartbage Bracklow Stapmoor Barnham Durditch Stainhall Whitover Stafsted Horncester Cookton Egborne Staintree Whitborough Horndown Bromgrove Stapwell Pembage Staflow Rocktree Egcastle Hornbeck Prestdon Stapmoor Alfcastle Whitavon Elside Clerethorne Barnside Chelmbourne
59
Shaftwich Shaftwich
Dartsted Dartsted
Leatherlow Leatherlow
Wenwang Wenwang
Sudworth Sudworth
Brainbridge Brainbridge
Sodside Sodside
Pemwood Pemwood
Aldhall Aldhall
Alfwell Alfwell
Casford Casford
Hurstworth Hurstworth
Hornley Hornley
Stapthorne Stapthorne
Stapmoor Stapmoor
Prestey Prestey
Sudwich Sudwich
Enlow Enlow
Waltbrook Waltbrook
Enbage Enbage
Stainside Stainside
Southmere Southmere
Cookbridge Cookbridge
Alfby Alfby
Elside Elside
Pemwold Pemwold
Leatherlake Leatherlake
Edgwich Edgwich
Kingsley Kingsley
Flitham Flitham
Shrivlow Shrivlow
Shrivside Shrivside
Marlton Marlton
Wenborough Wenborough
Elgrove Elgrove
Wenden Wenden
Wyhead Wyhead
Cleredon Cleredon
Edgchester Edgchester
Bursted Bursted
Hartbage Hartbage
Bracklow Bracklow
Barnham Barnham
Durditch Durditch
Stainhall Stainhall
Whitover Whitover
Horncester Horncester
Cookton Cookton
Egborne Egborne
Staintree Staintree
Whitborough Whitborough
Horndown Horndown
Stapwell Stapwell
Staflow Staflow
Rocktree Rocktree
Egcastle Egcastle
Prestdon Prestdon
Whitavon Whitavon
Barnside Barnside
