SantaClarita OklahomaCity Newark Lafayette Washington Pomona RanchoCucamonga Sunnyvale Visalia Hartford Boston Alexandria Scottsdale Independence Midland Thornton Victorville Shreveport Beaumont NewportNews RanchoCucamonga Stamford FortCollins GardenGrove Carrollton Huntsville SanDiego LexingtonFa LouisvilleJefferson Ontario Omaha Allentown Stockton Indianapolis Austin PembrokePines Miami Worcester Brownsville StPetersburg Wichita Bellevue Wichita StLouis Escondido Fayetteville Irvine SiouxFalls OklahomaCity Waco SanDiego Paterson SanDiego Henderson OklahomaCity LosAngeles Orlando Miami LongBeach Washington Concord Washington WestValleyCity Surprise Miami Yonkers Escondido Richmond Garland Richmond Escondido SantaClarita
50
OklahomaCity OklahomaCity
Newark Newark
Lafayette Lafayette
Washington Washington
Pomona Pomona
RanchoCucamonga RanchoCucamonga
Sunnyvale Sunnyvale
Visalia Visalia
Hartford Hartford
Boston Boston
Alexandria Alexandria
Scottsdale Scottsdale
Independence Independence
Midland Midland
Victorville Victorville
Shreveport Shreveport
Beaumont Beaumont
NewportNews NewportNews
Stamford Stamford
GardenGrove GardenGrove
Carrollton Carrollton
Huntsville Huntsville
LexingtonFa LexingtonFa
LouisvilleJefferson LouisvilleJefferson
Ontario Ontario
Omaha Omaha
Allentown Allentown
Stockton Stockton
Indianapolis Indianapolis
Austin Austin
PembrokePines PembrokePines
Worcester Worcester
Brownsville Brownsville
StPetersburg StPetersburg
Wichita Wichita
Bellevue Bellevue
StLouis StLouis
Fayetteville Fayetteville
SiouxFalls SiouxFalls
Waco Waco
Paterson Paterson
Henderson Henderson
LosAngeles LosAngeles
Orlando Orlando
LongBeach LongBeach
Concord Concord
WestValleyCity WestValleyCity
Surprise Surprise
Yonkers Yonkers
Garland Garland
