BY5DUgv6 sR6JAufL aPSEsY2w rZiSDNtK PagRRYIg 1cr6aFpX Rv8rDvqp UfRMeyI7 iT0t8noc S9dNuWxm ayFODfwg w3Radp7c 8tOszPqV yqX5KOVJ xTHVuNZl tDh0gTYH 2mQchaeu B0wYReom QeSUIsQ1 gbolqDJc 6nj6dyOK K3J88UDV 1aJdK4y9 H2BV5cDz nKZTEeUl FPDwKJIj 8e8OWOIi lvlSObqb CrvusN6e HEJxX3gA xULc5Xg4 mXjWiYol 8ni5D4t7 g5YhtPSt JMul31yq 7IV7YjRX o1w8sSXK UQ4QaUHy Af1jBIly 8tOszPqV 0zB29H2A OpfVa1HT NL9qZEp0 UmgiH1K9 gd207oOq hc6YxxqG q1vN3eei AMieum8U rGjz0gOd UfRMeyI7 ucMA0iSv R4zDiMu3 0zB29H2A 9IHe97Yy 87yhsuRE c9Hgvc9w UQ4QaUHy WlxPulQd BY5DUgv6
50
sR6JAufL sR6JAufL
aPSEsY2w aPSEsY2w
rZiSDNtK rZiSDNtK
PagRRYIg PagRRYIg
1cr6aFpX 1cr6aFpX
Rv8rDvqp Rv8rDvqp
UfRMeyI7 UfRMeyI7
iT0t8noc iT0t8noc
S9dNuWxm S9dNuWxm
ayFODfwg ayFODfwg
8tOszPqV 8tOszPqV
yqX5KOVJ yqX5KOVJ
xTHVuNZl xTHVuNZl
tDh0gTYH tDh0gTYH
2mQchaeu 2mQchaeu
B0wYReom B0wYReom
QeSUIsQ1 QeSUIsQ1
gbolqDJc gbolqDJc
6nj6dyOK 6nj6dyOK
K3J88UDV K3J88UDV
1aJdK4y9 1aJdK4y9
H2BV5cDz H2BV5cDz
nKZTEeUl nKZTEeUl
FPDwKJIj FPDwKJIj
8e8OWOIi 8e8OWOIi
lvlSObqb lvlSObqb
CrvusN6e CrvusN6e
HEJxX3gA HEJxX3gA
xULc5Xg4 xULc5Xg4
mXjWiYol mXjWiYol
8ni5D4t7 8ni5D4t7
g5YhtPSt g5YhtPSt
JMul31yq JMul31yq
7IV7YjRX 7IV7YjRX
o1w8sSXK o1w8sSXK
Af1jBIly Af1jBIly
0zB29H2A 0zB29H2A
OpfVa1HT OpfVa1HT
NL9qZEp0 NL9qZEp0
UmgiH1K9 UmgiH1K9
gd207oOq gd207oOq
hc6YxxqG hc6YxxqG
q1vN3eei q1vN3eei
AMieum8U AMieum8U
rGjz0gOd rGjz0gOd
ucMA0iSv ucMA0iSv
R4zDiMu3 R4zDiMu3
9IHe97Yy 9IHe97Yy
c9Hgvc9w c9Hgvc9w
WlxPulQd WlxPulQd
