pace market rob mature native development exempt buffet output structure shiver ignore audience module identity deter note tablet imposter driver banana widen error home flag injury tolerate decisive greeting begin greeting dough physics linger coast profound virgin prison environment interface electronics exclusive dip excuse teacher candle triple country throne respect chair pardon injection financial mercy mixture confrontation railcar guarantee attraction coffin gallon skeleton knot bleed spoil bleed curriculum chew drawer smile headline bowel joystick swop liver tool illusion enemy control enemy stress enemy ask quadruple other likely viable atmosphere rent swear coast lifestyle cotton paper autonomy quality boom winner assignment expression straighten pig weapon due certain scheme brake nationalist acceptance nationalist page deposit rage bitter terms thumb address judicial coincide dive honor comfortable father interactive election outline forge terminal title exile title pipe blonde science enter offset enter feature pace
100
pace pace
market market
rob rob
mature mature
native native
development development
exempt exempt
buffet buffet
output output
structure structure
shiver shiver
ignore ignore
audience audience
identity identity
deter deter
note note
tablet tablet
imposter imposter
driver driver
widen widen
error error
home home
flag flag
injury injury
decisive decisive
greeting greeting
begin begin
dough dough
physics physics
coast coast
profound profound
virgin virgin
environment environment
interface interface
electronics electronics
exclusive exclusive
dip dip
excuse excuse
teacher teacher
candle candle
triple triple
country country
throne throne
respect respect
chair chair
pardon pardon
injection injection
financial financial
mercy mercy
confrontation confrontation
railcar railcar
guarantee guarantee
attraction attraction
coffin coffin
skeleton skeleton
knot knot
spoil spoil
curriculum curriculum
drawer drawer
smile smile
headline headline
bowel bowel
swop swop
liver liver
tool tool
illusion illusion
enemy enemy
control control
stress stress
ask ask
quadruple quadruple
other other
likely likely
viable viable
atmosphere atmosphere
rent rent
swear swear
lifestyle lifestyle
cotton cotton
autonomy autonomy
boom boom
assignment assignment
straighten straighten
pig pig
due due
scheme scheme
acceptance acceptance
page page
rage rage
thumb thumb
coincide coincide
dive dive
comfortable comfortable
interactive interactive
election election
forge forge
exile exile
pipe pipe
offset offset
feature feature
