Lesnoy Hudiksvall Rutherglen Visitacion Meerut Hueytown Dharmapuri Gisborne Artur Portogruaro Stade Ishim Sungurlu Sun Winsford Beveren Kundla Beveren Zgorzelec Brentwood Beveren Malaut Pingyi Beveren Glogovac Beveren GatesNorth Beveren Blackpool Beveren Franceville Beveren Yangambi Lesnoy
25
Lesnoy Lesnoy
Hudiksvall Hudiksvall
Rutherglen Rutherglen
Visitacion Visitacion
Meerut Meerut
Hueytown Hueytown
Dharmapuri Dharmapuri
Gisborne Gisborne
Artur Artur
Portogruaro Portogruaro
Stade Stade
Ishim Ishim
Sungurlu Sungurlu
Sun Sun
Winsford Winsford
Kundla Kundla
Zgorzelec Zgorzelec
Brentwood Brentwood
Malaut Malaut
Pingyi Pingyi
Glogovac Glogovac
GatesNorth GatesNorth
Blackpool Blackpool
Franceville Franceville
Yangambi Yangambi
