1 2 6 4 10 5 12 8 18 11 22 14 24 16 30 17 34 20 36 23 42 26 46 28 48 29 54 32 58 35 60 38 66 40 70 41 72 44 78 47 82 50 84 52 90 53 94 56 96 59 102 62 106 64 108 65 114 68 118 71 120 74 126 76 130 77 132 80 138 83 142 86 144 88 1 89 1 92 1 95 1 98 1 100 1 101 1 104 1 107 1 110 1 112 1 113 1 116 1 119 1 122 1 124 1 125 1 128 1 131 1 134 1 136 1 137 1 140 1 143 1
96
2 2
6 6
4 4
10 10
5 5
12 12
8 8
18 18
11 11
22 22
14 14
24 24
16 16
30 30
17 17
34 34
20 20
36 36
23 23
42 42
26 26
46 46
28 28
48 48
29 29
54 54
32 32
58 58
35 35
60 60
38 38
66 66
40 40
70 70
41 41
72 72
44 44
78 78
47 47
82 82
50 50
84 84
52 52
90 90
53 53
94 94
56 56
96 96
59 59
102 102
62 62
106 106
64 64
108 108
65 65
114 114
68 68
118 118
71 71
120 120
74 74
126 126
76 76
130 130
77 77
132 132
80 80
138 138
83 83
142 142
86 86
144 144
88 88
89 89
92 92
95 95
98 98
100 100
101 101
104 104
107 107
110 110
112 112
113 113
116 116
119 119
122 122
124 124
125 125
128 128
131 131
134 134
136 136
137 137
140 140
143 143
